Log file open, 06/28/20 18:46:40
LogWindows: Failed to load 'aqProf.dll' (GetLastError=126)
LogWindows: File 'aqProf.dll' does not exist
LogWindows: Failed to load 'VtuneApi.dll' (GetLastError=126)
LogWindows: File 'VtuneApi.dll' does not exist
LogWindows: Failed to load 'VtuneApi32e.dll' (GetLastError=126)
LogWindows: File 'VtuneApi32e.dll' does not exist
LogConsoleResponse: Display: Failed to find resolution value strings in scalability ini. Falling back to default.
LogInit: Display: Running engine for game: Unreal2TP
LogPlatformFile: Not using cached read wrapper
LogTaskGraph: Started task graph with 5 named threads and 26 total threads with 3 sets of task threads.
LogStats: Stats thread started at 0.143914
LogD3D11RHI: Loaded GFSDK_Aftermath_Lib.x64.dll
LogICUInternationalization: ICU TimeZone Detection - Raw Offset: -3:00, Platform Override: ''
LogPluginManager: Mounting plugin Paper2D
LogPluginManager: Mounting plugin AISupport
LogPluginManager: Mounting plugin LightPropagationVolume
LogPluginManager: Mounting plugin ActorLayerUtilities
LogPluginManager: Mounting plugin AnimationSharing
LogPluginManager: Mounting plugin CLionSourceCodeAccess
LogPluginManager: Mounting plugin CodeLiteSourceCodeAccess
LogPluginManager: Mounting plugin GitSourceControl
LogPluginManager: Mounting plugin KDevelopSourceCodeAccess
LogPluginManager: Mounting plugin NullSourceCodeAccess
LogPluginManager: Mounting plugin PerforceSourceControl
LogPluginManager: Mounting plugin PlasticSourceControl
LogPluginManager: Mounting plugin SubversionSourceControl
LogPluginManager: Mounting plugin UObjectPlugin
LogPluginManager: Mounting plugin VisualStudioCodeSourceCodeAccess
LogPluginManager: Mounting plugin VisualStudioSourceCodeAccess
LogPluginManager: Mounting plugin XCodeSourceCodeAccess
LogPluginManager: Mounting plugin AssetManagerEditor
LogPluginManager: Mounting plugin CryptoKeys
LogPluginManager: Mounting plugin CurveEditorTools
LogPluginManager: Mounting plugin DataValidation
LogPluginManager: Mounting plugin FacialAnimation
LogPluginManager: Mounting plugin GameplayTagsEditor
LogPluginManager: Mounting plugin MacGraphicsSwitching
LogPluginManager: Mounting plugin MaterialAnalyzer
LogPluginManager: Mounting plugin MobileLauncherProfileWizard
LogPluginManager: Mounting plugin PluginBrowser
LogPluginManager: Mounting plugin SpeedTreeImporter
LogPluginManager: Mounting plugin DatasmithContent
LogPluginManager: Mounting plugin VariantManagerContent
LogPluginManager: Mounting plugin AlembicImporter
LogPluginManager: Mounting plugin AutomationUtils
LogPluginManager: Mounting plugin BackChannel
LogPluginManager: Mounting plugin CharacterAI
LogPluginManager: Mounting plugin GeometryCache
LogPluginManager: Mounting plugin PlatformCrypto
LogPluginManager: Mounting plugin ProxyLODPlugin
LogPluginManager: Mounting plugin SkeletalReduction
LogPluginManager: Mounting plugin MagicLeap
LogPluginManager: Mounting plugin MagicLeapMedia
LogPluginManager: Mounting plugin MLSDK
LogPluginManager: Mounting plugin AndroidMedia
LogPluginManager: Mounting plugin AvfMedia
LogPluginManager: Mounting plugin ImgMedia
LogPluginManager: Mounting plugin MediaCompositing
LogPluginManager: Mounting plugin MediaPlayerEditor
LogPluginManager: Mounting plugin WebMMedia
LogPluginManager: Mounting plugin WmfMedia
LogPluginManager: Mounting plugin TcpMessaging
LogPluginManager: Mounting plugin UdpMessaging
LogPluginManager: Mounting plugin ActorSequence
LogPluginManager: Mounting plugin LevelSequenceEditor
LogPluginManager: Mounting plugin MatineeToLevelSequence
LogPluginManager: Mounting plugin NetcodeUnitTest
LogPluginManager: Mounting plugin NUTUnrealEngine4
LogPluginManager: Mounting plugin OnlineSubsystemGooglePlay
LogPluginManager: Mounting plugin OnlineSubsystemIOS
LogPluginManager: Mounting plugin OnlineSubsystem
LogPluginManager: Mounting plugin OnlineSubsystemNull
LogPluginManager: Mounting plugin OnlineSubsystemUtils
LogPluginManager: Mounting plugin LauncherChunkInstaller
LogPluginManager: Mounting plugin AndroidDeviceProfileSelector
LogPluginManager: Mounting plugin AndroidMoviePlayer
LogPluginManager: Mounting plugin AndroidPermission
LogPluginManager: Mounting plugin AppleImageUtils
LogPluginManager: Mounting plugin AppleMoviePlayer
LogPluginManager: Mounting plugin ArchVisCharacter
LogPluginManager: Mounting plugin AssetTags
LogPluginManager: Mounting plugin AudioCapture
LogPluginManager: Mounting plugin CableComponent
LogPluginManager: Mounting plugin CustomMeshComponent
LogPluginManager: Mounting plugin EditableMesh
LogPluginManager: Mounting plugin ExampleDeviceProfileSelector
LogPluginManager: Mounting plugin GoogleCloudMessaging
LogPluginManager: Mounting plugin IOSDeviceProfileSelector
LogPluginManager: Mounting plugin LinuxDeviceProfileSelector
LogPluginManager: Mounting plugin LocationServicesBPLibrary
LogPluginManager: Mounting plugin MobilePatchingUtils
LogPluginManager: Mounting plugin OculusVR
LogPluginManager: Mounting plugin PhysXVehicles
LogPluginManager: Mounting plugin PostSplashScreen
LogPluginManager: Mounting plugin ProceduralMeshComponent
LogPluginManager: Mounting plugin RuntimePhysXCooking
LogPluginManager: Mounting plugin SignificanceManager
LogPluginManager: Mounting plugin SteamVR
LogPluginManager: Mounting plugin WebMMoviePlayer
LogPluginManager: Mounting plugin WindowsMoviePlayer
LogPluginManager: Mounting plugin ScreenshotTools
LogInit: Using libcurl 7.55.1-DEV
LogInit:  - built for x86_64-pc-win32
LogInit:  - supports SSL with OpenSSL/1.1.1
LogInit:  - supports HTTP deflate (compression) using libz 1.2.8
LogInit:  - other features:
LogInit:      CURL_VERSION_SSL
LogInit:      CURL_VERSION_LIBZ
LogInit:      CURL_VERSION_IPV6
LogInit:      CURL_VERSION_ASYNCHDNS
LogInit:      CURL_VERSION_LARGEFILE
LogInit:      CURL_VERSION_IDN
LogInit:  CurlRequestOptions (configurable via config and command line):
LogInit:  - bVerifyPeer = true  - Libcurl will verify peer certificate
LogInit:  - bUseHttpProxy = false  - Libcurl will NOT use HTTP proxy
LogInit:  - bDontReuseConnections = false  - Libcurl will reuse connections
LogInit:  - MaxHostConnections = 16  - Libcurl will limit the number of connections to a host
LogInit:  - LocalHostAddr = Default
LogInit:  - BufferSize = 65536
LogOnline: OSS: Creating online subsystem instance for: NULL
LogInit: WinSock: version 1.1 (2.2), MaxSocks=32767, MaxUdp=65467
LogOnline: OSS: TryLoadSubsystemAndSetDefault: Loaded subsystem for module [NULL]
LogInit: Build: ++UE4+Release-4.24-CL-11590370
LogInit: Engine Version: 4.24.3-11590370+++UE4+Release-4.24
LogInit: Compatible Engine Version: 4.24.0-10570792+++UE4+Release-4.24
LogInit: Net CL: 10570792
LogInit: OS: Windows 10 (Release 1909) (), CPU: Intel(R) Core(TM) i7-9700KF CPU @ 3.60GHz, GPU: NVIDIA GeForce GTX 1070
LogInit: Compiled (64-bit): Feb 24 2020 15:39:18
LogInit: Compiled with Visual C++: 19.16.27032.01
LogInit: Build Configuration: Development
LogInit: Branch Name: ++UE4+Release-4.24
LogInit: Command Line:  -skipcompile
LogInit: Base Directory: D:/UE_4.24/Engine/Binaries/Win64/
LogInit: Installed Engine Build: 1
LogDevObjectVersion: Number of dev versions registered: 25
LogDevObjectVersion:   Dev-Blueprints (B0D832E4-1F89-4F0D-ACCF-7EB736FD4AA2): 10
LogDevObjectVersion:   Dev-Build (E1C64328-A22C-4D53-A36C-8E866417BD8C): 0
LogDevObjectVersion:   Dev-Core (375EC13C-06E4-48FB-B500-84F0262A717E): 3
LogDevObjectVersion:   Dev-Editor (E4B068ED-F494-42E9-A231-DA0B2E46BB41): 37
LogDevObjectVersion:   Dev-Framework (CFFC743F-43B0-4480-9391-14DF171D2073): 36
LogDevObjectVersion:   Dev-Mobile (B02B49B5-BB20-44E9-A304-32B752E40360): 2
LogDevObjectVersion:   Dev-Networking (A4E4105C-59A1-49B5-A7C5-40C4547EDFEE): 0
LogDevObjectVersion:   Dev-Online (39C831C9-5AE6-47DC-9A44-9C173E1C8E7C): 0
LogDevObjectVersion:   Dev-Physics (78F01B33-EBEA-4F98-B9B4-84EACCB95AA2): 2
LogDevObjectVersion:   Dev-Platform (6631380F-2D4D-43E0-8009-CF276956A95A): 0
LogDevObjectVersion:   Dev-Rendering (12F88B9F-8875-4AFC-A67C-D90C383ABD29): 36
LogDevObjectVersion:   Dev-Sequencer (7B5AE74C-D270-4C10-A958-57980B212A5A): 11
LogDevObjectVersion:   Dev-VR (D7296918-1DD6-4BDD-9DE2-64A83CC13884): 2
LogDevObjectVersion:   Dev-LoadTimes (C2A15278-BFE7-4AFE-6C17-90FF531DF755): 1
LogDevObjectVersion:   Private-Geometry (6EACA3D4-40EC-4CC1-B786-8BED09428FC5): 3
LogDevObjectVersion:   Dev-AnimPhys (29E575DD-E0A3-4627-9D10-D276232CDCEA): 17
LogDevObjectVersion:   Dev-Anim (AF43A65D-7FD3-4947-9873-3E8ED9C1BB05): 2
LogDevObjectVersion:   Dev-ReflectionCapture (6B266CEC-1EC7-4B8F-A30B-E4D90942FC07): 1
LogDevObjectVersion:   Dev-Automation (0DF73D61-A23F-47EA-B727-89E90C41499A): 1
LogDevObjectVersion:   FortniteMain (601D1886-AC64-4F84-AA16-D3DE0DEAC7D6): 31
LogDevObjectVersion:   Dev-Enterprise (9DFFBCD6-494F-0158-E221-12823C92A888): 8
LogDevObjectVersion:   Dev-Niagara (F2AED0AC-9AFE-416F-8664-AA7FFA26D6FC): 1
LogDevObjectVersion:   Dev-Destruction (174F1F0B-B4C6-45A5-B13F-2EE8D0FB917D): 9
LogDevObjectVersion:   Dev-Physics-Ext (35F94A83-E258-406C-A318-09F59610247C): 8
LogDevObjectVersion:   Dev-CineCamera (B2E18506-4273-CFC2-A54E-F4BB758BBA07): 1
LogInit: Presizing for max 25165824 objects, including 0 objects not considered by GC, pre-allocating 0 bytes for permanent pool.
LogInit: Object subsystem initialized
LogConfig: Setting CVar [[con.DebugEarlyDefault:1]]
LogConfig: Setting CVar [[r.setres:1280x720]]
[2020.06.28-21.46.40:312][  0]LogConfig: Setting CVar [[r.VSync:0]]
[2020.06.28-21.46.40:312][  0]LogConfig: Setting CVar [[r.RHICmdBypass:0]]
[2020.06.28-21.46.40:312][  0]LogConfig: Applying CVar settings from Section [/Script/Engine.RendererSettings] File [D:/Facultad/Unreal/UNREAL2TP/Unreal2TP/Unreal2TP/Saved/Config/Windows/Engine.ini]
[2020.06.28-21.46.40:312][  0]LogConfig: Setting CVar [[r.GPUCrashDebugging:0]]
[2020.06.28-21.46.40:312][  0]LogConfig: Applying CVar settings from Section [/Script/Engine.RendererOverrideSettings] File [D:/Facultad/Unreal/UNREAL2TP/Unreal2TP/Unreal2TP/Saved/Config/Windows/Engine.ini]
[2020.06.28-21.46.40:312][  0]LogConfig: Applying CVar settings from Section [/Script/Engine.StreamingSettings] File [D:/Facultad/Unreal/UNREAL2TP/Unreal2TP/Unreal2TP/Saved/Config/Windows/Engine.ini]
[2020.06.28-21.46.40:312][  0]LogConfig: Setting CVar [[s.MinBulkDataSizeForAsyncLoading:131072]]
[2020.06.28-21.46.40:312][  0]LogConfig: Setting CVar [[s.AsyncLoadingThreadEnabled:0]]
[2020.06.28-21.46.40:312][  0]LogConfig: Setting CVar [[s.EventDrivenLoaderEnabled:1]]
[2020.06.28-21.46.40:312][  0]LogConfig: Setting CVar [[s.WarnIfTimeLimitExceeded:0]]
[2020.06.28-21.46.40:312][  0]LogConfig: Setting CVar [[s.TimeLimitExceededMultiplier:1.5]]
[2020.06.28-21.46.40:312][  0]LogConfig: Setting CVar [[s.TimeLimitExceededMinTime:0.005]]
[2020.06.28-21.46.40:312][  0]LogConfig: Setting CVar [[s.UseBackgroundLevelStreaming:1]]
[2020.06.28-21.46.40:313][  0]LogConfig: Setting CVar [[s.PriorityAsyncLoadingExtraTime:15.0]]
[2020.06.28-21.46.40:313][  0]LogConfig: Setting CVar [[s.LevelStreamingActorsUpdateTimeLimit:5.0]]
[2020.06.28-21.46.40:313][  0]LogConfig: Setting CVar [[s.PriorityLevelStreamingActorsUpdateExtraTime:5.0]]
[2020.06.28-21.46.40:313][  0]LogConfig: Setting CVar [[s.LevelStreamingComponentsRegistrationGranularity:10]]
[2020.06.28-21.46.40:313][  0]LogConfig: Setting CVar [[s.UnregisterComponentsTimeLimit:1.0]]
[2020.06.28-21.46.40:313][  0]LogConfig: Setting CVar [[s.LevelStreamingComponentsUnregistrationGranularity:5]]
[2020.06.28-21.46.40:313][  0]LogConfig: Setting CVar [[s.FlushStreamingOnExit:1]]
[2020.06.28-21.46.40:313][  0]LogConfig: Applying CVar settings from Section [/Script/Engine.GarbageCollectionSettings] File [D:/Facultad/Unreal/UNREAL2TP/Unreal2TP/Unreal2TP/Saved/Config/Windows/Engine.ini]
[2020.06.28-21.46.40:313][  0]LogConfig: Setting CVar [[gc.MaxObjectsNotConsideredByGC:1]]
[2020.06.28-21.46.40:313][  0]LogConfig: Setting CVar [[gc.SizeOfPermanentObjectPool:0]]
[2020.06.28-21.46.40:313][  0]LogConfig: Setting CVar [[gc.FlushStreamingOnGC:0]]
[2020.06.28-21.46.40:313][  0]LogConfig: Setting CVar [[gc.NumRetriesBeforeForcingGC:10]]
[2020.06.28-21.46.40:313][  0]LogConfig: Setting CVar [[gc.AllowParallelGC:1]]
[2020.06.28-21.46.40:313][  0]LogConfig: Setting CVar [[gc.TimeBetweenPurgingPendingKillObjects:61.1]]
[2020.06.28-21.46.40:313][  0]LogConfig: Setting CVar [[gc.MaxObjectsInEditor:25165824]]
[2020.06.28-21.46.40:313][  0]LogConfig: Setting CVar [[gc.IncrementalBeginDestroyEnabled:1]]
[2020.06.28-21.46.40:313][  0]LogConfig: Setting CVar [[gc.CreateGCClusters:1]]
[2020.06.28-21.46.40:313][  0]LogConfig: Setting CVar [[gc.MinGCClusterSize:5]]
[2020.06.28-21.46.40:313][  0]LogConfig: Setting CVar [[gc.ActorClusteringEnabled:0]]
[2020.06.28-21.46.40:313][  0]LogConfig: Setting CVar [[gc.BlueprintClusteringEnabled:0]]
[2020.06.28-21.46.40:313][  0]LogConfig: Setting CVar [[gc.UseDisregardForGCOnDedicatedServers:0]]
[2020.06.28-21.46.40:313][  0]LogConfig: Applying CVar settings from Section [/Script/Engine.NetworkSettings] File [D:/Facultad/Unreal/UNREAL2TP/Unreal2TP/Unreal2TP/Saved/Config/Windows/Engine.ini]
[2020.06.28-21.46.40:313][  0]LogConfig: Applying CVar settings from Section [/Script/UnrealEd.CookerSettings] File [D:/Facultad/Unreal/UNREAL2TP/Unreal2TP/Unreal2TP/Saved/Config/Windows/Engine.ini]
[2020.06.28-21.46.40:327][  0]LogConfig: Applying CVar settings from Section [ViewDistanceQuality@3] File [D:/Facultad/Unreal/UNREAL2TP/Unreal2TP/Unreal2TP/Saved/Config/Windows/Scalability.ini]
[2020.06.28-21.46.40:327][  0]LogConfig: Setting CVar [[r.SkeletalMeshLODBias:0]]
[2020.06.28-21.46.40:328][  0]LogConfig: Setting CVar [[r.ViewDistanceScale:1.0]]
[2020.06.28-21.46.40:328][  0]LogConfig: Applying CVar settings from Section [AntiAliasingQuality@3] File [D:/Facultad/Unreal/UNREAL2TP/Unreal2TP/Unreal2TP/Saved/Config/Windows/Scalability.ini]
[2020.06.28-21.46.40:328][  0]LogConfig: Setting CVar [[r.PostProcessAAQuality:4]]
[2020.06.28-21.46.40:328][  0]LogConfig: Applying CVar settings from Section [ShadowQuality@3] File [D:/Facultad/Unreal/UNREAL2TP/Unreal2TP/Unreal2TP/Saved/Config/Windows/Scalability.ini]
[2020.06.28-21.46.40:328][  0]LogConfig: Setting CVar [[r.LightFunctionQuality:1]]
[2020.06.28-21.46.40:328][  0]LogConfig: Setting CVar [[r.ShadowQuality:5]]
[2020.06.28-21.46.40:328][  0]LogConfig: Setting CVar [[r.Shadow.CSM.MaxCascades:10]]
[2020.06.28-21.46.40:328][  0]LogConfig: Setting CVar [[r.Shadow.MaxResolution:2048]]
[2020.06.28-21.46.40:328][  0]LogConfig: Setting CVar [[r.Shadow.MaxCSMResolution:2048]]
[2020.06.28-21.46.40:328][  0]LogConfig: Setting CVar [[r.Shadow.RadiusThreshold:0.01]]
[2020.06.28-21.46.40:328][  0]LogConfig: Setting CVar [[r.Shadow.DistanceScale:1.0]]
[2020.06.28-21.46.40:328][  0]LogConfig: Setting CVar [[r.Shadow.CSM.TransitionScale:1.0]]
[2020.06.28-21.46.40:328][  0]LogConfig: Setting CVar [[r.Shadow.PreShadowResolutionFactor:1.0]]
[2020.06.28-21.46.40:328][  0]LogConfig: Setting CVar [[r.DistanceFieldShadowing:1]]
[2020.06.28-21.46.40:328][  0]LogConfig: Setting CVar [[r.DistanceFieldAO:1]]
[2020.06.28-21.46.40:328][  0]LogConfig: Setting CVar [[r.AOQuality:2]]
[2020.06.28-21.46.40:329][  0]LogConfig: Setting CVar [[r.VolumetricFog:1]]
[2020.06.28-21.46.40:329][  0]LogConfig: Setting CVar [[r.VolumetricFog.GridPixelSize:8]]
[2020.06.28-21.46.40:329][  0]LogConfig: Setting CVar [[r.VolumetricFog.GridSizeZ:128]]
[2020.06.28-21.46.40:329][  0]LogConfig: Setting CVar [[r.VolumetricFog.HistoryMissSupersampleCount:4]]
[2020.06.28-21.46.40:329][  0]LogConfig: Setting CVar [[r.LightMaxDrawDistanceScale:1]]
[2020.06.28-21.46.40:329][  0]LogConfig: Setting CVar [[r.CapsuleShadows:1]]
[2020.06.28-21.46.40:329][  0]LogConfig: Applying CVar settings from Section [PostProcessQuality@3] File [D:/Facultad/Unreal/UNREAL2TP/Unreal2TP/Unreal2TP/Saved/Config/Windows/Scalability.ini]
[2020.06.28-21.46.40:329][  0]LogConfig: Setting CVar [[r.MotionBlurQuality:4]]
[2020.06.28-21.46.40:329][  0]LogConfig: Setting CVar [[r.AmbientOcclusionMipLevelFactor:0.4]]
[2020.06.28-21.46.40:329][  0]LogConfig: Setting CVar [[r.AmbientOcclusionMaxQuality:100]]
[2020.06.28-21.46.40:329][  0]LogConfig: Setting CVar [[r.AmbientOcclusionLevels:-1]]
[2020.06.28-21.46.40:329][  0]LogConfig: Setting CVar [[r.AmbientOcclusionRadiusScale:1.0]]
[2020.06.28-21.46.40:329][  0]LogConfig: Setting CVar [[r.DepthOfFieldQuality:2]]
[2020.06.28-21.46.40:329][  0]LogConfig: Setting CVar [[r.RenderTargetPoolMin:400]]
[2020.06.28-21.46.40:329][  0]LogConfig: Setting CVar [[r.LensFlareQuality:2]]
[2020.06.28-21.46.40:329][  0]LogConfig: Setting CVar [[r.SceneColorFringeQuality:1]]
[2020.06.28-21.46.40:329][  0]LogConfig: Setting CVar [[r.EyeAdaptationQuality:2]]
[2020.06.28-21.46.40:329][  0]LogConfig: Setting CVar [[r.BloomQuality:5]]
[2020.06.28-21.46.40:329][  0]LogConfig: Setting CVar [[r.FastBlurThreshold:100]]
[2020.06.28-21.46.40:329][  0]LogConfig: Setting CVar [[r.Upscale.Quality:3]]
[2020.06.28-21.46.40:329][  0]LogConfig: Setting CVar [[r.Tonemapper.GrainQuantization:1]]
[2020.06.28-21.46.40:329][  0]LogConfig: Setting CVar [[r.LightShaftQuality:1]]
[2020.06.28-21.46.40:329][  0]LogConfig: Setting CVar [[r.Filter.SizeScale:1]]
[2020.06.28-21.46.40:329][  0]LogConfig: Setting CVar [[r.Tonemapper.Quality:5]]
[2020.06.28-21.46.40:329][  0]LogConfig: Setting CVar [[r.DOF.Gather.AccumulatorQuality:1        ; higher gathering accumulator quality]]
[2020.06.28-21.46.40:329][  0]LogConfig: Setting CVar [[r.DOF.Gather.PostfilterMethod:1          ; Median3x3 postfilering method]]
[2020.06.28-21.46.40:329][  0]LogConfig: Setting CVar [[r.DOF.Gather.EnableBokehSettings:0       ; no bokeh simulation when gathering]]
[2020.06.28-21.46.40:329][  0]LogConfig: Setting CVar [[r.DOF.Gather.RingCount:4                 ; medium number of samples when gathering]]
[2020.06.28-21.46.40:329][  0]LogConfig: Setting CVar [[r.DOF.Scatter.ForegroundCompositing:1    ; additive foreground scattering]]
[2020.06.28-21.46.40:329][  0]LogConfig: Setting CVar [[r.DOF.Scatter.BackgroundCompositing:2    ; additive background scattering]]
[2020.06.28-21.46.40:329][  0]LogConfig: Setting CVar [[r.DOF.Scatter.EnableBokehSettings:1      ; bokeh simulation when scattering]]
[2020.06.28-21.46.40:329][  0]LogConfig: Setting CVar [[r.DOF.Scatter.MaxSpriteRatio:0.1         ; only a maximum of 10% of scattered bokeh]]
[2020.06.28-21.46.40:329][  0]LogConfig: Setting CVar [[r.DOF.Recombine.Quality:1                ; cheap slight out of focus]]
[2020.06.28-21.46.40:329][  0]LogConfig: Setting CVar [[r.DOF.Recombine.EnableBokehSettings:0    ; no bokeh simulation on slight out of focus]]
[2020.06.28-21.46.40:329][  0]LogConfig: Setting CVar [[r.DOF.TemporalAAQuality:1                ; more stable temporal accumulation]]
[2020.06.28-21.46.40:329][  0]LogConfig: Setting CVar [[r.DOF.Kernel.MaxForegroundRadius:0.025]]
[2020.06.28-21.46.40:329][  0]LogConfig: Setting CVar [[r.DOF.Kernel.MaxBackgroundRadius:0.025]]
[2020.06.28-21.46.40:329][  0]LogConfig: Applying CVar settings from Section [TextureQuality@3] File [D:/Facultad/Unreal/UNREAL2TP/Unreal2TP/Unreal2TP/Saved/Config/Windows/Scalability.ini]
[2020.06.28-21.46.40:329][  0]LogConfig: Setting CVar [[r.Streaming.MipBias:0]]
[2020.06.28-21.46.40:329][  0]LogConfig: Setting CVar [[r.Streaming.AmortizeCPUToGPUCopy:0]]
[2020.06.28-21.46.40:329][  0]LogConfig: Setting CVar [[r.Streaming.MaxNumTexturesToStreamPerFrame:0]]
[2020.06.28-21.46.40:329][  0]LogConfig: Setting CVar [[r.Streaming.Boost:1]]
[2020.06.28-21.46.40:330][  0]LogConfig: Setting CVar [[r.MaxAnisotropy:8]]
[2020.06.28-21.46.40:330][  0]LogConfig: Setting CVar [[r.VT.MaxAnisotropy:8]]
[2020.06.28-21.46.40:330][  0]LogConfig: Setting CVar [[r.Streaming.LimitPoolSizeToVRAM:0]]
[2020.06.28-21.46.40:330][  0]LogConfig: Setting CVar [[r.Streaming.PoolSize:1000]]
[2020.06.28-21.46.40:330][  0]LogConfig: Setting CVar [[r.Streaming.MaxEffectiveScreenSize:0]]
[2020.06.28-21.46.40:330][  0]LogConfig: Applying CVar settings from Section [EffectsQuality@3] File [D:/Facultad/Unreal/UNREAL2TP/Unreal2TP/Unreal2TP/Saved/Config/Windows/Scalability.ini]
[2020.06.28-21.46.40:330][  0]LogConfig: Setting CVar [[r.TranslucencyLightingVolumeDim:64]]
[2020.06.28-21.46.40:330][  0]LogConfig: Setting CVar [[r.RefractionQuality:2]]
[2020.06.28-21.46.40:330][  0]LogConfig: Setting CVar [[r.SSR.Quality:3]]
[2020.06.28-21.46.40:330][  0]LogConfig: Setting CVar [[r.SSR.HalfResSceneColor:0]]
[2020.06.28-21.46.40:330][  0]LogConfig: Setting CVar [[r.SceneColorFormat:4]]
[2020.06.28-21.46.40:330][  0]LogConfig: Setting CVar [[r.DetailMode:2]]
[2020.06.28-21.46.40:330][  0]LogConfig: Setting CVar [[r.TranslucencyVolumeBlur:1]]
[2020.06.28-21.46.40:330][  0]LogConfig: Setting CVar [[r.MaterialQualityLevel:1 ; High quality]]
[2020.06.28-21.46.40:330][  0]LogConfig: Setting CVar [[r.SSS.Scale:1]]
[2020.06.28-21.46.40:330][  0]LogConfig: Setting CVar [[r.SSS.SampleSet:2]]
[2020.06.28-21.46.40:330][  0]LogConfig: Setting CVar [[r.SSS.Quality:1]]
[2020.06.28-21.46.40:330][  0]LogConfig: Setting CVar [[r.SSS.HalfRes:1]]
[2020.06.28-21.46.40:330][  0]LogConfig: Setting CVar [[r.SSGI.Quality:3]]
[2020.06.28-21.46.40:330][  0]LogConfig: Setting CVar [[r.EmitterSpawnRateScale:1.0]]
[2020.06.28-21.46.40:330][  0]LogConfig: Setting CVar [[r.ParticleLightQuality:2]]
[2020.06.28-21.46.40:330][  0]LogConfig: Setting CVar [[r.SkyAtmosphere.AerialPerspectiveLUT.FastApplyOnOpaque:1 ; Always have FastSkyLUT 1 in this case to avoid wrong sky]]
[2020.06.28-21.46.40:330][  0]LogConfig: Setting CVar [[r.SkyAtmosphere.AerialPerspectiveLUT.SampleCountPerSlice:1]]
[2020.06.28-21.46.40:330][  0]LogConfig: Setting CVar [[r.SkyAtmosphere.AerialPerspectiveLUT.DepthResolution:16.0]]
[2020.06.28-21.46.40:330][  0]LogConfig: Setting CVar [[r.SkyAtmosphere.FastSkyLUT:1]]
[2020.06.28-21.46.40:330][  0]LogConfig: Setting CVar [[r.SkyAtmosphere.FastSkyLUT.SampleCountMin:4.0]]
[2020.06.28-21.46.40:330][  0]LogConfig: Setting CVar [[r.SkyAtmosphere.FastSkyLUT.SampleCountMax:32.0]]
[2020.06.28-21.46.40:330][  0]LogConfig: Setting CVar [[r.SkyAtmosphere.SampleCountMin:4.0]]
[2020.06.28-21.46.40:330][  0]LogConfig: Setting CVar [[r.SkyAtmosphere.SampleCountMax:32.0]]
[2020.06.28-21.46.40:330][  0]LogConfig: Setting CVar [[r.SkyAtmosphere.TransmittanceLUT.UseSmallFormat:0]]
[2020.06.28-21.46.40:330][  0]LogConfig: Setting CVar [[r.SkyAtmosphere.TransmittanceLUT.SampleCount:10.0]]
[2020.06.28-21.46.40:330][  0]LogConfig: Setting CVar [[r.SkyAtmosphere.MultiScatteringLUT.SampleCount:15.0]]
[2020.06.28-21.46.40:330][  0]LogConfig: Applying CVar settings from Section [FoliageQuality@3] File [D:/Facultad/Unreal/UNREAL2TP/Unreal2TP/Unreal2TP/Saved/Config/Windows/Scalability.ini]
[2020.06.28-21.46.40:330][  0]LogConfig: Setting CVar [[foliage.DensityScale:1.0]]
[2020.06.28-21.46.40:330][  0]LogConfig: Setting CVar [[grass.DensityScale:1.0]]
[2020.06.28-21.46.40:330][  0]LogConfig: Applying CVar settings from Section [ShadingQuality@3] File [D:/Facultad/Unreal/UNREAL2TP/Unreal2TP/Unreal2TP/Saved/Config/Windows/Scalability.ini]
[2020.06.28-21.46.40:330][  0]LogConfig: Setting CVar [[r.HairStrands.SkyLighting.SampleCount:16]]
[2020.06.28-21.46.40:330][  0]LogConfig: Setting CVar [[r.HairStrands.SkyLighting.JitterIntegration:0]]
[2020.06.28-21.46.40:330][  0]LogConfig: Setting CVar [[r.HairStrands.SkyAO.SampleCount:16]]
[2020.06.28-21.46.40:330][  0]LogInit: Selected Device Profile: [Windows]
[2020.06.28-21.46.40:331][  0]LogInit: Applying CVar settings loaded from the selected device profile: [Windows]
[2020.06.28-21.46.40:332][  0]LogHAL: Display: Platform has ~ 16 GB [17096769536 / 17179869184 / 16], which maps to Larger [LargestMinGB=32, LargerMinGB=12, DefaultMinGB=8, SmallerMinGB=6, SmallestMinGB=0)
[2020.06.28-21.46.40:332][  0]LogInit: Going up to parent DeviceProfile []
[2020.06.28-21.46.40:332][  0]LogConfig: Applying CVar settings from Section [ViewDistanceQuality@3] File [D:/Facultad/Unreal/UNREAL2TP/Unreal2TP/Unreal2TP/Saved/Config/Windows/Scalability.ini]
[2020.06.28-21.46.40:332][  0]LogConfig: Setting CVar [[r.SkeletalMeshLODBias:0]]
[2020.06.28-21.46.40:332][  0]LogConfig: Setting CVar [[r.ViewDistanceScale:1.0]]
[2020.06.28-21.46.40:332][  0]LogConfig: Applying CVar settings from Section [AntiAliasingQuality@3] File [D:/Facultad/Unreal/UNREAL2TP/Unreal2TP/Unreal2TP/Saved/Config/Windows/Scalability.ini]
[2020.06.28-21.46.40:332][  0]LogConfig: Setting CVar [[r.PostProcessAAQuality:4]]
[2020.06.28-21.46.40:332][  0]LogConfig: Applying CVar settings from Section [ShadowQuality@3] File [D:/Facultad/Unreal/UNREAL2TP/Unreal2TP/Unreal2TP/Saved/Config/Windows/Scalability.ini]
[2020.06.28-21.46.40:332][  0]LogConfig: Setting CVar [[r.LightFunctionQuality:1]]
[2020.06.28-21.46.40:332][  0]LogConfig: Setting CVar [[r.ShadowQuality:5]]
[2020.06.28-21.46.40:332][  0]LogConfig: Setting CVar [[r.Shadow.CSM.MaxCascades:10]]
[2020.06.28-21.46.40:332][  0]LogConfig: Setting CVar [[r.Shadow.MaxResolution:2048]]
[2020.06.28-21.46.40:332][  0]LogConfig: Setting CVar [[r.Shadow.MaxCSMResolution:2048]]
[2020.06.28-21.46.40:333][  0]LogConfig: Setting CVar [[r.Shadow.RadiusThreshold:0.01]]
[2020.06.28-21.46.40:333][  0]LogConfig: Setting CVar [[r.Shadow.DistanceScale:1.0]]
[2020.06.28-21.46.40:333][  0]LogConfig: Setting CVar [[r.Shadow.CSM.TransitionScale:1.0]]
[2020.06.28-21.46.40:333][  0]LogConfig: Setting CVar [[r.Shadow.PreShadowResolutionFactor:1.0]]
[2020.06.28-21.46.40:333][  0]LogConfig: Setting CVar [[r.DistanceFieldShadowing:1]]
[2020.06.28-21.46.40:333][  0]LogConfig: Setting CVar [[r.DistanceFieldAO:1]]
[2020.06.28-21.46.40:333][  0]LogConfig: Setting CVar [[r.AOQuality:2]]
[2020.06.28-21.46.40:333][  0]LogConfig: Setting CVar [[r.VolumetricFog:1]]
[2020.06.28-21.46.40:333][  0]LogConfig: Setting CVar [[r.VolumetricFog.GridPixelSize:8]]
[2020.06.28-21.46.40:333][  0]LogConfig: Setting CVar [[r.VolumetricFog.GridSizeZ:128]]
[2020.06.28-21.46.40:333][  0]LogConfig: Setting CVar [[r.VolumetricFog.HistoryMissSupersampleCount:4]]
[2020.06.28-21.46.40:333][  0]LogConfig: Setting CVar [[r.LightMaxDrawDistanceScale:1]]
[2020.06.28-21.46.40:333][  0]LogConfig: Setting CVar [[r.CapsuleShadows:1]]
[2020.06.28-21.46.40:333][  0]LogConfig: Applying CVar settings from Section [PostProcessQuality@3] File [D:/Facultad/Unreal/UNREAL2TP/Unreal2TP/Unreal2TP/Saved/Config/Windows/Scalability.ini]
[2020.06.28-21.46.40:333][  0]LogConfig: Setting CVar [[r.MotionBlurQuality:4]]
[2020.06.28-21.46.40:333][  0]LogConfig: Setting CVar [[r.AmbientOcclusionMipLevelFactor:0.4]]
[2020.06.28-21.46.40:333][  0]LogConfig: Setting CVar [[r.AmbientOcclusionMaxQuality:100]]
[2020.06.28-21.46.40:333][  0]LogConfig: Setting CVar [[r.AmbientOcclusionLevels:-1]]
[2020.06.28-21.46.40:333][  0]LogConfig: Setting CVar [[r.AmbientOcclusionRadiusScale:1.0]]
[2020.06.28-21.46.40:333][  0]LogConfig: Setting CVar [[r.DepthOfFieldQuality:2]]
[2020.06.28-21.46.40:333][  0]LogConfig: Setting CVar [[r.RenderTargetPoolMin:400]]
[2020.06.28-21.46.40:333][  0]LogConfig: Setting CVar [[r.LensFlareQuality:2]]
[2020.06.28-21.46.40:333][  0]LogConfig: Setting CVar [[r.SceneColorFringeQuality:1]]
[2020.06.28-21.46.40:333][  0]LogConfig: Setting CVar [[r.EyeAdaptationQuality:2]]
[2020.06.28-21.46.40:333][  0]LogConfig: Setting CVar [[r.BloomQuality:5]]
[2020.06.28-21.46.40:333][  0]LogConfig: Setting CVar [[r.FastBlurThreshold:100]]
[2020.06.28-21.46.40:333][  0]LogConfig: Setting CVar [[r.Upscale.Quality:3]]
[2020.06.28-21.46.40:333][  0]LogConfig: Setting CVar [[r.Tonemapper.GrainQuantization:1]]
[2020.06.28-21.46.40:333][  0]LogConfig: Setting CVar [[r.LightShaftQuality:1]]
[2020.06.28-21.46.40:333][  0]LogConfig: Setting CVar [[r.Filter.SizeScale:1]]
[2020.06.28-21.46.40:333][  0]LogConfig: Setting CVar [[r.Tonemapper.Quality:5]]
[2020.06.28-21.46.40:333][  0]LogConfig: Setting CVar [[r.DOF.Gather.AccumulatorQuality:1        ; higher gathering accumulator quality]]
[2020.06.28-21.46.40:333][  0]LogConfig: Setting CVar [[r.DOF.Gather.PostfilterMethod:1          ; Median3x3 postfilering method]]
[2020.06.28-21.46.40:333][  0]LogConfig: Setting CVar [[r.DOF.Gather.EnableBokehSettings:0       ; no bokeh simulation when gathering]]
[2020.06.28-21.46.40:333][  0]LogConfig: Setting CVar [[r.DOF.Gather.RingCount:4                 ; medium number of samples when gathering]]
[2020.06.28-21.46.40:333][  0]LogConfig: Setting CVar [[r.DOF.Scatter.ForegroundCompositing:1    ; additive foreground scattering]]
[2020.06.28-21.46.40:333][  0]LogConfig: Setting CVar [[r.DOF.Scatter.BackgroundCompositing:2    ; additive background scattering]]
[2020.06.28-21.46.40:333][  0]LogConfig: Setting CVar [[r.DOF.Scatter.EnableBokehSettings:1      ; bokeh simulation when scattering]]
[2020.06.28-21.46.40:333][  0]LogConfig: Setting CVar [[r.DOF.Scatter.MaxSpriteRatio:0.1         ; only a maximum of 10% of scattered bokeh]]
[2020.06.28-21.46.40:333][  0]LogConfig: Setting CVar [[r.DOF.Recombine.Quality:1                ; cheap slight out of focus]]
[2020.06.28-21.46.40:333][  0]LogConfig: Setting CVar [[r.DOF.Recombine.EnableBokehSettings:0    ; no bokeh simulation on slight out of focus]]
[2020.06.28-21.46.40:333][  0]LogConfig: Setting CVar [[r.DOF.TemporalAAQuality:1                ; more stable temporal accumulation]]
[2020.06.28-21.46.40:333][  0]LogConfig: Setting CVar [[r.DOF.Kernel.MaxForegroundRadius:0.025]]
[2020.06.28-21.46.40:333][  0]LogConfig: Setting CVar [[r.DOF.Kernel.MaxBackgroundRadius:0.025]]
[2020.06.28-21.46.40:334][  0]LogConfig: Applying CVar settings from Section [TextureQuality@3] File [D:/Facultad/Unreal/UNREAL2TP/Unreal2TP/Unreal2TP/Saved/Config/Windows/Scalability.ini]
[2020.06.28-21.46.40:334][  0]LogConfig: Setting CVar [[r.Streaming.MipBias:0]]
[2020.06.28-21.46.40:334][  0]LogConfig: Setting CVar [[r.Streaming.AmortizeCPUToGPUCopy:0]]
[2020.06.28-21.46.40:334][  0]LogConfig: Setting CVar [[r.Streaming.MaxNumTexturesToStreamPerFrame:0]]
[2020.06.28-21.46.40:334][  0]LogConfig: Setting CVar [[r.Streaming.Boost:1]]
[2020.06.28-21.46.40:334][  0]LogConfig: Setting CVar [[r.MaxAnisotropy:8]]
[2020.06.28-21.46.40:334][  0]LogConfig: Setting CVar [[r.VT.MaxAnisotropy:8]]
[2020.06.28-21.46.40:334][  0]LogConfig: Setting CVar [[r.Streaming.LimitPoolSizeToVRAM:0]]
[2020.06.28-21.46.40:334][  0]LogConfig: Setting CVar [[r.Streaming.PoolSize:1000]]
[2020.06.28-21.46.40:334][  0]LogConfig: Setting CVar [[r.Streaming.MaxEffectiveScreenSize:0]]
[2020.06.28-21.46.40:334][  0]LogConfig: Applying CVar settings from Section [EffectsQuality@3] File [D:/Facultad/Unreal/UNREAL2TP/Unreal2TP/Unreal2TP/Saved/Config/Windows/Scalability.ini]
[2020.06.28-21.46.40:334][  0]LogConfig: Setting CVar [[r.TranslucencyLightingVolumeDim:64]]
[2020.06.28-21.46.40:334][  0]LogConfig: Setting CVar [[r.RefractionQuality:2]]
[2020.06.28-21.46.40:334][  0]LogConfig: Setting CVar [[r.SSR.Quality:3]]
[2020.06.28-21.46.40:334][  0]LogConfig: Setting CVar [[r.SSR.HalfResSceneColor:0]]
[2020.06.28-21.46.40:334][  0]LogConfig: Setting CVar [[r.SceneColorFormat:4]]
[2020.06.28-21.46.40:334][  0]LogConfig: Setting CVar [[r.DetailMode:2]]
[2020.06.28-21.46.40:334][  0]LogConfig: Setting CVar [[r.TranslucencyVolumeBlur:1]]
[2020.06.28-21.46.40:334][  0]LogConfig: Setting CVar [[r.MaterialQualityLevel:1 ; High quality]]
[2020.06.28-21.46.40:334][  0]LogConfig: Setting CVar [[r.SSS.Scale:1]]
[2020.06.28-21.46.40:334][  0]LogConfig: Setting CVar [[r.SSS.SampleSet:2]]
[2020.06.28-21.46.40:334][  0]LogConfig: Setting CVar [[r.SSS.Quality:1]]
[2020.06.28-21.46.40:334][  0]LogConfig: Setting CVar [[r.SSS.HalfRes:1]]
[2020.06.28-21.46.40:334][  0]LogConfig: Setting CVar [[r.SSGI.Quality:3]]
[2020.06.28-21.46.40:334][  0]LogConfig: Setting CVar [[r.EmitterSpawnRateScale:1.0]]
[2020.06.28-21.46.40:334][  0]LogConfig: Setting CVar [[r.ParticleLightQuality:2]]
[2020.06.28-21.46.40:334][  0]LogConfig: Setting CVar [[r.SkyAtmosphere.AerialPerspectiveLUT.FastApplyOnOpaque:1 ; Always have FastSkyLUT 1 in this case to avoid wrong sky]]
[2020.06.28-21.46.40:334][  0]LogConfig: Setting CVar [[r.SkyAtmosphere.AerialPerspectiveLUT.SampleCountPerSlice:1]]
[2020.06.28-21.46.40:334][  0]LogConfig: Setting CVar [[r.SkyAtmosphere.AerialPerspectiveLUT.DepthResolution:16.0]]
[2020.06.28-21.46.40:334][  0]LogConfig: Setting CVar [[r.SkyAtmosphere.FastSkyLUT:1]]
[2020.06.28-21.46.40:334][  0]LogConfig: Setting CVar [[r.SkyAtmosphere.FastSkyLUT.SampleCountMin:4.0]]
[2020.06.28-21.46.40:334][  0]LogConfig: Setting CVar [[r.SkyAtmosphere.FastSkyLUT.SampleCountMax:32.0]]
[2020.06.28-21.46.40:334][  0]LogConfig: Setting CVar [[r.SkyAtmosphere.SampleCountMin:4.0]]
[2020.06.28-21.46.40:334][  0]LogConfig: Setting CVar [[r.SkyAtmosphere.SampleCountMax:32.0]]
[2020.06.28-21.46.40:334][  0]LogConfig: Setting CVar [[r.SkyAtmosphere.TransmittanceLUT.UseSmallFormat:0]]
[2020.06.28-21.46.40:335][  0]LogConfig: Setting CVar [[r.SkyAtmosphere.TransmittanceLUT.SampleCount:10.0]]
[2020.06.28-21.46.40:335][  0]LogConfig: Setting CVar [[r.SkyAtmosphere.MultiScatteringLUT.SampleCount:15.0]]
[2020.06.28-21.46.40:335][  0]LogConfig: Applying CVar settings from Section [FoliageQuality@3] File [D:/Facultad/Unreal/UNREAL2TP/Unreal2TP/Unreal2TP/Saved/Config/Windows/Scalability.ini]
[2020.06.28-21.46.40:335][  0]LogConfig: Setting CVar [[foliage.DensityScale:1.0]]
[2020.06.28-21.46.40:335][  0]LogConfig: Setting CVar [[grass.DensityScale:1.0]]
[2020.06.28-21.46.40:335][  0]LogConfig: Applying CVar settings from Section [ShadingQuality@3] File [D:/Facultad/Unreal/UNREAL2TP/Unreal2TP/Unreal2TP/Saved/Config/Windows/Scalability.ini]
[2020.06.28-21.46.40:335][  0]LogConfig: Setting CVar [[r.HairStrands.SkyLighting.SampleCount:16]]
[2020.06.28-21.46.40:335][  0]LogConfig: Setting CVar [[r.HairStrands.SkyLighting.JitterIntegration:0]]
[2020.06.28-21.46.40:335][  0]LogConfig: Setting CVar [[r.HairStrands.SkyAO.SampleCount:16]]
[2020.06.28-21.46.40:335][  0]LogConfig: Applying CVar settings from Section [Startup] File [../../../Engine/Config/ConsoleVariables.ini]
[2020.06.28-21.46.40:335][  0]LogConfig: Setting CVar [[net.UseAdaptiveNetUpdateFrequency:0]]
[2020.06.28-21.46.40:335][  0]LogConfig: Setting CVar [[p.chaos.AllowCreatePhysxBodies:1]]
[2020.06.28-21.46.40:335][  0]LogConfig: Applying CVar settings from Section [ConsoleVariables] File [D:/Facultad/Unreal/UNREAL2TP/Unreal2TP/Unreal2TP/Saved/Config/Windows/Engine.ini]
[2020.06.28-21.46.40:335][  0]LogInit: Computer: DESKTOP-27BOLO1
[2020.06.28-21.46.40:335][  0]LogInit: User: Facundo
[2020.06.28-21.46.40:335][  0]LogInit: CPU Page size=4096, Cores=8
[2020.06.28-21.46.40:335][  0]LogInit: High frequency timer resolution =10.000000 MHz
[2020.06.28-21.46.40:335][  0]LogMemory: Memory total: Physical=15.9GB (16GB approx)
[2020.06.28-21.46.40:335][  0]LogMemory: Platform Memory Stats for Windows
[2020.06.28-21.46.40:336][  0]LogMemory: Process Physical Memory: 106.04 MB used, 106.04 MB peak
[2020.06.28-21.46.40:336][  0]LogMemory: Process Virtual Memory: 100.96 MB used, 100.96 MB peak
[2020.06.28-21.46.40:336][  0]LogMemory: Physical Memory: 6522.70 MB used,  9782.05 MB free, 16304.75 MB total
[2020.06.28-21.46.40:336][  0]LogMemory: Virtual Memory: 5107.20 MB used,  134212624.00 MB free, 134217728.00 MB total
[2020.06.28-21.46.40:340][  0]LogWindows: WindowsPlatformFeatures enabled
[2020.06.28-21.46.40:640][  0]LogInit: Using OS detected language (en-US).
[2020.06.28-21.46.40:640][  0]LogInit: Using OS detected locale (en-US).
[2020.06.28-21.46.40:641][  0]LogTextLocalizationManager: No specific localization for 'en-US' exists, so the 'en' localization will be used.
[2020.06.28-21.46.40:745][  0]LogInit: Setting process to per monitor DPI aware
[2020.06.28-21.46.40:789][  0]LogSlate: New Slate User Created.  User Index 0, Is Virtual User: 0
[2020.06.28-21.46.40:789][  0]LogSlate: Slate User Registered.  User Index 0, Is Virtual User: 0
[2020.06.28-21.46.40:909][  0]LogHMD: Failed to initialize OpenVR with code 110
[2020.06.28-21.46.40:909][  0]LogD3D11RHI: D3D11 min allowed feature level: 11_0
[2020.06.28-21.46.40:910][  0]LogD3D11RHI: D3D11 max allowed feature level: 11_0
[2020.06.28-21.46.40:910][  0]LogD3D11RHI: D3D11 adapters:
[2020.06.28-21.46.40:981][  0]LogD3D11RHI:    0. 'NVIDIA GeForce GTX 1070' (Feature Level 11_0)
[2020.06.28-21.46.40:981][  0]LogD3D11RHI:       8088/0/8152 MB DedicatedVideo/DedicatedSystem/SharedSystem, Outputs:3, VendorId:0x10de
[2020.06.28-21.46.40:988][  0]LogD3D11RHI:    1. 'Microsoft Basic Render Driver' (Feature Level 11_0)
[2020.06.28-21.46.40:988][  0]LogD3D11RHI:       0/0/8152 MB DedicatedVideo/DedicatedSystem/SharedSystem, Outputs:0, VendorId:0x1414
[2020.06.28-21.46.40:988][  0]LogD3D11RHI: Chosen D3D11 Adapter: 0
[2020.06.28-21.46.40:994][  0]LogD3D11RHI: Creating new Direct3DDevice
[2020.06.28-21.46.40:994][  0]LogD3D11RHI:     GPU DeviceId: 0x1b81 (for the marketing name, search the web for "GPU Device Id")
[2020.06.28-21.46.40:994][  0]LogWindows: EnumDisplayDevices:
[2020.06.28-21.46.40:995][  0]LogWindows:    0. 'NVIDIA GeForce GTX 1070' (P:1 D:1)
[2020.06.28-21.46.40:995][  0]LogWindows:    1. 'NVIDIA GeForce GTX 1070' (P:0 D:1)
[2020.06.28-21.46.40:995][  0]LogWindows:    2. 'NVIDIA GeForce GTX 1070' (P:0 D:1)
[2020.06.28-21.46.40:996][  0]LogWindows:    3. 'NVIDIA GeForce GTX 1070' (P:0 D:0)
[2020.06.28-21.46.40:996][  0]LogWindows: DebugString: FoundDriverCount:4 
[2020.06.28-21.46.40:996][  0]LogD3D11RHI:     Adapter Name: NVIDIA GeForce GTX 1070
[2020.06.28-21.46.40:996][  0]LogD3D11RHI:   Driver Version: 446.14 (internal:26.21.14.4614, unified:446.14)
[2020.06.28-21.46.40:996][  0]LogD3D11RHI:      Driver Date: 5-15-2020
[2020.06.28-21.46.40:996][  0]LogRHI: Texture pool is 5661 MB (70% of 8088 MB)
[2020.06.28-21.46.41:037][  0]LogD3D11RHI: RHI has support for 64 bit atomics
[2020.06.28-21.46.41:037][  0]LogD3D11RHI: Async texture creation enabled
[2020.06.28-21.46.41:051][  0]LogD3D11RHI: GPU Timing Frequency: 1000.000000 (Debug: 2 1)
[2020.06.28-21.46.41:271][  0]LogTargetPlatformManager: Display: Loaded TargetPlatform 'AllDesktop'
[2020.06.28-21.46.41:295][  0]LogTargetPlatformManager: Display: Loaded TargetPlatform 'Android'
[2020.06.28-21.46.41:296][  0]LogTargetPlatformManager: Display: Loaded TargetPlatform 'Android_ASTC'
[2020.06.28-21.46.41:296][  0]LogTargetPlatformManager: Display: Loaded TargetPlatform 'Android_ATC'
[2020.06.28-21.46.41:296][  0]LogTargetPlatformManager: Display: Loaded TargetPlatform 'Android_DXT'
[2020.06.28-21.46.41:296][  0]LogTargetPlatformManager: Display: Loaded TargetPlatform 'Android_ETC1'
[2020.06.28-21.46.41:296][  0]LogTargetPlatformManager: Display: Loaded TargetPlatform 'Android_ETC1a'
[2020.06.28-21.46.41:296][  0]LogTargetPlatformManager: Display: Loaded TargetPlatform 'Android_ETC2'
[2020.06.28-21.46.41:296][  0]LogTargetPlatformManager: Display: Loaded TargetPlatform 'Android_PVRTC'
[2020.06.28-21.46.41:296][  0]LogTargetPlatformManager: Display: Loaded TargetPlatform 'AndroidClient'
[2020.06.28-21.46.41:296][  0]LogTargetPlatformManager: Display: Loaded TargetPlatform 'Android_ASTCClient'
[2020.06.28-21.46.41:297][  0]LogTargetPlatformManager: Display: Loaded TargetPlatform 'Android_ATCClient'
[2020.06.28-21.46.41:297][  0]LogTargetPlatformManager: Display: Loaded TargetPlatform 'Android_DXTClient'
[2020.06.28-21.46.41:297][  0]LogTargetPlatformManager: Display: Loaded TargetPlatform 'Android_ETC1Client'
[2020.06.28-21.46.41:297][  0]LogTargetPlatformManager: Display: Loaded TargetPlatform 'Android_ETC1aClient'
[2020.06.28-21.46.41:297][  0]LogTargetPlatformManager: Display: Loaded TargetPlatform 'Android_ETC2Client'
[2020.06.28-21.46.41:297][  0]LogTargetPlatformManager: Display: Loaded TargetPlatform 'Android_PVRTCClient'
[2020.06.28-21.46.41:297][  0]LogTargetPlatformManager: Display: Loaded TargetPlatform 'Android_Multi'
[2020.06.28-21.46.41:297][  0]LogTargetPlatformManager: Display: Loaded TargetPlatform 'Android_MultiClient'
[2020.06.28-21.46.41:317][  0]LogTargetPlatformManager: Display: Loaded TargetPlatform 'IOSClient'
[2020.06.28-21.46.41:317][  0]LogTargetPlatformManager: Display: Loaded TargetPlatform 'IOS'
[2020.06.28-21.46.41:323][  0]LogTargetPlatformManager: Display: Loaded TargetPlatform 'LinuxNoEditor'
[2020.06.28-21.46.41:333][  0]LogTargetPlatformManager: Display: Loaded TargetPlatform 'LinuxClient'
[2020.06.28-21.46.41:340][  0]LogTargetPlatformManager: Display: Loaded TargetPlatform 'LinuxServer'
[2020.06.28-21.46.41:347][  0]LogTargetPlatformManager: Display: Loaded TargetPlatform 'LinuxAArch64NoEditor'
[2020.06.28-21.46.41:354][  0]LogTargetPlatformManager: Display: Loaded TargetPlatform 'LinuxAArch64Client'
[2020.06.28-21.46.41:361][  0]LogTargetPlatformManager: Display: Loaded TargetPlatform 'LinuxAArch64Server'
[2020.06.28-21.46.41:382][  0]LogTargetPlatformManager: Display: Loaded TargetPlatform 'Lumin'
[2020.06.28-21.46.41:382][  0]LogTargetPlatformManager: Display: Loaded TargetPlatform 'LuminClient'
[2020.06.28-21.46.41:393][  0]LogTargetPlatformManager: Display: Loaded TargetPlatform 'TVOSClient'
[2020.06.28-21.46.41:394][  0]LogTargetPlatformManager: Display: Loaded TargetPlatform 'TVOS'
[2020.06.28-21.46.41:400][  0]LogTargetPlatformManager: Display: Loaded TargetPlatform 'WindowsNoEditor'
[2020.06.28-21.46.41:408][  0]LogTargetPlatformManager: Display: Loaded TargetPlatform 'Windows'
[2020.06.28-21.46.41:415][  0]LogTargetPlatformManager: Display: Loaded TargetPlatform 'WindowsClient'
[2020.06.28-21.46.41:421][  0]LogTargetPlatformManager: Display: Loaded TargetPlatform 'WindowsServer'
[2020.06.28-21.46.41:421][  0]LogTargetPlatformManager: Display: Building Assets For Windows
[2020.06.28-21.46.41:429][  0]LogAudioDebug: Display: Lib vorbis DLL was dynamically loaded.
[2020.06.28-21.46.41:471][  0]LogShaderCompilers: Guid format shader working directory is -10 characters bigger than the processId version (../../../../Facultad/Unreal/UNREAL2TP/Unreal2TP/Unreal2TP/Intermediate/Shaders/WorkingDirectory/16964/).
[2020.06.28-21.46.41:472][  0]LogShaderCompilers: Cleaned the shader compiler working directory 'C:/Users/Facundo/AppData/Local/Temp/UnrealShaderWorkingDir/732E4A1641A16D619D52448FA56BA56E/'.
[2020.06.28-21.46.41:472][  0]LogXGEController: Cleaning working directory: C:/Users/Facundo/AppData/Local/Temp/UnrealXGEWorkingDir/
[2020.06.28-21.46.41:472][  0]LogXGEController: Cannot use XGE Controller as Incredibuild is not installed on this machine.
[2020.06.28-21.46.41:472][  0]LogShaderCompilers: Cannot use XGE Shader Compiler as Incredibuild is not installed on this machine.
[2020.06.28-21.46.41:472][  0]LogShaderCompilers: Display: Using Local Shader Compiler.
[2020.06.28-21.46.42:006][  0]LogDerivedDataCache: Display: Max Cache Size: 512 MB
[2020.06.28-21.46.42:046][  0]LogDerivedDataCache: Loaded boot cache 0.04s 82MB C:/Users/Facundo/AppData/Local/UnrealEngine/4.24/DerivedDataCache/Boot.ddc.
[2020.06.28-21.46.42:047][  0]LogDerivedDataCache: Display: Loaded Boot cache: C:/Users/Facundo/AppData/Local/UnrealEngine/4.24/DerivedDataCache/Boot.ddc
[2020.06.28-21.46.42:047][  0]LogDerivedDataCache: FDerivedDataBackendGraph:  Pak pak cache file ../../../../Facultad/Unreal/UNREAL2TP/Unreal2TP/Unreal2TP/DerivedDataCache/DDC.ddp not found, will not use a pak cache.
[2020.06.28-21.46.42:047][  0]LogDerivedDataCache: Unable to find inner node Pak for hierarchical cache Hierarchy.
[2020.06.28-21.46.42:047][  0]LogDerivedDataCache: FDerivedDataBackendGraph:  CompressedPak pak cache file ../../../../Facultad/Unreal/UNREAL2TP/Unreal2TP/Unreal2TP/DerivedDataCache/Compressed.ddp not found, will not use a pak cache.
[2020.06.28-21.46.42:047][  0]LogDerivedDataCache: Unable to find inner node CompressedPak for hierarchical cache Hierarchy.
[2020.06.28-21.46.42:055][  0]LogDerivedDataCache: Display: Pak cache opened for reading ../../../Engine/DerivedDataCache/Compressed.ddp.
[2020.06.28-21.46.42:055][  0]LogDerivedDataCache: FDerivedDataBackendGraph:  EnterprisePak pak cache file ../../../Enterprise/DerivedDataCache/Compressed.ddp not found, will not use a pak cache.
[2020.06.28-21.46.42:055][  0]LogDerivedDataCache: Unable to find inner node EnterprisePak for hierarchical cache Hierarchy.
[2020.06.28-21.46.42:057][  0]LogDerivedDataCache: Using Local data cache path C:/Users/Facundo/AppData/Local/UnrealEngine/Common/DerivedDataCache: Writable
[2020.06.28-21.46.42:057][  0]LogDerivedDataCache: Shared data cache path not found in *engine.ini, will not use an Shared cache.
[2020.06.28-21.46.42:058][  0]LogDerivedDataCache: Unable to find inner node Shared for hierarchical cache Hierarchy.
[2020.06.28-21.46.42:077][  0]LogMaterial: Verifying Global Shaders for PCD3D_SM5
[2020.06.28-21.46.42:079][  0]LogSlate: Using FreeType 2.10.0
[2020.06.28-21.46.42:080][  0]LogSlate: SlateFontServices - WITH_FREETYPE: 1, WITH_HARFBUZZ: 1
[2020.06.28-21.46.42:122][  0]LogAssetRegistry: FAssetRegistry took 0.0036 seconds to start up
[2020.06.28-21.46.42:318][  0]LogInit: Selected Device Profile: [Windows]
[2020.06.28-21.46.42:446][  0]LogMeshReduction: Using QuadricMeshReduction for automatic static mesh reduction
[2020.06.28-21.46.42:446][  0]LogMeshReduction: Using SimplygonMeshReduction for automatic skeletal mesh reduction
[2020.06.28-21.46.42:446][  0]LogMeshReduction: Using ProxyLODMeshReduction for automatic mesh merging
[2020.06.28-21.46.42:446][  0]LogMeshReduction: No distributed automatic mesh merging module available
[2020.06.28-21.46.42:446][  0]LogMeshMerging: No distributed automatic mesh merging module available
[2020.06.28-21.46.42:464][  0]LogNetVersion: Unreal2TP 1.0.0, NetCL: 10570792, EngineNetVer: 13, GameNetVer: 0 (Checksum: 317678641)
[2020.06.28-21.46.43:220][  0]LogPackageLocalizationCache: Processed 10 localized package path(s) for 1 prioritized culture(s) in 0.024773 seconds
[2020.06.28-21.46.43:226][  0]LogUObjectArray: 46750 objects as part of root set at end of initial load.
[2020.06.28-21.46.43:226][  0]LogUObjectAllocator: 8137160 out of 0 bytes used by permanent object pool.
[2020.06.28-21.46.43:226][  0]LogUObjectArray: CloseDisregardForGC: 0/0 objects in disregard for GC pool
[2020.06.28-21.46.43:619][  0]LogTcpMessaging: Initializing TcpMessaging bridge
[2020.06.28-21.46.43:623][  0]LogUdpMessaging: Initializing bridge on interface 0.0.0.0:0 to multicast group 230.0.0.1:6666.
[2020.06.28-21.46.44:290][  0]SourceControl: Source control is disabled
[2020.06.28-21.46.44:302][  0]SourceControl: Source control is disabled
[2020.06.28-21.46.44:345][  0]SourceControl: Source control is disabled
[2020.06.28-21.46.44:364][  0]SourceControl: Source control is disabled
[2020.06.28-21.46.44:381][  0]SourceControl: Source control is disabled
[2020.06.28-21.46.45:600][  0]LogAndroidPermission: UAndroidPermissionCallbackProxy::GetInstance
[2020.06.28-21.46.45:646][  0]LogAudioCaptureCore: Display: No Audio Capture implementations found. Audio input will be silent.
[2020.06.28-21.46.45:646][  0]LogAudioCaptureCore: Display: No Audio Capture implementations found. Audio input will be silent.
[2020.06.28-21.46.46:081][  0]LogOcInput: OculusInput pre-init called
[2020.06.28-21.46.46:115][  0]LogWindows: Failed to load 'OVRPlugin.dll' (GetLastError=126)
[2020.06.28-21.46.46:115][  0]LogWindows: File 'OVRPlugin.dll' does not exist
[2020.06.28-21.46.46:837][  0]LogEngine: Initializing Engine...
[2020.06.28-21.46.46:895][  0]LogHMD: Failed to initialize OpenVR with code 110
[2020.06.28-21.46.46:927][  0]LogStats: UGameplayTagsManager::InitializeManager -  0.005 s
[2020.06.28-21.46.47:448][  0]LogInit: Initializing FReadOnlyCVARCache
[2020.06.28-21.46.47:749][  0]LogAIModule: Creating AISystem for world Untitled
[2020.06.28-21.46.47:849][  0]LogAudioMixer: Display: Audio Mixer Platform Settings:
[2020.06.28-21.46.47:849][  0]LogAudioMixer: Display: 	Sample Rate:						  48000
[2020.06.28-21.46.47:849][  0]LogAudioMixer: Display: 	Callback Buffer Frame Size Requested: 1024
[2020.06.28-21.46.47:850][  0]LogAudioMixer: Display: 	Callback Buffer Frame Size To Use:	  1024
[2020.06.28-21.46.47:850][  0]LogAudioMixer: Display: 	Number of buffers to queue:			  2
[2020.06.28-21.46.47:850][  0]LogAudioMixer: Display: 	Max Channels (voices):				  32
[2020.06.28-21.46.47:850][  0]LogAudioMixer: Display: 	Number of Async Source Workers:		  0
[2020.06.28-21.46.47:850][  0]LogAudio: Display: AudioDevice MaxSources: 32
[2020.06.28-21.46.47:859][  0]LogAudio: Display: Using built-in audio occlusion.
[2020.06.28-21.46.47:859][  0]LogAudioMixer: Display: Initializing audio mixer.
[2020.06.28-21.46.47:991][  0]LogAudioMixer: Display: Audio Device Output Speaker Info:
[2020.06.28-21.46.47:991][  0]LogAudioMixer: Display: Name: Altavoces (Realtek(R) Audio)
[2020.06.28-21.46.47:991][  0]LogAudioMixer: Display: Is Default: Yes
[2020.06.28-21.46.47:991][  0]LogAudioMixer: Display: Sample Rate: 48000
[2020.06.28-21.46.47:992][  0]LogAudioMixer: Display: Channel Count Used: 2
[2020.06.28-21.46.47:992][  0]LogAudioMixer: Display: Device Channel Count: 2
[2020.06.28-21.46.47:992][  0]LogAudioMixer: Display: Channel Order:
[2020.06.28-21.46.47:992][  0]LogAudioMixer: Display: 0: FrontLeft
[2020.06.28-21.46.47:992][  0]LogAudioMixer: Display: 1: FrontRight
[2020.06.28-21.46.48:028][  0]LogAudioMixer: Display: Using Audio Device Altavoces (Realtek(R) Audio)
[2020.06.28-21.46.48:049][  0]LogInit: FAudioDevice initialized.
[2020.06.28-21.46.48:050][  0]LogNetVersion: Set ProjectVersion to 1.0.0.0. Version Checksum will be recalculated on next use.
[2020.06.28-21.46.48:120][  0]LogDerivedDataCache: Saved boot cache 0.07s 82MB C:/Users/Facundo/AppData/Local/UnrealEngine/4.24/DerivedDataCache/Boot.ddc.
[2020.06.28-21.46.48:120][  0]LogInit: Texture streaming: Enabled
[2020.06.28-21.46.48:242][  0]LogEngineSessionManager: EngineSessionManager initialized
[2020.06.28-21.46.48:242][  0]LogEngineSessionManager: EngineSessionManager sent abnormal shutdown report. Type=Debugger, SessionId={7BA825C5-4B09-0BEB-4067-90BDC2B3B735}
[2020.06.28-21.46.48:242][  0]LogEditorSessionSummary: Verbose: Initializing EditorSessionSummaryWriter for editor session tracking
[2020.06.28-21.46.48:245][  0]LogEditorSessionSummary: EditorSessionSummaryWriter initialized
[2020.06.28-21.46.48:452][  0]LogInit: Transaction tracking system initialized
[2020.06.28-21.46.48:800][  0]BlueprintLog: New page: Editor Load
[2020.06.28-21.46.49:552][  0]LocalizationService: Localization service is disabled
[2020.06.28-21.46.51:322][  0]LogFileCache: Scanning file cache for directory 'D:/Facultad/Unreal/UNREAL2TP/Unreal2TP/Unreal2TP/Content/' took 0.01s
[2020.06.28-21.46.51:322][  0]LogCook: Display: Max memory allowance for cook 16384mb min free memory 0mb
[2020.06.28-21.46.51:322][  0]LogCook: Display: Mobile HDR setting 1
[2020.06.28-21.46.53:265][  0]SourceControl: Source control is disabled
[2020.06.28-21.46.53:280][  0]Cmd: MAP LOAD FILE="../../../../Facultad/Unreal/UNREAL2TP/Unreal2TP/Unreal2TP/Content/ThirdPersonCPP/Maps/ThirdPersonExampleMap.umap" TEMPLATE=0 SHOWPROGRESS=1 FEATURELEVEL=3
[2020.06.28-21.46.53:338][  0]LightingResults: New page: Lighting Build
[2020.06.28-21.46.53:447][  0]LogWorld: UWorld::CleanupWorld for Untitled, bSessionEnded=true, bCleanupResources=true
[2020.06.28-21.46.53:462][  0]LogSlate: InvalidateAllWidgets triggered.  All widgets were invalidated
[2020.06.28-21.46.53:468][  0]MapCheck: New page: Map Check
[2020.06.28-21.46.53:469][  0]LightingResults: New page: Lighting Build
[2020.06.28-21.46.53:654][  0]LogUObjectHash: Compacting FUObjectHashTables data took   1.57ms
[2020.06.28-21.46.54:361][  0]LogAIModule: Creating AISystem for world ThirdPersonExampleMap
[2020.06.28-21.46.54:938][  0]LogEditorServer: Finished looking for orphan Actors (0.000 secs)
[2020.06.28-21.46.55:259][  0]LogUObjectHash: Compacting FUObjectHashTables data took   1.44ms
[2020.06.28-21.46.55:259][  0]Cmd: MAP CHECKDEP NOCLEARLOG
[2020.06.28-21.46.55:260][  0]MapCheck: Map check complete: 0 Error(s), 0 Warning(s), took 0.294ms to complete.
[2020.06.28-21.46.55:260][  0]LogFileHelpers: Loading map 'ThirdPersonExampleMap' took 1.980
[2020.06.28-21.46.56:696][  0]LogSlate: Updating window title bar state: overlay mode, drag disabled, window buttons hidden, title bar hidden
[2020.06.28-21.46.56:705][  0]LogSlate: Updating window title bar state: overlay mode, drag disabled, window buttons hidden, title bar hidden
[2020.06.28-21.46.56:710][  0]LogSlate: Updating window title bar state: overlay mode, drag disabled, window buttons hidden, title bar hidden
[2020.06.28-21.46.56:714][  0]LogSlate: Updating window title bar state: overlay mode, drag disabled, window buttons hidden, title bar hidden
[2020.06.28-21.46.56:776][  0]LogCollectionManager: Loaded 0 collections in 0.001810 seconds
[2020.06.28-21.46.57:198][  0]LogFileCache: Scanning file cache for directory 'D:/Facultad/Unreal/UNREAL2TP/Unreal2TP/Unreal2TP/Saved/Collections/' took 0.00s
[2020.06.28-21.46.57:198][  0]LogFileCache: Scanning file cache for directory 'D:/Facultad/Unreal/UNREAL2TP/Unreal2TP/Unreal2TP/Content/Developers/Facundo/Collections/' took 0.00s
[2020.06.28-21.46.57:199][  0]LogFileCache: Scanning file cache for directory 'D:/Facultad/Unreal/UNREAL2TP/Unreal2TP/Unreal2TP/Content/Collections/' took 0.00s
[2020.06.28-21.46.57:199][  0]LogContentBrowser: Native class hierarchy populated in 0.3000 seconds. Added 3023 classes and 719 folders.
[2020.06.28-21.46.57:277][  0]LogContentBrowser: Native class hierarchy updated for 'WidgetCarousel' in 0.0014 seconds. Added 0 classes and 0 folders.
[2020.06.28-21.46.59:118][  0]LogContentBrowser: Native class hierarchy updated for 'AddContentDialog' in 0.0013 seconds. Added 0 classes and 0 folders.
[2020.06.28-21.46.59:626][  0]LogContentBrowser: Native class hierarchy updated for 'SceneOutliner' in 0.0016 seconds. Added 2 classes and 3 folders.
[2020.06.28-21.47.00:443][  0]LogSlate: Took 0.000234 seconds to synchronously load lazily loaded font '../../../Engine/Content/Slate/Fonts/Roboto-Regular.ttf' (155K)
[2020.06.28-21.47.00:525][  0]LogSlate: Took 0.000101 seconds to synchronously load lazily loaded font '../../../Engine/Content/Slate/Fonts/Roboto-Bold.ttf' (160K)
[2020.06.28-21.47.00:688][  0]LogSlate: Took 0.091600 seconds to synchronously load lazily loaded font '../../../Engine/Content/Editor/Slate/Fonts/FontAwesome.ttf' (139K)
[2020.06.28-21.47.00:958][  0]LogRenderer: Reallocating scene render targets to support 1208x572 Format 10 NumSamples 1 (Frame:1).
[2020.06.28-21.47.01:196][  0]LogSlate: Took 0.008479 seconds to synchronously load lazily loaded font '../../../Engine/Content/Slate/Fonts/Roboto-Light.ttf' (167K)
[2020.06.28-21.47.01:443][  0]LogContentBrowser: Native class hierarchy updated for 'HierarchicalLODOutliner' in 0.0003 seconds. Added 0 classes and 0 folders.
[2020.06.28-21.47.01:443][  0]LogLoad: (Engine Initialization) Total time: 22.48 seconds
[2020.06.28-21.47.01:443][  0]LogLoad: (Engine Initialization) Total Blueprint compile time: 0.00 seconds
[2020.06.28-21.47.01:744][  0]LogContentStreaming: Texture pool size now 1000 MB
[2020.06.28-21.47.02:631][  9]LogSlate: Took 0.000169 seconds to synchronously load lazily loaded font '../../../Engine/Content/Slate/Fonts/Roboto-Light.ttf' (167K)
[2020.06.28-21.47.02:770][ 11]LogAssetRegistry: Asset discovery search completed in 20.6512 seconds
[2020.06.28-21.47.02:773][ 11]LogCollectionManager: Fixed up redirectors for 0 collections in 0.000005 seconds (updated 0 objects)
[2020.06.28-21.47.11:133][959]LogTemp: Repeating last play command: Selected Viewport
[2020.06.28-21.47.11:182][959]LogBlueprintUserMessages: Early PlayInEditor Detection: Level '/Game/ThirdPersonCPP/Maps/ThirdPersonExampleMap.ThirdPersonExampleMap:PersistentLevel' has LevelScriptBlueprint '/Game/ThirdPersonCPP/Maps/ThirdPersonExampleMap.ThirdPersonExampleMap:PersistentLevel.ThirdPersonExampleMap' with GeneratedClass '/Game/ThirdPersonCPP/Maps/ThirdPersonExampleMap.ThirdPersonExampleMap_C' with ClassGeneratedBy '/Game/ThirdPersonCPP/Maps/ThirdPersonExampleMap.ThirdPersonExampleMap:PersistentLevel.ThirdPersonExampleMap'
[2020.06.28-21.47.11:183][959]LogPlayLevel: PlayLevel: No blueprints needed recompiling
[2020.06.28-21.47.11:276][959]PIE: New page: PIE session: ThirdPersonExampleMap (Jun 28, 2020, 3:47:11 PM)
[2020.06.28-21.47.11:302][959]LogOnline: OSS: Creating online subsystem instance for: NULL
[2020.06.28-21.47.11:304][959]LogOnline: OSS: TryLoadSubsystemAndSetDefault: Loaded subsystem for module [NULL]
[2020.06.28-21.47.11:304][959]LogPlayLevel: Creating play world package: /Game/ThirdPersonCPP/Maps/UEDPIE_1_ThirdPersonExampleMap
[2020.06.28-21.47.11:337][959]LogPlayLevel: PIE: StaticDuplicateObject took: (0.033008s)
[2020.06.28-21.47.11:339][959]LogAIModule: Creating AISystem for world ThirdPersonExampleMap
[2020.06.28-21.47.11:347][959]LogPlayLevel: PIE: World Init took: (0.009082s)
[2020.06.28-21.47.11:347][959]LogPlayLevel: PIE: Created PIE world by copying editor world from /Game/ThirdPersonCPP/Maps/ThirdPersonExampleMap.ThirdPersonExampleMap to /Game/ThirdPersonCPP/Maps/UEDPIE_1_ThirdPersonExampleMap.ThirdPersonExampleMap (0.042706s)
[2020.06.28-21.47.11:370][959]LogUObjectHash: Compacting FUObjectHashTables data took   1.03ms
[2020.06.28-21.47.11:375][959]LogLoad: Game class is 'Unreal2TPGameMode'
[2020.06.28-21.47.11:406][959]LogWorld: Bringing World /Game/ThirdPersonCPP/Maps/UEDPIE_1_ThirdPersonExampleMap.ThirdPersonExampleMap up for play (max tick rate 0) at 2020.06.28-18.47.11
[2020.06.28-21.47.11:530][959]LogWorld: Bringing up level for play took: 0.123756
[2020.06.28-21.47.11:543][959]LogNet: ReplicationDriverClass is null! Not using ReplicationDriver.
[2020.06.28-21.47.11:544][959]LogNetCore: DDoS detection status: detection enabled: 0 analytics enabled: 0
[2020.06.28-21.47.11:563][959]LogInit: WinSock: I am DESKTOP-27BOLO1 (192.168.0.89:0)
[2020.06.28-21.47.11:564][959]LogInit: WinSock: Socket queue. Rx: 131072 (config 131072) Tx: 131072 (config 131072)
[2020.06.28-21.47.11:565][959]PacketHandlerLog: Loaded PacketHandler component: Engine.EngineHandlerComponentFactory (StatelessConnectHandlerComponent)
[2020.06.28-21.47.11:566][959]LogNet: GameNetDriver IpNetDriver_0 IpNetDriver listening on port 17777
[2020.06.28-21.47.11:567][959]PIE: Play in editor start time for /Game/ThirdPersonCPP/Maps/UEDPIE_1_ThirdPersonExampleMap 0.822
[2020.06.28-21.47.11:572][959]LogAudioMixer: Display: Audio Mixer Platform Settings:
[2020.06.28-21.47.11:573][959]LogAudioMixer: Display: 	Sample Rate:						  48000
[2020.06.28-21.47.11:573][959]LogAudioMixer: Display: 	Callback Buffer Frame Size Requested: 1024
[2020.06.28-21.47.11:573][959]LogAudioMixer: Display: 	Callback Buffer Frame Size To Use:	  1024
[2020.06.28-21.47.11:574][959]LogAudioMixer: Display: 	Number of buffers to queue:			  2
[2020.06.28-21.47.11:574][959]LogAudioMixer: Display: 	Max Channels (voices):				  32
[2020.06.28-21.47.11:574][959]LogAudioMixer: Display: 	Number of Async Source Workers:		  0
[2020.06.28-21.47.11:575][959]LogAudio: Display: AudioDevice MaxSources: 32
[2020.06.28-21.47.11:576][959]LogAudio: Display: Using built-in audio occlusion.
[2020.06.28-21.47.11:576][959]LogAudioMixer: Display: Initializing audio mixer.
[2020.06.28-21.47.11:639][959]LogAudioMixer: Display: Audio Device Output Speaker Info:
[2020.06.28-21.47.11:639][959]LogAudioMixer: Display: Name: Altavoces (Realtek(R) Audio)
[2020.06.28-21.47.11:639][959]LogAudioMixer: Display: Is Default: Yes
[2020.06.28-21.47.11:639][959]LogAudioMixer: Display: Sample Rate: 48000
[2020.06.28-21.47.11:639][959]LogAudioMixer: Display: Channel Count Used: 2
[2020.06.28-21.47.11:639][959]LogAudioMixer: Display: Device Channel Count: 2
[2020.06.28-21.47.11:639][959]LogAudioMixer: Display: Channel Order:
[2020.06.28-21.47.11:639][959]LogAudioMixer: Display: 0: FrontLeft
[2020.06.28-21.47.11:639][959]LogAudioMixer: Display: 1: FrontRight
[2020.06.28-21.47.11:656][959]LogAudioMixer: Display: Using Audio Device Altavoces (Realtek(R) Audio)
[2020.06.28-21.47.11:659][959]LogInit: FAudioDevice initialized.
[2020.06.28-21.47.11:666][959]LogNet: Browse: 127.0.0.1:17777//Game/ThirdPersonCPP/Maps/ThirdPersonExampleMap
[2020.06.28-21.47.11:673][959]LogInit: WinSock: Socket queue. Rx: 32768 (config 32768) Tx: 32768 (config 32768)
[2020.06.28-21.47.11:673][959]PacketHandlerLog: Loaded PacketHandler component: Engine.EngineHandlerComponentFactory (StatelessConnectHandlerComponent)
[2020.06.28-21.47.11:674][959]LogNet: Game client on port 17777, rate 10000
[2020.06.28-21.47.11:674][959]PIE: Play in editor start time for /Game/ThirdPersonCPP/Maps/ThirdPersonExampleMap 0.929
[2020.06.28-21.47.11:727][959]LogSlate: Updating window title bar state: overlay mode, drag disabled, window buttons hidden, title bar hidden
[2020.06.28-21.47.11:727][959]LogNet: Browse: 127.0.0.1:17777//Game/ThirdPersonCPP/Maps/ThirdPersonExampleMap
[2020.06.28-21.47.11:728][959]LogInit: WinSock: Socket queue. Rx: 32768 (config 32768) Tx: 32768 (config 32768)
[2020.06.28-21.47.11:728][959]PacketHandlerLog: Loaded PacketHandler component: Engine.EngineHandlerComponentFactory (StatelessConnectHandlerComponent)
[2020.06.28-21.47.11:728][959]LogNet: Game client on port 17777, rate 10000
[2020.06.28-21.47.11:730][959]PIE: Play in editor start time for /Game/ThirdPersonCPP/Maps/ThirdPersonExampleMap 0.985
[2020.06.28-21.47.11:779][959]LogSlate: Updating window title bar state: overlay mode, drag disabled, window buttons hidden, title bar hidden
[2020.06.28-21.47.11:779][959]LogNet: Browse: 127.0.0.1:17777//Game/ThirdPersonCPP/Maps/ThirdPersonExampleMap
[2020.06.28-21.47.11:779][959]LogInit: WinSock: Socket queue. Rx: 32768 (config 32768) Tx: 32768 (config 32768)
[2020.06.28-21.47.11:780][959]PacketHandlerLog: Loaded PacketHandler component: Engine.EngineHandlerComponentFactory (StatelessConnectHandlerComponent)
[2020.06.28-21.47.11:780][959]LogNet: Game client on port 17777, rate 10000
[2020.06.28-21.47.11:781][959]PIE: Play in editor start time for /Game/ThirdPersonCPP/Maps/ThirdPersonExampleMap 1.037
[2020.06.28-21.47.11:785][959]LogBlueprintUserMessages: Late PlayInEditor Detection: Level '/Game/ThirdPersonCPP/Maps/ThirdPersonExampleMap.ThirdPersonExampleMap:PersistentLevel' has LevelScriptBlueprint '/Game/ThirdPersonCPP/Maps/ThirdPersonExampleMap.ThirdPersonExampleMap:PersistentLevel.ThirdPersonExampleMap' with GeneratedClass '/Game/ThirdPersonCPP/Maps/ThirdPersonExampleMap.ThirdPersonExampleMap_C' with ClassGeneratedBy '/Game/ThirdPersonCPP/Maps/ThirdPersonExampleMap.ThirdPersonExampleMap:PersistentLevel.ThirdPersonExampleMap'
[2020.06.28-21.47.11:799][959]LogNet: NotifyAcceptingConnection accepted from: 127.0.0.1:62446
[2020.06.28-21.47.11:800][959]LogHandshake: SendConnectChallenge. Timestamp: 0.008334, Cookie: 166220192027178140151046098174200060207051173227060138193146
[2020.06.28-21.47.11:800][959]LogNet: NotifyAcceptingConnection accepted from: 127.0.0.1:62447
[2020.06.28-21.47.11:800][959]LogHandshake: SendConnectChallenge. Timestamp: 0.008334, Cookie: 059158000078087081195198134192242201148237126083009113180036
[2020.06.28-21.47.11:800][959]LogNet: NotifyAcceptingConnection accepted from: 127.0.0.1:62448
[2020.06.28-21.47.11:800][959]LogHandshake: SendConnectChallenge. Timestamp: 0.008334, Cookie: 012110224148069095250173082160142015017182192243163003176251
[2020.06.28-21.47.11:810][959]LogOnline: OSS: Creating online subsystem instance for: :Context_1
[2020.06.28-21.47.11:819][959]LogHandshake: SendChallengeResponse. Timestamp: 0.008334, Cookie: 166220192027178140151046098174200060207051173227060138193146
[2020.06.28-21.47.11:820][959]LogHandshake: SendChallengeResponse. Timestamp: 0.008334, Cookie: 059158000078087081195198134192242201148237126083009113180036
[2020.06.28-21.47.11:821][959]LogHandshake: SendChallengeResponse. Timestamp: 0.008334, Cookie: 012110224148069095250173082160142015017182192243163003176251
[2020.06.28-21.47.11:968][960]LogNet: NotifyAcceptingConnection accepted from: 127.0.0.1:62446
[2020.06.28-21.47.11:968][960]LogHandshake: SendChallengeAck. InCookie: 166220192027178140151046098174200060207051173227060138193146
[2020.06.28-21.47.11:968][960]LogNet: Server accepting post-challenge connection from: 127.0.0.1:62446
[2020.06.28-21.47.11:968][960]PacketHandlerLog: Loaded PacketHandler component: Engine.EngineHandlerComponentFactory (StatelessConnectHandlerComponent)
[2020.06.28-21.47.11:969][960]LogNet: NotifyAcceptedConnection: Name: ThirdPersonExampleMap, TimeStamp: 06/28/20 18:47:11, [UNetConnection] RemoteAddr: 127.0.0.1:62446, Name: IpConnection_3, Driver: GameNetDriver IpNetDriver_0, IsServer: YES, PC: NULL, Owner: NULL, UniqueId: INVALID
[2020.06.28-21.47.11:969][960]LogNet: AddClientConnection: Added client connection: [UNetConnection] RemoteAddr: 127.0.0.1:62446, Name: IpConnection_3, Driver: GameNetDriver IpNetDriver_0, IsServer: YES, PC: NULL, Owner: NULL, UniqueId: INVALID
[2020.06.28-21.47.11:969][960]LogNet: NotifyAcceptingConnection accepted from: 127.0.0.1:62447
[2020.06.28-21.47.11:969][960]LogHandshake: SendChallengeAck. InCookie: 059158000078087081195198134192242201148237126083009113180036
[2020.06.28-21.47.11:969][960]LogNet: Server accepting post-challenge connection from: 127.0.0.1:62447
[2020.06.28-21.47.11:969][960]PacketHandlerLog: Loaded PacketHandler component: Engine.EngineHandlerComponentFactory (StatelessConnectHandlerComponent)
[2020.06.28-21.47.11:969][960]LogNet: NotifyAcceptedConnection: Name: ThirdPersonExampleMap, TimeStamp: 06/28/20 18:47:11, [UNetConnection] RemoteAddr: 127.0.0.1:62447, Name: IpConnection_4, Driver: GameNetDriver IpNetDriver_0, IsServer: YES, PC: NULL, Owner: NULL, UniqueId: INVALID
[2020.06.28-21.47.11:969][960]LogNet: AddClientConnection: Added client connection: [UNetConnection] RemoteAddr: 127.0.0.1:62447, Name: IpConnection_4, Driver: GameNetDriver IpNetDriver_0, IsServer: YES, PC: NULL, Owner: NULL, UniqueId: INVALID
[2020.06.28-21.47.11:969][960]LogNet: NotifyAcceptingConnection accepted from: 127.0.0.1:62448
[2020.06.28-21.47.11:969][960]LogHandshake: SendChallengeAck. InCookie: 012110224148069095250173082160142015017182192243163003176251
[2020.06.28-21.47.11:970][960]LogNet: Server accepting post-challenge connection from: 127.0.0.1:62448
[2020.06.28-21.47.11:970][960]PacketHandlerLog: Loaded PacketHandler component: Engine.EngineHandlerComponentFactory (StatelessConnectHandlerComponent)
[2020.06.28-21.47.11:970][960]LogNet: NotifyAcceptedConnection: Name: ThirdPersonExampleMap, TimeStamp: 06/28/20 18:47:11, [UNetConnection] RemoteAddr: 127.0.0.1:62448, Name: IpConnection_5, Driver: GameNetDriver IpNetDriver_0, IsServer: YES, PC: NULL, Owner: NULL, UniqueId: INVALID
[2020.06.28-21.47.11:970][960]LogNet: AddClientConnection: Added client connection: [UNetConnection] RemoteAddr: 127.0.0.1:62448, Name: IpConnection_5, Driver: GameNetDriver IpNetDriver_0, IsServer: YES, PC: NULL, Owner: NULL, UniqueId: INVALID
[2020.06.28-21.47.11:971][960]LogNetVersion: Unreal2TP 1.0.0.0, NetCL: 10570792, EngineNetVer: 13, GameNetVer: 0 (Checksum: 1816658782)
[2020.06.28-21.47.11:971][960]LogNet: UPendingNetGame::SendInitialJoin: Sending hello. [UNetConnection] RemoteAddr: 127.0.0.1:17777, Name: IpConnection_0, Driver: PendingNetDriver IpNetDriver_1, IsServer: NO, PC: NULL, Owner: NULL, UniqueId: INVALID
[2020.06.28-21.47.11:971][960]LogNet: UPendingNetGame::SendInitialJoin: Sending hello. [UNetConnection] RemoteAddr: 127.0.0.1:17777, Name: IpConnection_1, Driver: PendingNetDriver IpNetDriver_2, IsServer: NO, PC: NULL, Owner: NULL, UniqueId: INVALID
[2020.06.28-21.47.11:971][960]LogNet: UPendingNetGame::SendInitialJoin: Sending hello. [UNetConnection] RemoteAddr: 127.0.0.1:17777, Name: IpConnection_2, Driver: PendingNetDriver IpNetDriver_3, IsServer: NO, PC: NULL, Owner: NULL, UniqueId: INVALID
[2020.06.28-21.47.11:981][961]LogNet: NotifyAcceptingChannel Control 0 server World /Game/ThirdPersonCPP/Maps/UEDPIE_1_ThirdPersonExampleMap.ThirdPersonExampleMap: Accepted
[2020.06.28-21.47.11:981][961]LogNet: Remote platform little endian=1
[2020.06.28-21.47.11:981][961]LogNet: This platform little endian=1
[2020.06.28-21.47.11:981][961]LogNet: NotifyAcceptingChannel Control 0 server World /Game/ThirdPersonCPP/Maps/UEDPIE_1_ThirdPersonExampleMap.ThirdPersonExampleMap: Accepted
[2020.06.28-21.47.11:981][961]LogNet: Remote platform little endian=1
[2020.06.28-21.47.11:981][961]LogNet: This platform little endian=1
[2020.06.28-21.47.11:982][961]LogNet: NotifyAcceptingChannel Control 0 server World /Game/ThirdPersonCPP/Maps/UEDPIE_1_ThirdPersonExampleMap.ThirdPersonExampleMap: Accepted
[2020.06.28-21.47.11:982][961]LogNet: Remote platform little endian=1
[2020.06.28-21.47.11:982][961]LogNet: This platform little endian=1
[2020.06.28-21.47.11:982][961]LogOnline: OSS: Creating online subsystem instance for: :Context_2
[2020.06.28-21.47.11:984][961]LogOnline: OSS: Creating online subsystem instance for: :Context_3
[2020.06.28-21.47.11:985][961]LogOnline: OSS: Creating online subsystem instance for: :Context_4
[2020.06.28-21.47.11:990][962]LogNet: Login request: /Game/ThirdPersonCPP/Maps/ThirdPersonExampleMap?Name=DESKTOP-27BOLO1-743E927D4A07415935BFEF8667024DCE userId: NULL:DESKTOP-27BOLO1-743E927D4A07415935BFEF8667024DCE platform: NULL
[2020.06.28-21.47.11:991][962]LogNet: Login request: /Game/ThirdPersonCPP/Maps/ThirdPersonExampleMap?Name=DESKTOP-27BOLO1-95B95C274FE35EE406AF9993E6C8C0F8 userId: NULL:DESKTOP-27BOLO1-95B95C274FE35EE406AF9993E6C8C0F8 platform: NULL
[2020.06.28-21.47.11:991][962]LogNet: Login request: /Game/ThirdPersonCPP/Maps/ThirdPersonExampleMap?Name=DESKTOP-27BOLO1-A3B191104FC28BD1F1981AA8D7E0DA98 userId: NULL:DESKTOP-27BOLO1-A3B191104FC28BD1F1981AA8D7E0DA98 platform: NULL
[2020.06.28-21.47.11:991][962]LogNet: Welcomed by server (Level: /Game/ThirdPersonCPP/Maps/UEDPIE_1_ThirdPersonExampleMap, Game: /Script/Unreal2TP.Unreal2TPGameMode)
[2020.06.28-21.47.11:992][962]LogLoad: LoadMap: 127.0.0.1:17777//Game/ThirdPersonCPP/Maps/UEDPIE_1_ThirdPersonExampleMap?game=/Script/Unreal2TP.Unreal2TPGameMode
[2020.06.28-21.47.11:992][962]LogWorld: BeginTearingDown for /Temp/Untitled_1
[2020.06.28-21.47.11:992][962]LogWorld: UWorld::CleanupWorld for Untitled, bSessionEnded=true, bCleanupResources=true
[2020.06.28-21.47.11:992][962]LogSlate: InvalidateAllWidgets triggered.  All widgets were invalidated
[2020.06.28-21.47.11:992][962]LogAudioMixer: Display: No commands were queued while flushing the source manager.
[2020.06.28-21.47.12:014][962]LogUObjectHash: Compacting FUObjectHashTables data took   1.31ms
[2020.06.28-21.47.12:046][962]LogAIModule: Creating AISystem for world ThirdPersonExampleMap
[2020.06.28-21.47.12:048][962]LogWorld: Bringing World /Game/ThirdPersonCPP/Maps/UEDPIE_2_ThirdPersonExampleMap.ThirdPersonExampleMap up for play (max tick rate 0) at 2020.06.28-18.47.12
[2020.06.28-21.47.12:060][962]LogWorld: Bringing up level for play took: 0.013225
[2020.06.28-21.47.12:061][962]LogLoad: Took 0.069592 seconds to LoadMap(/Game/ThirdPersonCPP/Maps/UEDPIE_1_ThirdPersonExampleMap)
[2020.06.28-21.47.12:062][962]LogNet: Welcomed by server (Level: /Game/ThirdPersonCPP/Maps/UEDPIE_1_ThirdPersonExampleMap, Game: /Script/Unreal2TP.Unreal2TPGameMode)
[2020.06.28-21.47.12:063][962]LogLoad: LoadMap: 127.0.0.1:17777//Game/ThirdPersonCPP/Maps/UEDPIE_1_ThirdPersonExampleMap?game=/Script/Unreal2TP.Unreal2TPGameMode
[2020.06.28-21.47.12:063][962]LogWorld: BeginTearingDown for /Temp/Untitled_2
[2020.06.28-21.47.12:063][962]LogWorld: UWorld::CleanupWorld for Untitled, bSessionEnded=true, bCleanupResources=true
[2020.06.28-21.47.12:063][962]LogSlate: InvalidateAllWidgets triggered.  All widgets were invalidated
[2020.06.28-21.47.12:063][962]LogAudioMixer: Display: No commands were queued while flushing the source manager.
[2020.06.28-21.47.12:086][962]LogUObjectHash: Compacting FUObjectHashTables data took   1.18ms
[2020.06.28-21.47.12:097][962]LogAIModule: Creating AISystem for world ThirdPersonExampleMap
[2020.06.28-21.47.12:098][962]LogWorld: Bringing World /Game/ThirdPersonCPP/Maps/UEDPIE_3_ThirdPersonExampleMap.ThirdPersonExampleMap up for play (max tick rate 0) at 2020.06.28-18.47.12
[2020.06.28-21.47.12:098][962]LogWorld: Bringing up level for play took: 0.001144
[2020.06.28-21.47.12:099][962]LogLoad: Took 0.037216 seconds to LoadMap(/Game/ThirdPersonCPP/Maps/UEDPIE_1_ThirdPersonExampleMap)
[2020.06.28-21.47.12:099][962]LogNet: Welcomed by server (Level: /Game/ThirdPersonCPP/Maps/UEDPIE_1_ThirdPersonExampleMap, Game: /Script/Unreal2TP.Unreal2TPGameMode)
[2020.06.28-21.47.12:100][962]LogLoad: LoadMap: 127.0.0.1:17777//Game/ThirdPersonCPP/Maps/UEDPIE_1_ThirdPersonExampleMap?game=/Script/Unreal2TP.Unreal2TPGameMode
[2020.06.28-21.47.12:100][962]LogWorld: BeginTearingDown for /Temp/Untitled_3
[2020.06.28-21.47.12:100][962]LogWorld: UWorld::CleanupWorld for Untitled, bSessionEnded=true, bCleanupResources=true
[2020.06.28-21.47.12:100][962]LogSlate: InvalidateAllWidgets triggered.  All widgets were invalidated
[2020.06.28-21.47.12:100][962]LogAudioMixer: Display: No commands were queued while flushing the source manager.
[2020.06.28-21.47.12:123][962]LogUObjectHash: Compacting FUObjectHashTables data took   1.17ms
[2020.06.28-21.47.12:134][962]LogAIModule: Creating AISystem for world ThirdPersonExampleMap
[2020.06.28-21.47.12:135][962]LogWorld: Bringing World /Game/ThirdPersonCPP/Maps/UEDPIE_4_ThirdPersonExampleMap.ThirdPersonExampleMap up for play (max tick rate 0) at 2020.06.28-18.47.12
[2020.06.28-21.47.12:136][962]LogWorld: Bringing up level for play took: 0.001125
[2020.06.28-21.47.12:136][962]LogLoad: Took 0.036579 seconds to LoadMap(/Game/ThirdPersonCPP/Maps/UEDPIE_1_ThirdPersonExampleMap)
[2020.06.28-21.47.12:145][963]LogNet: Client netspeed is 10000
[2020.06.28-21.47.12:145][963]LogNet: Join request: /Game/ThirdPersonCPP/Maps/ThirdPersonExampleMap?Name=DESKTOP-27BOLO1-743E927D4A07415935BFEF8667024DCE?SplitscreenCount=1
[2020.06.28-21.47.12:146][963]LogOnlineSession: Warning: OSS: No game present to join for session (GameSession)
[2020.06.28-21.47.12:198][963]LogRenderer: Reallocating scene render targets to support 1280x720 Format 10 NumSamples 1 (Frame:1).
[2020.06.28-21.47.12:198][963]LogNet: Join succeeded: DESKTOP-27BOLO1-743E
[2020.06.28-21.47.12:198][963]LogNet: Client netspeed is 10000
[2020.06.28-21.47.12:199][963]LogNet: Join request: /Game/ThirdPersonCPP/Maps/ThirdPersonExampleMap?Name=DESKTOP-27BOLO1-95B95C274FE35EE406AF9993E6C8C0F8?SplitscreenCount=1
[2020.06.28-21.47.12:199][963]LogOnlineSession: Warning: OSS: No game present to join for session (GameSession)
[2020.06.28-21.47.12:201][963]LogNet: Join succeeded: DESKTOP-27BOLO1-95B9
[2020.06.28-21.47.12:201][963]LogNet: Client netspeed is 10000
[2020.06.28-21.47.12:201][963]LogNet: Join request: /Game/ThirdPersonCPP/Maps/ThirdPersonExampleMap?Name=DESKTOP-27BOLO1-A3B191104FC28BD1F1981AA8D7E0DA98?SplitscreenCount=1
[2020.06.28-21.47.12:201][963]LogOnlineSession: Warning: OSS: No game present to join for session (GameSession)
[2020.06.28-21.47.12:202][963]LogNet: Join succeeded: DESKTOP-27BOLO1-A3B1
[2020.06.28-21.47.12:508][996]LogOnlineSession: Warning: OSS: No game present to join for session (GameSession)
[2020.06.28-21.47.12:516][997]LogOnlineSession: Warning: OSS: No game present to join for session (GameSession)
[2020.06.28-21.47.12:557][  2]LogOnlineSession: Warning: OSS: No game present to join for session (GameSession)
[2020.06.28-21.47.12:558][  2]LogOnlineSession: Warning: OSS: No game present to join for session (GameSession)
[2020.06.28-21.47.12:616][  6]LogOnlineSession: Warning: OSS: No game present to join for session (GameSession)
[2020.06.28-21.47.12:659][ 11]LogOnlineSession: Warning: OSS: No game present to join for session (GameSession)
[2020.06.28-21.47.12:692][ 15]LogOnlineSession: Warning: OSS: No game present to join for session (GameSession)
[2020.06.28-21.47.12:700][ 16]LogOnlineSession: Warning: OSS: No game present to join for session (GameSession)
[2020.06.28-21.47.12:716][ 18]LogOnlineSession: Warning: OSS: No game present to join for session (GameSession)
[2020.06.28-21.47.14:387][214]LogTemp: Warning: Hitea
[2020.06.28-21.47.15:563][355]LogTemp: Warning: Hitea
[2020.06.28-21.47.21:924][116]LogAudioMixer: Display: Flush succeeded in the source manager command queue (1).
[2020.06.28-21.47.21:943][116]LogAudioMixer: Display: Flush succeeded the source manager command queue (2).
[2020.06.28-21.47.21:963][116]LogAudioMixer: Display: Flush succeeded in the source manager command queue (1).
[2020.06.28-21.47.21:983][116]LogAudioMixer: Display: Flush succeeded the source manager command queue (2).
[2020.06.28-21.47.21:984][116]LogBlueprintUserMessages: Early EndPlayMap Detection: Level '/Game/ThirdPersonCPP/Maps/ThirdPersonExampleMap.ThirdPersonExampleMap:PersistentLevel' has LevelScriptBlueprint '/Game/ThirdPersonCPP/Maps/ThirdPersonExampleMap.ThirdPersonExampleMap:PersistentLevel.ThirdPersonExampleMap' with GeneratedClass '/Game/ThirdPersonCPP/Maps/ThirdPersonExampleMap.ThirdPersonExampleMap_C' with ClassGeneratedBy '/Game/ThirdPersonCPP/Maps/ThirdPersonExampleMap.ThirdPersonExampleMap:PersistentLevel.ThirdPersonExampleMap'
[2020.06.28-21.47.21:984][116]LogSlate: Updating window title bar state: overlay mode, drag disabled, window buttons hidden, title bar hidden
[2020.06.28-21.47.21:984][116]LogWorld: BeginTearingDown for /Game/ThirdPersonCPP/Maps/UEDPIE_4_ThirdPersonExampleMap
[2020.06.28-21.47.21:992][116]LogSlate: Window 'Unreal2TP Game Preview Client 3 (64-bit/PCD3D_SM5)' being destroyed
[2020.06.28-21.47.22:004][116]LogAudioMixer: Display: No commands were queued while flushing the source manager.
[2020.06.28-21.47.22:006][116]LogWorld: UWorld::CleanupWorld for ThirdPersonExampleMap, bSessionEnded=true, bCleanupResources=true
[2020.06.28-21.47.22:007][116]LogSlate: InvalidateAllWidgets triggered.  All widgets were invalidated
[2020.06.28-21.47.22:020][116]LogNet: World NetDriver shutdown IpNetDriver_3 [GameNetDriver]
[2020.06.28-21.47.22:020][116]LogNet: DestroyNamedNetDriver IpNetDriver_3 [GameNetDriver]
[2020.06.28-21.47.22:020][116]LogNet: UNetConnection::Close: [UNetConnection] RemoteAddr: 127.0.0.1:17777, Name: IpConnection_2, Driver: GameNetDriver IpNetDriver_3, IsServer: NO, PC: PlayerController_1, Owner: PlayerController_1, UniqueId: NULL:DESKTOP-27BOLO1-A3B191104FC28BD1F1981AA8D7E0DA98, Channels: 14, Time: 2020.06.28-21.47.22
[2020.06.28-21.47.22:020][116]LogNet: UChannel::Close: Sending CloseBunch. ChIndex == 0. Name: [UChannel] ChIndex: 0, Closing: 0 [UNetConnection] RemoteAddr: 127.0.0.1:17777, Name: IpConnection_2, Driver: GameNetDriver IpNetDriver_3, IsServer: NO, PC: PlayerController_1, Owner: PlayerController_1, UniqueId: NULL:DESKTOP-27BOLO1-A3B191104FC28BD1F1981AA8D7E0DA98
[2020.06.28-21.47.22:023][116]LogExit: GameNetDriver IpNetDriver_3 shut down
[2020.06.28-21.47.22:024][116]LogWorld: BeginTearingDown for /Game/ThirdPersonCPP/Maps/UEDPIE_3_ThirdPersonExampleMap
[2020.06.28-21.47.22:024][116]LogSlate: Updating window title bar state: overlay mode, drag disabled, window buttons hidden, title bar hidden
[2020.06.28-21.47.22:031][116]LogSlate: Window 'Unreal2TP Game Preview Client 2 (64-bit/PCD3D_SM5)' being destroyed
[2020.06.28-21.47.22:033][116]LogAudioMixer: Display: No commands were queued while flushing the source manager.
[2020.06.28-21.47.22:033][116]LogWorld: UWorld::CleanupWorld for ThirdPersonExampleMap, bSessionEnded=true, bCleanupResources=true
[2020.06.28-21.47.22:034][116]LogSlate: InvalidateAllWidgets triggered.  All widgets were invalidated
[2020.06.28-21.47.22:046][116]LogNet: World NetDriver shutdown IpNetDriver_2 [GameNetDriver]
[2020.06.28-21.47.22:046][116]LogNet: DestroyNamedNetDriver IpNetDriver_2 [GameNetDriver]
[2020.06.28-21.47.22:046][116]LogNet: UNetConnection::Close: [UNetConnection] RemoteAddr: 127.0.0.1:17777, Name: IpConnection_1, Driver: GameNetDriver IpNetDriver_2, IsServer: NO, PC: PlayerController_1, Owner: PlayerController_1, UniqueId: NULL:DESKTOP-27BOLO1-95B95C274FE35EE406AF9993E6C8C0F8, Channels: 14, Time: 2020.06.28-21.47.22
[2020.06.28-21.47.22:046][116]LogNet: UChannel::Close: Sending CloseBunch. ChIndex == 0. Name: [UChannel] ChIndex: 0, Closing: 0 [UNetConnection] RemoteAddr: 127.0.0.1:17777, Name: IpConnection_1, Driver: GameNetDriver IpNetDriver_2, IsServer: NO, PC: PlayerController_1, Owner: PlayerController_1, UniqueId: NULL:DESKTOP-27BOLO1-95B95C274FE35EE406AF9993E6C8C0F8
[2020.06.28-21.47.22:047][116]LogExit: GameNetDriver IpNetDriver_2 shut down
[2020.06.28-21.47.22:048][116]LogWorld: BeginTearingDown for /Game/ThirdPersonCPP/Maps/UEDPIE_2_ThirdPersonExampleMap
[2020.06.28-21.47.22:048][116]LogSlate: Updating window title bar state: overlay mode, drag disabled, window buttons hidden, title bar hidden
[2020.06.28-21.47.22:048][116]LogAudioMixer: Display: No commands were queued while flushing the source manager.
[2020.06.28-21.47.22:048][116]LogWorld: UWorld::CleanupWorld for ThirdPersonExampleMap, bSessionEnded=true, bCleanupResources=true
[2020.06.28-21.47.22:049][116]LogSlate: InvalidateAllWidgets triggered.  All widgets were invalidated
[2020.06.28-21.47.22:059][116]LogNet: World NetDriver shutdown IpNetDriver_1 [GameNetDriver]
[2020.06.28-21.47.22:059][116]LogNet: DestroyNamedNetDriver IpNetDriver_1 [GameNetDriver]
[2020.06.28-21.47.22:059][116]LogNet: UNetConnection::Close: [UNetConnection] RemoteAddr: 127.0.0.1:17777, Name: IpConnection_0, Driver: GameNetDriver IpNetDriver_1, IsServer: NO, PC: PlayerController_1, Owner: PlayerController_1, UniqueId: NULL:DESKTOP-27BOLO1-743E927D4A07415935BFEF8667024DCE, Channels: 14, Time: 2020.06.28-21.47.22
[2020.06.28-21.47.22:059][116]LogNet: UChannel::Close: Sending CloseBunch. ChIndex == 0. Name: [UChannel] ChIndex: 0, Closing: 0 [UNetConnection] RemoteAddr: 127.0.0.1:17777, Name: IpConnection_0, Driver: GameNetDriver IpNetDriver_1, IsServer: NO, PC: PlayerController_1, Owner: PlayerController_1, UniqueId: NULL:DESKTOP-27BOLO1-743E927D4A07415935BFEF8667024DCE
[2020.06.28-21.47.22:059][116]LogExit: GameNetDriver IpNetDriver_1 shut down
[2020.06.28-21.47.22:060][116]LogWorld: BeginTearingDown for /Game/ThirdPersonCPP/Maps/UEDPIE_1_ThirdPersonExampleMap
[2020.06.28-21.47.22:060][116]LogAudioMixer: Display: No commands were queued while flushing the source manager.
[2020.06.28-21.47.22:061][116]LogWorld: UWorld::CleanupWorld for ThirdPersonExampleMap, bSessionEnded=true, bCleanupResources=true
[2020.06.28-21.47.22:061][116]LogSlate: InvalidateAllWidgets triggered.  All widgets were invalidated
[2020.06.28-21.47.22:061][116]LogNet: World NetDriver shutdown IpNetDriver_0 [GameNetDriver]
[2020.06.28-21.47.22:062][116]LogNet: DestroyNamedNetDriver IpNetDriver_0 [GameNetDriver]
[2020.06.28-21.47.22:062][116]LogNet: UNetConnection::Cleanup: Closing open connection. [UNetConnection] RemoteAddr: 127.0.0.1:62448, Name: IpConnection_5, Driver: GameNetDriver IpNetDriver_0, IsServer: YES, PC: PlayerController_2, Owner: PlayerController_2, UniqueId: NULL:DESKTOP-27BOLO1-A3B191104FC28BD1F1981AA8D7E0DA98
[2020.06.28-21.47.22:062][116]LogNet: UNetConnection::Close: [UNetConnection] RemoteAddr: 127.0.0.1:62448, Name: IpConnection_5, Driver: GameNetDriver IpNetDriver_0, IsServer: YES, PC: PlayerController_2, Owner: PlayerController_2, UniqueId: NULL:DESKTOP-27BOLO1-A3B191104FC28BD1F1981AA8D7E0DA98, Channels: 14, Time: 2020.06.28-21.47.22
[2020.06.28-21.47.22:062][116]LogNet: UChannel::Close: Sending CloseBunch. ChIndex == 0. Name: [UChannel] ChIndex: 0, Closing: 0 [UNetConnection] RemoteAddr: 127.0.0.1:62448, Name: IpConnection_5, Driver: GameNetDriver IpNetDriver_0, IsServer: YES, PC: PlayerController_2, Owner: PlayerController_2, UniqueId: NULL:DESKTOP-27BOLO1-A3B191104FC28BD1F1981AA8D7E0DA98
[2020.06.28-21.47.22:062][116]LogNet: UNetConnection::Cleanup: Closing open connection. [UNetConnection] RemoteAddr: 127.0.0.1:62447, Name: IpConnection_4, Driver: GameNetDriver IpNetDriver_0, IsServer: YES, PC: PlayerController_1, Owner: PlayerController_1, UniqueId: NULL:DESKTOP-27BOLO1-95B95C274FE35EE406AF9993E6C8C0F8
[2020.06.28-21.47.22:062][116]LogNet: UNetConnection::Close: [UNetConnection] RemoteAddr: 127.0.0.1:62447, Name: IpConnection_4, Driver: GameNetDriver IpNetDriver_0, IsServer: YES, PC: PlayerController_1, Owner: PlayerController_1, UniqueId: NULL:DESKTOP-27BOLO1-95B95C274FE35EE406AF9993E6C8C0F8, Channels: 14, Time: 2020.06.28-21.47.22
[2020.06.28-21.47.22:062][116]LogNet: UChannel::Close: Sending CloseBunch. ChIndex == 0. Name: [UChannel] ChIndex: 0, Closing: 0 [UNetConnection] RemoteAddr: 127.0.0.1:62447, Name: IpConnection_4, Driver: GameNetDriver IpNetDriver_0, IsServer: YES, PC: PlayerController_1, Owner: PlayerController_1, UniqueId: NULL:DESKTOP-27BOLO1-95B95C274FE35EE406AF9993E6C8C0F8
[2020.06.28-21.47.22:062][116]LogNet: UNetConnection::Cleanup: Closing open connection. [UNetConnection] RemoteAddr: 127.0.0.1:62446, Name: IpConnection_3, Driver: GameNetDriver IpNetDriver_0, IsServer: YES, PC: PlayerController_0, Owner: PlayerController_0, UniqueId: NULL:DESKTOP-27BOLO1-743E927D4A07415935BFEF8667024DCE
[2020.06.28-21.47.22:062][116]LogNet: UNetConnection::Close: [UNetConnection] RemoteAddr: 127.0.0.1:62446, Name: IpConnection_3, Driver: GameNetDriver IpNetDriver_0, IsServer: YES, PC: PlayerController_0, Owner: PlayerController_0, UniqueId: NULL:DESKTOP-27BOLO1-743E927D4A07415935BFEF8667024DCE, Channels: 14, Time: 2020.06.28-21.47.22
[2020.06.28-21.47.22:063][116]LogNet: UChannel::Close: Sending CloseBunch. ChIndex == 0. Name: [UChannel] ChIndex: 0, Closing: 0 [UNetConnection] RemoteAddr: 127.0.0.1:62446, Name: IpConnection_3, Driver: GameNetDriver IpNetDriver_0, IsServer: YES, PC: PlayerController_0, Owner: PlayerController_0, UniqueId: NULL:DESKTOP-27BOLO1-743E927D4A07415935BFEF8667024DCE
[2020.06.28-21.47.22:063][116]LogExit: GameNetDriver IpNetDriver_0 shut down
[2020.06.28-21.47.22:064][116]LogPlayLevel: Display: Shutting down PIE online subsystems
[2020.06.28-21.47.22:064][116]LogBlueprintUserMessages: Late EndPlayMap Detection: Level '/Game/ThirdPersonCPP/Maps/ThirdPersonExampleMap.ThirdPersonExampleMap:PersistentLevel' has LevelScriptBlueprint '/Game/ThirdPersonCPP/Maps/ThirdPersonExampleMap.ThirdPersonExampleMap:PersistentLevel.ThirdPersonExampleMap' with GeneratedClass '/Game/ThirdPersonCPP/Maps/ThirdPersonExampleMap.ThirdPersonExampleMap_C' with ClassGeneratedBy '/Game/ThirdPersonCPP/Maps/ThirdPersonExampleMap.ThirdPersonExampleMap:PersistentLevel.ThirdPersonExampleMap'
[2020.06.28-21.47.22:067][116]LogSlate: InvalidateAllWidgets triggered.  All widgets were invalidated
[2020.06.28-21.47.22:096][116]LogAudioMixer: Display: No commands were queued while flushing the source manager.
[2020.06.28-21.47.22:099][116]LogSlate: Updating window title bar state: overlay mode, drag disabled, window buttons hidden, title bar hidden
[2020.06.28-21.47.22:106][116]LogUObjectHash: Compacting FUObjectHashTables data took   1.20ms
[2020.06.28-21.47.22:133][117]LogPlayLevel: Display: Destroying online subsystem :Context_4
[2020.06.28-21.47.22:133][117]LogPlayLevel: Display: Destroying online subsystem :Context_3
[2020.06.28-21.47.22:134][117]LogPlayLevel: Display: Destroying online subsystem :Context_2
[2020.06.28-21.47.22:134][117]LogPlayLevel: Display: Destroying online subsystem :Context_1
[2020.06.28-21.47.28:756][529]Candidate modules for hot reload:
[2020.06.28-21.47.28:757][529]  Unreal2TP
[2020.06.28-21.47.28:757][529]Launching UnrealBuildTool... [D:/UE_4.24/Engine/Binaries/DotNET/UnrealBuildTool.exe  -ModuleWithSuffix=Unreal2TP,4810 Win64 Development -TargetType=Editor -Project="D:/Facultad/Unreal/UNREAL2TP/Unreal2TP/Unreal2TP/Unreal2TP.uproject" "D:/Facultad/Unreal/UNREAL2TP/Unreal2TP/Unreal2TP/Unreal2TP.uproject"  -IgnoreJunk]
[2020.06.28-21.47.28:762][529]Warning: Starting HotReload took  0.1s.
[2020.06.28-21.47.30:644][711]CompilerResultsLog: New page: Compilation - Jun 28, 2020, 3:47:30 PM
[2020.06.28-21.47.30:644][711]CompilerResultsLog: Using 'git status' to determine working set for adaptive non-unity build (D:\Facultad\Unreal\UNREAL2TP\Unreal2TP).
[2020.06.28-21.47.30:644][711]CompilerResultsLog: Building Unreal2TPEditor...
[2020.06.28-21.47.30:644][711]CompilerResultsLog: Using Visual Studio 2017 14.16.27035 toolchain (C:\Program Files (x86)\Microsoft Visual Studio\2017\Community\VC\Tools\MSVC\14.16.27023) and Windows 10.0.17763.0 SDK (C:\Program Files (x86)\Windows Kits\10).
[2020.06.28-21.47.30:644][711]CompilerResultsLog: Building 3 actions with 8 processes...
[2020.06.28-21.47.30:644][711]CompilerResultsLog:   [1/3] UE4Editor-Unreal2TP-4810.lib
[2020.06.28-21.47.30:644][711]CompilerResultsLog:      Creating library D:\Facultad\Unreal\UNREAL2TP\Unreal2TP\Unreal2TP\Intermediate\Build\Win64\UE4Editor\Development\Unreal2TP\UE4Editor-Unreal2TP-4810.lib and object D:\Facultad\Unreal\UNREAL2TP\Unreal2TP\Unreal2TP\Intermediate\Build\Win64\UE4Editor\Development\Unreal2TP\UE4Editor-Unreal2TP-4810.exp
[2020.06.28-21.47.30:644][711]CompilerResultsLog:   [2/3] UE4Editor-Unreal2TP-4810.dll
[2020.06.28-21.47.30:644][711]CompilerResultsLog:      Creating library D:\Facultad\Unreal\UNREAL2TP\Unreal2TP\Unreal2TP\Intermediate\Build\Win64\UE4Editor\Development\Unreal2TP\UE4Editor-Unreal2TP-4810.suppressed.lib and object D:\Facultad\Unreal\UNREAL2TP\Unreal2TP\Unreal2TP\Intermediate\Build\Win64\UE4Editor\Development\Unreal2TP\UE4Editor-Unreal2TP-4810.suppressed.exp
[2020.06.28-21.47.30:644][711]CompilerResultsLog:   [3/3] Unreal2TPEditor.target
[2020.06.28-21.47.30:645][711]CompilerResultsLog: Total time in Parallel executor: 1.07 seconds
[2020.06.28-21.47.30:645][711]CompilerResultsLog: Total execution time: 1.81 seconds
[2020.06.28-21.47.30:645][711]LogMainFrame: MainFrame: Module compiling took 1.890 seconds
[2020.06.28-21.47.30:666][711]LogUObjectHash: Compacting FUObjectHashTables data took   0.49ms
[2020.06.28-21.47.30:699][711]LogContentBrowser: Native class hierarchy updated for 'Unreal2TP' in 0.0004 seconds. Added 8 classes and 2 folders.
[2020.06.28-21.47.30:701][711]Display: HotReload successful (11 functions remapped  0 scriptstructs remapped)
[2020.06.28-21.47.30:821][711]LogUObjectHash: Compacting FUObjectHashTables data took   1.17ms
[2020.06.28-21.47.30:831][711]LogContentBrowser: Native class hierarchy populated in 0.0058 seconds. Added 3025 classes and 722 folders.
[2020.06.28-21.47.30:831][711]Display: HotReload took  2.1s.
[2020.06.28-21.47.32:243][867]LogUObjectHash: Compacting FUObjectHashTables data took   0.50ms
[2020.06.28-21.47.32:313][867]LogSlate: Window 'Unreal2TP - Unreal Editor' being destroyed
[2020.06.28-21.47.32:314][867]LogWindowsTextInputMethodSystem: Display: IME system now deactivated.
[2020.06.28-21.47.32:576][868]Cmd: QUIT_EDITOR
[2020.06.28-21.47.32:576][868]LogCore: Engine exit requested (reason: UUnrealEdEngine::CloseEditor())
[2020.06.28-21.47.32:605][868]LogCore: Engine exit requested (reason: EngineExit() was called; note: exit was already requested)
[2020.06.28-21.47.32:611][868]LogAudioMixer: Display: No commands were queued while flushing the source manager.
[2020.06.28-21.47.33:504][868]LogExit: Preparing to exit.
