Log file open, 07/01/20 21:24:07
LogWindows: Failed to load 'aqProf.dll' (GetLastError=126)
LogWindows: File 'aqProf.dll' does not exist
LogWindows: Failed to load 'VtuneApi.dll' (GetLastError=126)
LogWindows: File 'VtuneApi.dll' does not exist
LogWindows: Failed to load 'VtuneApi32e.dll' (GetLastError=126)
LogWindows: File 'VtuneApi32e.dll' does not exist
LogConsoleResponse: Display: Failed to find resolution value strings in scalability ini. Falling back to default.
LogInit: Display: Running engine for game: Unreal2TP
LogPlatformFile: Not using cached read wrapper
LogTaskGraph: Started task graph with 5 named threads and 26 total threads with 3 sets of task threads.
LogStats: Stats thread started at 0.142354
LogD3D11RHI: Loaded GFSDK_Aftermath_Lib.x64.dll
LogICUInternationalization: ICU TimeZone Detection - Raw Offset: -3:00, Platform Override: ''
LogPluginManager: Mounting plugin Paper2D
LogPluginManager: Mounting plugin AISupport
LogPluginManager: Mounting plugin LightPropagationVolume
LogPluginManager: Mounting plugin ActorLayerUtilities
LogPluginManager: Mounting plugin AnimationSharing
LogPluginManager: Mounting plugin CLionSourceCodeAccess
LogPluginManager: Mounting plugin CodeLiteSourceCodeAccess
LogPluginManager: Mounting plugin GitSourceControl
LogPluginManager: Mounting plugin KDevelopSourceCodeAccess
LogPluginManager: Mounting plugin NullSourceCodeAccess
LogPluginManager: Mounting plugin PerforceSourceControl
LogPluginManager: Mounting plugin PlasticSourceControl
LogPluginManager: Mounting plugin SubversionSourceControl
LogPluginManager: Mounting plugin UObjectPlugin
LogPluginManager: Mounting plugin VisualStudioCodeSourceCodeAccess
LogPluginManager: Mounting plugin VisualStudioSourceCodeAccess
LogPluginManager: Mounting plugin XCodeSourceCodeAccess
LogPluginManager: Mounting plugin AssetManagerEditor
LogPluginManager: Mounting plugin CryptoKeys
LogPluginManager: Mounting plugin CurveEditorTools
LogPluginManager: Mounting plugin DataValidation
LogPluginManager: Mounting plugin FacialAnimation
LogPluginManager: Mounting plugin GameplayTagsEditor
LogPluginManager: Mounting plugin MacGraphicsSwitching
LogPluginManager: Mounting plugin MaterialAnalyzer
LogPluginManager: Mounting plugin MobileLauncherProfileWizard
LogPluginManager: Mounting plugin PluginBrowser
LogPluginManager: Mounting plugin SpeedTreeImporter
LogPluginManager: Mounting plugin DatasmithContent
LogPluginManager: Mounting plugin VariantManagerContent
LogPluginManager: Mounting plugin AlembicImporter
LogPluginManager: Mounting plugin AutomationUtils
LogPluginManager: Mounting plugin BackChannel
LogPluginManager: Mounting plugin CharacterAI
LogPluginManager: Mounting plugin GeometryCache
LogPluginManager: Mounting plugin PlatformCrypto
LogPluginManager: Mounting plugin ProxyLODPlugin
LogPluginManager: Mounting plugin SkeletalReduction
LogPluginManager: Mounting plugin MagicLeap
LogPluginManager: Mounting plugin MagicLeapMedia
LogPluginManager: Mounting plugin MLSDK
LogPluginManager: Mounting plugin AndroidMedia
LogPluginManager: Mounting plugin AvfMedia
LogPluginManager: Mounting plugin ImgMedia
LogPluginManager: Mounting plugin MediaCompositing
LogPluginManager: Mounting plugin MediaPlayerEditor
LogPluginManager: Mounting plugin WebMMedia
LogPluginManager: Mounting plugin WmfMedia
LogPluginManager: Mounting plugin TcpMessaging
LogPluginManager: Mounting plugin UdpMessaging
LogPluginManager: Mounting plugin ActorSequence
LogPluginManager: Mounting plugin LevelSequenceEditor
LogPluginManager: Mounting plugin MatineeToLevelSequence
LogPluginManager: Mounting plugin NetcodeUnitTest
LogPluginManager: Mounting plugin NUTUnrealEngine4
LogPluginManager: Mounting plugin OnlineSubsystemGooglePlay
LogPluginManager: Mounting plugin OnlineSubsystemIOS
LogPluginManager: Mounting plugin OnlineSubsystem
LogPluginManager: Mounting plugin OnlineSubsystemNull
LogPluginManager: Mounting plugin OnlineSubsystemUtils
LogPluginManager: Mounting plugin LauncherChunkInstaller
LogPluginManager: Mounting plugin AndroidDeviceProfileSelector
LogPluginManager: Mounting plugin AndroidMoviePlayer
LogPluginManager: Mounting plugin AndroidPermission
LogPluginManager: Mounting plugin AppleImageUtils
LogPluginManager: Mounting plugin AppleMoviePlayer
LogPluginManager: Mounting plugin ArchVisCharacter
LogPluginManager: Mounting plugin AssetTags
LogPluginManager: Mounting plugin AudioCapture
LogPluginManager: Mounting plugin CableComponent
LogPluginManager: Mounting plugin CustomMeshComponent
LogPluginManager: Mounting plugin EditableMesh
LogPluginManager: Mounting plugin ExampleDeviceProfileSelector
LogPluginManager: Mounting plugin GoogleCloudMessaging
LogPluginManager: Mounting plugin IOSDeviceProfileSelector
LogPluginManager: Mounting plugin LinuxDeviceProfileSelector
LogPluginManager: Mounting plugin LocationServicesBPLibrary
LogPluginManager: Mounting plugin MobilePatchingUtils
LogPluginManager: Mounting plugin OculusVR
LogPluginManager: Mounting plugin PhysXVehicles
LogPluginManager: Mounting plugin PostSplashScreen
LogPluginManager: Mounting plugin ProceduralMeshComponent
LogPluginManager: Mounting plugin RuntimePhysXCooking
LogPluginManager: Mounting plugin SignificanceManager
LogPluginManager: Mounting plugin SteamVR
LogPluginManager: Mounting plugin WebMMoviePlayer
LogPluginManager: Mounting plugin WindowsMoviePlayer
LogPluginManager: Mounting plugin ScreenshotTools
LogInit: Using libcurl 7.55.1-DEV
LogInit:  - built for x86_64-pc-win32
LogInit:  - supports SSL with OpenSSL/1.1.1
LogInit:  - supports HTTP deflate (compression) using libz 1.2.8
LogInit:  - other features:
LogInit:      CURL_VERSION_SSL
LogInit:      CURL_VERSION_LIBZ
LogInit:      CURL_VERSION_IPV6
LogInit:      CURL_VERSION_ASYNCHDNS
LogInit:      CURL_VERSION_LARGEFILE
LogInit:      CURL_VERSION_IDN
LogInit:  CurlRequestOptions (configurable via config and command line):
LogInit:  - bVerifyPeer = true  - Libcurl will verify peer certificate
LogInit:  - bUseHttpProxy = false  - Libcurl will NOT use HTTP proxy
LogInit:  - bDontReuseConnections = false  - Libcurl will reuse connections
LogInit:  - MaxHostConnections = 16  - Libcurl will limit the number of connections to a host
LogInit:  - LocalHostAddr = Default
LogInit:  - BufferSize = 65536
LogOnline: OSS: Creating online subsystem instance for: NULL
LogInit: WinSock: version 1.1 (2.2), MaxSocks=32767, MaxUdp=65467
LogOnline: OSS: TryLoadSubsystemAndSetDefault: Loaded subsystem for module [NULL]
LogInit: Build: ++UE4+Release-4.24-CL-11590370
LogInit: Engine Version: 4.24.3-11590370+++UE4+Release-4.24
LogInit: Compatible Engine Version: 4.24.0-10570792+++UE4+Release-4.24
LogInit: Net CL: 10570792
LogInit: OS: Windows 10 (Release 1909) (), CPU: Intel(R) Core(TM) i7-9700KF CPU @ 3.60GHz, GPU: NVIDIA GeForce GTX 1070
LogInit: Compiled (64-bit): Feb 24 2020 15:39:18
LogInit: Compiled with Visual C++: 19.16.27032.01
LogInit: Build Configuration: Development
LogInit: Branch Name: ++UE4+Release-4.24
LogInit: Command Line:  -skipcompile
LogInit: Base Directory: D:/UE_4.24/Engine/Binaries/Win64/
LogInit: Installed Engine Build: 1
LogDevObjectVersion: Number of dev versions registered: 25
LogDevObjectVersion:   Dev-Blueprints (B0D832E4-1F89-4F0D-ACCF-7EB736FD4AA2): 10
LogDevObjectVersion:   Dev-Build (E1C64328-A22C-4D53-A36C-8E866417BD8C): 0
LogDevObjectVersion:   Dev-Core (375EC13C-06E4-48FB-B500-84F0262A717E): 3
LogDevObjectVersion:   Dev-Editor (E4B068ED-F494-42E9-A231-DA0B2E46BB41): 37
LogDevObjectVersion:   Dev-Framework (CFFC743F-43B0-4480-9391-14DF171D2073): 36
LogDevObjectVersion:   Dev-Mobile (B02B49B5-BB20-44E9-A304-32B752E40360): 2
LogDevObjectVersion:   Dev-Networking (A4E4105C-59A1-49B5-A7C5-40C4547EDFEE): 0
LogDevObjectVersion:   Dev-Online (39C831C9-5AE6-47DC-9A44-9C173E1C8E7C): 0
LogDevObjectVersion:   Dev-Physics (78F01B33-EBEA-4F98-B9B4-84EACCB95AA2): 2
LogDevObjectVersion:   Dev-Platform (6631380F-2D4D-43E0-8009-CF276956A95A): 0
LogDevObjectVersion:   Dev-Rendering (12F88B9F-8875-4AFC-A67C-D90C383ABD29): 36
LogDevObjectVersion:   Dev-Sequencer (7B5AE74C-D270-4C10-A958-57980B212A5A): 11
LogDevObjectVersion:   Dev-VR (D7296918-1DD6-4BDD-9DE2-64A83CC13884): 2
LogDevObjectVersion:   Dev-LoadTimes (C2A15278-BFE7-4AFE-6C17-90FF531DF755): 1
LogDevObjectVersion:   Private-Geometry (6EACA3D4-40EC-4CC1-B786-8BED09428FC5): 3
LogDevObjectVersion:   Dev-AnimPhys (29E575DD-E0A3-4627-9D10-D276232CDCEA): 17
LogDevObjectVersion:   Dev-Anim (AF43A65D-7FD3-4947-9873-3E8ED9C1BB05): 2
LogDevObjectVersion:   Dev-ReflectionCapture (6B266CEC-1EC7-4B8F-A30B-E4D90942FC07): 1
LogDevObjectVersion:   Dev-Automation (0DF73D61-A23F-47EA-B727-89E90C41499A): 1
LogDevObjectVersion:   FortniteMain (601D1886-AC64-4F84-AA16-D3DE0DEAC7D6): 31
LogDevObjectVersion:   Dev-Enterprise (9DFFBCD6-494F-0158-E221-12823C92A888): 8
LogDevObjectVersion:   Dev-Niagara (F2AED0AC-9AFE-416F-8664-AA7FFA26D6FC): 1
LogDevObjectVersion:   Dev-Destruction (174F1F0B-B4C6-45A5-B13F-2EE8D0FB917D): 9
LogDevObjectVersion:   Dev-Physics-Ext (35F94A83-E258-406C-A318-09F59610247C): 8
LogDevObjectVersion:   Dev-CineCamera (B2E18506-4273-CFC2-A54E-F4BB758BBA07): 1
LogInit: Presizing for max 25165824 objects, including 0 objects not considered by GC, pre-allocating 0 bytes for permanent pool.
LogInit: Object subsystem initialized
LogConfig: Setting CVar [[con.DebugEarlyDefault:1]]
LogConfig: Setting CVar [[r.setres:1280x720]]
[2020.07.02-00.24.07:237][  0]LogConfig: Setting CVar [[r.VSync:0]]
[2020.07.02-00.24.07:237][  0]LogConfig: Setting CVar [[r.RHICmdBypass:0]]
[2020.07.02-00.24.07:237][  0]LogConfig: Applying CVar settings from Section [/Script/Engine.RendererSettings] File [D:/Facultad/Unreal/UNREAL2TP/Unreal2TP/Unreal2TP/Saved/Config/Windows/Engine.ini]
[2020.07.02-00.24.07:237][  0]LogConfig: Setting CVar [[r.GPUCrashDebugging:0]]
[2020.07.02-00.24.07:237][  0]LogConfig: Applying CVar settings from Section [/Script/Engine.RendererOverrideSettings] File [D:/Facultad/Unreal/UNREAL2TP/Unreal2TP/Unreal2TP/Saved/Config/Windows/Engine.ini]
[2020.07.02-00.24.07:237][  0]LogConfig: Applying CVar settings from Section [/Script/Engine.StreamingSettings] File [D:/Facultad/Unreal/UNREAL2TP/Unreal2TP/Unreal2TP/Saved/Config/Windows/Engine.ini]
[2020.07.02-00.24.07:238][  0]LogConfig: Setting CVar [[s.MinBulkDataSizeForAsyncLoading:131072]]
[2020.07.02-00.24.07:238][  0]LogConfig: Setting CVar [[s.AsyncLoadingThreadEnabled:0]]
[2020.07.02-00.24.07:238][  0]LogConfig: Setting CVar [[s.EventDrivenLoaderEnabled:1]]
[2020.07.02-00.24.07:238][  0]LogConfig: Setting CVar [[s.WarnIfTimeLimitExceeded:0]]
[2020.07.02-00.24.07:238][  0]LogConfig: Setting CVar [[s.TimeLimitExceededMultiplier:1.5]]
[2020.07.02-00.24.07:238][  0]LogConfig: Setting CVar [[s.TimeLimitExceededMinTime:0.005]]
[2020.07.02-00.24.07:238][  0]LogConfig: Setting CVar [[s.UseBackgroundLevelStreaming:1]]
[2020.07.02-00.24.07:238][  0]LogConfig: Setting CVar [[s.PriorityAsyncLoadingExtraTime:15.0]]
[2020.07.02-00.24.07:238][  0]LogConfig: Setting CVar [[s.LevelStreamingActorsUpdateTimeLimit:5.0]]
[2020.07.02-00.24.07:238][  0]LogConfig: Setting CVar [[s.PriorityLevelStreamingActorsUpdateExtraTime:5.0]]
[2020.07.02-00.24.07:238][  0]LogConfig: Setting CVar [[s.LevelStreamingComponentsRegistrationGranularity:10]]
[2020.07.02-00.24.07:238][  0]LogConfig: Setting CVar [[s.UnregisterComponentsTimeLimit:1.0]]
[2020.07.02-00.24.07:238][  0]LogConfig: Setting CVar [[s.LevelStreamingComponentsUnregistrationGranularity:5]]
[2020.07.02-00.24.07:238][  0]LogConfig: Setting CVar [[s.FlushStreamingOnExit:1]]
[2020.07.02-00.24.07:238][  0]LogConfig: Applying CVar settings from Section [/Script/Engine.GarbageCollectionSettings] File [D:/Facultad/Unreal/UNREAL2TP/Unreal2TP/Unreal2TP/Saved/Config/Windows/Engine.ini]
[2020.07.02-00.24.07:238][  0]LogConfig: Setting CVar [[gc.MaxObjectsNotConsideredByGC:1]]
[2020.07.02-00.24.07:238][  0]LogConfig: Setting CVar [[gc.SizeOfPermanentObjectPool:0]]
[2020.07.02-00.24.07:238][  0]LogConfig: Setting CVar [[gc.FlushStreamingOnGC:0]]
[2020.07.02-00.24.07:238][  0]LogConfig: Setting CVar [[gc.NumRetriesBeforeForcingGC:10]]
[2020.07.02-00.24.07:238][  0]LogConfig: Setting CVar [[gc.AllowParallelGC:1]]
[2020.07.02-00.24.07:238][  0]LogConfig: Setting CVar [[gc.TimeBetweenPurgingPendingKillObjects:61.1]]
[2020.07.02-00.24.07:238][  0]LogConfig: Setting CVar [[gc.MaxObjectsInEditor:25165824]]
[2020.07.02-00.24.07:238][  0]LogConfig: Setting CVar [[gc.IncrementalBeginDestroyEnabled:1]]
[2020.07.02-00.24.07:238][  0]LogConfig: Setting CVar [[gc.CreateGCClusters:1]]
[2020.07.02-00.24.07:238][  0]LogConfig: Setting CVar [[gc.MinGCClusterSize:5]]
[2020.07.02-00.24.07:238][  0]LogConfig: Setting CVar [[gc.ActorClusteringEnabled:0]]
[2020.07.02-00.24.07:239][  0]LogConfig: Setting CVar [[gc.BlueprintClusteringEnabled:0]]
[2020.07.02-00.24.07:239][  0]LogConfig: Setting CVar [[gc.UseDisregardForGCOnDedicatedServers:0]]
[2020.07.02-00.24.07:239][  0]LogConfig: Applying CVar settings from Section [/Script/Engine.NetworkSettings] File [D:/Facultad/Unreal/UNREAL2TP/Unreal2TP/Unreal2TP/Saved/Config/Windows/Engine.ini]
[2020.07.02-00.24.07:239][  0]LogConfig: Applying CVar settings from Section [/Script/UnrealEd.CookerSettings] File [D:/Facultad/Unreal/UNREAL2TP/Unreal2TP/Unreal2TP/Saved/Config/Windows/Engine.ini]
[2020.07.02-00.24.07:250][  0]LogConfig: Applying CVar settings from Section [ViewDistanceQuality@3] File [D:/Facultad/Unreal/UNREAL2TP/Unreal2TP/Unreal2TP/Saved/Config/Windows/Scalability.ini]
[2020.07.02-00.24.07:250][  0]LogConfig: Setting CVar [[r.SkeletalMeshLODBias:0]]
[2020.07.02-00.24.07:250][  0]LogConfig: Setting CVar [[r.ViewDistanceScale:1.0]]
[2020.07.02-00.24.07:250][  0]LogConfig: Applying CVar settings from Section [AntiAliasingQuality@3] File [D:/Facultad/Unreal/UNREAL2TP/Unreal2TP/Unreal2TP/Saved/Config/Windows/Scalability.ini]
[2020.07.02-00.24.07:250][  0]LogConfig: Setting CVar [[r.PostProcessAAQuality:4]]
[2020.07.02-00.24.07:250][  0]LogConfig: Applying CVar settings from Section [ShadowQuality@3] File [D:/Facultad/Unreal/UNREAL2TP/Unreal2TP/Unreal2TP/Saved/Config/Windows/Scalability.ini]
[2020.07.02-00.24.07:250][  0]LogConfig: Setting CVar [[r.LightFunctionQuality:1]]
[2020.07.02-00.24.07:251][  0]LogConfig: Setting CVar [[r.ShadowQuality:5]]
[2020.07.02-00.24.07:251][  0]LogConfig: Setting CVar [[r.Shadow.CSM.MaxCascades:10]]
[2020.07.02-00.24.07:251][  0]LogConfig: Setting CVar [[r.Shadow.MaxResolution:2048]]
[2020.07.02-00.24.07:251][  0]LogConfig: Setting CVar [[r.Shadow.MaxCSMResolution:2048]]
[2020.07.02-00.24.07:251][  0]LogConfig: Setting CVar [[r.Shadow.RadiusThreshold:0.01]]
[2020.07.02-00.24.07:251][  0]LogConfig: Setting CVar [[r.Shadow.DistanceScale:1.0]]
[2020.07.02-00.24.07:251][  0]LogConfig: Setting CVar [[r.Shadow.CSM.TransitionScale:1.0]]
[2020.07.02-00.24.07:251][  0]LogConfig: Setting CVar [[r.Shadow.PreShadowResolutionFactor:1.0]]
[2020.07.02-00.24.07:251][  0]LogConfig: Setting CVar [[r.DistanceFieldShadowing:1]]
[2020.07.02-00.24.07:251][  0]LogConfig: Setting CVar [[r.DistanceFieldAO:1]]
[2020.07.02-00.24.07:251][  0]LogConfig: Setting CVar [[r.AOQuality:2]]
[2020.07.02-00.24.07:251][  0]LogConfig: Setting CVar [[r.VolumetricFog:1]]
[2020.07.02-00.24.07:251][  0]LogConfig: Setting CVar [[r.VolumetricFog.GridPixelSize:8]]
[2020.07.02-00.24.07:251][  0]LogConfig: Setting CVar [[r.VolumetricFog.GridSizeZ:128]]
[2020.07.02-00.24.07:251][  0]LogConfig: Setting CVar [[r.VolumetricFog.HistoryMissSupersampleCount:4]]
[2020.07.02-00.24.07:251][  0]LogConfig: Setting CVar [[r.LightMaxDrawDistanceScale:1]]
[2020.07.02-00.24.07:251][  0]LogConfig: Setting CVar [[r.CapsuleShadows:1]]
[2020.07.02-00.24.07:251][  0]LogConfig: Applying CVar settings from Section [PostProcessQuality@3] File [D:/Facultad/Unreal/UNREAL2TP/Unreal2TP/Unreal2TP/Saved/Config/Windows/Scalability.ini]
[2020.07.02-00.24.07:251][  0]LogConfig: Setting CVar [[r.MotionBlurQuality:4]]
[2020.07.02-00.24.07:251][  0]LogConfig: Setting CVar [[r.AmbientOcclusionMipLevelFactor:0.4]]
[2020.07.02-00.24.07:251][  0]LogConfig: Setting CVar [[r.AmbientOcclusionMaxQuality:100]]
[2020.07.02-00.24.07:251][  0]LogConfig: Setting CVar [[r.AmbientOcclusionLevels:-1]]
[2020.07.02-00.24.07:252][  0]LogConfig: Setting CVar [[r.AmbientOcclusionRadiusScale:1.0]]
[2020.07.02-00.24.07:252][  0]LogConfig: Setting CVar [[r.DepthOfFieldQuality:2]]
[2020.07.02-00.24.07:252][  0]LogConfig: Setting CVar [[r.RenderTargetPoolMin:400]]
[2020.07.02-00.24.07:252][  0]LogConfig: Setting CVar [[r.LensFlareQuality:2]]
[2020.07.02-00.24.07:252][  0]LogConfig: Setting CVar [[r.SceneColorFringeQuality:1]]
[2020.07.02-00.24.07:252][  0]LogConfig: Setting CVar [[r.EyeAdaptationQuality:2]]
[2020.07.02-00.24.07:252][  0]LogConfig: Setting CVar [[r.BloomQuality:5]]
[2020.07.02-00.24.07:252][  0]LogConfig: Setting CVar [[r.FastBlurThreshold:100]]
[2020.07.02-00.24.07:252][  0]LogConfig: Setting CVar [[r.Upscale.Quality:3]]
[2020.07.02-00.24.07:252][  0]LogConfig: Setting CVar [[r.Tonemapper.GrainQuantization:1]]
[2020.07.02-00.24.07:252][  0]LogConfig: Setting CVar [[r.LightShaftQuality:1]]
[2020.07.02-00.24.07:252][  0]LogConfig: Setting CVar [[r.Filter.SizeScale:1]]
[2020.07.02-00.24.07:252][  0]LogConfig: Setting CVar [[r.Tonemapper.Quality:5]]
[2020.07.02-00.24.07:252][  0]LogConfig: Setting CVar [[r.DOF.Gather.AccumulatorQuality:1        ; higher gathering accumulator quality]]
[2020.07.02-00.24.07:252][  0]LogConfig: Setting CVar [[r.DOF.Gather.PostfilterMethod:1          ; Median3x3 postfilering method]]
[2020.07.02-00.24.07:252][  0]LogConfig: Setting CVar [[r.DOF.Gather.EnableBokehSettings:0       ; no bokeh simulation when gathering]]
[2020.07.02-00.24.07:252][  0]LogConfig: Setting CVar [[r.DOF.Gather.RingCount:4                 ; medium number of samples when gathering]]
[2020.07.02-00.24.07:252][  0]LogConfig: Setting CVar [[r.DOF.Scatter.ForegroundCompositing:1    ; additive foreground scattering]]
[2020.07.02-00.24.07:252][  0]LogConfig: Setting CVar [[r.DOF.Scatter.BackgroundCompositing:2    ; additive background scattering]]
[2020.07.02-00.24.07:252][  0]LogConfig: Setting CVar [[r.DOF.Scatter.EnableBokehSettings:1      ; bokeh simulation when scattering]]
[2020.07.02-00.24.07:252][  0]LogConfig: Setting CVar [[r.DOF.Scatter.MaxSpriteRatio:0.1         ; only a maximum of 10% of scattered bokeh]]
[2020.07.02-00.24.07:252][  0]LogConfig: Setting CVar [[r.DOF.Recombine.Quality:1                ; cheap slight out of focus]]
[2020.07.02-00.24.07:252][  0]LogConfig: Setting CVar [[r.DOF.Recombine.EnableBokehSettings:0    ; no bokeh simulation on slight out of focus]]
[2020.07.02-00.24.07:252][  0]LogConfig: Setting CVar [[r.DOF.TemporalAAQuality:1                ; more stable temporal accumulation]]
[2020.07.02-00.24.07:252][  0]LogConfig: Setting CVar [[r.DOF.Kernel.MaxForegroundRadius:0.025]]
[2020.07.02-00.24.07:252][  0]LogConfig: Setting CVar [[r.DOF.Kernel.MaxBackgroundRadius:0.025]]
[2020.07.02-00.24.07:252][  0]LogConfig: Applying CVar settings from Section [TextureQuality@3] File [D:/Facultad/Unreal/UNREAL2TP/Unreal2TP/Unreal2TP/Saved/Config/Windows/Scalability.ini]
[2020.07.02-00.24.07:252][  0]LogConfig: Setting CVar [[r.Streaming.MipBias:0]]
[2020.07.02-00.24.07:252][  0]LogConfig: Setting CVar [[r.Streaming.AmortizeCPUToGPUCopy:0]]
[2020.07.02-00.24.07:252][  0]LogConfig: Setting CVar [[r.Streaming.MaxNumTexturesToStreamPerFrame:0]]
[2020.07.02-00.24.07:252][  0]LogConfig: Setting CVar [[r.Streaming.Boost:1]]
[2020.07.02-00.24.07:252][  0]LogConfig: Setting CVar [[r.MaxAnisotropy:8]]
[2020.07.02-00.24.07:252][  0]LogConfig: Setting CVar [[r.VT.MaxAnisotropy:8]]
[2020.07.02-00.24.07:252][  0]LogConfig: Setting CVar [[r.Streaming.LimitPoolSizeToVRAM:0]]
[2020.07.02-00.24.07:253][  0]LogConfig: Setting CVar [[r.Streaming.PoolSize:1000]]
[2020.07.02-00.24.07:253][  0]LogConfig: Setting CVar [[r.Streaming.MaxEffectiveScreenSize:0]]
[2020.07.02-00.24.07:253][  0]LogConfig: Applying CVar settings from Section [EffectsQuality@3] File [D:/Facultad/Unreal/UNREAL2TP/Unreal2TP/Unreal2TP/Saved/Config/Windows/Scalability.ini]
[2020.07.02-00.24.07:253][  0]LogConfig: Setting CVar [[r.TranslucencyLightingVolumeDim:64]]
[2020.07.02-00.24.07:253][  0]LogConfig: Setting CVar [[r.RefractionQuality:2]]
[2020.07.02-00.24.07:253][  0]LogConfig: Setting CVar [[r.SSR.Quality:3]]
[2020.07.02-00.24.07:253][  0]LogConfig: Setting CVar [[r.SSR.HalfResSceneColor:0]]
[2020.07.02-00.24.07:253][  0]LogConfig: Setting CVar [[r.SceneColorFormat:4]]
[2020.07.02-00.24.07:253][  0]LogConfig: Setting CVar [[r.DetailMode:2]]
[2020.07.02-00.24.07:253][  0]LogConfig: Setting CVar [[r.TranslucencyVolumeBlur:1]]
[2020.07.02-00.24.07:253][  0]LogConfig: Setting CVar [[r.MaterialQualityLevel:1 ; High quality]]
[2020.07.02-00.24.07:253][  0]LogConfig: Setting CVar [[r.SSS.Scale:1]]
[2020.07.02-00.24.07:253][  0]LogConfig: Setting CVar [[r.SSS.SampleSet:2]]
[2020.07.02-00.24.07:253][  0]LogConfig: Setting CVar [[r.SSS.Quality:1]]
[2020.07.02-00.24.07:253][  0]LogConfig: Setting CVar [[r.SSS.HalfRes:1]]
[2020.07.02-00.24.07:253][  0]LogConfig: Setting CVar [[r.SSGI.Quality:3]]
[2020.07.02-00.24.07:253][  0]LogConfig: Setting CVar [[r.EmitterSpawnRateScale:1.0]]
[2020.07.02-00.24.07:253][  0]LogConfig: Setting CVar [[r.ParticleLightQuality:2]]
[2020.07.02-00.24.07:253][  0]LogConfig: Setting CVar [[r.SkyAtmosphere.AerialPerspectiveLUT.FastApplyOnOpaque:1 ; Always have FastSkyLUT 1 in this case to avoid wrong sky]]
[2020.07.02-00.24.07:253][  0]LogConfig: Setting CVar [[r.SkyAtmosphere.AerialPerspectiveLUT.SampleCountPerSlice:1]]
[2020.07.02-00.24.07:253][  0]LogConfig: Setting CVar [[r.SkyAtmosphere.AerialPerspectiveLUT.DepthResolution:16.0]]
[2020.07.02-00.24.07:253][  0]LogConfig: Setting CVar [[r.SkyAtmosphere.FastSkyLUT:1]]
[2020.07.02-00.24.07:253][  0]LogConfig: Setting CVar [[r.SkyAtmosphere.FastSkyLUT.SampleCountMin:4.0]]
[2020.07.02-00.24.07:253][  0]LogConfig: Setting CVar [[r.SkyAtmosphere.FastSkyLUT.SampleCountMax:32.0]]
[2020.07.02-00.24.07:253][  0]LogConfig: Setting CVar [[r.SkyAtmosphere.SampleCountMin:4.0]]
[2020.07.02-00.24.07:253][  0]LogConfig: Setting CVar [[r.SkyAtmosphere.SampleCountMax:32.0]]
[2020.07.02-00.24.07:253][  0]LogConfig: Setting CVar [[r.SkyAtmosphere.TransmittanceLUT.UseSmallFormat:0]]
[2020.07.02-00.24.07:253][  0]LogConfig: Setting CVar [[r.SkyAtmosphere.TransmittanceLUT.SampleCount:10.0]]
[2020.07.02-00.24.07:253][  0]LogConfig: Setting CVar [[r.SkyAtmosphere.MultiScatteringLUT.SampleCount:15.0]]
[2020.07.02-00.24.07:253][  0]LogConfig: Applying CVar settings from Section [FoliageQuality@3] File [D:/Facultad/Unreal/UNREAL2TP/Unreal2TP/Unreal2TP/Saved/Config/Windows/Scalability.ini]
[2020.07.02-00.24.07:253][  0]LogConfig: Setting CVar [[foliage.DensityScale:1.0]]
[2020.07.02-00.24.07:253][  0]LogConfig: Setting CVar [[grass.DensityScale:1.0]]
[2020.07.02-00.24.07:253][  0]LogConfig: Applying CVar settings from Section [ShadingQuality@3] File [D:/Facultad/Unreal/UNREAL2TP/Unreal2TP/Unreal2TP/Saved/Config/Windows/Scalability.ini]
[2020.07.02-00.24.07:253][  0]LogConfig: Setting CVar [[r.HairStrands.SkyLighting.SampleCount:16]]
[2020.07.02-00.24.07:253][  0]LogConfig: Setting CVar [[r.HairStrands.SkyLighting.JitterIntegration:0]]
[2020.07.02-00.24.07:253][  0]LogConfig: Setting CVar [[r.HairStrands.SkyAO.SampleCount:16]]
[2020.07.02-00.24.07:253][  0]LogInit: Selected Device Profile: [Windows]
[2020.07.02-00.24.07:254][  0]LogInit: Applying CVar settings loaded from the selected device profile: [Windows]
[2020.07.02-00.24.07:255][  0]LogHAL: Display: Platform has ~ 16 GB [17096769536 / 17179869184 / 16], which maps to Larger [LargestMinGB=32, LargerMinGB=12, DefaultMinGB=8, SmallerMinGB=6, SmallestMinGB=0)
[2020.07.02-00.24.07:255][  0]LogInit: Going up to parent DeviceProfile []
[2020.07.02-00.24.07:255][  0]LogConfig: Applying CVar settings from Section [ViewDistanceQuality@3] File [D:/Facultad/Unreal/UNREAL2TP/Unreal2TP/Unreal2TP/Saved/Config/Windows/Scalability.ini]
[2020.07.02-00.24.07:255][  0]LogConfig: Setting CVar [[r.SkeletalMeshLODBias:0]]
[2020.07.02-00.24.07:255][  0]LogConfig: Setting CVar [[r.ViewDistanceScale:1.0]]
[2020.07.02-00.24.07:255][  0]LogConfig: Applying CVar settings from Section [AntiAliasingQuality@3] File [D:/Facultad/Unreal/UNREAL2TP/Unreal2TP/Unreal2TP/Saved/Config/Windows/Scalability.ini]
[2020.07.02-00.24.07:255][  0]LogConfig: Setting CVar [[r.PostProcessAAQuality:4]]
[2020.07.02-00.24.07:255][  0]LogConfig: Applying CVar settings from Section [ShadowQuality@3] File [D:/Facultad/Unreal/UNREAL2TP/Unreal2TP/Unreal2TP/Saved/Config/Windows/Scalability.ini]
[2020.07.02-00.24.07:255][  0]LogConfig: Setting CVar [[r.LightFunctionQuality:1]]
[2020.07.02-00.24.07:256][  0]LogConfig: Setting CVar [[r.ShadowQuality:5]]
[2020.07.02-00.24.07:256][  0]LogConfig: Setting CVar [[r.Shadow.CSM.MaxCascades:10]]
[2020.07.02-00.24.07:256][  0]LogConfig: Setting CVar [[r.Shadow.MaxResolution:2048]]
[2020.07.02-00.24.07:256][  0]LogConfig: Setting CVar [[r.Shadow.MaxCSMResolution:2048]]
[2020.07.02-00.24.07:256][  0]LogConfig: Setting CVar [[r.Shadow.RadiusThreshold:0.01]]
[2020.07.02-00.24.07:256][  0]LogConfig: Setting CVar [[r.Shadow.DistanceScale:1.0]]
[2020.07.02-00.24.07:256][  0]LogConfig: Setting CVar [[r.Shadow.CSM.TransitionScale:1.0]]
[2020.07.02-00.24.07:256][  0]LogConfig: Setting CVar [[r.Shadow.PreShadowResolutionFactor:1.0]]
[2020.07.02-00.24.07:256][  0]LogConfig: Setting CVar [[r.DistanceFieldShadowing:1]]
[2020.07.02-00.24.07:256][  0]LogConfig: Setting CVar [[r.DistanceFieldAO:1]]
[2020.07.02-00.24.07:256][  0]LogConfig: Setting CVar [[r.AOQuality:2]]
[2020.07.02-00.24.07:256][  0]LogConfig: Setting CVar [[r.VolumetricFog:1]]
[2020.07.02-00.24.07:256][  0]LogConfig: Setting CVar [[r.VolumetricFog.GridPixelSize:8]]
[2020.07.02-00.24.07:256][  0]LogConfig: Setting CVar [[r.VolumetricFog.GridSizeZ:128]]
[2020.07.02-00.24.07:256][  0]LogConfig: Setting CVar [[r.VolumetricFog.HistoryMissSupersampleCount:4]]
[2020.07.02-00.24.07:256][  0]LogConfig: Setting CVar [[r.LightMaxDrawDistanceScale:1]]
[2020.07.02-00.24.07:256][  0]LogConfig: Setting CVar [[r.CapsuleShadows:1]]
[2020.07.02-00.24.07:256][  0]LogConfig: Applying CVar settings from Section [PostProcessQuality@3] File [D:/Facultad/Unreal/UNREAL2TP/Unreal2TP/Unreal2TP/Saved/Config/Windows/Scalability.ini]
[2020.07.02-00.24.07:256][  0]LogConfig: Setting CVar [[r.MotionBlurQuality:4]]
[2020.07.02-00.24.07:256][  0]LogConfig: Setting CVar [[r.AmbientOcclusionMipLevelFactor:0.4]]
[2020.07.02-00.24.07:256][  0]LogConfig: Setting CVar [[r.AmbientOcclusionMaxQuality:100]]
[2020.07.02-00.24.07:256][  0]LogConfig: Setting CVar [[r.AmbientOcclusionLevels:-1]]
[2020.07.02-00.24.07:256][  0]LogConfig: Setting CVar [[r.AmbientOcclusionRadiusScale:1.0]]
[2020.07.02-00.24.07:256][  0]LogConfig: Setting CVar [[r.DepthOfFieldQuality:2]]
[2020.07.02-00.24.07:256][  0]LogConfig: Setting CVar [[r.RenderTargetPoolMin:400]]
[2020.07.02-00.24.07:256][  0]LogConfig: Setting CVar [[r.LensFlareQuality:2]]
[2020.07.02-00.24.07:256][  0]LogConfig: Setting CVar [[r.SceneColorFringeQuality:1]]
[2020.07.02-00.24.07:256][  0]LogConfig: Setting CVar [[r.EyeAdaptationQuality:2]]
[2020.07.02-00.24.07:256][  0]LogConfig: Setting CVar [[r.BloomQuality:5]]
[2020.07.02-00.24.07:256][  0]LogConfig: Setting CVar [[r.FastBlurThreshold:100]]
[2020.07.02-00.24.07:256][  0]LogConfig: Setting CVar [[r.Upscale.Quality:3]]
[2020.07.02-00.24.07:256][  0]LogConfig: Setting CVar [[r.Tonemapper.GrainQuantization:1]]
[2020.07.02-00.24.07:256][  0]LogConfig: Setting CVar [[r.LightShaftQuality:1]]
[2020.07.02-00.24.07:256][  0]LogConfig: Setting CVar [[r.Filter.SizeScale:1]]
[2020.07.02-00.24.07:256][  0]LogConfig: Setting CVar [[r.Tonemapper.Quality:5]]
[2020.07.02-00.24.07:257][  0]LogConfig: Setting CVar [[r.DOF.Gather.AccumulatorQuality:1        ; higher gathering accumulator quality]]
[2020.07.02-00.24.07:257][  0]LogConfig: Setting CVar [[r.DOF.Gather.PostfilterMethod:1          ; Median3x3 postfilering method]]
[2020.07.02-00.24.07:257][  0]LogConfig: Setting CVar [[r.DOF.Gather.EnableBokehSettings:0       ; no bokeh simulation when gathering]]
[2020.07.02-00.24.07:257][  0]LogConfig: Setting CVar [[r.DOF.Gather.RingCount:4                 ; medium number of samples when gathering]]
[2020.07.02-00.24.07:257][  0]LogConfig: Setting CVar [[r.DOF.Scatter.ForegroundCompositing:1    ; additive foreground scattering]]
[2020.07.02-00.24.07:257][  0]LogConfig: Setting CVar [[r.DOF.Scatter.BackgroundCompositing:2    ; additive background scattering]]
[2020.07.02-00.24.07:257][  0]LogConfig: Setting CVar [[r.DOF.Scatter.EnableBokehSettings:1      ; bokeh simulation when scattering]]
[2020.07.02-00.24.07:257][  0]LogConfig: Setting CVar [[r.DOF.Scatter.MaxSpriteRatio:0.1         ; only a maximum of 10% of scattered bokeh]]
[2020.07.02-00.24.07:257][  0]LogConfig: Setting CVar [[r.DOF.Recombine.Quality:1                ; cheap slight out of focus]]
[2020.07.02-00.24.07:257][  0]LogConfig: Setting CVar [[r.DOF.Recombine.EnableBokehSettings:0    ; no bokeh simulation on slight out of focus]]
[2020.07.02-00.24.07:257][  0]LogConfig: Setting CVar [[r.DOF.TemporalAAQuality:1                ; more stable temporal accumulation]]
[2020.07.02-00.24.07:257][  0]LogConfig: Setting CVar [[r.DOF.Kernel.MaxForegroundRadius:0.025]]
[2020.07.02-00.24.07:257][  0]LogConfig: Setting CVar [[r.DOF.Kernel.MaxBackgroundRadius:0.025]]
[2020.07.02-00.24.07:257][  0]LogConfig: Applying CVar settings from Section [TextureQuality@3] File [D:/Facultad/Unreal/UNREAL2TP/Unreal2TP/Unreal2TP/Saved/Config/Windows/Scalability.ini]
[2020.07.02-00.24.07:257][  0]LogConfig: Setting CVar [[r.Streaming.MipBias:0]]
[2020.07.02-00.24.07:257][  0]LogConfig: Setting CVar [[r.Streaming.AmortizeCPUToGPUCopy:0]]
[2020.07.02-00.24.07:257][  0]LogConfig: Setting CVar [[r.Streaming.MaxNumTexturesToStreamPerFrame:0]]
[2020.07.02-00.24.07:257][  0]LogConfig: Setting CVar [[r.Streaming.Boost:1]]
[2020.07.02-00.24.07:257][  0]LogConfig: Setting CVar [[r.MaxAnisotropy:8]]
[2020.07.02-00.24.07:257][  0]LogConfig: Setting CVar [[r.VT.MaxAnisotropy:8]]
[2020.07.02-00.24.07:257][  0]LogConfig: Setting CVar [[r.Streaming.LimitPoolSizeToVRAM:0]]
[2020.07.02-00.24.07:257][  0]LogConfig: Setting CVar [[r.Streaming.PoolSize:1000]]
[2020.07.02-00.24.07:257][  0]LogConfig: Setting CVar [[r.Streaming.MaxEffectiveScreenSize:0]]
[2020.07.02-00.24.07:257][  0]LogConfig: Applying CVar settings from Section [EffectsQuality@3] File [D:/Facultad/Unreal/UNREAL2TP/Unreal2TP/Unreal2TP/Saved/Config/Windows/Scalability.ini]
[2020.07.02-00.24.07:257][  0]LogConfig: Setting CVar [[r.TranslucencyLightingVolumeDim:64]]
[2020.07.02-00.24.07:257][  0]LogConfig: Setting CVar [[r.RefractionQuality:2]]
[2020.07.02-00.24.07:257][  0]LogConfig: Setting CVar [[r.SSR.Quality:3]]
[2020.07.02-00.24.07:257][  0]LogConfig: Setting CVar [[r.SSR.HalfResSceneColor:0]]
[2020.07.02-00.24.07:257][  0]LogConfig: Setting CVar [[r.SceneColorFormat:4]]
[2020.07.02-00.24.07:257][  0]LogConfig: Setting CVar [[r.DetailMode:2]]
[2020.07.02-00.24.07:257][  0]LogConfig: Setting CVar [[r.TranslucencyVolumeBlur:1]]
[2020.07.02-00.24.07:257][  0]LogConfig: Setting CVar [[r.MaterialQualityLevel:1 ; High quality]]
[2020.07.02-00.24.07:257][  0]LogConfig: Setting CVar [[r.SSS.Scale:1]]
[2020.07.02-00.24.07:257][  0]LogConfig: Setting CVar [[r.SSS.SampleSet:2]]
[2020.07.02-00.24.07:257][  0]LogConfig: Setting CVar [[r.SSS.Quality:1]]
[2020.07.02-00.24.07:257][  0]LogConfig: Setting CVar [[r.SSS.HalfRes:1]]
[2020.07.02-00.24.07:257][  0]LogConfig: Setting CVar [[r.SSGI.Quality:3]]
[2020.07.02-00.24.07:257][  0]LogConfig: Setting CVar [[r.EmitterSpawnRateScale:1.0]]
[2020.07.02-00.24.07:257][  0]LogConfig: Setting CVar [[r.ParticleLightQuality:2]]
[2020.07.02-00.24.07:258][  0]LogConfig: Setting CVar [[r.SkyAtmosphere.AerialPerspectiveLUT.FastApplyOnOpaque:1 ; Always have FastSkyLUT 1 in this case to avoid wrong sky]]
[2020.07.02-00.24.07:258][  0]LogConfig: Setting CVar [[r.SkyAtmosphere.AerialPerspectiveLUT.SampleCountPerSlice:1]]
[2020.07.02-00.24.07:258][  0]LogConfig: Setting CVar [[r.SkyAtmosphere.AerialPerspectiveLUT.DepthResolution:16.0]]
[2020.07.02-00.24.07:258][  0]LogConfig: Setting CVar [[r.SkyAtmosphere.FastSkyLUT:1]]
[2020.07.02-00.24.07:258][  0]LogConfig: Setting CVar [[r.SkyAtmosphere.FastSkyLUT.SampleCountMin:4.0]]
[2020.07.02-00.24.07:258][  0]LogConfig: Setting CVar [[r.SkyAtmosphere.FastSkyLUT.SampleCountMax:32.0]]
[2020.07.02-00.24.07:258][  0]LogConfig: Setting CVar [[r.SkyAtmosphere.SampleCountMin:4.0]]
[2020.07.02-00.24.07:258][  0]LogConfig: Setting CVar [[r.SkyAtmosphere.SampleCountMax:32.0]]
[2020.07.02-00.24.07:258][  0]LogConfig: Setting CVar [[r.SkyAtmosphere.TransmittanceLUT.UseSmallFormat:0]]
[2020.07.02-00.24.07:258][  0]LogConfig: Setting CVar [[r.SkyAtmosphere.TransmittanceLUT.SampleCount:10.0]]
[2020.07.02-00.24.07:258][  0]LogConfig: Setting CVar [[r.SkyAtmosphere.MultiScatteringLUT.SampleCount:15.0]]
[2020.07.02-00.24.07:258][  0]LogConfig: Applying CVar settings from Section [FoliageQuality@3] File [D:/Facultad/Unreal/UNREAL2TP/Unreal2TP/Unreal2TP/Saved/Config/Windows/Scalability.ini]
[2020.07.02-00.24.07:258][  0]LogConfig: Setting CVar [[foliage.DensityScale:1.0]]
[2020.07.02-00.24.07:258][  0]LogConfig: Setting CVar [[grass.DensityScale:1.0]]
[2020.07.02-00.24.07:258][  0]LogConfig: Applying CVar settings from Section [ShadingQuality@3] File [D:/Facultad/Unreal/UNREAL2TP/Unreal2TP/Unreal2TP/Saved/Config/Windows/Scalability.ini]
[2020.07.02-00.24.07:258][  0]LogConfig: Setting CVar [[r.HairStrands.SkyLighting.SampleCount:16]]
[2020.07.02-00.24.07:258][  0]LogConfig: Setting CVar [[r.HairStrands.SkyLighting.JitterIntegration:0]]
[2020.07.02-00.24.07:258][  0]LogConfig: Setting CVar [[r.HairStrands.SkyAO.SampleCount:16]]
[2020.07.02-00.24.07:258][  0]LogConfig: Applying CVar settings from Section [Startup] File [../../../Engine/Config/ConsoleVariables.ini]
[2020.07.02-00.24.07:258][  0]LogConfig: Setting CVar [[net.UseAdaptiveNetUpdateFrequency:0]]
[2020.07.02-00.24.07:258][  0]LogConfig: Setting CVar [[p.chaos.AllowCreatePhysxBodies:1]]
[2020.07.02-00.24.07:258][  0]LogConfig: Applying CVar settings from Section [ConsoleVariables] File [D:/Facultad/Unreal/UNREAL2TP/Unreal2TP/Unreal2TP/Saved/Config/Windows/Engine.ini]
[2020.07.02-00.24.07:258][  0]LogInit: Computer: DESKTOP-27BOLO1
[2020.07.02-00.24.07:258][  0]LogInit: User: Facundo
[2020.07.02-00.24.07:258][  0]LogInit: CPU Page size=4096, Cores=8
[2020.07.02-00.24.07:258][  0]LogInit: High frequency timer resolution =10.000000 MHz
[2020.07.02-00.24.07:259][  0]LogMemory: Memory total: Physical=15.9GB (16GB approx)
[2020.07.02-00.24.07:259][  0]LogMemory: Platform Memory Stats for Windows
[2020.07.02-00.24.07:259][  0]LogMemory: Process Physical Memory: 105.99 MB used, 105.99 MB peak
[2020.07.02-00.24.07:259][  0]LogMemory: Process Virtual Memory: 100.69 MB used, 100.69 MB peak
[2020.07.02-00.24.07:259][  0]LogMemory: Physical Memory: 9136.08 MB used,  7168.67 MB free, 16304.75 MB total
[2020.07.02-00.24.07:259][  0]LogMemory: Virtual Memory: 5107.20 MB used,  134212624.00 MB free, 134217728.00 MB total
[2020.07.02-00.24.07:263][  0]LogWindows: WindowsPlatformFeatures enabled
[2020.07.02-00.24.07:661][  0]LogInit: Using OS detected language (en-US).
[2020.07.02-00.24.07:662][  0]LogInit: Using OS detected locale (en-US).
[2020.07.02-00.24.07:663][  0]LogTextLocalizationManager: No specific localization for 'en-US' exists, so the 'en' localization will be used.
[2020.07.02-00.24.07:768][  0]LogInit: Setting process to per monitor DPI aware
[2020.07.02-00.24.07:812][  0]LogSlate: New Slate User Created.  User Index 0, Is Virtual User: 0
[2020.07.02-00.24.07:812][  0]LogSlate: Slate User Registered.  User Index 0, Is Virtual User: 0
[2020.07.02-00.24.07:921][  0]LogHMD: Failed to initialize OpenVR with code 110
[2020.07.02-00.24.07:921][  0]LogD3D11RHI: D3D11 min allowed feature level: 11_0
[2020.07.02-00.24.07:921][  0]LogD3D11RHI: D3D11 max allowed feature level: 11_0
[2020.07.02-00.24.07:922][  0]LogD3D11RHI: D3D11 adapters:
[2020.07.02-00.24.07:990][  0]LogD3D11RHI:    0. 'NVIDIA GeForce GTX 1070' (Feature Level 11_0)
[2020.07.02-00.24.07:990][  0]LogD3D11RHI:       8088/0/8152 MB DedicatedVideo/DedicatedSystem/SharedSystem, Outputs:3, VendorId:0x10de
[2020.07.02-00.24.07:997][  0]LogD3D11RHI:    1. 'Microsoft Basic Render Driver' (Feature Level 11_0)
[2020.07.02-00.24.07:997][  0]LogD3D11RHI:       0/0/8152 MB DedicatedVideo/DedicatedSystem/SharedSystem, Outputs:0, VendorId:0x1414
[2020.07.02-00.24.07:997][  0]LogD3D11RHI: Chosen D3D11 Adapter: 0
[2020.07.02-00.24.08:004][  0]LogD3D11RHI: Creating new Direct3DDevice
[2020.07.02-00.24.08:004][  0]LogD3D11RHI:     GPU DeviceId: 0x1b81 (for the marketing name, search the web for "GPU Device Id")
[2020.07.02-00.24.08:004][  0]LogWindows: EnumDisplayDevices:
[2020.07.02-00.24.08:004][  0]LogWindows:    0. 'NVIDIA GeForce GTX 1070' (P:1 D:1)
[2020.07.02-00.24.08:005][  0]LogWindows:    1. 'NVIDIA GeForce GTX 1070' (P:0 D:1)
[2020.07.02-00.24.08:005][  0]LogWindows:    2. 'NVIDIA GeForce GTX 1070' (P:0 D:1)
[2020.07.02-00.24.08:005][  0]LogWindows:    3. 'NVIDIA GeForce GTX 1070' (P:0 D:0)
[2020.07.02-00.24.08:005][  0]LogWindows: DebugString: FoundDriverCount:4 
[2020.07.02-00.24.08:005][  0]LogD3D11RHI:     Adapter Name: NVIDIA GeForce GTX 1070
[2020.07.02-00.24.08:005][  0]LogD3D11RHI:   Driver Version: 446.14 (internal:26.21.14.4614, unified:446.14)
[2020.07.02-00.24.08:005][  0]LogD3D11RHI:      Driver Date: 5-15-2020
[2020.07.02-00.24.08:006][  0]LogRHI: Texture pool is 5661 MB (70% of 8088 MB)
[2020.07.02-00.24.08:048][  0]LogD3D11RHI: RHI has support for 64 bit atomics
[2020.07.02-00.24.08:048][  0]LogD3D11RHI: Async texture creation enabled
[2020.07.02-00.24.08:064][  0]LogD3D11RHI: GPU Timing Frequency: 1000.000000 (Debug: 2 1)
[2020.07.02-00.24.08:286][  0]LogTargetPlatformManager: Display: Loaded TargetPlatform 'AllDesktop'
[2020.07.02-00.24.08:310][  0]LogTargetPlatformManager: Display: Loaded TargetPlatform 'Android'
[2020.07.02-00.24.08:311][  0]LogTargetPlatformManager: Display: Loaded TargetPlatform 'Android_ASTC'
[2020.07.02-00.24.08:311][  0]LogTargetPlatformManager: Display: Loaded TargetPlatform 'Android_ATC'
[2020.07.02-00.24.08:311][  0]LogTargetPlatformManager: Display: Loaded TargetPlatform 'Android_DXT'
[2020.07.02-00.24.08:311][  0]LogTargetPlatformManager: Display: Loaded TargetPlatform 'Android_ETC1'
[2020.07.02-00.24.08:311][  0]LogTargetPlatformManager: Display: Loaded TargetPlatform 'Android_ETC1a'
[2020.07.02-00.24.08:311][  0]LogTargetPlatformManager: Display: Loaded TargetPlatform 'Android_ETC2'
[2020.07.02-00.24.08:311][  0]LogTargetPlatformManager: Display: Loaded TargetPlatform 'Android_PVRTC'
[2020.07.02-00.24.08:311][  0]LogTargetPlatformManager: Display: Loaded TargetPlatform 'AndroidClient'
[2020.07.02-00.24.08:311][  0]LogTargetPlatformManager: Display: Loaded TargetPlatform 'Android_ASTCClient'
[2020.07.02-00.24.08:311][  0]LogTargetPlatformManager: Display: Loaded TargetPlatform 'Android_ATCClient'
[2020.07.02-00.24.08:311][  0]LogTargetPlatformManager: Display: Loaded TargetPlatform 'Android_DXTClient'
[2020.07.02-00.24.08:311][  0]LogTargetPlatformManager: Display: Loaded TargetPlatform 'Android_ETC1Client'
[2020.07.02-00.24.08:312][  0]LogTargetPlatformManager: Display: Loaded TargetPlatform 'Android_ETC1aClient'
[2020.07.02-00.24.08:312][  0]LogTargetPlatformManager: Display: Loaded TargetPlatform 'Android_ETC2Client'
[2020.07.02-00.24.08:312][  0]LogTargetPlatformManager: Display: Loaded TargetPlatform 'Android_PVRTCClient'
[2020.07.02-00.24.08:312][  0]LogTargetPlatformManager: Display: Loaded TargetPlatform 'Android_Multi'
[2020.07.02-00.24.08:312][  0]LogTargetPlatformManager: Display: Loaded TargetPlatform 'Android_MultiClient'
[2020.07.02-00.24.08:329][  0]LogTargetPlatformManager: Display: Loaded TargetPlatform 'IOSClient'
[2020.07.02-00.24.08:329][  0]LogTargetPlatformManager: Display: Loaded TargetPlatform 'IOS'
[2020.07.02-00.24.08:335][  0]LogTargetPlatformManager: Display: Loaded TargetPlatform 'LinuxNoEditor'
[2020.07.02-00.24.08:341][  0]LogTargetPlatformManager: Display: Loaded TargetPlatform 'LinuxClient'
[2020.07.02-00.24.08:347][  0]LogTargetPlatformManager: Display: Loaded TargetPlatform 'LinuxServer'
[2020.07.02-00.24.08:354][  0]LogTargetPlatformManager: Display: Loaded TargetPlatform 'LinuxAArch64NoEditor'
[2020.07.02-00.24.08:360][  0]LogTargetPlatformManager: Display: Loaded TargetPlatform 'LinuxAArch64Client'
[2020.07.02-00.24.08:366][  0]LogTargetPlatformManager: Display: Loaded TargetPlatform 'LinuxAArch64Server'
[2020.07.02-00.24.08:384][  0]LogTargetPlatformManager: Display: Loaded TargetPlatform 'Lumin'
[2020.07.02-00.24.08:384][  0]LogTargetPlatformManager: Display: Loaded TargetPlatform 'LuminClient'
[2020.07.02-00.24.08:396][  0]LogTargetPlatformManager: Display: Loaded TargetPlatform 'TVOSClient'
[2020.07.02-00.24.08:396][  0]LogTargetPlatformManager: Display: Loaded TargetPlatform 'TVOS'
[2020.07.02-00.24.08:402][  0]LogTargetPlatformManager: Display: Loaded TargetPlatform 'WindowsNoEditor'
[2020.07.02-00.24.08:409][  0]LogTargetPlatformManager: Display: Loaded TargetPlatform 'Windows'
[2020.07.02-00.24.08:415][  0]LogTargetPlatformManager: Display: Loaded TargetPlatform 'WindowsClient'
[2020.07.02-00.24.08:422][  0]LogTargetPlatformManager: Display: Loaded TargetPlatform 'WindowsServer'
[2020.07.02-00.24.08:422][  0]LogTargetPlatformManager: Display: Building Assets For Windows
[2020.07.02-00.24.08:431][  0]LogAudioDebug: Display: Lib vorbis DLL was dynamically loaded.
[2020.07.02-00.24.08:509][  0]LogShaderCompilers: Guid format shader working directory is -10 characters bigger than the processId version (../../../../Facultad/Unreal/UNREAL2TP/Unreal2TP/Unreal2TP/Intermediate/Shaders/WorkingDirectory/10820/).
[2020.07.02-00.24.08:510][  0]LogShaderCompilers: Cleaned the shader compiler working directory 'C:/Users/Facundo/AppData/Local/Temp/UnrealShaderWorkingDir/1C309478459584C07AD10081EDF61BAB/'.
[2020.07.02-00.24.08:510][  0]LogXGEController: Cannot use XGE Controller as Incredibuild is not installed on this machine.
[2020.07.02-00.24.08:510][  0]LogShaderCompilers: Cannot use XGE Shader Compiler as Incredibuild is not installed on this machine.
[2020.07.02-00.24.08:511][  0]LogShaderCompilers: Display: Using Local Shader Compiler.
[2020.07.02-00.24.09:039][  0]LogDerivedDataCache: Display: Max Cache Size: 512 MB
[2020.07.02-00.24.09:088][  0]LogDerivedDataCache: Loaded boot cache 0.05s 82MB C:/Users/Facundo/AppData/Local/UnrealEngine/4.24/DerivedDataCache/Boot.ddc.
[2020.07.02-00.24.09:088][  0]LogDerivedDataCache: Display: Loaded Boot cache: C:/Users/Facundo/AppData/Local/UnrealEngine/4.24/DerivedDataCache/Boot.ddc
[2020.07.02-00.24.09:088][  0]LogDerivedDataCache: FDerivedDataBackendGraph:  Pak pak cache file ../../../../Facultad/Unreal/UNREAL2TP/Unreal2TP/Unreal2TP/DerivedDataCache/DDC.ddp not found, will not use a pak cache.
[2020.07.02-00.24.09:088][  0]LogDerivedDataCache: Unable to find inner node Pak for hierarchical cache Hierarchy.
[2020.07.02-00.24.09:088][  0]LogDerivedDataCache: FDerivedDataBackendGraph:  CompressedPak pak cache file ../../../../Facultad/Unreal/UNREAL2TP/Unreal2TP/Unreal2TP/DerivedDataCache/Compressed.ddp not found, will not use a pak cache.
[2020.07.02-00.24.09:089][  0]LogDerivedDataCache: Unable to find inner node CompressedPak for hierarchical cache Hierarchy.
[2020.07.02-00.24.09:096][  0]LogDerivedDataCache: Display: Pak cache opened for reading ../../../Engine/DerivedDataCache/Compressed.ddp.
[2020.07.02-00.24.09:097][  0]LogDerivedDataCache: FDerivedDataBackendGraph:  EnterprisePak pak cache file ../../../Enterprise/DerivedDataCache/Compressed.ddp not found, will not use a pak cache.
[2020.07.02-00.24.09:097][  0]LogDerivedDataCache: Unable to find inner node EnterprisePak for hierarchical cache Hierarchy.
[2020.07.02-00.24.09:098][  0]LogDerivedDataCache: Using Local data cache path C:/Users/Facundo/AppData/Local/UnrealEngine/Common/DerivedDataCache: Writable
[2020.07.02-00.24.09:098][  0]LogDerivedDataCache: Shared data cache path not found in *engine.ini, will not use an Shared cache.
[2020.07.02-00.24.09:098][  0]LogDerivedDataCache: Unable to find inner node Shared for hierarchical cache Hierarchy.
[2020.07.02-00.24.09:117][  0]LogMaterial: Verifying Global Shaders for PCD3D_SM5
[2020.07.02-00.24.09:119][  0]LogSlate: Using FreeType 2.10.0
[2020.07.02-00.24.09:120][  0]LogSlate: SlateFontServices - WITH_FREETYPE: 1, WITH_HARFBUZZ: 1
[2020.07.02-00.24.09:163][  0]LogAssetRegistry: FAssetRegistry took 0.0039 seconds to start up
[2020.07.02-00.24.09:363][  0]LogInit: Selected Device Profile: [Windows]
[2020.07.02-00.24.09:489][  0]LogMeshReduction: Using QuadricMeshReduction for automatic static mesh reduction
[2020.07.02-00.24.09:489][  0]LogMeshReduction: Using SimplygonMeshReduction for automatic skeletal mesh reduction
[2020.07.02-00.24.09:489][  0]LogMeshReduction: Using ProxyLODMeshReduction for automatic mesh merging
[2020.07.02-00.24.09:489][  0]LogMeshReduction: No distributed automatic mesh merging module available
[2020.07.02-00.24.09:489][  0]LogMeshMerging: No distributed automatic mesh merging module available
[2020.07.02-00.24.09:504][  0]LogNetVersion: Unreal2TP 1.0.0, NetCL: 10570792, EngineNetVer: 13, GameNetVer: 0 (Checksum: 317678641)
[2020.07.02-00.24.10:264][  0]LogPackageLocalizationCache: Processed 10 localized package path(s) for 1 prioritized culture(s) in 0.026066 seconds
[2020.07.02-00.24.10:271][  0]LogUObjectArray: 46750 objects as part of root set at end of initial load.
[2020.07.02-00.24.10:271][  0]LogUObjectAllocator: 8137160 out of 0 bytes used by permanent object pool.
[2020.07.02-00.24.10:271][  0]LogUObjectArray: CloseDisregardForGC: 0/0 objects in disregard for GC pool
[2020.07.02-00.24.10:712][  0]LogTcpMessaging: Initializing TcpMessaging bridge
[2020.07.02-00.24.10:716][  0]LogUdpMessaging: Initializing bridge on interface 0.0.0.0:0 to multicast group 230.0.0.1:6666.
[2020.07.02-00.24.10:910][  0]SourceControl: Source control is disabled
[2020.07.02-00.24.10:910][  0]SourceControl: Source control is disabled
[2020.07.02-00.24.10:934][  0]SourceControl: Source control is disabled
[2020.07.02-00.24.10:939][  0]SourceControl: Source control is disabled
[2020.07.02-00.24.10:943][  0]SourceControl: Source control is disabled
[2020.07.02-00.24.11:059][  0]LogAndroidPermission: UAndroidPermissionCallbackProxy::GetInstance
[2020.07.02-00.24.11:076][  0]LogAudioCaptureCore: Display: No Audio Capture implementations found. Audio input will be silent.
[2020.07.02-00.24.11:076][  0]LogAudioCaptureCore: Display: No Audio Capture implementations found. Audio input will be silent.
[2020.07.02-00.24.11:152][  0]LogOcInput: OculusInput pre-init called
[2020.07.02-00.24.11:160][  0]LogWindows: Failed to load 'OVRPlugin.dll' (GetLastError=126)
[2020.07.02-00.24.11:160][  0]LogWindows: File 'OVRPlugin.dll' does not exist
[2020.07.02-00.24.11:220][  0]LogEngine: Initializing Engine...
[2020.07.02-00.24.11:221][  0]LogHMD: Failed to initialize OpenVR with code 110
[2020.07.02-00.24.11:222][  0]LogStats: UGameplayTagsManager::InitializeManager -  0.000 s
[2020.07.02-00.24.11:463][  0]LogInit: Initializing FReadOnlyCVARCache
[2020.07.02-00.24.11:470][  0]LogAIModule: Creating AISystem for world Untitled
[2020.07.02-00.24.11:483][  0]LogAudioMixer: Display: Audio Mixer Platform Settings:
[2020.07.02-00.24.11:483][  0]LogAudioMixer: Display: 	Sample Rate:						  48000
[2020.07.02-00.24.11:484][  0]LogAudioMixer: Display: 	Callback Buffer Frame Size Requested: 1024
[2020.07.02-00.24.11:484][  0]LogAudioMixer: Display: 	Callback Buffer Frame Size To Use:	  1024
[2020.07.02-00.24.11:484][  0]LogAudioMixer: Display: 	Number of buffers to queue:			  2
[2020.07.02-00.24.11:484][  0]LogAudioMixer: Display: 	Max Channels (voices):				  32
[2020.07.02-00.24.11:484][  0]LogAudioMixer: Display: 	Number of Async Source Workers:		  0
[2020.07.02-00.24.11:484][  0]LogAudio: Display: AudioDevice MaxSources: 32
[2020.07.02-00.24.11:485][  0]LogAudio: Display: Using built-in audio occlusion.
[2020.07.02-00.24.11:485][  0]LogAudioMixer: Display: Initializing audio mixer.
[2020.07.02-00.24.11:527][  0]LogAudioMixer: Display: Audio Device Output Speaker Info:
[2020.07.02-00.24.11:527][  0]LogAudioMixer: Display: Name: Altavoces (Realtek(R) Audio)
[2020.07.02-00.24.11:527][  0]LogAudioMixer: Display: Is Default: Yes
[2020.07.02-00.24.11:527][  0]LogAudioMixer: Display: Sample Rate: 48000
[2020.07.02-00.24.11:528][  0]LogAudioMixer: Display: Channel Count Used: 2
[2020.07.02-00.24.11:528][  0]LogAudioMixer: Display: Device Channel Count: 2
[2020.07.02-00.24.11:528][  0]LogAudioMixer: Display: Channel Order:
[2020.07.02-00.24.11:528][  0]LogAudioMixer: Display: 0: FrontLeft
[2020.07.02-00.24.11:528][  0]LogAudioMixer: Display: 1: FrontRight
[2020.07.02-00.24.11:560][  0]LogAudioMixer: Display: Using Audio Device Altavoces (Realtek(R) Audio)
[2020.07.02-00.24.11:568][  0]LogInit: FAudioDevice initialized.
[2020.07.02-00.24.11:568][  0]LogNetVersion: Set ProjectVersion to 1.0.0.0. Version Checksum will be recalculated on next use.
[2020.07.02-00.24.11:643][  0]LogDerivedDataCache: Saved boot cache 0.07s 82MB C:/Users/Facundo/AppData/Local/UnrealEngine/4.24/DerivedDataCache/Boot.ddc.
[2020.07.02-00.24.11:643][  0]LogInit: Texture streaming: Enabled
[2020.07.02-00.24.11:657][  0]LogEngineSessionManager: EngineSessionManager initialized
[2020.07.02-00.24.11:657][  0]LogEditorSessionSummary: Verbose: Initializing EditorSessionSummaryWriter for editor session tracking
[2020.07.02-00.24.11:661][  0]LogEditorSessionSummary: EditorSessionSummaryWriter initialized
[2020.07.02-00.24.11:685][  0]LogInit: Transaction tracking system initialized
[2020.07.02-00.24.11:701][  0]BlueprintLog: New page: Editor Load
[2020.07.02-00.24.11:748][  0]LocalizationService: Localization service is disabled
[2020.07.02-00.24.11:954][  0]LogFileCache: Scanning file cache for directory 'D:/Facultad/Unreal/UNREAL2TP/Unreal2TP/Unreal2TP/Content/' took 0.01s
[2020.07.02-00.24.11:954][  0]LogCook: Display: Max memory allowance for cook 16384mb min free memory 0mb
[2020.07.02-00.24.11:955][  0]LogCook: Display: Mobile HDR setting 1
[2020.07.02-00.24.12:511][  0]SourceControl: Source control is disabled
[2020.07.02-00.24.12:511][  0]Cmd: MAP LOAD FILE="../../../../Facultad/Unreal/UNREAL2TP/Unreal2TP/Unreal2TP/Content/ThirdPersonCPP/Maps/ThirdPersonExampleMap.umap" TEMPLATE=0 SHOWPROGRESS=1 FEATURELEVEL=3
[2020.07.02-00.24.12:512][  0]LightingResults: New page: Lighting Build
[2020.07.02-00.24.12:512][  0]LogWorld: UWorld::CleanupWorld for Untitled, bSessionEnded=true, bCleanupResources=true
[2020.07.02-00.24.12:513][  0]LogSlate: InvalidateAllWidgets triggered.  All widgets were invalidated
[2020.07.02-00.24.12:513][  0]MapCheck: New page: Map Check
[2020.07.02-00.24.12:513][  0]LightingResults: New page: Lighting Build
[2020.07.02-00.24.12:538][  0]LogUObjectHash: Compacting FUObjectHashTables data took   1.46ms
[2020.07.02-00.24.12:587][  0]LogBlueprint: Error: [Compiler BP_MyWidget] In use pin  Time  no longer exists on node  Get . Please refresh node or break links to remove pin.
[2020.07.02-00.24.12:635][  0]LogAIModule: Creating AISystem for world ThirdPersonExampleMap
[2020.07.02-00.24.12:640][  0]LogEditorServer: Finished looking for orphan Actors (0.000 secs)
[2020.07.02-00.24.12:667][  0]LogUObjectHash: Compacting FUObjectHashTables data took   1.54ms
[2020.07.02-00.24.12:668][  0]Cmd: MAP CHECKDEP NOCLEARLOG
[2020.07.02-00.24.12:668][  0]MapCheck: Map check complete: 0 Error(s), 0 Warning(s), took 0.092ms to complete.
[2020.07.02-00.24.12:668][  0]LogFileHelpers: Loading map 'ThirdPersonExampleMap' took 0.157
[2020.07.02-00.24.12:822][  0]LogSlate: Updating window title bar state: overlay mode, drag disabled, window buttons hidden, title bar hidden
[2020.07.02-00.24.12:827][  0]LogSlate: Updating window title bar state: overlay mode, drag disabled, window buttons hidden, title bar hidden
[2020.07.02-00.24.12:832][  0]LogSlate: Updating window title bar state: overlay mode, drag disabled, window buttons hidden, title bar hidden
[2020.07.02-00.24.12:836][  0]LogSlate: Updating window title bar state: overlay mode, drag disabled, window buttons hidden, title bar hidden
[2020.07.02-00.24.12:842][  0]LogCollectionManager: Loaded 0 collections in 0.001598 seconds
[2020.07.02-00.24.12:855][  0]LogFileCache: Scanning file cache for directory 'D:/Facultad/Unreal/UNREAL2TP/Unreal2TP/Unreal2TP/Saved/Collections/' took 0.00s
[2020.07.02-00.24.12:855][  0]LogFileCache: Scanning file cache for directory 'D:/Facultad/Unreal/UNREAL2TP/Unreal2TP/Unreal2TP/Content/Developers/Facundo/Collections/' took 0.00s
[2020.07.02-00.24.12:855][  0]LogFileCache: Scanning file cache for directory 'D:/Facultad/Unreal/UNREAL2TP/Unreal2TP/Unreal2TP/Content/Collections/' took 0.00s
[2020.07.02-00.24.12:855][  0]LogContentBrowser: Native class hierarchy populated in 0.0069 seconds. Added 3026 classes and 719 folders.
[2020.07.02-00.24.12:857][  0]LogContentBrowser: Native class hierarchy updated for 'WidgetCarousel' in 0.0003 seconds. Added 0 classes and 0 folders.
[2020.07.02-00.24.12:922][  0]LogContentBrowser: Native class hierarchy updated for 'AddContentDialog' in 0.0003 seconds. Added 0 classes and 0 folders.
[2020.07.02-00.24.12:928][  0]LogContentBrowser: Native class hierarchy updated for 'SceneOutliner' in 0.0005 seconds. Added 2 classes and 3 folders.
[2020.07.02-00.24.13:018][  0]LogSlate: Took 0.000240 seconds to synchronously load lazily loaded font '../../../Engine/Content/Slate/Fonts/Roboto-Regular.ttf' (155K)
[2020.07.02-00.24.13:019][  0]LogSlate: Took 0.000142 seconds to synchronously load lazily loaded font '../../../Engine/Content/Slate/Fonts/Roboto-Bold.ttf' (160K)
[2020.07.02-00.24.13:022][  0]LogSlate: Took 0.000130 seconds to synchronously load lazily loaded font '../../../Engine/Content/Editor/Slate/Fonts/FontAwesome.ttf' (139K)
[2020.07.02-00.24.13:089][  0]LogRenderer: Reallocating scene render targets to support 1208x572 Format 10 NumSamples 1 (Frame:1).
[2020.07.02-00.24.13:128][  0]LogSlate: Took 0.000229 seconds to synchronously load lazily loaded font '../../../Engine/Content/Slate/Fonts/Roboto-Light.ttf' (167K)
[2020.07.02-00.24.13:166][  0]LogContentBrowser: Native class hierarchy updated for 'HierarchicalLODOutliner' in 0.0004 seconds. Added 0 classes and 0 folders.
[2020.07.02-00.24.13:166][  0]LogLoad: (Engine Initialization) Total time: 7.35 seconds
[2020.07.02-00.24.13:166][  0]LogLoad: (Engine Initialization) Total Blueprint compile time: 0.00 seconds
[2020.07.02-00.24.13:201][  0]LogAssetRegistry: Asset discovery search completed in 4.0396 seconds
[2020.07.02-00.24.13:204][  0]LogCollectionManager: Fixed up redirectors for 0 collections in 0.000005 seconds (updated 0 objects)
[2020.07.02-00.24.13:205][  0]LogContentStreaming: Texture pool size now 1000 MB
[2020.07.02-00.24.14:186][ 98]LogSlate: Took 0.000223 seconds to synchronously load lazily loaded font '../../../Engine/Content/Slate/Fonts/Roboto-Light.ttf' (167K)
[2020.07.02-00.24.19:860][311]LogTemp: Repeating last play command: Selected Viewport
[2020.07.02-00.24.19:867][311]LogBlueprintUserMessages: Early PlayInEditor Detection: Level '/Game/ThirdPersonCPP/Maps/ThirdPersonExampleMap.ThirdPersonExampleMap:PersistentLevel' has LevelScriptBlueprint '/Game/ThirdPersonCPP/Maps/ThirdPersonExampleMap.ThirdPersonExampleMap:PersistentLevel.ThirdPersonExampleMap' with GeneratedClass '/Game/ThirdPersonCPP/Maps/ThirdPersonExampleMap.ThirdPersonExampleMap_C' with ClassGeneratedBy '/Game/ThirdPersonCPP/Maps/ThirdPersonExampleMap.ThirdPersonExampleMap:PersistentLevel.ThirdPersonExampleMap'
[2020.07.02-00.24.19:867][311]LogPlayLevel: PlayLevel: No blueprints needed recompiling
[2020.07.02-00.24.19:867][311]BlueprintLog: Warning: Blueprint failed to compile:  BP_MyWidget
[2020.07.02-00.24.19:875][311]LogCustomDialog: Dialog displayed:
[2020.07.02-00.24.23:068][311]LogSlate: Window 'Blueprint Compilation Errors' being destroyed
[2020.07.02-00.24.25:356][575]LogAssetEditorSubsystem: Opening Asset editor for WidgetBlueprint /Game/ThirdPersonCPP/Blueprints/BP_MyWidget.BP_MyWidget
[2020.07.02-00.24.25:525][575]LogContentBrowser: Native class hierarchy updated for 'BlueprintGraph' in 0.0005 seconds. Added 121 classes and 0 folders.
[2020.07.02-00.24.26:393][575]LogSlate: Took 0.000152 seconds to synchronously load lazily loaded font '../../../Engine/Content/Slate/Fonts/Roboto-BoldCondensed.ttf' (158K)
[2020.07.02-00.24.28:348][794]BlueprintLog: New page: Compile BP_MyWidget
[2020.07.02-00.24.28:353][794]LogBlueprint: Error: [Compiler BP_MyWidget] In use pin  Time  no longer exists on node  Get . Please refresh node or break links to remove pin.
[2020.07.02-00.24.28:355][794]LogBlueprint: Error: [Compiler BP_MyWidget] Binding: Property ' Text Delegate ' on Widget ' TextBlock_1260 ': Binding: 'GetGameTime' : 'GetGameTime' was not found on 'BP My Widget'.
[2020.07.02-00.24.28:410][794]LogUObjectHash: Compacting FUObjectHashTables data took   3.36ms
[2020.07.02-00.24.52:284][519]BlueprintLog: New page: Compile BP_MyWidget
[2020.07.02-00.24.52:289][519]LogBlueprint: Error: [Compiler BP_MyWidget] Binding: Property ' Text Delegate ' on Widget ' TextBlock_1260 ': Member:GetGameTime Has the wrong number of arguments, it needs to return 1 value and take no parameters.
[2020.07.02-00.24.52:323][519]LogUObjectHash: Compacting FUObjectHashTables data took   3.18ms
[2020.07.02-00.25.05:890][ 53]BlueprintLog: New page: Compile BP_MyWidget
[2020.07.02-00.25.05:895][ 53]LogBlueprint: Error: [Compiler BP_MyWidget] Binding: Property ' Text Delegate ' on Widget ' TextBlock_1260 ': Member:GetGameTime Has the wrong number of arguments, it needs to return 1 value and take no parameters.
[2020.07.02-00.25.05:928][ 53]LogUObjectHash: Compacting FUObjectHashTables data took   3.25ms
[2020.07.02-00.25.07:055][180]Cmd: OBJ SAVEPACKAGE PACKAGE="/Game/ThirdPersonCPP/Blueprints/BP_MyWidget" FILE="../../../../Facultad/Unreal/UNREAL2TP/Unreal2TP/Unreal2TP/Content/ThirdPersonCPP/Blueprints/BP_MyWidget.uasset" SILENT=true
[2020.07.02-00.25.07:071][180]LogSavePackage: Moving '../../../../Facultad/Unreal/UNREAL2TP/Unreal2TP/Unreal2TP/Saved/BP_MyWidgetC88F575A4DCF98C97BF976B2E1756B8C.tmp' to '../../../../Facultad/Unreal/UNREAL2TP/Unreal2TP/Unreal2TP/Content/ThirdPersonCPP/Blueprints/BP_MyWidget.uasset'
[2020.07.02-00.25.07:087][180]AssetCheck: New page: Asset Save: BP_MyWidget
[2020.07.02-00.25.07:087][180]LogContentValidation: Display: Validating WidgetBlueprint /Game/ThirdPersonCPP/Blueprints/BP_MyWidget.BP_MyWidget
[2020.07.02-00.25.10:087][505]LogBlueprint: Warning: Unknown type of hyperlinked object (TextDelegate), cannot focus it
[2020.07.02-00.25.21:565][853]BlueprintLog: New page: Compile BP_MyWidget
[2020.07.02-00.25.21:569][853]LogBlueprint: Error: [Compiler BP_MyWidget] Binding: Property ' Text Delegate ' on Widget ' TextBlock_1260 ': Member:GetGameTime Has the wrong number of arguments, it needs to return 1 value and take no parameters.
[2020.07.02-00.25.21:604][853]LogUObjectHash: Compacting FUObjectHashTables data took   3.08ms
[2020.07.02-00.25.26:728][455]LogBlueprint: Warning: Unknown type of hyperlinked object (TextDelegate), cannot focus it
[2020.07.02-00.25.28:216][631]LogSlate: Window 'Message Log' being destroyed
[2020.07.02-00.25.28:220][631]LogSlate: Window 'Message Log' being destroyed
[2020.07.02-00.25.31:493][ 16]LogAssetEditorSubsystem: Opening Asset editor for Blueprint /Game/ThirdPersonCPP/Blueprints/BP_MyGameState.BP_MyGameState
[2020.07.02-00.25.40:030][967]BlueprintLog: New page: Compile BP_MyWidget
[2020.07.02-00.25.40:036][967]LogBlueprint: Error: [Compiler BP_MyWidget] Binding: Property ' Text Delegate ' on Widget ' TextBlock_1260 ': Member:GetGameTime Has the wrong number of arguments, it needs to return 1 value and take no parameters.
[2020.07.02-00.25.40:073][967]LogUObjectHash: Compacting FUObjectHashTables data took   3.24ms
[2020.07.02-00.25.42:330][216]LogBlueprint: Warning: Unknown type of hyperlinked object (TextBlock_1260), cannot focus it
[2020.07.02-00.25.44:008][402]LogSlate: Took 0.000127 seconds to synchronously load lazily loaded font '../../../Engine/Content/Slate/Fonts/DroidSansMono.ttf' (77K)
[2020.07.02-00.25.49:154][999]LogBlueprint: Warning: Unknown type of hyperlinked object (TextDelegate), cannot focus it
[2020.07.02-00.25.54:116][568]Candidate modules for hot reload:
[2020.07.02-00.25.54:116][568]  Unreal2TP
[2020.07.02-00.25.54:116][568]Launching UnrealBuildTool... [D:/UE_4.24/Engine/Binaries/DotNET/UnrealBuildTool.exe  -ModuleWithSuffix=Unreal2TP,3706 Win64 Development -TargetType=Editor -Project="D:/Facultad/Unreal/UNREAL2TP/Unreal2TP/Unreal2TP/Unreal2TP.uproject" "D:/Facultad/Unreal/UNREAL2TP/Unreal2TP/Unreal2TP/Unreal2TP.uproject"  -IgnoreJunk]
[2020.07.02-00.25.54:122][568]Warning: Starting HotReload took  0.0s.
[2020.07.02-00.25.55:987][746]CompilerResultsLog: New page: Compilation - Jul 1, 2020, 6:25:55 PM
[2020.07.02-00.25.55:987][746]CompilerResultsLog: Using 'git status' to determine working set for adaptive non-unity build (D:\Facultad\Unreal\UNREAL2TP\Unreal2TP).
[2020.07.02-00.25.55:987][746]CompilerResultsLog: Building Unreal2TPEditor...
[2020.07.02-00.25.55:987][746]CompilerResultsLog: Using Visual Studio 2017 14.16.27035 toolchain (C:\Program Files (x86)\Microsoft Visual Studio\2017\Community\VC\Tools\MSVC\14.16.27023) and Windows 10.0.17763.0 SDK (C:\Program Files (x86)\Windows Kits\10).
[2020.07.02-00.25.55:987][746]CompilerResultsLog: Building 3 actions with 8 processes...
[2020.07.02-00.25.55:987][746]CompilerResultsLog:   [1/3] UE4Editor-Unreal2TP-3706.lib
[2020.07.02-00.25.55:987][746]CompilerResultsLog:      Creating library D:\Facultad\Unreal\UNREAL2TP\Unreal2TP\Unreal2TP\Intermediate\Build\Win64\UE4Editor\Development\Unreal2TP\UE4Editor-Unreal2TP-3706.lib and object D:\Facultad\Unreal\UNREAL2TP\Unreal2TP\Unreal2TP\Intermediate\Build\Win64\UE4Editor\Development\Unreal2TP\UE4Editor-Unreal2TP-3706.exp
[2020.07.02-00.25.55:987][746]CompilerResultsLog:   [2/3] UE4Editor-Unreal2TP-3706.dll
[2020.07.02-00.25.55:987][746]CompilerResultsLog:      Creating library D:\Facultad\Unreal\UNREAL2TP\Unreal2TP\Unreal2TP\Intermediate\Build\Win64\UE4Editor\Development\Unreal2TP\UE4Editor-Unreal2TP-3706.suppressed.lib and object D:\Facultad\Unreal\UNREAL2TP\Unreal2TP\Unreal2TP\Intermediate\Build\Win64\UE4Editor\Development\Unreal2TP\UE4Editor-Unreal2TP-3706.suppressed.exp
[2020.07.02-00.25.55:987][746]CompilerResultsLog:   [3/3] Unreal2TPEditor.target
[2020.07.02-00.25.55:987][746]CompilerResultsLog: Total time in Parallel executor: 1.04 seconds
[2020.07.02-00.25.55:987][746]CompilerResultsLog: Total execution time: 1.80 seconds
[2020.07.02-00.25.55:987][746]LogMainFrame: MainFrame: Module compiling took 1.874 seconds
[2020.07.02-00.25.56:022][746]LogUObjectHash: Compacting FUObjectHashTables data took   3.07ms
[2020.07.02-00.25.56:079][746]LogContentBrowser: Native class hierarchy updated for 'Unreal2TP' in 0.0004 seconds. Added 11 classes and 2 folders.
[2020.07.02-00.25.56:084][746]Display: HotReload successful (11 functions remapped  0 scriptstructs remapped)
[2020.07.02-00.25.56:180][746]LogUObjectHash: Compacting FUObjectHashTables data took   2.43ms
[2020.07.02-00.25.56:193][746]LogContentBrowser: Native class hierarchy populated in 0.0065 seconds. Added 3028 classes and 722 folders.
[2020.07.02-00.25.56:194][746]Display: HotReload took  2.1s.
[2020.07.02-00.25.58:339][964]LogUObjectHash: Compacting FUObjectHashTables data took   3.47ms
[2020.07.02-00.25.58:440][964]LogSlate: Window 'BP_MyWidget' being destroyed
[2020.07.02-00.25.58:444][964]LogWorld: UWorld::CleanupWorld for World_2, bSessionEnded=true, bCleanupResources=true
[2020.07.02-00.25.58:444][964]LogSlate: InvalidateAllWidgets triggered.  All widgets were invalidated
[2020.07.02-00.25.58:617][964]LogWorld: UWorld::CleanupWorld for World_1, bSessionEnded=true, bCleanupResources=true
[2020.07.02-00.25.58:617][964]LogSlate: InvalidateAllWidgets triggered.  All widgets were invalidated
[2020.07.02-00.25.58:624][964]LogWorld: UWorld::CleanupWorld for World_0, bSessionEnded=true, bCleanupResources=true
[2020.07.02-00.25.58:624][964]LogSlate: InvalidateAllWidgets triggered.  All widgets were invalidated
[2020.07.02-00.25.58:679][964]LogSlate: Window 'Unreal2TP - Unreal Editor' being destroyed
[2020.07.02-00.25.58:754][964]LogWindowsTextInputMethodSystem: Display: IME system now deactivated.
[2020.07.02-00.25.59:064][965]Cmd: QUIT_EDITOR
[2020.07.02-00.25.59:064][965]LogCore: Engine exit requested (reason: UUnrealEdEngine::CloseEditor())
[2020.07.02-00.25.59:090][965]LogCore: Engine exit requested (reason: EngineExit() was called; note: exit was already requested)
[2020.07.02-00.25.59:098][965]LogAudioMixer: Display: No commands were queued while flushing the source manager.
[2020.07.02-00.25.59:288][965]LogExit: Preparing to exit.
[2020.07.02-00.26.00:666][965]LogDemo: Cleaned up 0 splitscreen connections with owner deletion
[2020.07.02-00.26.00:774][965]LogWorld: UWorld::CleanupWorld for None, bSessionEnded=true, bCleanupResources=true
[2020.07.02-00.26.00:774][965]LogExit: Editor shut down
[2020.07.02-00.26.00:775][965]LogExit: Transaction tracking system shut down
[2020.07.02-00.26.01:866][965]LogExit: Object subsystem successfully closed.
[2020.07.02-00.26.02:005][965]LogShaderCompilers: Display: Shaders left to compile 0
[2020.07.02-00.26.03:005][965]LogModuleManager: Shutting down and abandoning module Unreal2TP (703)
[2020.07.02-00.26.03:005][965]LogModuleManager: Shutting down and abandoning module SequencerWidgets (702)
[2020.07.02-00.26.03:005][965]LogModuleManager: Shutting down and abandoning module BlueprintGraph (700)
[2020.07.02-00.26.03:005][965]LogModuleManager: Shutting down and abandoning module HierarchicalLODOutliner (698)
[2020.07.02-00.26.03:005][965]LogModuleManager: Shutting down and abandoning module SceneOutliner (696)
[2020.07.02-00.26.03:005][965]LogModuleManager: Shutting down and abandoning module AddContentDialog (694)
[2020.07.02-00.26.03:019][965]LogModuleManager: Shutting down and abandoning module WidgetCarousel (693)
[2020.07.02-00.26.03:019][965]LogModuleManager: Shutting down and abandoning module EditorWidgets (690)
[2020.07.02-00.26.03:019][965]LogModuleManager: Shutting down and abandoning module CollectionManager (688)
[2020.07.02-00.26.03:025][965]LogModuleManager: Shutting down and abandoning module StatsViewer (686)
[2020.07.02-00.26.03:032][965]LogModuleManager: Shutting down and abandoning module VirtualTexturingEditor (684)
[2020.07.02-00.26.03:032][965]LogModuleManager: Shutting down and abandoning module FoliageEdit (682)
[2020.07.02-00.26.03:052][965]LogModuleManager: Shutting down and abandoning module LandscapeEditor (680)
[2020.07.02-00.26.03:076][965]LogModuleManager: Shutting down and abandoning module MeshPaintMode (678)
[2020.07.02-00.26.03:076][965]LogModuleManager: Shutting down and abandoning module SceneDepthPickerMode (676)
[2020.07.02-00.26.03:076][965]LogModuleManager: Shutting down and abandoning module ActorPickerMode (674)
[2020.07.02-00.26.03:076][965]LogModuleManager: Shutting down and abandoning module GeometryMode (672)
[2020.07.02-00.26.03:076][965]LogModuleManager: Shutting down and abandoning module TextureAlignMode (670)
[2020.07.02-00.26.03:077][965]LogModuleManager: Shutting down and abandoning module BspMode (668)
[2020.07.02-00.26.03:077][965]LogModuleManager: Shutting down and abandoning module PIEPreviewDeviceProfileSelector (666)
[2020.07.02-00.26.03:090][965]LogModuleManager: Shutting down and abandoning module SequenceRecorderSections (664)
[2020.07.02-00.26.03:090][965]LogModuleManager: Shutting down and abandoning module AutomationWorker (662)
[2020.07.02-00.26.03:091][965]LogModuleManager: Shutting down and abandoning module SteamVREditor (660)
[2020.07.02-00.26.03:091][965]LogModuleManager: Shutting down and abandoning module OculusMR (658)
[2020.07.02-00.26.03:095][965]LogModuleManager: Shutting down and abandoning module AudioCaptureEditor (656)
[2020.07.02-00.26.03:102][965]LogModuleManager: Shutting down and abandoning module MatineeToLevelSequence (654)
[2020.07.02-00.26.03:103][965]LogModuleManager: Shutting down and abandoning module LevelSequenceEditor (652)
[2020.07.02-00.26.03:121][965]LogModuleManager: Shutting down and abandoning module PlacementMode (651)
[2020.07.02-00.26.03:121][965]LogModuleManager: Shutting down and abandoning module MaterialEditor (650)
[2020.07.02-00.26.03:146][965]LogModuleManager: Shutting down and abandoning module ActorSequenceEditor (646)
[2020.07.02-00.26.03:154][965]LogModuleManager: Shutting down and abandoning module WmfMediaFactory (644)
[2020.07.02-00.26.03:154][965]LogModuleManager: Shutting down and abandoning module WmfMediaEditor (642)
[2020.07.02-00.26.03:154][965]LogModuleManager: Shutting down and abandoning module WebMMediaFactory (640)
[2020.07.02-00.26.03:154][965]LogModuleManager: Shutting down and abandoning module WebMMediaEditor (638)
[2020.07.02-00.26.03:155][965]LogModuleManager: Shutting down and abandoning module WebMMedia (636)
[2020.07.02-00.26.03:159][965]LogModuleManager: Shutting down and abandoning module MediaPlayerEditor (634)
[2020.07.02-00.26.03:278][965]LogModuleManager: Shutting down and abandoning module MediaCompositingEditor (632)
[2020.07.02-00.26.03:298][965]LogModuleManager: Shutting down and abandoning module SequenceRecorder (631)
[2020.07.02-00.26.03:298][965]LogModuleManager: Shutting down and abandoning module OpenExrWrapper (628)
[2020.07.02-00.26.03:299][965]LogModuleManager: Shutting down and abandoning module ImgMediaFactory (626)
[2020.07.02-00.26.03:299][965]LogModuleManager: Shutting down and abandoning module ImgMediaEditor (624)
[2020.07.02-00.26.03:299][965]LogModuleManager: Shutting down and abandoning module AvfMediaFactory (622)
[2020.07.02-00.26.03:299][965]LogModuleManager: Shutting down and abandoning module AvfMediaEditor (620)
[2020.07.02-00.26.03:299][965]LogModuleManager: Shutting down and abandoning module AndroidMediaFactory (618)
[2020.07.02-00.26.03:299][965]LogModuleManager: Shutting down and abandoning module AndroidMediaEditor (616)
[2020.07.02-00.26.03:299][965]LogModuleManager: Shutting down and abandoning module MagicLeapMediaCodecFactory (614)
[2020.07.02-00.26.03:299][965]LogModuleManager: Shutting down and abandoning module MagicLeapMediaFactory (612)
[2020.07.02-00.26.03:299][965]LogModuleManager: Shutting down and abandoning module MagicLeapMediaEditor (610)
[2020.07.02-00.26.03:299][965]LogModuleManager: Shutting down and abandoning module CharacterAI (608)
[2020.07.02-00.26.03:299][965]LogModuleManager: Shutting down and abandoning module SmartSnapping (606)
[2020.07.02-00.26.03:299][965]LogModuleManager: Shutting down and abandoning module SessionServices (604)
[2020.07.02-00.26.03:299][965]LogModuleManager: Shutting down and abandoning module MeshPaint (602)
[2020.07.02-00.26.03:310][965]LogModuleManager: Shutting down and abandoning module ViewportSnapping (600)
[2020.07.02-00.26.03:310][965]LogModuleManager: Shutting down and abandoning module ViewportInteraction (598)
[2020.07.02-00.26.03:310][965]LogModuleManager: Shutting down and abandoning module ClothPainter (596)
[2020.07.02-00.26.03:329][965]LogModuleManager: Shutting down and abandoning module SkeletalMeshEditor (595)
[2020.07.02-00.26.03:338][965]LogModuleManager: Shutting down and abandoning module LogVisualizer (592)
[2020.07.02-00.26.03:352][965]LogModuleManager: Shutting down and abandoning module IntroTutorials (590)
[2020.07.02-00.26.03:360][965]LogModuleManager: Shutting down and abandoning module GameProjectGeneration (589)
[2020.07.02-00.26.03:371][965]LogModuleManager: Shutting down and abandoning module LuminPlatformEditor (586)
[2020.07.02-00.26.03:371][965]LogModuleManager: Shutting down and abandoning module IOSPlatformEditor (584)
[2020.07.02-00.26.03:377][965]LogModuleManager: Shutting down and abandoning module AndroidPlatformEditor (582)
[2020.07.02-00.26.03:389][965]LogModuleManager: Shutting down and abandoning module AndroidDeviceDetection (581)
[2020.07.02-00.26.04:006][965]LogModuleManager: Shutting down and abandoning module WindowsPlatformEditor (578)
[2020.07.02-00.26.04:006][965]LogModuleManager: Shutting down and abandoning module LuminRuntimeSettings (576)
[2020.07.02-00.26.04:006][965]LogModuleManager: Shutting down and abandoning module IOSRuntimeSettings (574)
[2020.07.02-00.26.04:006][965]LogModuleManager: Shutting down and abandoning module AndroidRuntimeSettings (572)
[2020.07.02-00.26.04:006][965]LogModuleManager: Shutting down and abandoning module EditorInteractiveToolsFramework (570)
[2020.07.02-00.26.04:006][965]LogModuleManager: Shutting down and abandoning module TimeManagementEditor (568)
[2020.07.02-00.26.04:006][965]LogModuleManager: Shutting down and abandoning module InputBindingEditor (566)
[2020.07.02-00.26.04:007][965]LogModuleManager: Shutting down and abandoning module MergeActors (564)
[2020.07.02-00.26.04:018][965]LogModuleManager: Shutting down and abandoning module LocalizationDashboard (562)
[2020.07.02-00.26.04:024][965]LogModuleManager: Shutting down and abandoning module LocalizationService (561)
[2020.07.02-00.26.04:034][965]LogModuleManager: Shutting down and abandoning module HardwareTargeting (558)
[2020.07.02-00.26.04:034][965]LogModuleManager: Shutting down and abandoning module DeviceProfileEditor (556)
[2020.07.02-00.26.04:034][965]LogModuleManager: Shutting down and abandoning module UndoHistory (554)
[2020.07.02-00.26.04:041][965]LogModuleManager: Shutting down and abandoning module XmlParser (552)
[2020.07.02-00.26.04:041][965]LogModuleManager: Shutting down and abandoning module Blutility (550)
[2020.07.02-00.26.04:041][965]LogModuleManager: Shutting down and abandoning module ProjectSettingsViewer (548)
[2020.07.02-00.26.04:041][965]LogModuleManager: Shutting down and abandoning module ProjectTargetPlatformEditor (547)
[2020.07.02-00.26.04:042][965]LogModuleManager: Shutting down and abandoning module EditorSettingsViewer (544)
[2020.07.02-00.26.04:042][965]LogModuleManager: Shutting down and abandoning module SettingsEditor (542)
[2020.07.02-00.26.04:060][965]LogModuleManager: Shutting down and abandoning module ProjectLauncher (540)
[2020.07.02-00.26.04:072][965]LogModuleManager: Shutting down and abandoning module SessionFrontend (538)
[2020.07.02-00.26.04:083][965]LogModuleManager: Shutting down and abandoning module ProfilerClient (536)
[2020.07.02-00.26.04:083][965]LogModuleManager: Shutting down and abandoning module DeviceManager (534)
[2020.07.02-00.26.04:096][965]LogModuleManager: Shutting down and abandoning module TargetDeviceServices (533)
[2020.07.02-00.26.04:128][965]LogModuleManager: Shutting down and abandoning module AutomationController (530)
[2020.07.02-00.26.04:136][965]LogModuleManager: Shutting down and abandoning module AutomationWindow (528)
[2020.07.02-00.26.04:150][965]LogModuleManager: Shutting down and abandoning module Layers (526)
[2020.07.02-00.26.04:163][965]LogModuleManager: Shutting down and abandoning module ComponentVisualizers (524)
[2020.07.02-00.26.04:163][965]LogModuleManager: Shutting down and abandoning module DetailCustomizations (522)
[2020.07.02-00.26.04:181][965]LogModuleManager: Shutting down and abandoning module PackagesDialog (520)
[2020.07.02-00.26.04:182][965]LogModuleManager: Shutting down and abandoning module AnimationBlueprintEditor (518)
[2020.07.02-00.26.04:194][965]LogModuleManager: Shutting down and abandoning module Persona (516)
[2020.07.02-00.26.04:221][965]LogModuleManager: Shutting down and abandoning module AdvancedPreviewScene (515)
[2020.07.02-00.26.04:221][965]LogModuleManager: Shutting down and abandoning module AnimGraph (513)
[2020.07.02-00.26.04:230][965]LogModuleManager: Shutting down and abandoning module Kismet (510)
[2020.07.02-00.26.04:241][965]LogModuleManager: Shutting down and abandoning module KismetWidgets (509)
[2020.07.02-00.26.04:241][965]LogModuleManager: Shutting down and abandoning module GraphEditor (506)
[2020.07.02-00.26.04:242][965]LogModuleManager: Shutting down and abandoning module StructViewer (504)
[2020.07.02-00.26.04:242][965]LogModuleManager: Shutting down and abandoning module ClassViewer (502)
[2020.07.02-00.26.04:242][965]LogModuleManager: Shutting down and abandoning module Toolbox (500)
[2020.07.02-00.26.04:242][965]LogModuleManager: Shutting down and abandoning module ModuleUI (498)
[2020.07.02-00.26.04:250][965]LogModuleManager: Shutting down and abandoning module OutputLog (496)
[2020.07.02-00.26.04:251][965]LogModuleManager: Shutting down and abandoning module GammaUI (494)
[2020.07.02-00.26.04:251][965]LogModuleManager: Shutting down and abandoning module Documentation (492)
[2020.07.02-00.26.04:251][965]LogModuleManager: Shutting down and abandoning module ToolMenus (490)
[2020.07.02-00.26.04:251][965]LogModuleManager: Shutting down and abandoning module LiveCoding (488)
[2020.07.02-00.26.04:268][965]LogModuleManager: Shutting down and abandoning module LevelSequence (486)
[2020.07.02-00.26.04:268][965]LogModuleManager: Shutting down and abandoning module MovieSceneTracks (484)
[2020.07.02-00.26.04:268][965]LogModuleManager: Shutting down and abandoning module MovieScene (482)
[2020.07.02-00.26.04:273][965]LogModuleManager: Shutting down and abandoning module StreamingPauseRendering (480)
[2020.07.02-00.26.04:273][965]LogModuleManager: Shutting down and abandoning module LauncherPlatform (478)
[2020.07.02-00.26.04:273][965]LogModuleManager: Shutting down and abandoning module AnalyticsET (476)
[2020.07.02-00.26.04:273][965]LogModuleManager: Shutting down and abandoning module PortalServices (474)
[2020.07.02-00.26.04:273][965]LogModuleManager: Shutting down and abandoning module PortalRpc (472)
[2020.07.02-00.26.04:273][965]LogModuleManager: Shutting down and abandoning module MessagingRpc (470)
[2020.07.02-00.26.04:273][965]LogModuleManager: Shutting down and abandoning module AudioMixerXAudio2 (468)
[2020.07.02-00.26.04:273][965]LogModuleManager: Shutting down and abandoning module AIModule (466)
[2020.07.02-00.26.04:274][965]LogModuleManager: Shutting down and abandoning module GameplayDebugger (465)
[2020.07.02-00.26.04:274][965]LogModuleManager: Shutting down and abandoning module AITestSuite (463)
[2020.07.02-00.26.04:274][965]LogModuleManager: Shutting down and abandoning module NavigationSystem (461)
[2020.07.02-00.26.04:274][965]LogModuleManager: Shutting down and abandoning module ImageWriteQueue (458)
[2020.07.02-00.26.04:278][965]LogModuleManager: Shutting down and abandoning module ProfilerService (