Log file open, 07/02/20 04:14:17
LogWindows: Failed to load 'aqProf.dll' (GetLastError=126)
LogWindows: File 'aqProf.dll' does not exist
LogWindows: Failed to load 'VtuneApi.dll' (GetLastError=126)
LogWindows: File 'VtuneApi.dll' does not exist
LogWindows: Failed to load 'VtuneApi32e.dll' (GetLastError=126)
LogWindows: File 'VtuneApi32e.dll' does not exist
LogConsoleResponse: Display: Failed to find resolution value strings in scalability ini. Falling back to default.
LogInit: Display: Running engine for game: Unreal2TP
LogPlatformFile: Not using cached read wrapper
LogTaskGraph: Started task graph with 5 named threads and 26 total threads with 3 sets of task threads.
LogStats: Stats thread started at 0.129266
LogD3D11RHI: Loaded GFSDK_Aftermath_Lib.x64.dll
LogICUInternationalization: ICU TimeZone Detection - Raw Offset: -3:00, Platform Override: ''
LogPluginManager: Mounting plugin Paper2D
LogPluginManager: Mounting plugin AISupport
LogPluginManager: Mounting plugin LightPropagationVolume
LogPluginManager: Mounting plugin ActorLayerUtilities
LogPluginManager: Mounting plugin AnimationSharing
LogPluginManager: Mounting plugin CLionSourceCodeAccess
LogPluginManager: Mounting plugin CodeLiteSourceCodeAccess
LogPluginManager: Mounting plugin GitSourceControl
LogPluginManager: Mounting plugin KDevelopSourceCodeAccess
LogPluginManager: Mounting plugin NullSourceCodeAccess
LogPluginManager: Mounting plugin PerforceSourceControl
LogPluginManager: Mounting plugin PlasticSourceControl
LogPluginManager: Mounting plugin SubversionSourceControl
LogPluginManager: Mounting plugin UObjectPlugin
LogPluginManager: Mounting plugin VisualStudioCodeSourceCodeAccess
LogPluginManager: Mounting plugin VisualStudioSourceCodeAccess
LogPluginManager: Mounting plugin XCodeSourceCodeAccess
LogPluginManager: Mounting plugin AssetManagerEditor
LogPluginManager: Mounting plugin CryptoKeys
LogPluginManager: Mounting plugin CurveEditorTools
LogPluginManager: Mounting plugin DataValidation
LogPluginManager: Mounting plugin FacialAnimation
LogPluginManager: Mounting plugin GameplayTagsEditor
LogPluginManager: Mounting plugin MacGraphicsSwitching
LogPluginManager: Mounting plugin MaterialAnalyzer
LogPluginManager: Mounting plugin MobileLauncherProfileWizard
LogPluginManager: Mounting plugin PluginBrowser
LogPluginManager: Mounting plugin SpeedTreeImporter
LogPluginManager: Mounting plugin DatasmithContent
LogPluginManager: Mounting plugin VariantManagerContent
LogPluginManager: Mounting plugin AlembicImporter
LogPluginManager: Mounting plugin AutomationUtils
LogPluginManager: Mounting plugin BackChannel
LogPluginManager: Mounting plugin CharacterAI
LogPluginManager: Mounting plugin GeometryCache
LogPluginManager: Mounting plugin PlatformCrypto
LogPluginManager: Mounting plugin ProxyLODPlugin
LogPluginManager: Mounting plugin SkeletalReduction
LogPluginManager: Mounting plugin MagicLeap
LogPluginManager: Mounting plugin MagicLeapMedia
LogPluginManager: Mounting plugin MLSDK
LogPluginManager: Mounting plugin AndroidMedia
LogPluginManager: Mounting plugin AvfMedia
LogPluginManager: Mounting plugin ImgMedia
LogPluginManager: Mounting plugin MediaCompositing
LogPluginManager: Mounting plugin MediaPlayerEditor
LogPluginManager: Mounting plugin WebMMedia
LogPluginManager: Mounting plugin WmfMedia
LogPluginManager: Mounting plugin TcpMessaging
LogPluginManager: Mounting plugin UdpMessaging
LogPluginManager: Mounting plugin ActorSequence
LogPluginManager: Mounting plugin LevelSequenceEditor
LogPluginManager: Mounting plugin MatineeToLevelSequence
LogPluginManager: Mounting plugin NetcodeUnitTest
LogPluginManager: Mounting plugin NUTUnrealEngine4
LogPluginManager: Mounting plugin OnlineSubsystemGooglePlay
LogPluginManager: Mounting plugin OnlineSubsystemIOS
LogPluginManager: Mounting plugin OnlineSubsystem
LogPluginManager: Mounting plugin OnlineSubsystemNull
LogPluginManager: Mounting plugin OnlineSubsystemUtils
LogPluginManager: Mounting plugin LauncherChunkInstaller
LogPluginManager: Mounting plugin AndroidDeviceProfileSelector
LogPluginManager: Mounting plugin AndroidMoviePlayer
LogPluginManager: Mounting plugin AndroidPermission
LogPluginManager: Mounting plugin AppleImageUtils
LogPluginManager: Mounting plugin AppleMoviePlayer
LogPluginManager: Mounting plugin ArchVisCharacter
LogPluginManager: Mounting plugin AssetTags
LogPluginManager: Mounting plugin AudioCapture
LogPluginManager: Mounting plugin CableComponent
LogPluginManager: Mounting plugin CustomMeshComponent
LogPluginManager: Mounting plugin EditableMesh
LogPluginManager: Mounting plugin ExampleDeviceProfileSelector
LogPluginManager: Mounting plugin GoogleCloudMessaging
LogPluginManager: Mounting plugin IOSDeviceProfileSelector
LogPluginManager: Mounting plugin LinuxDeviceProfileSelector
LogPluginManager: Mounting plugin LocationServicesBPLibrary
LogPluginManager: Mounting plugin MobilePatchingUtils
LogPluginManager: Mounting plugin OculusVR
LogPluginManager: Mounting plugin PhysXVehicles
LogPluginManager: Mounting plugin PostSplashScreen
LogPluginManager: Mounting plugin ProceduralMeshComponent
LogPluginManager: Mounting plugin RuntimePhysXCooking
LogPluginManager: Mounting plugin SignificanceManager
LogPluginManager: Mounting plugin SteamVR
LogPluginManager: Mounting plugin WebMMoviePlayer
LogPluginManager: Mounting plugin WindowsMoviePlayer
LogPluginManager: Mounting plugin ScreenshotTools
LogInit: Using libcurl 7.55.1-DEV
LogInit:  - built for x86_64-pc-win32
LogInit:  - supports SSL with OpenSSL/1.1.1
LogInit:  - supports HTTP deflate (compression) using libz 1.2.8
LogInit:  - other features:
LogInit:      CURL_VERSION_SSL
LogInit:      CURL_VERSION_LIBZ
LogInit:      CURL_VERSION_IPV6
LogInit:      CURL_VERSION_ASYNCHDNS
LogInit:      CURL_VERSION_LARGEFILE
LogInit:      CURL_VERSION_IDN
LogInit:  CurlRequestOptions (configurable via config and command line):
LogInit:  - bVerifyPeer = true  - Libcurl will verify peer certificate
LogInit:  - bUseHttpProxy = false  - Libcurl will NOT use HTTP proxy
LogInit:  - bDontReuseConnections = false  - Libcurl will reuse connections
LogInit:  - MaxHostConnections = 16  - Libcurl will limit the number of connections to a host
LogInit:  - LocalHostAddr = Default
LogInit:  - BufferSize = 65536
LogOnline: OSS: Creating online subsystem instance for: NULL
LogInit: WinSock: version 1.1 (2.2), MaxSocks=32767, MaxUdp=65467
LogOnline: OSS: TryLoadSubsystemAndSetDefault: Loaded subsystem for module [NULL]
LogInit: Build: ++UE4+Release-4.24-CL-11590370
LogInit: Engine Version: 4.24.3-11590370+++UE4+Release-4.24
LogInit: Compatible Engine Version: 4.24.0-10570792+++UE4+Release-4.24
LogInit: Net CL: 10570792
LogInit: OS: Windows 10 (Release 1909) (), CPU: Intel(R) Core(TM) i7-9700KF CPU @ 3.60GHz, GPU: NVIDIA GeForce GTX 1070
LogInit: Compiled (64-bit): Feb 24 2020 15:39:18
LogInit: Compiled with Visual C++: 19.16.27032.01
LogInit: Build Configuration: Development
LogInit: Branch Name: ++UE4+Release-4.24
LogInit: Command Line:  -skipcompile
LogInit: Base Directory: D:/UE_4.24/Engine/Binaries/Win64/
LogInit: Installed Engine Build: 1
LogDevObjectVersion: Number of dev versions registered: 25
LogDevObjectVersion:   Dev-Blueprints (B0D832E4-1F89-4F0D-ACCF-7EB736FD4AA2): 10
LogDevObjectVersion:   Dev-Build (E1C64328-A22C-4D53-A36C-8E866417BD8C): 0
LogDevObjectVersion:   Dev-Core (375EC13C-06E4-48FB-B500-84F0262A717E): 3
LogDevObjectVersion:   Dev-Editor (E4B068ED-F494-42E9-A231-DA0B2E46BB41): 37
LogDevObjectVersion:   Dev-Framework (CFFC743F-43B0-4480-9391-14DF171D2073): 36
LogDevObjectVersion:   Dev-Mobile (B02B49B5-BB20-44E9-A304-32B752E40360): 2
LogDevObjectVersion:   Dev-Networking (A4E4105C-59A1-49B5-A7C5-40C4547EDFEE): 0
LogDevObjectVersion:   Dev-Online (39C831C9-5AE6-47DC-9A44-9C173E1C8E7C): 0
LogDevObjectVersion:   Dev-Physics (78F01B33-EBEA-4F98-B9B4-84EACCB95AA2): 2
LogDevObjectVersion:   Dev-Platform (6631380F-2D4D-43E0-8009-CF276956A95A): 0
LogDevObjectVersion:   Dev-Rendering (12F88B9F-8875-4AFC-A67C-D90C383ABD29): 36
LogDevObjectVersion:   Dev-Sequencer (7B5AE74C-D270-4C10-A958-57980B212A5A): 11
LogDevObjectVersion:   Dev-VR (D7296918-1DD6-4BDD-9DE2-64A83CC13884): 2
LogDevObjectVersion:   Dev-LoadTimes (C2A15278-BFE7-4AFE-6C17-90FF531DF755): 1
LogDevObjectVersion:   Private-Geometry (6EACA3D4-40EC-4CC1-B786-8BED09428FC5): 3
LogDevObjectVersion:   Dev-AnimPhys (29E575DD-E0A3-4627-9D10-D276232CDCEA): 17
LogDevObjectVersion:   Dev-Anim (AF43A65D-7FD3-4947-9873-3E8ED9C1BB05): 2
LogDevObjectVersion:   Dev-ReflectionCapture (6B266CEC-1EC7-4B8F-A30B-E4D90942FC07): 1
LogDevObjectVersion:   Dev-Automation (0DF73D61-A23F-47EA-B727-89E90C41499A): 1
LogDevObjectVersion:   FortniteMain (601D1886-AC64-4F84-AA16-D3DE0DEAC7D6): 31
LogDevObjectVersion:   Dev-Enterprise (9DFFBCD6-494F-0158-E221-12823C92A888): 8
LogDevObjectVersion:   Dev-Niagara (F2AED0AC-9AFE-416F-8664-AA7FFA26D6FC): 1
LogDevObjectVersion:   Dev-Destruction (174F1F0B-B4C6-45A5-B13F-2EE8D0FB917D): 9
LogDevObjectVersion:   Dev-Physics-Ext (35F94A83-E258-406C-A318-09F59610247C): 8
LogDevObjectVersion:   Dev-CineCamera (B2E18506-4273-CFC2-A54E-F4BB758BBA07): 1
LogInit: Presizing for max 25165824 objects, including 0 objects not considered by GC, pre-allocating 0 bytes for permanent pool.
LogInit: Object subsystem initialized
LogConfig: Setting CVar [[con.DebugEarlyDefault:1]]
LogConfig: Setting CVar [[r.setres:1280x720]]
[2020.07.02-07.14.17:508][  0]LogConfig: Setting CVar [[r.VSync:0]]
[2020.07.02-07.14.17:508][  0]LogConfig: Setting CVar [[r.RHICmdBypass:0]]
[2020.07.02-07.14.17:508][  0]LogConfig: Applying CVar settings from Section [/Script/Engine.RendererSettings] File [D:/Facultad/Unreal/UNREAL2TP/Unreal2TP/Unreal2TP/Saved/Config/Windows/Engine.ini]
[2020.07.02-07.14.17:508][  0]LogConfig: Setting CVar [[r.GPUCrashDebugging:0]]
[2020.07.02-07.14.17:508][  0]LogConfig: Applying CVar settings from Section [/Script/Engine.RendererOverrideSettings] File [D:/Facultad/Unreal/UNREAL2TP/Unreal2TP/Unreal2TP/Saved/Config/Windows/Engine.ini]
[2020.07.02-07.14.17:508][  0]LogConfig: Applying CVar settings from Section [/Script/Engine.StreamingSettings] File [D:/Facultad/Unreal/UNREAL2TP/Unreal2TP/Unreal2TP/Saved/Config/Windows/Engine.ini]
[2020.07.02-07.14.17:508][  0]LogConfig: Setting CVar [[s.MinBulkDataSizeForAsyncLoading:131072]]
[2020.07.02-07.14.17:508][  0]LogConfig: Setting CVar [[s.AsyncLoadingThreadEnabled:0]]
[2020.07.02-07.14.17:508][  0]LogConfig: Setting CVar [[s.EventDrivenLoaderEnabled:1]]
[2020.07.02-07.14.17:508][  0]LogConfig: Setting CVar [[s.WarnIfTimeLimitExceeded:0]]
[2020.07.02-07.14.17:508][  0]LogConfig: Setting CVar [[s.TimeLimitExceededMultiplier:1.5]]
[2020.07.02-07.14.17:509][  0]LogConfig: Setting CVar [[s.TimeLimitExceededMinTime:0.005]]
[2020.07.02-07.14.17:509][  0]LogConfig: Setting CVar [[s.UseBackgroundLevelStreaming:1]]
[2020.07.02-07.14.17:509][  0]LogConfig: Setting CVar [[s.PriorityAsyncLoadingExtraTime:15.0]]
[2020.07.02-07.14.17:509][  0]LogConfig: Setting CVar [[s.LevelStreamingActorsUpdateTimeLimit:5.0]]
[2020.07.02-07.14.17:509][  0]LogConfig: Setting CVar [[s.PriorityLevelStreamingActorsUpdateExtraTime:5.0]]
[2020.07.02-07.14.17:509][  0]LogConfig: Setting CVar [[s.LevelStreamingComponentsRegistrationGranularity:10]]
[2020.07.02-07.14.17:509][  0]LogConfig: Setting CVar [[s.UnregisterComponentsTimeLimit:1.0]]
[2020.07.02-07.14.17:509][  0]LogConfig: Setting CVar [[s.LevelStreamingComponentsUnregistrationGranularity:5]]
[2020.07.02-07.14.17:509][  0]LogConfig: Setting CVar [[s.FlushStreamingOnExit:1]]
[2020.07.02-07.14.17:509][  0]LogConfig: Applying CVar settings from Section [/Script/Engine.GarbageCollectionSettings] File [D:/Facultad/Unreal/UNREAL2TP/Unreal2TP/Unreal2TP/Saved/Config/Windows/Engine.ini]
[2020.07.02-07.14.17:509][  0]LogConfig: Setting CVar [[gc.MaxObjectsNotConsideredByGC:1]]
[2020.07.02-07.14.17:509][  0]LogConfig: Setting CVar [[gc.SizeOfPermanentObjectPool:0]]
[2020.07.02-07.14.17:509][  0]LogConfig: Setting CVar [[gc.FlushStreamingOnGC:0]]
[2020.07.02-07.14.17:509][  0]LogConfig: Setting CVar [[gc.NumRetriesBeforeForcingGC:10]]
[2020.07.02-07.14.17:509][  0]LogConfig: Setting CVar [[gc.AllowParallelGC:1]]
[2020.07.02-07.14.17:509][  0]LogConfig: Setting CVar [[gc.TimeBetweenPurgingPendingKillObjects:61.1]]
[2020.07.02-07.14.17:509][  0]LogConfig: Setting CVar [[gc.MaxObjectsInEditor:25165824]]
[2020.07.02-07.14.17:509][  0]LogConfig: Setting CVar [[gc.IncrementalBeginDestroyEnabled:1]]
[2020.07.02-07.14.17:509][  0]LogConfig: Setting CVar [[gc.CreateGCClusters:1]]
[2020.07.02-07.14.17:509][  0]LogConfig: Setting CVar [[gc.MinGCClusterSize:5]]
[2020.07.02-07.14.17:509][  0]LogConfig: Setting CVar [[gc.ActorClusteringEnabled:0]]
[2020.07.02-07.14.17:509][  0]LogConfig: Setting CVar [[gc.BlueprintClusteringEnabled:0]]
[2020.07.02-07.14.17:509][  0]LogConfig: Setting CVar [[gc.UseDisregardForGCOnDedicatedServers:0]]
[2020.07.02-07.14.17:509][  0]LogConfig: Applying CVar settings from Section [/Script/Engine.NetworkSettings] File [D:/Facultad/Unreal/UNREAL2TP/Unreal2TP/Unreal2TP/Saved/Config/Windows/Engine.ini]
[2020.07.02-07.14.17:510][  0]LogConfig: Applying CVar settings from Section [/Script/UnrealEd.CookerSettings] File [D:/Facultad/Unreal/UNREAL2TP/Unreal2TP/Unreal2TP/Saved/Config/Windows/Engine.ini]
[2020.07.02-07.14.17:519][  0]LogConfig: Applying CVar settings from Section [ViewDistanceQuality@3] File [D:/Facultad/Unreal/UNREAL2TP/Unreal2TP/Unreal2TP/Saved/Config/Windows/Scalability.ini]
[2020.07.02-07.14.17:519][  0]LogConfig: Setting CVar [[r.SkeletalMeshLODBias:0]]
[2020.07.02-07.14.17:520][  0]LogConfig: Setting CVar [[r.ViewDistanceScale:1.0]]
[2020.07.02-07.14.17:520][  0]LogConfig: Applying CVar settings from Section [AntiAliasingQuality@3] File [D:/Facultad/Unreal/UNREAL2TP/Unreal2TP/Unreal2TP/Saved/Config/Windows/Scalability.ini]
[2020.07.02-07.14.17:520][  0]LogConfig: Setting CVar [[r.PostProcessAAQuality:4]]
[2020.07.02-07.14.17:520][  0]LogConfig: Applying CVar settings from Section [ShadowQuality@3] File [D:/Facultad/Unreal/UNREAL2TP/Unreal2TP/Unreal2TP/Saved/Config/Windows/Scalability.ini]
[2020.07.02-07.14.17:520][  0]LogConfig: Setting CVar [[r.LightFunctionQuality:1]]
[2020.07.02-07.14.17:520][  0]LogConfig: Setting CVar [[r.ShadowQuality:5]]
[2020.07.02-07.14.17:520][  0]LogConfig: Setting CVar [[r.Shadow.CSM.MaxCascades:10]]
[2020.07.02-07.14.17:520][  0]LogConfig: Setting CVar [[r.Shadow.MaxResolution:2048]]
[2020.07.02-07.14.17:520][  0]LogConfig: Setting CVar [[r.Shadow.MaxCSMResolution:2048]]
[2020.07.02-07.14.17:520][  0]LogConfig: Setting CVar [[r.Shadow.RadiusThreshold:0.01]]
[2020.07.02-07.14.17:520][  0]LogConfig: Setting CVar [[r.Shadow.DistanceScale:1.0]]
[2020.07.02-07.14.17:520][  0]LogConfig: Setting CVar [[r.Shadow.CSM.TransitionScale:1.0]]
[2020.07.02-07.14.17:520][  0]LogConfig: Setting CVar [[r.Shadow.PreShadowResolutionFactor:1.0]]
[2020.07.02-07.14.17:520][  0]LogConfig: Setting CVar [[r.DistanceFieldShadowing:1]]
[2020.07.02-07.14.17:520][  0]LogConfig: Setting CVar [[r.DistanceFieldAO:1]]
[2020.07.02-07.14.17:520][  0]LogConfig: Setting CVar [[r.AOQuality:2]]
[2020.07.02-07.14.17:520][  0]LogConfig: Setting CVar [[r.VolumetricFog:1]]
[2020.07.02-07.14.17:520][  0]LogConfig: Setting CVar [[r.VolumetricFog.GridPixelSize:8]]
[2020.07.02-07.14.17:521][  0]LogConfig: Setting CVar [[r.VolumetricFog.GridSizeZ:128]]
[2020.07.02-07.14.17:521][  0]LogConfig: Setting CVar [[r.VolumetricFog.HistoryMissSupersampleCount:4]]
[2020.07.02-07.14.17:521][  0]LogConfig: Setting CVar [[r.LightMaxDrawDistanceScale:1]]
[2020.07.02-07.14.17:521][  0]LogConfig: Setting CVar [[r.CapsuleShadows:1]]
[2020.07.02-07.14.17:521][  0]LogConfig: Applying CVar settings from Section [PostProcessQuality@3] File [D:/Facultad/Unreal/UNREAL2TP/Unreal2TP/Unreal2TP/Saved/Config/Windows/Scalability.ini]
[2020.07.02-07.14.17:521][  0]LogConfig: Setting CVar [[r.MotionBlurQuality:4]]
[2020.07.02-07.14.17:521][  0]LogConfig: Setting CVar [[r.AmbientOcclusionMipLevelFactor:0.4]]
[2020.07.02-07.14.17:521][  0]LogConfig: Setting CVar [[r.AmbientOcclusionMaxQuality:100]]
[2020.07.02-07.14.17:521][  0]LogConfig: Setting CVar [[r.AmbientOcclusionLevels:-1]]
[2020.07.02-07.14.17:521][  0]LogConfig: Setting CVar [[r.AmbientOcclusionRadiusScale:1.0]]
[2020.07.02-07.14.17:521][  0]LogConfig: Setting CVar [[r.DepthOfFieldQuality:2]]
[2020.07.02-07.14.17:521][  0]LogConfig: Setting CVar [[r.RenderTargetPoolMin:400]]
[2020.07.02-07.14.17:521][  0]LogConfig: Setting CVar [[r.LensFlareQuality:2]]
[2020.07.02-07.14.17:521][  0]LogConfig: Setting CVar [[r.SceneColorFringeQuality:1]]
[2020.07.02-07.14.17:521][  0]LogConfig: Setting CVar [[r.EyeAdaptationQuality:2]]
[2020.07.02-07.14.17:521][  0]LogConfig: Setting CVar [[r.BloomQuality:5]]
[2020.07.02-07.14.17:521][  0]LogConfig: Setting CVar [[r.FastBlurThreshold:100]]
[2020.07.02-07.14.17:521][  0]LogConfig: Setting CVar [[r.Upscale.Quality:3]]
[2020.07.02-07.14.17:522][  0]LogConfig: Setting CVar [[r.Tonemapper.GrainQuantization:1]]
[2020.07.02-07.14.17:522][  0]LogConfig: Setting CVar [[r.LightShaftQuality:1]]
[2020.07.02-07.14.17:522][  0]LogConfig: Setting CVar [[r.Filter.SizeScale:1]]
[2020.07.02-07.14.17:522][  0]LogConfig: Setting CVar [[r.Tonemapper.Quality:5]]
[2020.07.02-07.14.17:522][  0]LogConfig: Setting CVar [[r.DOF.Gather.AccumulatorQuality:1        ; higher gathering accumulator quality]]
[2020.07.02-07.14.17:522][  0]LogConfig: Setting CVar [[r.DOF.Gather.PostfilterMethod:1          ; Median3x3 postfilering method]]
[2020.07.02-07.14.17:522][  0]LogConfig: Setting CVar [[r.DOF.Gather.EnableBokehSettings:0       ; no bokeh simulation when gathering]]
[2020.07.02-07.14.17:522][  0]LogConfig: Setting CVar [[r.DOF.Gather.RingCount:4                 ; medium number of samples when gathering]]
[2020.07.02-07.14.17:522][  0]LogConfig: Setting CVar [[r.DOF.Scatter.ForegroundCompositing:1    ; additive foreground scattering]]
[2020.07.02-07.14.17:522][  0]LogConfig: Setting CVar [[r.DOF.Scatter.BackgroundCompositing:2    ; additive background scattering]]
[2020.07.02-07.14.17:522][  0]LogConfig: Setting CVar [[r.DOF.Scatter.EnableBokehSettings:1      ; bokeh simulation when scattering]]
[2020.07.02-07.14.17:522][  0]LogConfig: Setting CVar [[r.DOF.Scatter.MaxSpriteRatio:0.1         ; only a maximum of 10% of scattered bokeh]]
[2020.07.02-07.14.17:522][  0]LogConfig: Setting CVar [[r.DOF.Recombine.Quality:1                ; cheap slight out of focus]]
[2020.07.02-07.14.17:522][  0]LogConfig: Setting CVar [[r.DOF.Recombine.EnableBokehSettings:0    ; no bokeh simulation on slight out of focus]]
[2020.07.02-07.14.17:522][  0]LogConfig: Setting CVar [[r.DOF.TemporalAAQuality:1                ; more stable temporal accumulation]]
[2020.07.02-07.14.17:522][  0]LogConfig: Setting CVar [[r.DOF.Kernel.MaxForegroundRadius:0.025]]
[2020.07.02-07.14.17:522][  0]LogConfig: Setting CVar [[r.DOF.Kernel.MaxBackgroundRadius:0.025]]
[2020.07.02-07.14.17:522][  0]LogConfig: Applying CVar settings from Section [TextureQuality@3] File [D:/Facultad/Unreal/UNREAL2TP/Unreal2TP/Unreal2TP/Saved/Config/Windows/Scalability.ini]
[2020.07.02-07.14.17:522][  0]LogConfig: Setting CVar [[r.Streaming.MipBias:0]]
[2020.07.02-07.14.17:522][  0]LogConfig: Setting CVar [[r.Streaming.AmortizeCPUToGPUCopy:0]]
[2020.07.02-07.14.17:522][  0]LogConfig: Setting CVar [[r.Streaming.MaxNumTexturesToStreamPerFrame:0]]
[2020.07.02-07.14.17:522][  0]LogConfig: Setting CVar [[r.Streaming.Boost:1]]
[2020.07.02-07.14.17:522][  0]LogConfig: Setting CVar [[r.MaxAnisotropy:8]]
[2020.07.02-07.14.17:522][  0]LogConfig: Setting CVar [[r.VT.MaxAnisotropy:8]]
[2020.07.02-07.14.17:522][  0]LogConfig: Setting CVar [[r.Streaming.LimitPoolSizeToVRAM:0]]
[2020.07.02-07.14.17:522][  0]LogConfig: Setting CVar [[r.Streaming.PoolSize:1000]]
[2020.07.02-07.14.17:522][  0]LogConfig: Setting CVar [[r.Streaming.MaxEffectiveScreenSize:0]]
[2020.07.02-07.14.17:522][  0]LogConfig: Applying CVar settings from Section [EffectsQuality@3] File [D:/Facultad/Unreal/UNREAL2TP/Unreal2TP/Unreal2TP/Saved/Config/Windows/Scalability.ini]
[2020.07.02-07.14.17:522][  0]LogConfig: Setting CVar [[r.TranslucencyLightingVolumeDim:64]]
[2020.07.02-07.14.17:522][  0]LogConfig: Setting CVar [[r.RefractionQuality:2]]
[2020.07.02-07.14.17:522][  0]LogConfig: Setting CVar [[r.SSR.Quality:3]]
[2020.07.02-07.14.17:522][  0]LogConfig: Setting CVar [[r.SSR.HalfResSceneColor:0]]
[2020.07.02-07.14.17:522][  0]LogConfig: Setting CVar [[r.SceneColorFormat:4]]
[2020.07.02-07.14.17:522][  0]LogConfig: Setting CVar [[r.DetailMode:2]]
[2020.07.02-07.14.17:522][  0]LogConfig: Setting CVar [[r.TranslucencyVolumeBlur:1]]
[2020.07.02-07.14.17:522][  0]LogConfig: Setting CVar [[r.MaterialQualityLevel:1 ; High quality]]
[2020.07.02-07.14.17:523][  0]LogConfig: Setting CVar [[r.SSS.Scale:1]]
[2020.07.02-07.14.17:523][  0]LogConfig: Setting CVar [[r.SSS.SampleSet:2]]
[2020.07.02-07.14.17:523][  0]LogConfig: Setting CVar [[r.SSS.Quality:1]]
[2020.07.02-07.14.17:523][  0]LogConfig: Setting CVar [[r.SSS.HalfRes:1]]
[2020.07.02-07.14.17:523][  0]LogConfig: Setting CVar [[r.SSGI.Quality:3]]
[2020.07.02-07.14.17:523][  0]LogConfig: Setting CVar [[r.EmitterSpawnRateScale:1.0]]
[2020.07.02-07.14.17:523][  0]LogConfig: Setting CVar [[r.ParticleLightQuality:2]]
[2020.07.02-07.14.17:523][  0]LogConfig: Setting CVar [[r.SkyAtmosphere.AerialPerspectiveLUT.FastApplyOnOpaque:1 ; Always have FastSkyLUT 1 in this case to avoid wrong sky]]
[2020.07.02-07.14.17:523][  0]LogConfig: Setting CVar [[r.SkyAtmosphere.AerialPerspectiveLUT.SampleCountPerSlice:1]]
[2020.07.02-07.14.17:523][  0]LogConfig: Setting CVar [[r.SkyAtmosphere.AerialPerspectiveLUT.DepthResolution:16.0]]
[2020.07.02-07.14.17:523][  0]LogConfig: Setting CVar [[r.SkyAtmosphere.FastSkyLUT:1]]
[2020.07.02-07.14.17:523][  0]LogConfig: Setting CVar [[r.SkyAtmosphere.FastSkyLUT.SampleCountMin:4.0]]
[2020.07.02-07.14.17:523][  0]LogConfig: Setting CVar [[r.SkyAtmosphere.FastSkyLUT.SampleCountMax:32.0]]
[2020.07.02-07.14.17:523][  0]LogConfig: Setting CVar [[r.SkyAtmosphere.SampleCountMin:4.0]]
[2020.07.02-07.14.17:523][  0]LogConfig: Setting CVar [[r.SkyAtmosphere.SampleCountMax:32.0]]
[2020.07.02-07.14.17:523][  0]LogConfig: Setting CVar [[r.SkyAtmosphere.TransmittanceLUT.UseSmallFormat:0]]
[2020.07.02-07.14.17:523][  0]LogConfig: Setting CVar [[r.SkyAtmosphere.TransmittanceLUT.SampleCount:10.0]]
[2020.07.02-07.14.17:523][  0]LogConfig: Setting CVar [[r.SkyAtmosphere.MultiScatteringLUT.SampleCount:15.0]]
[2020.07.02-07.14.17:523][  0]LogConfig: Applying CVar settings from Section [FoliageQuality@3] File [D:/Facultad/Unreal/UNREAL2TP/Unreal2TP/Unreal2TP/Saved/Config/Windows/Scalability.ini]
[2020.07.02-07.14.17:523][  0]LogConfig: Setting CVar [[foliage.DensityScale:1.0]]
[2020.07.02-07.14.17:523][  0]LogConfig: Setting CVar [[grass.DensityScale:1.0]]
[2020.07.02-07.14.17:523][  0]LogConfig: Applying CVar settings from Section [ShadingQuality@3] File [D:/Facultad/Unreal/UNREAL2TP/Unreal2TP/Unreal2TP/Saved/Config/Windows/Scalability.ini]
[2020.07.02-07.14.17:523][  0]LogConfig: Setting CVar [[r.HairStrands.SkyLighting.SampleCount:16]]
[2020.07.02-07.14.17:523][  0]LogConfig: Setting CVar [[r.HairStrands.SkyLighting.JitterIntegration:0]]
[2020.07.02-07.14.17:523][  0]LogConfig: Setting CVar [[r.HairStrands.SkyAO.SampleCount:16]]
[2020.07.02-07.14.17:523][  0]LogInit: Selected Device Profile: [Windows]
[2020.07.02-07.14.17:523][  0]LogInit: Applying CVar settings loaded from the selected device profile: [Windows]
[2020.07.02-07.14.17:525][  0]LogHAL: Display: Platform has ~ 16 GB [17096769536 / 17179869184 / 16], which maps to Larger [LargestMinGB=32, LargerMinGB=12, DefaultMinGB=8, SmallerMinGB=6, SmallestMinGB=0)
[2020.07.02-07.14.17:525][  0]LogInit: Going up to parent DeviceProfile []
[2020.07.02-07.14.17:525][  0]LogConfig: Applying CVar settings from Section [ViewDistanceQuality@3] File [D:/Facultad/Unreal/UNREAL2TP/Unreal2TP/Unreal2TP/Saved/Config/Windows/Scalability.ini]
[2020.07.02-07.14.17:525][  0]LogConfig: Setting CVar [[r.SkeletalMeshLODBias:0]]
[2020.07.02-07.14.17:525][  0]LogConfig: Setting CVar [[r.ViewDistanceScale:1.0]]
[2020.07.02-07.14.17:525][  0]LogConfig: Applying CVar settings from Section [AntiAliasingQuality@3] File [D:/Facultad/Unreal/UNREAL2TP/Unreal2TP/Unreal2TP/Saved/Config/Windows/Scalability.ini]
[2020.07.02-07.14.17:525][  0]LogConfig: Setting CVar [[r.PostProcessAAQuality:4]]
[2020.07.02-07.14.17:525][  0]LogConfig: Applying CVar settings from Section [ShadowQuality@3] File [D:/Facultad/Unreal/UNREAL2TP/Unreal2TP/Unreal2TP/Saved/Config/Windows/Scalability.ini]
[2020.07.02-07.14.17:525][  0]LogConfig: Setting CVar [[r.LightFunctionQuality:1]]
[2020.07.02-07.14.17:525][  0]LogConfig: Setting CVar [[r.ShadowQuality:5]]
[2020.07.02-07.14.17:525][  0]LogConfig: Setting CVar [[r.Shadow.CSM.MaxCascades:10]]
[2020.07.02-07.14.17:525][  0]LogConfig: Setting CVar [[r.Shadow.MaxResolution:2048]]
[2020.07.02-07.14.17:525][  0]LogConfig: Setting CVar [[r.Shadow.MaxCSMResolution:2048]]
[2020.07.02-07.14.17:525][  0]LogConfig: Setting CVar [[r.Shadow.RadiusThreshold:0.01]]
[2020.07.02-07.14.17:525][  0]LogConfig: Setting CVar [[r.Shadow.DistanceScale:1.0]]
[2020.07.02-07.14.17:525][  0]LogConfig: Setting CVar [[r.Shadow.CSM.TransitionScale:1.0]]
[2020.07.02-07.14.17:525][  0]LogConfig: Setting CVar [[r.Shadow.PreShadowResolutionFactor:1.0]]
[2020.07.02-07.14.17:525][  0]LogConfig: Setting CVar [[r.DistanceFieldShadowing:1]]
[2020.07.02-07.14.17:525][  0]LogConfig: Setting CVar [[r.DistanceFieldAO:1]]
[2020.07.02-07.14.17:525][  0]LogConfig: Setting CVar [[r.AOQuality:2]]
[2020.07.02-07.14.17:525][  0]LogConfig: Setting CVar [[r.VolumetricFog:1]]
[2020.07.02-07.14.17:526][  0]LogConfig: Setting CVar [[r.VolumetricFog.GridPixelSize:8]]
[2020.07.02-07.14.17:526][  0]LogConfig: Setting CVar [[r.VolumetricFog.GridSizeZ:128]]
[2020.07.02-07.14.17:526][  0]LogConfig: Setting CVar [[r.VolumetricFog.HistoryMissSupersampleCount:4]]
[2020.07.02-07.14.17:526][  0]LogConfig: Setting CVar [[r.LightMaxDrawDistanceScale:1]]
[2020.07.02-07.14.17:526][  0]LogConfig: Setting CVar [[r.CapsuleShadows:1]]
[2020.07.02-07.14.17:526][  0]LogConfig: Applying CVar settings from Section [PostProcessQuality@3] File [D:/Facultad/Unreal/UNREAL2TP/Unreal2TP/Unreal2TP/Saved/Config/Windows/Scalability.ini]
[2020.07.02-07.14.17:526][  0]LogConfig: Setting CVar [[r.MotionBlurQuality:4]]
[2020.07.02-07.14.17:526][  0]LogConfig: Setting CVar [[r.AmbientOcclusionMipLevelFactor:0.4]]
[2020.07.02-07.14.17:526][  0]LogConfig: Setting CVar [[r.AmbientOcclusionMaxQuality:100]]
[2020.07.02-07.14.17:526][  0]LogConfig: Setting CVar [[r.AmbientOcclusionLevels:-1]]
[2020.07.02-07.14.17:526][  0]LogConfig: Setting CVar [[r.AmbientOcclusionRadiusScale:1.0]]
[2020.07.02-07.14.17:526][  0]LogConfig: Setting CVar [[r.DepthOfFieldQuality:2]]
[2020.07.02-07.14.17:526][  0]LogConfig: Setting CVar [[r.RenderTargetPoolMin:400]]
[2020.07.02-07.14.17:526][  0]LogConfig: Setting CVar [[r.LensFlareQuality:2]]
[2020.07.02-07.14.17:526][  0]LogConfig: Setting CVar [[r.SceneColorFringeQuality:1]]
[2020.07.02-07.14.17:526][  0]LogConfig: Setting CVar [[r.EyeAdaptationQuality:2]]
[2020.07.02-07.14.17:526][  0]LogConfig: Setting CVar [[r.BloomQuality:5]]
[2020.07.02-07.14.17:526][  0]LogConfig: Setting CVar [[r.FastBlurThreshold:100]]
[2020.07.02-07.14.17:526][  0]LogConfig: Setting CVar [[r.Upscale.Quality:3]]
[2020.07.02-07.14.17:526][  0]LogConfig: Setting CVar [[r.Tonemapper.GrainQuantization:1]]
[2020.07.02-07.14.17:526][  0]LogConfig: Setting CVar [[r.LightShaftQuality:1]]
[2020.07.02-07.14.17:526][  0]LogConfig: Setting CVar [[r.Filter.SizeScale:1]]
[2020.07.02-07.14.17:526][  0]LogConfig: Setting CVar [[r.Tonemapper.Quality:5]]
[2020.07.02-07.14.17:526][  0]LogConfig: Setting CVar [[r.DOF.Gather.AccumulatorQuality:1        ; higher gathering accumulator quality]]
[2020.07.02-07.14.17:526][  0]LogConfig: Setting CVar [[r.DOF.Gather.PostfilterMethod:1          ; Median3x3 postfilering method]]
[2020.07.02-07.14.17:526][  0]LogConfig: Setting CVar [[r.DOF.Gather.EnableBokehSettings:0       ; no bokeh simulation when gathering]]
[2020.07.02-07.14.17:526][  0]LogConfig: Setting CVar [[r.DOF.Gather.RingCount:4                 ; medium number of samples when gathering]]
[2020.07.02-07.14.17:526][  0]LogConfig: Setting CVar [[r.DOF.Scatter.ForegroundCompositing:1    ; additive foreground scattering]]
[2020.07.02-07.14.17:526][  0]LogConfig: Setting CVar [[r.DOF.Scatter.BackgroundCompositing:2    ; additive background scattering]]
[2020.07.02-07.14.17:526][  0]LogConfig: Setting CVar [[r.DOF.Scatter.EnableBokehSettings:1      ; bokeh simulation when scattering]]
[2020.07.02-07.14.17:526][  0]LogConfig: Setting CVar [[r.DOF.Scatter.MaxSpriteRatio:0.1         ; only a maximum of 10% of scattered bokeh]]
[2020.07.02-07.14.17:526][  0]LogConfig: Setting CVar [[r.DOF.Recombine.Quality:1                ; cheap slight out of focus]]
[2020.07.02-07.14.17:526][  0]LogConfig: Setting CVar [[r.DOF.Recombine.EnableBokehSettings:0    ; no bokeh simulation on slight out of focus]]
[2020.07.02-07.14.17:526][  0]LogConfig: Setting CVar [[r.DOF.TemporalAAQuality:1                ; more stable temporal accumulation]]
[2020.07.02-07.14.17:526][  0]LogConfig: Setting CVar [[r.DOF.Kernel.MaxForegroundRadius:0.025]]
[2020.07.02-07.14.17:526][  0]LogConfig: Setting CVar [[r.DOF.Kernel.MaxBackgroundRadius:0.025]]
[2020.07.02-07.14.17:526][  0]LogConfig: Applying CVar settings from Section [TextureQuality@3] File [D:/Facultad/Unreal/UNREAL2TP/Unreal2TP/Unreal2TP/Saved/Config/Windows/Scalability.ini]
[2020.07.02-07.14.17:526][  0]LogConfig: Setting CVar [[r.Streaming.MipBias:0]]
[2020.07.02-07.14.17:527][  0]LogConfig: Setting CVar [[r.Streaming.AmortizeCPUToGPUCopy:0]]
[2020.07.02-07.14.17:527][  0]LogConfig: Setting CVar [[r.Streaming.MaxNumTexturesToStreamPerFrame:0]]
[2020.07.02-07.14.17:527][  0]LogConfig: Setting CVar [[r.Streaming.Boost:1]]
[2020.07.02-07.14.17:527][  0]LogConfig: Setting CVar [[r.MaxAnisotropy:8]]
[2020.07.02-07.14.17:527][  0]LogConfig: Setting CVar [[r.VT.MaxAnisotropy:8]]
[2020.07.02-07.14.17:527][  0]LogConfig: Setting CVar [[r.Streaming.LimitPoolSizeToVRAM:0]]
[2020.07.02-07.14.17:527][  0]LogConfig: Setting CVar [[r.Streaming.PoolSize:1000]]
[2020.07.02-07.14.17:527][  0]LogConfig: Setting CVar [[r.Streaming.MaxEffectiveScreenSize:0]]
[2020.07.02-07.14.17:527][  0]LogConfig: Applying CVar settings from Section [EffectsQuality@3] File [D:/Facultad/Unreal/UNREAL2TP/Unreal2TP/Unreal2TP/Saved/Config/Windows/Scalability.ini]
[2020.07.02-07.14.17:527][  0]LogConfig: Setting CVar [[r.TranslucencyLightingVolumeDim:64]]
[2020.07.02-07.14.17:527][  0]LogConfig: Setting CVar [[r.RefractionQuality:2]]
[2020.07.02-07.14.17:527][  0]LogConfig: Setting CVar [[r.SSR.Quality:3]]
[2020.07.02-07.14.17:527][  0]LogConfig: Setting CVar [[r.SSR.HalfResSceneColor:0]]
[2020.07.02-07.14.17:527][  0]LogConfig: Setting CVar [[r.SceneColorFormat:4]]
[2020.07.02-07.14.17:527][  0]LogConfig: Setting CVar [[r.DetailMode:2]]
[2020.07.02-07.14.17:527][  0]LogConfig: Setting CVar [[r.TranslucencyVolumeBlur:1]]
[2020.07.02-07.14.17:527][  0]LogConfig: Setting CVar [[r.MaterialQualityLevel:1 ; High quality]]
[2020.07.02-07.14.17:527][  0]LogConfig: Setting CVar [[r.SSS.Scale:1]]
[2020.07.02-07.14.17:527][  0]LogConfig: Setting CVar [[r.SSS.SampleSet:2]]
[2020.07.02-07.14.17:527][  0]LogConfig: Setting CVar [[r.SSS.Quality:1]]
[2020.07.02-07.14.17:527][  0]LogConfig: Setting CVar [[r.SSS.HalfRes:1]]
[2020.07.02-07.14.17:527][  0]LogConfig: Setting CVar [[r.SSGI.Quality:3]]
[2020.07.02-07.14.17:527][  0]LogConfig: Setting CVar [[r.EmitterSpawnRateScale:1.0]]
[2020.07.02-07.14.17:527][  0]LogConfig: Setting CVar [[r.ParticleLightQuality:2]]
[2020.07.02-07.14.17:527][  0]LogConfig: Setting CVar [[r.SkyAtmosphere.AerialPerspectiveLUT.FastApplyOnOpaque:1 ; Always have FastSkyLUT 1 in this case to avoid wrong sky]]
[2020.07.02-07.14.17:527][  0]LogConfig: Setting CVar [[r.SkyAtmosphere.AerialPerspectiveLUT.SampleCountPerSlice:1]]
[2020.07.02-07.14.17:527][  0]LogConfig: Setting CVar [[r.SkyAtmosphere.AerialPerspectiveLUT.DepthResolution:16.0]]
[2020.07.02-07.14.17:527][  0]LogConfig: Setting CVar [[r.SkyAtmosphere.FastSkyLUT:1]]
[2020.07.02-07.14.17:527][  0]LogConfig: Setting CVar [[r.SkyAtmosphere.FastSkyLUT.SampleCountMin:4.0]]
[2020.07.02-07.14.17:527][  0]LogConfig: Setting CVar [[r.SkyAtmosphere.FastSkyLUT.SampleCountMax:32.0]]
[2020.07.02-07.14.17:527][  0]LogConfig: Setting CVar [[r.SkyAtmosphere.SampleCountMin:4.0]]
[2020.07.02-07.14.17:527][  0]LogConfig: Setting CVar [[r.SkyAtmosphere.SampleCountMax:32.0]]
[2020.07.02-07.14.17:527][  0]LogConfig: Setting CVar [[r.SkyAtmosphere.TransmittanceLUT.UseSmallFormat:0]]
[2020.07.02-07.14.17:527][  0]LogConfig: Setting CVar [[r.SkyAtmosphere.TransmittanceLUT.SampleCount:10.0]]
[2020.07.02-07.14.17:527][  0]LogConfig: Setting CVar [[r.SkyAtmosphere.MultiScatteringLUT.SampleCount:15.0]]
[2020.07.02-07.14.17:527][  0]LogConfig: Applying CVar settings from Section [FoliageQuality@3] File [D:/Facultad/Unreal/UNREAL2TP/Unreal2TP/Unreal2TP/Saved/Config/Windows/Scalability.ini]
[2020.07.02-07.14.17:527][  0]LogConfig: Setting CVar [[foliage.DensityScale:1.0]]
[2020.07.02-07.14.17:527][  0]LogConfig: Setting CVar [[grass.DensityScale:1.0]]
[2020.07.02-07.14.17:527][  0]LogConfig: Applying CVar settings from Section [ShadingQuality@3] File [D:/Facultad/Unreal/UNREAL2TP/Unreal2TP/Unreal2TP/Saved/Config/Windows/Scalability.ini]
[2020.07.02-07.14.17:527][  0]LogConfig: Setting CVar [[r.HairStrands.SkyLighting.SampleCount:16]]
[2020.07.02-07.14.17:528][  0]LogConfig: Setting CVar [[r.HairStrands.SkyLighting.JitterIntegration:0]]
[2020.07.02-07.14.17:528][  0]LogConfig: Setting CVar [[r.HairStrands.SkyAO.SampleCount:16]]
[2020.07.02-07.14.17:528][  0]LogConfig: Applying CVar settings from Section [Startup] File [../../../Engine/Config/ConsoleVariables.ini]
[2020.07.02-07.14.17:528][  0]LogConfig: Setting CVar [[net.UseAdaptiveNetUpdateFrequency:0]]
[2020.07.02-07.14.17:528][  0]LogConfig: Setting CVar [[p.chaos.AllowCreatePhysxBodies:1]]
[2020.07.02-07.14.17:528][  0]LogConfig: Applying CVar settings from Section [ConsoleVariables] File [D:/Facultad/Unreal/UNREAL2TP/Unreal2TP/Unreal2TP/Saved/Config/Windows/Engine.ini]
[2020.07.02-07.14.17:528][  0]LogInit: Computer: DESKTOP-27BOLO1
[2020.07.02-07.14.17:528][  0]LogInit: User: Facundo
[2020.07.02-07.14.17:528][  0]LogInit: CPU Page size=4096, Cores=8
[2020.07.02-07.14.17:528][  0]LogInit: High frequency timer resolution =10.000000 MHz
[2020.07.02-07.14.17:528][  0]LogMemory: Memory total: Physical=15.9GB (16GB approx)
[2020.07.02-07.14.17:528][  0]LogMemory: Platform Memory Stats for Windows
[2020.07.02-07.14.17:528][  0]LogMemory: Process Physical Memory: 106.08 MB used, 106.09 MB peak
[2020.07.02-07.14.17:528][  0]LogMemory: Process Virtual Memory: 100.73 MB used, 100.73 MB peak
[2020.07.02-07.14.17:528][  0]LogMemory: Physical Memory: 6471.03 MB used,  9833.72 MB free, 16304.75 MB total
[2020.07.02-07.14.17:528][  0]LogMemory: Virtual Memory: 5107.20 MB used,  134212624.00 MB free, 134217728.00 MB total
[2020.07.02-07.14.17:532][  0]LogWindows: WindowsPlatformFeatures enabled
[2020.07.02-07.14.17:599][  0]LogInit: Using OS detected language (en-US).
[2020.07.02-07.14.17:599][  0]LogInit: Using OS detected locale (en-US).
[2020.07.02-07.14.17:600][  0]LogTextLocalizationManager: No specific localization for 'en-US' exists, so the 'en' localization will be used.
[2020.07.02-07.14.17:700][  0]LogInit: Setting process to per monitor DPI aware
[2020.07.02-07.14.17:740][  0]LogSlate: New Slate User Created.  User Index 0, Is Virtual User: 0
[2020.07.02-07.14.17:740][  0]LogSlate: Slate User Registered.  User Index 0, Is Virtual User: 0
[2020.07.02-07.14.17:850][  0]LogHMD: Failed to initialize OpenVR with code 110
[2020.07.02-07.14.17:850][  0]LogD3D11RHI: D3D11 min allowed feature level: 11_0
[2020.07.02-07.14.17:850][  0]LogD3D11RHI: D3D11 max allowed feature level: 11_0
[2020.07.02-07.14.17:850][  0]LogD3D11RHI: D3D11 adapters:
[2020.07.02-07.14.17:913][  0]LogD3D11RHI:    0. 'NVIDIA GeForce GTX 1070' (Feature Level 11_0)
[2020.07.02-07.14.17:913][  0]LogD3D11RHI:       8088/0/8152 MB DedicatedVideo/DedicatedSystem/SharedSystem, Outputs:3, VendorId:0x10de
[2020.07.02-07.14.17:917][  0]LogD3D11RHI:    1. 'Microsoft Basic Render Driver' (Feature Level 11_0)
[2020.07.02-07.14.17:918][  0]LogD3D11RHI:       0/0/8152 MB DedicatedVideo/DedicatedSystem/SharedSystem, Outputs:0, VendorId:0x1414
[2020.07.02-07.14.17:918][  0]LogD3D11RHI: Chosen D3D11 Adapter: 0
[2020.07.02-07.14.17:924][  0]LogD3D11RHI: Creating new Direct3DDevice
[2020.07.02-07.14.17:924][  0]LogD3D11RHI:     GPU DeviceId: 0x1b81 (for the marketing name, search the web for "GPU Device Id")
[2020.07.02-07.14.17:924][  0]LogWindows: EnumDisplayDevices:
[2020.07.02-07.14.17:924][  0]LogWindows:    0. 'NVIDIA GeForce GTX 1070' (P:1 D:1)
[2020.07.02-07.14.17:924][  0]LogWindows:    1. 'NVIDIA GeForce GTX 1070' (P:0 D:1)
[2020.07.02-07.14.17:925][  0]LogWindows:    2. 'NVIDIA GeForce GTX 1070' (P:0 D:1)
[2020.07.02-07.14.17:925][  0]LogWindows:    3. 'NVIDIA GeForce GTX 1070' (P:0 D:0)
[2020.07.02-07.14.17:926][  0]LogWindows: DebugString: FoundDriverCount:4 
[2020.07.02-07.14.17:926][  0]LogD3D11RHI:     Adapter Name: NVIDIA GeForce GTX 1070
[2020.07.02-07.14.17:926][  0]LogD3D11RHI:   Driver Version: 446.14 (internal:26.21.14.4614, unified:446.14)
[2020.07.02-07.14.17:926][  0]LogD3D11RHI:      Driver Date: 5-15-2020
[2020.07.02-07.14.17:926][  0]LogRHI: Texture pool is 5661 MB (70% of 8088 MB)
[2020.07.02-07.14.17:963][  0]LogD3D11RHI: RHI has support for 64 bit atomics
[2020.07.02-07.14.17:963][  0]LogD3D11RHI: Async texture creation enabled
[2020.07.02-07.14.17:975][  0]LogD3D11RHI: GPU Timing Frequency: 1000.000000 (Debug: 2 1)
[2020.07.02-07.14.18:194][  0]LogTargetPlatformManager: Display: Loaded TargetPlatform 'AllDesktop'
[2020.07.02-07.14.18:220][  0]LogTargetPlatformManager: Display: Loaded TargetPlatform 'Android'
[2020.07.02-07.14.18:220][  0]LogTargetPlatformManager: Display: Loaded TargetPlatform 'Android_ASTC'
[2020.07.02-07.14.18:221][  0]LogTargetPlatformManager: Display: Loaded TargetPlatform 'Android_ATC'
[2020.07.02-07.14.18:221][  0]LogTargetPlatformManager: Display: Loaded TargetPlatform 'Android_DXT'
[2020.07.02-07.14.18:221][  0]LogTargetPlatformManager: Display: Loaded TargetPlatform 'Android_ETC1'
[2020.07.02-07.14.18:221][  0]LogTargetPlatformManager: Display: Loaded TargetPlatform 'Android_ETC1a'
[2020.07.02-07.14.18:221][  0]LogTargetPlatformManager: Display: Loaded TargetPlatform 'Android_ETC2'
[2020.07.02-07.14.18:221][  0]LogTargetPlatformManager: Display: Loaded TargetPlatform 'Android_PVRTC'
[2020.07.02-07.14.18:221][  0]LogTargetPlatformManager: Display: Loaded TargetPlatform 'AndroidClient'
[2020.07.02-07.14.18:221][  0]LogTargetPlatformManager: Display: Loaded TargetPlatform 'Android_ASTCClient'
[2020.07.02-07.14.18:221][  0]LogTargetPlatformManager: Display: Loaded TargetPlatform 'Android_ATCClient'
[2020.07.02-07.14.18:221][  0]LogTargetPlatformManager: Display: Loaded TargetPlatform 'Android_DXTClient'
[2020.07.02-07.14.18:221][  0]LogTargetPlatformManager: Display: Loaded TargetPlatform 'Android_ETC1Client'
[2020.07.02-07.14.18:221][  0]LogTargetPlatformManager: Display: Loaded TargetPlatform 'Android_ETC1aClient'
[2020.07.02-07.14.18:221][  0]LogTargetPlatformManager: Display: Loaded TargetPlatform 'Android_ETC2Client'
[2020.07.02-07.14.18:221][  0]LogTargetPlatformManager: Display: Loaded TargetPlatform 'Android_PVRTCClient'
[2020.07.02-07.14.18:221][  0]LogTargetPlatformManager: Display: Loaded TargetPlatform 'Android_Multi'
[2020.07.02-07.14.18:221][  0]LogTargetPlatformManager: Display: Loaded TargetPlatform 'Android_MultiClient'
[2020.07.02-07.14.18:241][  0]LogTargetPlatformManager: Display: Loaded TargetPlatform 'IOSClient'
[2020.07.02-07.14.18:241][  0]LogTargetPlatformManager: Display: Loaded TargetPlatform 'IOS'
[2020.07.02-07.14.18:247][  0]LogTargetPlatformManager: Display: Loaded TargetPlatform 'LinuxNoEditor'
[2020.07.02-07.14.18:254][  0]LogTargetPlatformManager: Display: Loaded TargetPlatform 'LinuxClient'
[2020.07.02-07.14.18:260][  0]LogTargetPlatformManager: Display: Loaded TargetPlatform 'LinuxServer'
[2020.07.02-07.14.18:267][  0]LogTargetPlatformManager: Display: Loaded TargetPlatform 'LinuxAArch64NoEditor'
[2020.07.02-07.14.18:273][  0]LogTargetPlatformManager: Display: Loaded TargetPlatform 'LinuxAArch64Client'
[2020.07.02-07.14.18:280][  0]LogTargetPlatformManager: Display: Loaded TargetPlatform 'LinuxAArch64Server'
[2020.07.02-07.14.18:298][  0]LogTargetPlatformManager: Display: Loaded TargetPlatform 'Lumin'
[2020.07.02-07.14.18:298][  0]LogTargetPlatformManager: Display: Loaded TargetPlatform 'LuminClient'
[2020.07.02-07.14.18:308][  0]LogTargetPlatformManager: Display: Loaded TargetPlatform 'TVOSClient'
[2020.07.02-07.14.18:309][  0]LogTargetPlatformManager: Display: Loaded TargetPlatform 'TVOS'
[2020.07.02-07.14.18:317][  0]LogTargetPlatformManager: Display: Loaded TargetPlatform 'WindowsNoEditor'
[2020.07.02-07.14.18:324][  0]LogTargetPlatformManager: Display: Loaded TargetPlatform 'Windows'
[2020.07.02-07.14.18:330][  0]LogTargetPlatformManager: Display: Loaded TargetPlatform 'WindowsClient'
[2020.07.02-07.14.18:336][  0]LogTargetPlatformManager: Display: Loaded TargetPlatform 'WindowsServer'
[2020.07.02-07.14.18:336][  0]LogTargetPlatformManager: Display: Building Assets For Windows
[2020.07.02-07.14.18:344][  0]LogAudioDebug: Display: Lib vorbis DLL was dynamically loaded.
[2020.07.02-07.14.18:381][  0]LogShaderCompilers: Guid format shader working directory is -10 characters bigger than the processId version (../../../../Facultad/Unreal/UNREAL2TP/Unreal2TP/Unreal2TP/Intermediate/Shaders/WorkingDirectory/17684/).
[2020.07.02-07.14.18:381][  0]LogShaderCompilers: Cleaned the shader compiler working directory 'C:/Users/Facundo/AppData/Local/Temp/UnrealShaderWorkingDir/88AA89A74C66BCC9F620018116EFC6C7/'.
[2020.07.02-07.14.18:382][  0]LogXGEController: Cleaning working directory: C:/Users/Facundo/AppData/Local/Temp/UnrealXGEWorkingDir/
[2020.07.02-07.14.18:382][  0]LogXGEController: Cannot use XGE Controller as Incredibuild is not installed on this machine.
[2020.07.02-07.14.18:382][  0]LogShaderCompilers: Cannot use XGE Shader Compiler as Incredibuild is not installed on this machine.
[2020.07.02-07.14.18:382][  0]LogShaderCompilers: Display: Using Local Shader Compiler.
[2020.07.02-07.14.18:915][  0]LogDerivedDataCache: Display: Max Cache Size: 512 MB
[2020.07.02-07.14.18:959][  0]LogDerivedDataCache: Loaded boot cache 0.04s 82MB C:/Users/Facundo/AppData/Local/UnrealEngine/4.24/DerivedDataCache/Boot.ddc.
[2020.07.02-07.14.18:959][  0]LogDerivedDataCache: Display: Loaded Boot cache: C:/Users/Facundo/AppData/Local/UnrealEngine/4.24/DerivedDataCache/Boot.ddc
[2020.07.02-07.14.18:959][  0]LogDerivedDataCache: FDerivedDataBackendGraph:  Pak pak cache file ../../../../Facultad/Unreal/UNREAL2TP/Unreal2TP/Unreal2TP/DerivedDataCache/DDC.ddp not found, will not use a pak cache.
[2020.07.02-07.14.18:959][  0]LogDerivedDataCache: Unable to find inner node Pak for hierarchical cache Hierarchy.
[2020.07.02-07.14.18:959][  0]LogDerivedDataCache: FDerivedDataBackendGraph:  CompressedPak pak cache file ../../../../Facultad/Unreal/UNREAL2TP/Unreal2TP/Unreal2TP/DerivedDataCache/Compressed.ddp not found, will not use a pak cache.
[2020.07.02-07.14.18:959][  0]LogDerivedDataCache: Unable to find inner node CompressedPak for hierarchical cache Hierarchy.
[2020.07.02-07.14.18:967][  0]LogDerivedDataCache: Display: Pak cache opened for reading ../../../Engine/DerivedDataCache/Compressed.ddp.
[2020.07.02-07.14.18:967][  0]LogDerivedDataCache: FDerivedDataBackendGraph:  EnterprisePak pak cache file ../../../Enterprise/DerivedDataCache/Compressed.ddp not found, will not use a pak cache.
[2020.07.02-07.14.18:967][  0]LogDerivedDataCache: Unable to find inner node EnterprisePak for hierarchical cache Hierarchy.
[2020.07.02-07.14.18:969][  0]LogDerivedDataCache: Using Local data cache path C:/Users/Facundo/AppData/Local/UnrealEngine/Common/DerivedDataCache: Writable
[2020.07.02-07.14.18:969][  0]LogDerivedDataCache: Shared data cache path not found in *engine.ini, will not use an Shared cache.
[2020.07.02-07.14.18:969][  0]LogDerivedDataCache: Unable to find inner node Shared for hierarchical cache Hierarchy.
[2020.07.02-07.14.18:987][  0]LogMaterial: Verifying Global Shaders for PCD3D_SM5
[2020.07.02-07.14.18:989][  0]LogSlate: Using FreeType 2.10.0
[2020.07.02-07.14.18:990][  0]LogSlate: SlateFontServices - WITH_FREETYPE: 1, WITH_HARFBUZZ: 1
[2020.07.02-07.14.19:033][  0]LogAssetRegistry: FAssetRegistry took 0.0043 seconds to start up
[2020.07.02-07.14.19:228][  0]LogInit: Selected Device Profile: [Windows]
[2020.07.02-07.14.19:357][  0]LogMeshReduction: Using QuadricMeshReduction for automatic static mesh reduction
[2020.07.02-07.14.19:357][  0]LogMeshReduction: Using SimplygonMeshReduction for automatic skeletal mesh reduction
[2020.07.02-07.14.19:357][  0]LogMeshReduction: Using ProxyLODMeshReduction for automatic mesh merging
[2020.07.02-07.14.19:357][  0]LogMeshReduction: No distributed automatic mesh merging module available
[2020.07.02-07.14.19:357][  0]LogMeshMerging: No distributed automatic mesh merging module available
[2020.07.02-07.14.19:372][  0]LogNetVersion: Unreal2TP 1.0.0, NetCL: 10570792, EngineNetVer: 13, GameNetVer: 0 (Checksum: 317678641)
[2020.07.02-07.14.20:110][  0]LogPackageLocalizationCache: Processed 10 localized package path(s) for 1 prioritized culture(s) in 0.020196 seconds
[2020.07.02-07.14.20:115][  0]LogUObjectArray: 46750 objects as part of root set at end of initial load.
[2020.07.02-07.14.20:115][  0]LogUObjectAllocator: 8137160 out of 0 bytes used by permanent object pool.
[2020.07.02-07.14.20:115][  0]LogUObjectArray: CloseDisregardForGC: 0/0 objects in disregard for GC pool
[2020.07.02-07.14.20:471][  0]LogTcpMessaging: Initializing TcpMessaging bridge
[2020.07.02-07.14.20:477][  0]LogUdpMessaging: Initializing bridge on interface 0.0.0.0:0 to multicast group 230.0.0.1:6666.
[2020.07.02-07.14.20:678][  0]SourceControl: Source control is disabled
[2020.07.02-07.14.20:678][  0]SourceControl: Source control is disabled
[2020.07.02-07.14.20:680][  0]SourceControl: Source control is disabled
[2020.07.02-07.14.20:682][  0]SourceControl: Source control is disabled
[2020.07.02-07.14.20:684][  0]SourceControl: Source control is disabled
[2020.07.02-07.14.20:787][  0]LogAndroidPermission: UAndroidPermissionCallbackProxy::GetInstance
[2020.07.02-07.14.20:803][  0]LogAudioCaptureCore: Display: No Audio Capture implementations found. Audio input will be silent.
[2020.07.02-07.14.20:803][  0]LogAudioCaptureCore: Display: No Audio Capture implementations found. Audio input will be silent.
[2020.07.02-07.14.20:875][  0]LogOcInput: OculusInput pre-init called
[2020.07.02-07.14.20:882][  0]LogWindows: Failed to load 'OVRPlugin.dll' (GetLastError=126)
[2020.07.02-07.14.20:882][  0]LogWindows: File 'OVRPlugin.dll' does not exist
[2020.07.02-07.14.20:942][  0]LogEngine: Initializing Engine...
[2020.07.02-07.14.20:942][  0]LogHMD: Failed to initialize OpenVR with code 110
[2020.07.02-07.14.20:943][  0]LogStats: UGameplayTagsManager::InitializeManager -  0.000 s
[2020.07.02-07.14.21:198][  0]LogInit: Initializing FReadOnlyCVARCache
[2020.07.02-07.14.21:205][  0]LogAIModule: Creating AISystem for world Untitled
[2020.07.02-07.14.21:207][  0]LogAudioMixer: Display: Audio Mixer Platform Settings:
[2020.07.02-07.14.21:207][  0]LogAudioMixer: Display: 	Sample Rate:						  48000
[2020.07.02-07.14.21:208][  0]LogAudioMixer: Display: 	Callback Buffer Frame Size Requested: 1024
[2020.07.02-07.14.21:208][  0]LogAudioMixer: Display: 	Callback Buffer Frame Size To Use:	  1024
[2020.07.02-07.14.21:208][  0]LogAudioMixer: Display: 	Number of buffers to queue:			  2
[2020.07.02-07.14.21:208][  0]LogAudioMixer: Display: 	Max Channels (voices):				  32
[2020.07.02-07.14.21:208][  0]LogAudioMixer: Display: 	Number of Async Source Workers:		  0
[2020.07.02-07.14.21:208][  0]LogAudio: Display: AudioDevice MaxSources: 32
[2020.07.02-07.14.21:208][  0]LogAudio: Display: Using built-in audio occlusion.
[2020.07.02-07.14.21:208][  0]LogAudioMixer: Display: Initializing audio mixer.
[2020.07.02-07.14.21:250][  0]LogAudioMixer: Display: Audio Device Output Speaker Info:
[2020.07.02-07.14.21:250][  0]LogAudioMixer: Display: Name: Altavoces (Realtek(R) Audio)
[2020.07.02-07.14.21:250][  0]LogAudioMixer: Display: Is Default: Yes
[2020.07.02-07.14.21:250][  0]LogAudioMixer: Display: Sample Rate: 48000
[2020.07.02-07.14.21:250][  0]LogAudioMixer: Display: Channel Count Used: 2
[2020.07.02-07.14.21:250][  0]LogAudioMixer: Display: Device Channel Count: 2
[2020.07.02-07.14.21:250][  0]LogAudioMixer: Display: Channel Order:
[2020.07.02-07.14.21:250][  0]LogAudioMixer: Display: 0: FrontLeft
[2020.07.02-07.14.21:250][  0]LogAudioMixer: Display: 1: FrontRight
[2020.07.02-07.14.21:281][  0]LogAudioMixer: Display: Using Audio Device Altavoces (Realtek(R) Audio)
[2020.07.02-07.14.21:285][  0]LogInit: FAudioDevice initialized.
[2020.07.02-07.14.21:285][  0]LogNetVersion: Set ProjectVersion to 1.0.0.0. Version Checksum will be recalculated on next use.
[2020.07.02-07.14.21:359][  0]LogDerivedDataCache: Saved boot cache 0.07s 82MB C:/Users/Facundo/AppData/Local/UnrealEngine/4.24/DerivedDataCache/Boot.ddc.
[2020.07.02-07.14.21:359][  0]LogInit: Texture streaming: Enabled
[2020.07.02-07.14.21:373][  0]LogEngineSessionManager: EngineSessionManager initialized
[2020.07.02-07.14.21:373][  0]LogEngineSessionManager: EngineSessionManager sent abnormal shutdown report. Type=Debugger, SessionId={559DAB4D-42A9-F3BD-31A7-1BA39F0A64E2}
[2020.07.02-07.14.21:373][  0]LogEditorSessionSummary: Verbose: Initializing EditorSessionSummaryWriter for editor session tracking
[2020.07.02-07.14.21:376][  0]LogEditorSessionSummary: EditorSessionSummaryWriter initialized
[2020.07.02-07.14.21:399][  0]LogInit: Transaction tracking system initialized
[2020.07.02-07.14.21:413][  0]BlueprintLog: New page: Editor Load
[2020.07.02-07.14.21:451][  0]LocalizationService: Localization service is disabled
[2020.07.02-07.14.21:647][  0]LogFileCache: Scanning file cache for directory 'D:/Facultad/Unreal/UNREAL2TP/Unreal2TP/Unreal2TP/Content/' took 0.01s
[2020.07.02-07.14.21:647][  0]LogCook: Display: Max memory allowance for cook 16384mb min free memory 0mb
[2020.07.02-07.14.21:647][  0]LogCook: Display: Mobile HDR setting 1
[2020.07.02-07.14.22:193][  0]SourceControl: Source control is disabled
[2020.07.02-07.14.22:194][  0]Cmd: MAP LOAD FILE="../../../../Facultad/Unreal/UNREAL2TP/Unreal2TP/Unreal2TP/Content/ThirdPersonCPP/Maps/ThirdPersonExampleMap.umap" TEMPLATE=0 SHOWPROGRESS=1 FEATURELEVEL=3
[2020.07.02-07.14.22:194][  0]LightingResults: New page: Lighting Build
[2020.07.02-07.14.22:194][  0]LogWorld: UWorld::CleanupWorld for Untitled, bSessionEnded=true, bCleanupResources=true
[2020.07.02-07.14.22:195][  0]LogSlate: InvalidateAllWidgets triggered.  All widgets were invalidated
[2020.07.02-07.14.22:195][  0]MapCheck: New page: Map Check
[2020.07.02-07.14.22:195][  0]LightingResults: New page: Lighting Build
[2020.07.02-07.14.22:218][  0]LogUObjectHash: Compacting FUObjectHashTables data took   1.46ms
[2020.07.02-07.14.22:310][  0]LogAIModule: Creating AISystem for world ThirdPersonExampleMap
[2020.07.02-07.14.22:315][  0]LogEditorServer: Finished looking for orphan Actors (0.000 secs)
[2020.07.02-07.14.22:345][  0]LogUObjectHash: Compacting FUObjectHashTables data took   1.58ms
[2020.07.02-07.14.22:345][  0]Cmd: MAP CHECKDEP NOCLEARLOG
[2020.07.02-07.14.22:345][  0]MapCheck: Map check complete: 0 Error(s), 0 Warning(s), took 0.107ms to complete.
[2020.07.02-07.14.22:345][  0]LogFileHelpers: Loading map 'ThirdPersonExampleMap' took 0.152
[2020.07.02-07.14.22:494][  0]LogSlate: Updating window title bar state: overlay mode, drag disabled, window buttons hidden, title bar hidden
[2020.07.02-07.14.22:499][  0]LogSlate: Updating window title bar state: overlay mode, drag disabled, window buttons hidden, title bar hidden
[2020.07.02-07.14.22:504][  0]LogSlate: Updating window title bar state: overlay mode, drag disabled, window buttons hidden, title bar hidden
[2020.07.02-07.14.22:508][  0]LogSlate: Updating window title bar state: overlay mode, drag disabled, window buttons hidden, title bar hidden
[2020.07.02-07.14.22:514][  0]LogCollectionManager: Loaded 0 collections in 0.001620 seconds
[2020.07.02-07.14.22:525][  0]LogFileCache: Scanning file cache for directory 'D:/Facultad/Unreal/UNREAL2TP/Unreal2TP/Unreal2TP/Saved/Collections/' took 0.00s
[2020.07.02-07.14.22:526][  0]LogFileCache: Scanning file cache for directory 'D:/Facultad/Unreal/UNREAL2TP/Unreal2TP/Unreal2TP/Content/Developers/Facundo/Collections/' took 0.00s
[2020.07.02-07.14.22:526][  0]LogFileCache: Scanning file cache for directory 'D:/Facultad/Unreal/UNREAL2TP/Unreal2TP/Unreal2TP/Content/Collections/' took 0.00s
[2020.07.02-07.14.22:526][  0]LogContentBrowser: Native class hierarchy populated in 0.0065 seconds. Added 3026 classes and 719 folders.
[2020.07.02-07.14.22:528][  0]LogContentBrowser: Native class hierarchy updated for 'WidgetCarousel' in 0.0003 seconds. Added 0 classes and 0 folders.
[2020.07.02-07.14.22:571][  0]LogContentBrowser: Native class hierarchy updated for 'AddContentDialog' in 0.0003 seconds. Added 0 classes and 0 folders.
[2020.07.02-07.14.22:577][  0]LogContentBrowser: Native class hierarchy updated for 'SceneOutliner' in 0.0003 seconds. Added 2 classes and 3 folders.
[2020.07.02-07.14.22:658][  0]LogSlate: Took 0.000126 seconds to synchronously load lazily loaded font '../../../Engine/Content/Slate/Fonts/Roboto-Regular.ttf' (155K)
[2020.07.02-07.14.22:660][  0]LogSlate: Took 0.000175 seconds to synchronously load lazily loaded font '../../../Engine/Content/Slate/Fonts/Roboto-Bold.ttf' (160K)
[2020.07.02-07.14.22:663][  0]LogSlate: Took 0.000107 seconds to synchronously load lazily loaded font '../../../Engine/Content/Editor/Slate/Fonts/FontAwesome.ttf' (139K)
[2020.07.02-07.14.22:722][  0]LogRenderer: Reallocating scene render targets to support 1208x572 Format 10 NumSamples 1 (Frame:1).
[2020.07.02-07.14.22:761][  0]LogSlate: Took 0.000126 seconds to synchronously load lazily loaded font '../../../Engine/Content/Slate/Fonts/Roboto-Light.ttf' (167K)
[2020.07.02-07.14.22:802][  0]LogContentBrowser: Native class hierarchy updated for 'HierarchicalLODOutliner' in 0.0003 seconds. Added 0 classes and 0 folders.
[2020.07.02-07.14.22:802][  0]LogLoad: (Engine Initialization) Total time: 6.55 seconds
[2020.07.02-07.14.22:802][  0]LogLoad: (Engine Initialization) Total Blueprint compile time: 0.00 seconds
[2020.07.02-07.14.22:838][  0]LogAssetRegistry: Asset discovery search completed in 3.8092 seconds
[2020.07.02-07.14.22:841][  0]LogCollectionManager: Fixed up redirectors for 0 collections in 0.000005 seconds (updated 0 objects)
[2020.07.02-07.14.22:843][  0]LogContentStreaming: Texture pool size now 1000 MB
[2020.07.02-07.14.28:161][610]LogSlate: Took 0.000143 seconds to synchronously load lazily loaded font '../../../Engine/Content/Slate/Fonts/Roboto-Light.ttf' (167K)
[2020.07.02-07.14.30:814][901]LogSlate: Took 0.000126 seconds to synchronously load lazily loaded font '../../../Engine/Content/Slate/Fonts/DroidSansMono.ttf' (77K)
[2020.07.02-07.14.31:740][996]LogTemp: Repeating last play command: Selected Viewport
[2020.07.02-07.14.31:746][996]LogBlueprintUserMessages: Early PlayInEditor Detection: Level '/Game/ThirdPersonCPP/Maps/ThirdPersonExampleMap.ThirdPersonExampleMap:PersistentLevel' has LevelScriptBlueprint '/Game/ThirdPersonCPP/Maps/ThirdPersonExampleMap.ThirdPersonExampleMap:PersistentLevel.ThirdPersonExampleMap' with GeneratedClass '/Game/ThirdPersonCPP/Maps/ThirdPersonExampleMap.ThirdPersonExampleMap_C' with ClassGeneratedBy '/Game/ThirdPersonCPP/Maps/ThirdPersonExampleMap.ThirdPersonExampleMap:PersistentLevel.ThirdPersonExampleMap'
[2020.07.02-07.14.31:746][996]LogPlayLevel: PlayLevel: No blueprints needed recompiling
[2020.07.02-07.14.31:747][996]PIE: New page: PIE session: ThirdPersonExampleMap (Jul 2, 2020, 1:14:31 AM)
[2020.07.02-07.14.31:748][996]LogOnline: OSS: Creating online subsystem instance for: NULL
[2020.07.02-07.14.31:750][996]LogOnline: OSS: TryLoadSubsystemAndSetDefault: Loaded subsystem for module [NULL]
[2020.07.02-07.14.31:750][996]LogPlayLevel: Creating play world package: /Game/ThirdPersonCPP/Maps/UEDPIE_1_ThirdPersonExampleMap
[2020.07.02-07.14.31:762][996]LogPlayLevel: PIE: StaticDuplicateObject took: (0.011614s)
[2020.07.02-07.14.31:763][996]LogAIModule: Creating AISystem for world ThirdPersonExampleMap
[2020.07.02-07.14.31:763][996]LogPlayLevel: PIE: World Init took: (0.001134s)
[2020.07.02-07.14.31:764][996]LogPlayLevel: PIE: Created PIE world by copying editor world from /Game/ThirdPersonCPP/Maps/ThirdPersonExampleMap.ThirdPersonExampleMap to /Game/ThirdPersonCPP/Maps/UEDPIE_1_ThirdPersonExampleMap.ThirdPersonExampleMap (0.013341s)
[2020.07.02-07.14.31:786][996]LogUObjectHash: Compacting FUObjectHashTables data took   1.05ms
[2020.07.02-07.14.31:789][996]LogLoad: Game class is 'BP_MyGameMode_C'
[2020.07.02-07.14.31:791][996]LogWorld: Bringing World /Game/ThirdPersonCPP/Maps/UEDPIE_1_ThirdPersonExampleMap.ThirdPersonExampleMap up for play (max tick rate 0) at 2020.07.02-04.14.31
[2020.07.02-07.14.31:792][996]LogWorld: Bringing up level for play took: 0.001709
[2020.07.02-07.14.31:792][996]LogNet: ReplicationDriverClass is null! Not using ReplicationDriver.
[2020.07.02-07.14.31:792][996]LogNetCore: DDoS detection status: detection enabled: 0 analytics enabled: 0
[2020.07.02-07.14.31:797][996]LogInit: WinSock: I am DESKTOP-27BOLO1 (192.168.0.89:0)
[2020.07.02-07.14.31:797][996]LogInit: WinSock: Socket queue. Rx: 131072 (config 131072) Tx: 131072 (config 131072)
[2020.07.02-07.14.31:797][996]PacketHandlerLog: Loaded PacketHandler component: Engine.EngineHandlerComponentFactory (StatelessConnectHandlerComponent)
[2020.07.02-07.14.31:797][996]LogNet: GameNetDriver IpNetDriver_0 IpNetDriver listening on port 17777
[2020.07.02-07.14.31:798][996]PIE: Play in editor start time for /Game/ThirdPersonCPP/Maps/UEDPIE_1_ThirdPersonExampleMap 0.733
[2020.07.02-07.14.31:799][996]LogAudioMixer: Display: Audio Mixer Platform Settings:
[2020.07.02-07.14.31:799][996]LogAudioMixer: Display: 	Sample Rate:						  48000
[2020.07.02-07.14.31:799][996]LogAudioMixer: Display: 	Callback Buffer Frame Size Requested: 1024
[2020.07.02-07.14.31:799][996]LogAudioMixer: Display: 	Callback Buffer Frame Size To Use:	  1024
[2020.07.02-07.14.31:799][996]LogAudioMixer: Display: 	Number of buffers to queue:			  2
[2020.07.02-07.14.31:799][996]LogAudioMixer: Display: 	Max Channels (voices):				  32
[2020.07.02-07.14.31:799][996]LogAudioMixer: Display: 	Number of Async Source Workers:		  0
[2020.07.02-07.14.31:800][996]LogAudio: Display: AudioDevice MaxSources: 32
[2020.07.02-07.14.31:800][996]LogAudio: Display: Using built-in audio occlusion.
[2020.07.02-07.14.31:800][996]LogAudioMixer: Display: Initializing audio mixer.
[2020.07.02-07.14.31:838][996]LogAudioMixer: Display: Audio Device Output Speaker Info:
[2020.07.02-07.14.31:838][996]LogAudioMixer: Display: Name: Altavoces (Realtek(R) Audio)
[2020.07.02-07.14.31:838][996]LogAudioMixer: Display: Is Default: Yes
[2020.07.02-07.14.31:838][996]LogAudioMixer: Display: Sample Rate: 48000
[2020.07.02-07.14.31:839][996]LogAudioMixer: Display: Channel Count Used: 2
[2020.07.02-07.14.31:839][996]LogAudioMixer: Display: Device Channel Count: 2
[2020.07.02-07.14.31:839][996]LogAudioMixer: Display: Channel Order:
[2020.07.02-07.14.31:839][996]LogAudioMixer: Display: 0: FrontLeft
[2020.07.02-07.14.31:839][996]LogAudioMixer: Display: 1: FrontRight
[2020.07.02-07.14.31:856][996]LogAudioMixer: Display: Using Audio Device Altavoces (Realtek(R) Audio)
[2020.07.02-07.14.31:858][996]LogInit: FAudioDevice initialized.
[2020.07.02-07.14.31:871][996]LogNet: Browse: 127.0.0.1:17777//Game/ThirdPersonCPP/Maps/ThirdPersonExampleMap
[2020.07.02-07.14.31:872][996]LogInit: WinSock: Socket queue. Rx: 32768 (config 32768) Tx: 32768 (config 32768)
[2020.07.02-07.14.31:872][996]PacketHandlerLog: Loaded PacketHandler component: Engine.EngineHandlerComponentFactory (StatelessConnectHandlerComponent)
[2020.07.02-07.14.31:872][996]LogNet: Game client on port 17777, rate 10000
[2020.07.02-07.14.31:872][996]PIE: Play in editor start time for /Game/ThirdPersonCPP/Maps/ThirdPersonExampleMap 0.808
[2020.07.02-07.14.31:873][996]LogBlueprintUserMessages: Late PlayInEditor Detection: Level '/Game/ThirdPersonCPP/Maps/ThirdPersonExampleMap.ThirdPersonExampleMap:PersistentLevel' has LevelScriptBlueprint '/Game/ThirdPersonCPP/Maps/ThirdPersonExampleMap.ThirdPersonExampleMap:PersistentLevel.ThirdPersonExampleMap' with GeneratedClass '/Game/ThirdPersonCPP/Maps/ThirdPersonExampleMap.ThirdPersonExampleMap_C' with ClassGeneratedBy '/Game/ThirdPersonCPP/Maps/ThirdPersonExampleMap.ThirdPersonExampleMap:PersistentLevel.ThirdPersonExampleMap'
[2020.07.02-07.14.31:874][996]LogNet: NotifyAcceptingConnection accepted from: 127.0.0.1:62238
[2020.07.02-07.14.31:874][996]LogHandshake: SendConnectChallenge. Timestamp: 0.008333, Cookie: 039099232214255040140072240145048121065055052068010219077223
[2020.07.02-07.14.31:875][996]LogOnline: OSS: Creating online subsystem instance for: :Context_4
[2020.07.02-07.14.31:878][996]LogHandshake: SendChallengeResponse. Timestamp: 0.008333, Cookie: 039099232214255040140072240145048121065055052068010219077223
[2020.07.02-07.14.31:908][997]LogNet: NotifyAcceptingConnection accepted from: 127.0.0.1:62238
[2020.07.02-07.14.31:908][997]LogHandshake: SendChallengeAck. InCookie: 039099232214255040140072240145048121065055052068010219077223
[2020.07.02-07.14.31:909][997]LogNet: Server accepting post-challenge connection from: 127.0.0.1:62238
[2020.07.02-07.14.31:909][997]PacketHandlerLog: Loaded PacketHandler component: Engine.EngineHandlerComponentFactory (StatelessConnectHandlerComponent)
[2020.07.02-07.14.31:909][997]LogNet: NotifyAcceptedConnection: Name: ThirdPersonExampleMap, TimeStamp: 07/02/20 04:14:31, [UNetConnection] RemoteAddr: 127.0.0.1:62238, Name: IpConnection_1, Driver: GameNetDriver IpNetDriver_0, IsServer: YES, PC: NULL, Owner: NULL, UniqueId: INVALID
[2020.07.02-07.14.31:909][997]LogNet: AddClientConnection: Added client connection: [UNetConnection] RemoteAddr: 127.0.0.1:62238, Name: IpConnection_1, Driver: GameNetDriver IpNetDriver_0, IsServer: YES, PC: NULL, Owner: NULL, UniqueId: INVALID
[2020.07.02-07.14.31:910][997]LogNetVersion: Unreal2TP 1.0.0.0, NetCL: 10570792, EngineNetVer: 13, GameNetVer: 0 (Checksum: 1816658782)
[2020.07.02-07.14.31:910][997]LogNet: UPendingNetGame::SendInitialJoin: Sending hello. [UNetConnection] RemoteAddr: 127.0.0.1:17777, Name: IpConnection_0, Driver: PendingNetDriver IpNetDriver_1, IsServer: NO, PC: NULL, Owner: NULL, UniqueId: INVALID
[2020.07.02-07.14.31:916][998]LogNet: NotifyAcceptingChannel Control 0 server World /Game/ThirdPersonCPP/Maps/UEDPIE_1_ThirdPersonExampleMap.ThirdPersonExampleMap: Accepted
[2020.07.02-07.14.31:917][998]LogNet: Remote platform little endian=1
[2020.07.02-07.14.31:917][998]LogNet: This platform little endian=1
[2020.07.02-07.14.31:918][998]LogOnline: OSS: Creating online subsystem instance for: :Context_5
[2020.07.02-07.14.31:925][999]LogNet: Login request: /Game/ThirdPersonCPP/Maps/ThirdPersonExampleMap?Name=DESKTOP-27BOLO1-CCE163B6453CF606D81FB697C259C658 userId: NULL:DESKTOP-27BOLO1-CCE163B6453CF606D81FB697C259C658 platform: NULL
[2020.07.02-07.14.31:926][999]LogNet: Welcomed by server (Level: /Game/ThirdPersonCPP/Maps/UEDPIE_1_ThirdPersonExampleMap, Game: /Game/ThirdPersonCPP/Blueprints/BP_MyGameMode.BP_MyGameMode_C)
[2020.07.02-07.14.31:926][999]LogLoad: LoadMap: 127.0.0.1:17777//Game/ThirdPersonCPP/Maps/UEDPIE_1_ThirdPersonExampleMap?game=/Game/ThirdPersonCPP/Blueprints/BP_MyGameMode.BP_MyGameMode_C
[2020.07.02-07.14.31:926][999]LogWorld: BeginTearingDown for /Temp/Untitled_1
[2020.07.02-07.14.31:926][999]LogWorld: UWorld::CleanupWorld for Untitled, bSessionEnded=true, bCleanupResources=true
[2020.07.02-07.14.31:927][999]LogSlate: InvalidateAllWidgets triggered.  All widgets were invalidated
[2020.07.02-07.14.31:927][999]LogAudioMixer: Display: No commands were queued while flushing the source manager.
[2020.07.02-07.14.31:950][999]LogUObjectHash: Compacting FUObjectHashTables data took   1.18ms
[2020.07.02-07.14.31:961][999]LogAIModule: Creating AISystem for world ThirdPersonExampleMap
[2020.07.02-07.14.31:963][999]LogWorld: Bringing World /Game/ThirdPersonCPP/Maps/UEDPIE_2_ThirdPersonExampleMap.ThirdPersonExampleMap up for play (max tick rate 0) at 2020.07.02-04.14.31
[2020.07.02-07.14.31:963][999]LogWorld: Bringing up level for play took: 0.001189
[2020.07.02-07.14.31:963][999]LogLoad: Took 0.037873 seconds to LoadMap(/Game/ThirdPersonCPP/Maps/UEDPIE_1_ThirdPersonExampleMap)
[2020.07.02-07.14.31:975][  0]LogNet: Client netspeed is 10000
[2020.07.02-07.14.31:976][  0]LogNet: Join request: /Game/ThirdPersonCPP/Maps/ThirdPersonExampleMap?Name=DESKTOP-27BOLO1-CCE163B6453CF606D81FB697C259C658?SplitscreenCount=1
[2020.07.02-07.14.31:976][  0]LogOnlineSession: Warning: OSS: No game present to join for session (GameSession)
[2020.07.02-07.14.31:978][  0]LogNet: Join succeeded: DESKTOP-27BOLO1-CCE1
[2020.07.02-07.14.32:372][ 47]LogOnlineSession: Warning: OSS: No game present to join for session (GameSession)
[2020.07.02-07.14.37:310][638]LogTemp: Warning: BOca
[2020.07.02-07.14.37:318][639]LogTemp: Warning: BOca
[2020.07.02-07.14.37:327][640]LogTemp: Warning: BOca
[2020.07.02-07.14.37:335][641]LogTemp: Warning: BOca
[2020.07.02-07.14.37:343][642]LogTemp: Warning: BOca
[2020.07.02-07.14.37:352][643]LogTemp: Warning: BOca
[2020.07.02-07.14.37:360][644]LogTemp: Warning: BOca
[2020.07.02-07.14.37:369][645]LogTemp: Warning: BOca
[2020.07.02-07.14.37:377][646]LogTemp: Warning: BOca
[2020.07.02-07.14.37:385][647]LogTemp: Warning: BOca
[2020.07.02-07.14.37:394][648]LogTemp: Warning: BOca
[2020.07.02-07.14.37:401][649]LogTemp: Warning: BOca
[2020.07.02-07.14.37:410][650]LogTemp: Warning: BOca
[2020.07.02-07.14.37:418][651]LogTemp: Warning: BOca
[2020.07.02-07.14.37:427][652]LogTemp: Warning: BOca
[2020.07.02-07.14.37:435][653]LogTemp: Warning: BOca
[2020.07.02-07.14.37:443][654]LogTemp: Warning: BOca
[2020.07.02-07.14.37:452][655]LogTemp: Warning: BOca
[2020.07.02-07.14.37:460][656]LogTemp: Warning: BOca
[2020.07.02-07.14.37:468][657]LogTemp: Warning: BOca
[2020.07.02-07.14.37:477][658]LogTemp: Warning: BOca
[2020.07.02-07.14.37:485][659]LogTemp: Warning: BOca
[2020.07.02-07.14.37:493][660]LogTemp: Warning: BOca
[2020.07.02-07.14.37:502][661]LogTemp: Warning: BOca
[2020.07.02-07.14.37:510][662]LogTemp: Warning: BOca
[2020.07.02-07.14.37:518][663]LogTemp: Warning: BOca
[2020.07.02-07.14.37:527][664]LogTemp: Warning: BOca
[2020.07.02-07.14.37:535][665]LogTemp: Warning: BOca
[2020.07.02-07.14.37:543][666]LogTemp: Warning: BOca
[2020.07.02-07.14.37:552][667]LogTemp: Warning: BOca
[2020.07.02-07.14.37:561][668]LogTemp: Warning: BOca
[2020.07.02-07.14.37:568][669]LogTemp: Warning: BOca
[2020.07.02-07.14.37:577][670]LogTemp: Warning: BOca
[2020.07.02-07.14.37:585][671]LogTemp: Warning: BOca
[2020.07.02-07.14.37:594][672]LogTemp: Warning: BOca
[2020.07.02-07.14.37:602][673]LogTemp: Warning: BOca
[2020.07.02-07.14.37:610][674]LogTemp: Warning: BOca
[2020.07.02-07.14.37:619][675]LogTemp: Warning: BOca
[2020.07.02-07.14.37:627][676]LogTemp: Warning: BOca
[2020.07.02-07.14.37:635][677]LogTemp: Warning: BOca
[2020.07.02-07.14.37:644][678]LogTemp: Warning: BOca
[2020.07.02-07.14.37:652][679]LogTemp: Warning: BOca
[2020.07.02-07.14.37:659][680]LogTemp: Warning: BOca
[2020.07.02-07.14.37:668][681]LogTemp: Warning: BOca
[2020.07.02-07.14.37:676][682]LogTemp: Warning: BOca
[2020.07.02-07.14.37:685][683]LogTemp: Warning: BOca
[2020.07.02-07.14.37:693][684]LogTemp: Warning: BOca
[2020.07.02-07.14.37:701][685]LogTemp: Warning: BOca
[2020.07.02-07.14.37:710][686]LogTemp: Warning: BOca
[2020.07.02-07.14.37:718][687]LogTemp: Warning: BOca
[2020.07.02-07.14.37:726][688]LogTemp: Warning: BOca
[2020.07.02-07.14.37:735][689]LogTemp: Warning: BOca
[2020.07.02-07.14.37:743][690]LogTemp: Warning: BOca
[2020.07.02-07.14.37:751][691]LogTemp: Warning: BOca
[2020.07.02-07.14.37:760][692]LogTemp: Warning: BOca
[2020.07.02-07.14.37:768][693]LogTemp: Warning: BOca
[2020.07.02-07.14.37:777][694]LogTemp: Warning: BOca
[2020.07.02-07.14.37:785][695]LogTemp: Warning: BOca
[2020.07.02-07.14.37:793][696]LogTemp: Warning: BOca
[2020.07.02-07.14.37:802][697]LogTemp: Warning: BOca
[2020.07.02-07.14.37:810][698]LogTemp: Warning: BOca
[2020.07.02-07.14.37:818][699]LogTemp: Warning: BOca
[2020.07.02-07.14.37:827][700]LogTemp: Warning: BOca
[2020.07.02-07.14.37:835][701]LogTemp: Warning: BOca
[2020.07.02-07.14.37:843][702]LogTemp: Warning: BOca
[2020.07.02-07.14.37:852][703]LogTemp: Warning: BOca
[2020.07.02-07.14.37:860][704]LogTemp: Warning: BOca
[2020.07.02-07.14.37:868][705]LogTemp: Warning: BOca
[2020.07.02-07.14.37:877][706]LogTemp: Warning: BOca
[2020.07.02-07.14.37:885][707]LogTemp: Warning: BOca
[2020.07.02-07.14.37:894][708]LogTemp: Warning: BOca
[2020.07.02-07.14.37:902][709]LogTemp: Warning: BOca
[2020.07.02-07.14.37:911][710]LogTemp: Warning: BOca
[2020.07.02-07.14.37:919][711]LogTemp: Warning: BOca
[2020.07.02-07.14.37:927][712]LogTemp: Warning: BOca
[2020.07.02-07.14.37:935][713]LogTemp: Warning: BOca
[2020.07.02-07.14.37:944][714]LogTemp: Warning: BOca
[2020.07.02-07.14.37:952][715]LogTemp: Warning: BOca
[2020.07.02-07.14.37:961][716]LogTemp: Warning: BOca
[2020.07.02-07.14.37:969][717]LogTemp: Warning: BOca
[2020.07.02-07.14.37:977][718]LogTemp: Warning: BOca
[2020.07.02-07.14.37:986][719]LogTemp: Warning: BOca
[2020.07.02-07.14.37:994][720]LogTemp: Warning: BOca
[2020.07.02-07.14.38:002][721]LogTemp: Warning: BOca
[2020.07.02-07.14.38:011][722]LogTemp: Warning: BOca
[2020.07.02-07.14.38:019][723]LogTemp: Warning: BOca
[2020.07.02-07.14.38:027][724]LogTemp: Warning: BOca
[2020.07.02-07.14.38:035][725]LogTemp: Warning: BOca
[2020.07.02-07.14.38:043][726]LogTemp: Warning: BOca
[2020.07.02-07.14.38:051][727]LogTemp: Warning: BOca
[2020.07.02-07.14.38:060][728]LogTemp: Warning: BOca
[2020.07.02-07.14.38:068][729]LogTemp: Warning: BOca
[2020.07.02-07.14.38:077][730]LogTemp: Warning: BOca
[2020.07.02-07.14.38:085][731]LogTemp: Warning: BOca
[2020.07.02-07.14.38:093][732]LogTemp: Warning: BOca
[2020.07.02-07.14.38:102][733]LogTemp: Warning: BOca
[2020.07.02-07.14.38:110][734]LogTemp: Warning: BOca
[2020.07.02-07.14.38:118][735]LogTemp: Warning: BOca
[2020.07.02-07.14.38:127][736]LogTemp: Warning: BOca
[2020.07.02-07.14.38:135][737]LogTemp: Warning: BOca
[2020.07.02-07.14.38:143][738]LogTemp: Warning: BOca
[2020.07.02-07.14.38:152][739]LogTemp: Warning: BOca
[2020.07.02-07.14.38:160][740]LogTemp: Warning: BOca
[2020.07.02-07.14.38:169][741]LogTemp: Warning: BOca
[2020.07.02-07.14.38:177][742]LogTemp: Warning: BOca
[2020.07.02-07.14.38:185][743]LogTemp: Warning: BOca
[2020.07.02-07.14.38:194][744]LogTemp: Warning: BOca
[2020.07.02-07.14.38:202][745]LogTemp: Warning: BOca
[2020.07.02-07.14.38:210][746]LogTemp: Warning: BOca
[2020.07.02-07.14.38:218][747]LogTemp: Warning: BOca
[2020.07.02-07.14.38:227][748]LogTemp: Warning: BOca
[2020.07.02-07.14.38:235][749]LogTemp: Warning: BOca
[2020.07.02-07.14.38:243][750]LogTemp: Warning: BOca
[2020.07.02-07.14.38:252][751]LogTemp: Warning: BOca
[2020.07.02-07.14.38:260][752]LogTemp: Warning: BOca
[2020.07.02-07.14.38:269][753]LogTemp: Warning: BOca
[2020.07.02-07.14.38:278][754]LogTemp: Warning: BOca
[2020.07.02-07.14.38:285][755]LogTemp: Warning: BOca
[2020.07.02-07.14.38:294][756]LogTemp: Warning: BOca
[2020.07.02-07.14.38:302][757]LogTemp: Warning: BOca
[2020.07.02-07.14.38:311][758]LogTemp: Warning: BOca
[2020.07.02-07.14.38:319][759]LogTemp: Warning: BOca
[2020.07.02-07.14.38:327][760]LogTemp: Warning: BOca
[2020.07.02-07.14.38:336][761]LogTemp: Warning: BOca
[2020.07.02-07.14.38:344][762]LogTemp: Warning: BOca
[2020.07.02-07.14.38:352][763]LogTemp: Warning: BOca
[2020.07.02-07.14.38:361][764]LogTemp: Warning: BOca
[2020.07.02-07.14.38:369][765]LogTemp: Warning: BOca
[2020.07.02-07.14.38:377][766]LogTemp: Warning: BOca
[2020.07.02-07.14.38:386][767]LogTemp: Warning: BOca
[2020.07.02-07.14.38:394][768]LogTemp: Warning: BOca
[2020.07.02-07.14.38:402][769]LogTemp: Warning: BOca
[2020.07.02-07.14.38:410][770]LogTemp: Warning: BOca
[2020.07.02-07.14.38:419][771]LogTemp: Warning: BOca
[2020.07.02-07.14.38:427][772]LogTemp: Warning: BOca
[2020.07.02-07.14.38:437][773]LogTemp: Warning: BOca
[2020.07.02-07.14.38:447][774]LogTemp: Warning: BOca
[2020.07.02-07.14.38:454][775]LogTemp: Warning: BOca
[2020.07.02-07.14.38:463][776]LogTemp: Warning: BOca
[2020.07.02-07.14.38:472][777]LogTemp: Warning: BOca
[2020.07.02-07.14.38:480][778]LogTemp: Warning: BOca
[2020.07.02-07.14.38:488][779]LogTemp: Warning: BOca
[2020.07.02-07.14.38:495][780]LogTemp: Warning: BOca
[2020.07.02-07.14.38:503][781]LogTemp: Warning: BOca
[2020.07.02-07.14.38:513][782]LogTemp: Warning: BOca
[2020.07.02-07.14.38:521][783]LogTemp: Warning: BOca
[2020.07.02-07.14.38:529][784]LogTemp: Warning: BOca
[2020.07.02-07.14.38:538][785]LogTemp: Warning: BOca
[2020.07.02-07.14.38:546][786]LogTemp: Warning: BOca
[2020.07.02-07.14.38:554][787]LogTemp: Warning: BOca
[2020.07.02-07.14.38:563][788]LogTemp: Warning: BOca
[2020.07.02-07.14.38:571][789]LogTemp: Warning: BOca
[2020.07.02-07.14.38:579][790]LogTemp: Warning: BOca
[2020.07.02-07.14.38:588][791]LogTemp: Warning: BOca
[2020.07.02-07.14.38:596][792]LogTemp: Warning: BOca
[2020.07.02-07.14.38:605][793]LogTemp: Warning: BOca
[2020.07.02-07.14.38:615][794]LogTemp: Warning: BOca
[2020.07.02-07.14.38:630][795]LogTemp: Warning: BOca
[2020.07.02-07.14.38:638][796]LogTemp: Warning: BOca
[2020.07.02-07.14.38:645][797]LogTemp: Warning: BOca
[2020.07.02-07.14.38:654][798]LogTemp: Warning: BOca
[2020.07.02-07.14.38:662][799]LogTemp: Warning: BOca
[2020.07.02-07.14.38:670][800]LogTemp: Warning: BOca
[2020.07.02-07.14.38:679][801]LogTemp: Warning: BOca
[2020.07.02-07.14.38:687][802]LogTemp: Warning: BOca
[2020.07.02-07.14.38:695][803]LogTemp: Warning: BOca
[2020.07.02-07.14.38:704][804]LogTemp: Warning: BOca
[2020.07.02-07.14.38:714][805]LogTemp: Warning: BOca
[2020.07.02-07.14.38:723][806]LogTemp: Warning: BOca
[2020.07.02-07.14.38:731][807]LogTemp: Warning: BOca
[2020.07.02-07.14.38:740][808]LogTemp: Warning: BOca
[2020.07.02-07.14.38:748][809]LogTemp: Warning: BOca
[2020.07.02-07.14.38:756][810]LogTemp: Warning: BOca
[2020.07.02-07.14.38:765][811]LogTemp: Warning: BOca
[2020.07.02-07.14.38:774][812]LogTemp: Warning: BOca
[2020.07.02-07.14.38:781][813]LogTemp: Warning: BOca
[2020.07.02-07.14.38:789][814]LogTemp: Warning: BOca
[2020.07.02-07.14.38:798][815]LogTemp: Warning: BOca
[2020.07.02-07.14.38:806][816]LogTemp: Warning: BOca
[2020.07.02-07.14.38:814][817]LogTemp: Warning: BOca
[2020.07.02-07.14.38:823][818]LogTemp: Warning: BOca
[2020.07.02-07.14.38:831][819]LogTemp: Warning: BOca
[2020.07.02-07.14.38:839][820]LogTemp: Warning: BOca
[2020.07.02-07.14.38:848][821]LogTemp: Warning: BOca
[2020.07.02-07.14.38:856][822]LogTemp: Warning: BOca
[2020.07.02-07.14.38:866][823]LogTemp: Warning: BOca
[2020.07.02-07.14.38:880][824]LogTemp: Warning: BOca
[2020.07.02-07.14.38:888][825]LogTemp: Warning: BOca
[2020.07.02-07.14.38:896][826]LogTemp: Warning: BOca
[2020.07.02-07.14.38:904][827]LogTemp: Warning: BOca
[2020.07.02-07.14.38:914][828]LogTemp: Warning: BOca
[2020.07.02-07.14.38:920][829]LogTemp: Warning: BOca
[2020.07.02-07.14.38:929][830]LogTemp: Warning: BOca
[2020.07.02-07.14.38:937][831]LogTemp: Warning: BOca
[2020.07.02-07.14.38:945][832]LogTemp: Warning: BOca
[2020.07.02-07.14.38:954][833]LogTemp: Warning: BOca
[2020.07.02-07.14.38:962][834]LogTemp: Warning: BOca
[2020.07.02-07.14.38:970][835]LogTemp: Warning: BOca
[2020.07.02-07.14.38:979][836]LogTemp: Warning: BOca
[2020.07.02-07.14.38:987][837]LogTemp: Warning: BOca
[2020.07.02-07.14.38:995][838]LogTemp: Warning: BOca
[2020.07.02-07.14.39:004][839]LogTemp: Warning: BOca
[2020.07.02-07.14.39:012][840]LogTemp: Warning: BOca
[2020.07.02-07.14.39:020][841]LogTemp: Warning: BOca
[2020.07.02-07.14.39:029][842]LogTemp: Warning: BOca
[2020.07.02-07.14.39:037][843]LogTemp: Warning: BOca
[2020.07.02-07.14.39:045][844]LogTemp: Warning: BOca
[2020.07.02-07.14.39:053][845]LogTemp: Warning: BOca
[2020.07.02-07.14.39:062][846]LogTemp: Warning: BOca
[2020.07.02-07.14.39:070][847]LogTemp: Warning: BOca
[2020.07.02-07.14.39:078][848]LogTemp: Warning: BOca
[2020.07.02-07.14.39:087][849]LogTemp: Warning: BOca
[2020.07.02-07.14.39:095][850]LogTemp: Warning: BOca
[2020.07.02-07.14.39:230][866]LogTemp: Warning: BOca
[2020.07.02-07.14.39:231][866]LogAudioMixer: Display: No commands were queued while flushing the source manager.
[2020.07.02-07.14.39:247][866]LogAudioMixer: Display: Flush succeeded in the source manager command queue (1).
[2020.07.02-07.14.39:266][866]LogAudioMixer: Display: Flush succeeded the source manager command queue (2).
[2020.07.02-07.14.39:267][866]LogBlueprintUserMessages: Early EndPlayMap Detection: Level '/Game/ThirdPersonCPP/Maps/ThirdPersonExampleMap.ThirdPersonExampleMap:PersistentLevel' has LevelScriptBlueprint '/Game/ThirdPersonCPP/Maps/ThirdPersonExampleMap.ThirdPersonExampleMap:PersistentLevel.ThirdPersonExampleMap' with GeneratedClass '/Game/ThirdPersonCPP/Maps/ThirdPersonExampleMap.ThirdPersonExampleMap_C' with ClassGeneratedBy '/Game/ThirdPersonCPP/Maps/ThirdPersonExampleMap.ThirdPersonExampleMap:PersistentLevel.ThirdPersonExampleMap'
[2020.07.02-07.14.39:267][866]LogSlate: Updating window title bar state: overlay mode, drag disabled, window buttons hidden, title bar hidden
[2020.07.02-07.14.39:268][866]LogWorld: BeginTearingDown for /Game/ThirdPersonCPP/Maps/UEDPIE_2_ThirdPersonExampleMap
[2020.07.02-07.14.39:268][866]LogAudioMixer: Display: No commands were queued while flushing the source manager.
[2020.07.02-07.14.39:269][866]LogWorld: UWorld::CleanupWorld for ThirdPersonExampleMap, bSessionEnded=true, bCleanupResources=true
[2020.07.02-07.14.39:270][866]LogSlate: InvalidateAllWidgets triggered.  All widgets were invalidated
[2020.07.02-07.14.39:296][866]LogNet: World NetDriver shutdown IpNetDriver_1 [GameNetDriver]
[2020.07.02-07.14.39:296][866]LogNet: DestroyNamedNetDriver IpNetDriver_1 [GameNetDriver]
[2020.07.02-07.14.39:297][866]LogNet: UNetConnection::Close: [UNetConnection] RemoteAddr: 127.0.0.1:17777, Name: IpConnection_0, Driver: GameNetDriver IpNetDriver_1, IsServer: NO, PC: MyPlayerController_0, Owner: MyPlayerController_0, UniqueId: NULL:DESKTOP-27BOLO1-CCE163B6453CF606D81FB697C259C658, Channels: 10, Time: 2020.07.02-07.14.39
[2020.07.02-07.14.39:297][866]LogNet: UChannel::Close: Sending CloseBunch. ChIndex == 0. Name: [UChannel] ChIndex: 0, Closing: 0 [UNetConnection] RemoteAddr: 127.0.0.1:17777, Name: IpConnection_0, Driver: GameNetDriver IpNetDriver_1, IsServer: NO, PC: MyPlayerController_0, Owner: MyPlayerController_0, UniqueId: NULL:DESKTOP-27BOLO1-CCE163B6453CF606D81FB697C259C658
[2020.07.02-07.14.39:298][866]LogExit: GameNetDriver IpNetDriver_1 shut down
[2020.07.02-07.14.39:301][866]LogWorld: BeginTearingDown for /Game/ThirdPersonCPP/Maps/UEDPIE_1_ThirdPersonExampleMap
[2020.07.02-07.14.39:302][866]LogAudioMixer: Display: No commands were queued while flushing the source manager.
[2020.07.02-07.14.39:303][866]LogWorld: UWorld::CleanupWorld for ThirdPersonExampleMap, bSessionEnded=true, bCleanupResources=true
[2020.07.02-07.14.39:304][866]LogSlate: InvalidateAllWidgets triggered.  All widgets were invalidated
[2020.07.02-07.14.39:304][866]LogNet: World NetDriver shutdown IpNetDriver_0 [GameNetDriver]
[2020.07.02-07.14.39:305][866]LogNet: DestroyNamedNetDriver IpNetDriver_0 [GameNetDriver]
[2020.07.02-07.14.39:305][866]LogNet: UNetConnection::Cleanup: Closing open connection. [UNetConnection] RemoteAddr: 127.0.0.1:62238, Name: IpConnection_1, Driver: GameNetDriver IpNetDriver_0, IsServer: YES, PC: MyPlayerController_0, Owner: MyPlayerController_0, UniqueId: NULL:DESKTOP-27BOLO1-CCE163B6453CF606D81FB697C259C658
[2020.07.02-07.14.39:306][866]LogNet: UNetConnection::Close: [UNetConnection] RemoteAddr: 127.0.0.1:62238, Name: IpConnection_1, Driver: GameNetDriver IpNetDriver_0, IsServer: YES, PC: MyPlayerController_0, Owner: MyPlayerController_0, UniqueId: NULL:DESKTOP-27BOLO1-CCE163B6453CF606D81FB697C259C658, Channels: 10, Time: 2020.07.02-07.14.39
[2020.07.02-07.14.39:306][866]LogNet: UChannel::Close: Sending CloseBunch. ChIndex == 0. Name: [UChannel] ChIndex: 0, Closing: 0 [UNetConnection] RemoteAddr: 127.0.0.1:62238, Name: IpConnection_1, Driver: GameNetDriver IpNetDriver_0, IsServer: YES, PC: MyPlayerController_0, Owner: MyPlayerController_0, UniqueId: NULL:DESKTOP-27BOLO1-CCE163B6453CF606D81FB697C259C658
[2020.07.02-07.14.39:307][866]LogExit: GameNetDriver IpNetDriver_0 shut down
[2020.07.02-07.14.39:308][866]LogPlayLevel: Display: Shutting down PIE online subsystems
[2020.07.02-07.14.39:308][866]LogBlueprintUserMessages: Late EndPlayMap Detection: Level '/Game/ThirdPersonCPP/Maps/ThirdPersonExampleMap.ThirdPersonExampleMap:PersistentLevel' has LevelScriptBlueprint '/Game/ThirdPersonCPP/Maps/ThirdPersonExampleMap.ThirdPersonExampleMap:PersistentLevel.ThirdPersonExampleMap' with GeneratedClass '/Game/ThirdPersonCPP/Maps/ThirdPersonExampleMap.ThirdPersonExampleMap_C' with ClassGeneratedBy '/Game/ThirdPersonCPP/Maps/ThirdPersonExampleMap.ThirdPersonExampleMap:PersistentLevel.ThirdPersonExampleMap'
[2020.07.02-07.14.39:311][866]LogSlate: InvalidateAllWidgets triggered.  All widgets were invalidated
[2020.07.02-07.14.39:333][866]LogAudioMixer: Display: No commands were queued while flushing the source manager.
[2020.07.02-07.14.39:336][866]LogSlate: Updating window title bar state: overlay mode, drag disabled, window buttons hidden, title bar hidden
[2020.07.02-07.14.39:340][866]LogUObjectHash: Compacting FUObjectHashTables data took   1.23ms
[2020.07.02-07.14.39:353][867]LogPlayLevel: Display: Destroying online subsystem :Context_5
[2020.07.02-07.14.39:353][867]LogPlayLevel: Display: Destroying online subsystem :Context_4
