Log file open, 07/02/20 21:08:53
LogWindows: Failed to load 'aqProf.dll' (GetLastError=126)
LogWindows: File 'aqProf.dll' does not exist
LogWindows: Failed to load 'VtuneApi.dll' (GetLastError=126)
LogWindows: File 'VtuneApi.dll' does not exist
LogWindows: Failed to load 'VtuneApi32e.dll' (GetLastError=126)
LogWindows: File 'VtuneApi32e.dll' does not exist
LogConsoleResponse: Display: Failed to find resolution value strings in scalability ini. Falling back to default.
LogInit: Display: Running engine for game: Unreal2TP
LogPlatformFile: Not using cached read wrapper
LogTaskGraph: Started task graph with 5 named threads and 26 total threads with 3 sets of task threads.
LogStats: Stats thread started at 0.134852
LogD3D11RHI: Loaded GFSDK_Aftermath_Lib.x64.dll
LogICUInternationalization: ICU TimeZone Detection - Raw Offset: -3:00, Platform Override: ''
LogPluginManager: Mounting plugin Paper2D
LogPluginManager: Mounting plugin AISupport
LogPluginManager: Mounting plugin LightPropagationVolume
LogPluginManager: Mounting plugin ActorLayerUtilities
LogPluginManager: Mounting plugin AnimationSharing
LogPluginManager: Mounting plugin CLionSourceCodeAccess
LogPluginManager: Mounting plugin CodeLiteSourceCodeAccess
LogPluginManager: Mounting plugin GitSourceControl
LogPluginManager: Mounting plugin KDevelopSourceCodeAccess
LogPluginManager: Mounting plugin NullSourceCodeAccess
LogPluginManager: Mounting plugin PerforceSourceControl
LogPluginManager: Mounting plugin PlasticSourceControl
LogPluginManager: Mounting plugin SubversionSourceControl
LogPluginManager: Mounting plugin UObjectPlugin
LogPluginManager: Mounting plugin VisualStudioCodeSourceCodeAccess
LogPluginManager: Mounting plugin VisualStudioSourceCodeAccess
LogPluginManager: Mounting plugin XCodeSourceCodeAccess
LogPluginManager: Mounting plugin AssetManagerEditor
LogPluginManager: Mounting plugin CryptoKeys
LogPluginManager: Mounting plugin CurveEditorTools
LogPluginManager: Mounting plugin DataValidation
LogPluginManager: Mounting plugin FacialAnimation
LogPluginManager: Mounting plugin GameplayTagsEditor
LogPluginManager: Mounting plugin MacGraphicsSwitching
LogPluginManager: Mounting plugin MaterialAnalyzer
LogPluginManager: Mounting plugin MobileLauncherProfileWizard
LogPluginManager: Mounting plugin PluginBrowser
LogPluginManager: Mounting plugin SpeedTreeImporter
LogPluginManager: Mounting plugin DatasmithContent
LogPluginManager: Mounting plugin VariantManagerContent
LogPluginManager: Mounting plugin AlembicImporter
LogPluginManager: Mounting plugin AutomationUtils
LogPluginManager: Mounting plugin BackChannel
LogPluginManager: Mounting plugin CharacterAI
LogPluginManager: Mounting plugin GeometryCache
LogPluginManager: Mounting plugin PlatformCrypto
LogPluginManager: Mounting plugin ProxyLODPlugin
LogPluginManager: Mounting plugin SkeletalReduction
LogPluginManager: Mounting plugin MagicLeap
LogPluginManager: Mounting plugin MagicLeapMedia
LogPluginManager: Mounting plugin MLSDK
LogPluginManager: Mounting plugin AndroidMedia
LogPluginManager: Mounting plugin AvfMedia
LogPluginManager: Mounting plugin ImgMedia
LogPluginManager: Mounting plugin MediaCompositing
LogPluginManager: Mounting plugin MediaPlayerEditor
LogPluginManager: Mounting plugin WebMMedia
LogPluginManager: Mounting plugin WmfMedia
LogPluginManager: Mounting plugin TcpMessaging
LogPluginManager: Mounting plugin UdpMessaging
LogPluginManager: Mounting plugin ActorSequence
LogPluginManager: Mounting plugin LevelSequenceEditor
LogPluginManager: Mounting plugin MatineeToLevelSequence
LogPluginManager: Mounting plugin NetcodeUnitTest
LogPluginManager: Mounting plugin NUTUnrealEngine4
LogPluginManager: Mounting plugin OnlineSubsystemGooglePlay
LogPluginManager: Mounting plugin OnlineSubsystemIOS
LogPluginManager: Mounting plugin OnlineSubsystem
LogPluginManager: Mounting plugin OnlineSubsystemNull
LogPluginManager: Mounting plugin OnlineSubsystemUtils
LogPluginManager: Mounting plugin LauncherChunkInstaller
LogPluginManager: Mounting plugin AndroidDeviceProfileSelector
LogPluginManager: Mounting plugin AndroidMoviePlayer
LogPluginManager: Mounting plugin AndroidPermission
LogPluginManager: Mounting plugin AppleImageUtils
LogPluginManager: Mounting plugin AppleMoviePlayer
LogPluginManager: Mounting plugin ArchVisCharacter
LogPluginManager: Mounting plugin AssetTags
LogPluginManager: Mounting plugin AudioCapture
LogPluginManager: Mounting plugin CableComponent
LogPluginManager: Mounting plugin CustomMeshComponent
LogPluginManager: Mounting plugin EditableMesh
LogPluginManager: Mounting plugin ExampleDeviceProfileSelector
LogPluginManager: Mounting plugin GoogleCloudMessaging
LogPluginManager: Mounting plugin IOSDeviceProfileSelector
LogPluginManager: Mounting plugin LinuxDeviceProfileSelector
LogPluginManager: Mounting plugin LocationServicesBPLibrary
LogPluginManager: Mounting plugin MobilePatchingUtils
LogPluginManager: Mounting plugin OculusVR
LogPluginManager: Mounting plugin PhysXVehicles
LogPluginManager: Mounting plugin PostSplashScreen
LogPluginManager: Mounting plugin ProceduralMeshComponent
LogPluginManager: Mounting plugin RuntimePhysXCooking
LogPluginManager: Mounting plugin SignificanceManager
LogPluginManager: Mounting plugin SteamVR
LogPluginManager: Mounting plugin WebMMoviePlayer
LogPluginManager: Mounting plugin WindowsMoviePlayer
LogPluginManager: Mounting plugin ScreenshotTools
LogInit: Using libcurl 7.55.1-DEV
LogInit:  - built for x86_64-pc-win32
LogInit:  - supports SSL with OpenSSL/1.1.1
LogInit:  - supports HTTP deflate (compression) using libz 1.2.8
LogInit:  - other features:
LogInit:      CURL_VERSION_SSL
LogInit:      CURL_VERSION_LIBZ
LogInit:      CURL_VERSION_IPV6
LogInit:      CURL_VERSION_ASYNCHDNS
LogInit:      CURL_VERSION_LARGEFILE
LogInit:      CURL_VERSION_IDN
LogInit:  CurlRequestOptions (configurable via config and command line):
LogInit:  - bVerifyPeer = true  - Libcurl will verify peer certificate
LogInit:  - bUseHttpProxy = false  - Libcurl will NOT use HTTP proxy
LogInit:  - bDontReuseConnections = false  - Libcurl will reuse connections
LogInit:  - MaxHostConnections = 16  - Libcurl will limit the number of connections to a host
LogInit:  - LocalHostAddr = Default
LogInit:  - BufferSize = 65536
LogOnline: OSS: Creating online subsystem instance for: NULL
LogInit: WinSock: version 1.1 (2.2), MaxSocks=32767, MaxUdp=65467
LogOnline: OSS: TryLoadSubsystemAndSetDefault: Loaded subsystem for module [NULL]
LogInit: Build: ++UE4+Release-4.24-CL-11590370
LogInit: Engine Version: 4.24.3-11590370+++UE4+Release-4.24
LogInit: Compatible Engine Version: 4.24.0-10570792+++UE4+Release-4.24
LogInit: Net CL: 10570792
LogInit: OS: Windows 10 (Release 1909) (), CPU: Intel(R) Core(TM) i7-9700KF CPU @ 3.60GHz, GPU: NVIDIA GeForce GTX 1070
LogInit: Compiled (64-bit): Feb 24 2020 15:39:18
LogInit: Compiled with Visual C++: 19.16.27032.01
LogInit: Build Configuration: Development
LogInit: Branch Name: ++UE4+Release-4.24
LogInit: Command Line:  -skipcompile
LogInit: Base Directory: D:/UE_4.24/Engine/Binaries/Win64/
LogInit: Installed Engine Build: 1
LogDevObjectVersion: Number of dev versions registered: 25
LogDevObjectVersion:   Dev-Blueprints (B0D832E4-1F89-4F0D-ACCF-7EB736FD4AA2): 10
LogDevObjectVersion:   Dev-Build (E1C64328-A22C-4D53-A36C-8E866417BD8C): 0
LogDevObjectVersion:   Dev-Core (375EC13C-06E4-48FB-B500-84F0262A717E): 3
LogDevObjectVersion:   Dev-Editor (E4B068ED-F494-42E9-A231-DA0B2E46BB41): 37
LogDevObjectVersion:   Dev-Framework (CFFC743F-43B0-4480-9391-14DF171D2073): 36
LogDevObjectVersion:   Dev-Mobile (B02B49B5-BB20-44E9-A304-32B752E40360): 2
LogDevObjectVersion:   Dev-Networking (A4E4105C-59A1-49B5-A7C5-40C4547EDFEE): 0
LogDevObjectVersion:   Dev-Online (39C831C9-5AE6-47DC-9A44-9C173E1C8E7C): 0
LogDevObjectVersion:   Dev-Physics (78F01B33-EBEA-4F98-B9B4-84EACCB95AA2): 2
LogDevObjectVersion:   Dev-Platform (6631380F-2D4D-43E0-8009-CF276956A95A): 0
LogDevObjectVersion:   Dev-Rendering (12F88B9F-8875-4AFC-A67C-D90C383ABD29): 36
LogDevObjectVersion:   Dev-Sequencer (7B5AE74C-D270-4C10-A958-57980B212A5A): 11
LogDevObjectVersion:   Dev-VR (D7296918-1DD6-4BDD-9DE2-64A83CC13884): 2
LogDevObjectVersion:   Dev-LoadTimes (C2A15278-BFE7-4AFE-6C17-90FF531DF755): 1
LogDevObjectVersion:   Private-Geometry (6EACA3D4-40EC-4CC1-B786-8BED09428FC5): 3
LogDevObjectVersion:   Dev-AnimPhys (29E575DD-E0A3-4627-9D10-D276232CDCEA): 17
LogDevObjectVersion:   Dev-Anim (AF43A65D-7FD3-4947-9873-3E8ED9C1BB05): 2
LogDevObjectVersion:   Dev-ReflectionCapture (6B266CEC-1EC7-4B8F-A30B-E4D90942FC07): 1
LogDevObjectVersion:   Dev-Automation (0DF73D61-A23F-47EA-B727-89E90C41499A): 1
LogDevObjectVersion:   FortniteMain (601D1886-AC64-4F84-AA16-D3DE0DEAC7D6): 31
LogDevObjectVersion:   Dev-Enterprise (9DFFBCD6-494F-0158-E221-12823C92A888): 8
LogDevObjectVersion:   Dev-Niagara (F2AED0AC-9AFE-416F-8664-AA7FFA26D6FC): 1
LogDevObjectVersion:   Dev-Destruction (174F1F0B-B4C6-45A5-B13F-2EE8D0FB917D): 9
LogDevObjectVersion:   Dev-Physics-Ext (35F94A83-E258-406C-A318-09F59610247C): 8
LogDevObjectVersion:   Dev-CineCamera (B2E18506-4273-CFC2-A54E-F4BB758BBA07): 1
LogInit: Presizing for max 25165824 objects, including 0 objects not considered by GC, pre-allocating 0 bytes for permanent pool.
LogInit: Object subsystem initialized
LogConfig: Setting CVar [[con.DebugEarlyDefault:1]]
LogConfig: Setting CVar [[r.setres:1280x720]]
[2020.07.03-00.08.53:623][  0]LogConfig: Setting CVar [[r.VSync:0]]
[2020.07.03-00.08.53:623][  0]LogConfig: Setting CVar [[r.RHICmdBypass:0]]
[2020.07.03-00.08.53:623][  0]LogConfig: Applying CVar settings from Section [/Script/Engine.RendererSettings] File [D:/Facultad/Unreal/UNREAL2TP/Unreal2TP/Unreal2TP/Saved/Config/Windows/Engine.ini]
[2020.07.03-00.08.53:623][  0]LogConfig: Setting CVar [[r.GPUCrashDebugging:0]]
[2020.07.03-00.08.53:623][  0]LogConfig: Applying CVar settings from Section [/Script/Engine.RendererOverrideSettings] File [D:/Facultad/Unreal/UNREAL2TP/Unreal2TP/Unreal2TP/Saved/Config/Windows/Engine.ini]
[2020.07.03-00.08.53:623][  0]LogConfig: Applying CVar settings from Section [/Script/Engine.StreamingSettings] File [D:/Facultad/Unreal/UNREAL2TP/Unreal2TP/Unreal2TP/Saved/Config/Windows/Engine.ini]
[2020.07.03-00.08.53:623][  0]LogConfig: Setting CVar [[s.MinBulkDataSizeForAsyncLoading:131072]]
[2020.07.03-00.08.53:623][  0]LogConfig: Setting CVar [[s.AsyncLoadingThreadEnabled:0]]
[2020.07.03-00.08.53:623][  0]LogConfig: Setting CVar [[s.EventDrivenLoaderEnabled:1]]
[2020.07.03-00.08.53:623][  0]LogConfig: Setting CVar [[s.WarnIfTimeLimitExceeded:0]]
[2020.07.03-00.08.53:623][  0]LogConfig: Setting CVar [[s.TimeLimitExceededMultiplier:1.5]]
[2020.07.03-00.08.53:623][  0]LogConfig: Setting CVar [[s.TimeLimitExceededMinTime:0.005]]
[2020.07.03-00.08.53:623][  0]LogConfig: Setting CVar [[s.UseBackgroundLevelStreaming:1]]
[2020.07.03-00.08.53:623][  0]LogConfig: Setting CVar [[s.PriorityAsyncLoadingExtraTime:15.0]]
[2020.07.03-00.08.53:624][  0]LogConfig: Setting CVar [[s.LevelStreamingActorsUpdateTimeLimit:5.0]]
[2020.07.03-00.08.53:624][  0]LogConfig: Setting CVar [[s.PriorityLevelStreamingActorsUpdateExtraTime:5.0]]
[2020.07.03-00.08.53:624][  0]LogConfig: Setting CVar [[s.LevelStreamingComponentsRegistrationGranularity:10]]
[2020.07.03-00.08.53:624][  0]LogConfig: Setting CVar [[s.UnregisterComponentsTimeLimit:1.0]]
[2020.07.03-00.08.53:624][  0]LogConfig: Setting CVar [[s.LevelStreamingComponentsUnregistrationGranularity:5]]
[2020.07.03-00.08.53:624][  0]LogConfig: Setting CVar [[s.FlushStreamingOnExit:1]]
[2020.07.03-00.08.53:624][  0]LogConfig: Applying CVar settings from Section [/Script/Engine.GarbageCollectionSettings] File [D:/Facultad/Unreal/UNREAL2TP/Unreal2TP/Unreal2TP/Saved/Config/Windows/Engine.ini]
[2020.07.03-00.08.53:624][  0]LogConfig: Setting CVar [[gc.MaxObjectsNotConsideredByGC:1]]
[2020.07.03-00.08.53:624][  0]LogConfig: Setting CVar [[gc.SizeOfPermanentObjectPool:0]]
[2020.07.03-00.08.53:624][  0]LogConfig: Setting CVar [[gc.FlushStreamingOnGC:0]]
[2020.07.03-00.08.53:624][  0]LogConfig: Setting CVar [[gc.NumRetriesBeforeForcingGC:10]]
[2020.07.03-00.08.53:624][  0]LogConfig: Setting CVar [[gc.AllowParallelGC:1]]
[2020.07.03-00.08.53:624][  0]LogConfig: Setting CVar [[gc.TimeBetweenPurgingPendingKillObjects:61.1]]
[2020.07.03-00.08.53:624][  0]LogConfig: Setting CVar [[gc.MaxObjectsInEditor:25165824]]
[2020.07.03-00.08.53:624][  0]LogConfig: Setting CVar [[gc.IncrementalBeginDestroyEnabled:1]]
[2020.07.03-00.08.53:624][  0]LogConfig: Setting CVar [[gc.CreateGCClusters:1]]
[2020.07.03-00.08.53:624][  0]LogConfig: Setting CVar [[gc.MinGCClusterSize:5]]
[2020.07.03-00.08.53:624][  0]LogConfig: Setting CVar [[gc.ActorClusteringEnabled:0]]
[2020.07.03-00.08.53:624][  0]LogConfig: Setting CVar [[gc.BlueprintClusteringEnabled:0]]
[2020.07.03-00.08.53:624][  0]LogConfig: Setting CVar [[gc.UseDisregardForGCOnDedicatedServers:0]]
[2020.07.03-00.08.53:624][  0]LogConfig: Applying CVar settings from Section [/Script/Engine.NetworkSettings] File [D:/Facultad/Unreal/UNREAL2TP/Unreal2TP/Unreal2TP/Saved/Config/Windows/Engine.ini]
[2020.07.03-00.08.53:624][  0]LogConfig: Applying CVar settings from Section [/Script/UnrealEd.CookerSettings] File [D:/Facultad/Unreal/UNREAL2TP/Unreal2TP/Unreal2TP/Saved/Config/Windows/Engine.ini]
[2020.07.03-00.08.53:635][  0]LogConfig: Applying CVar settings from Section [ViewDistanceQuality@3] File [D:/Facultad/Unreal/UNREAL2TP/Unreal2TP/Unreal2TP/Saved/Config/Windows/Scalability.ini]
[2020.07.03-00.08.53:635][  0]LogConfig: Setting CVar [[r.SkeletalMeshLODBias:0]]
[2020.07.03-00.08.53:635][  0]LogConfig: Setting CVar [[r.ViewDistanceScale:1.0]]
[2020.07.03-00.08.53:635][  0]LogConfig: Applying CVar settings from Section [AntiAliasingQuality@3] File [D:/Facultad/Unreal/UNREAL2TP/Unreal2TP/Unreal2TP/Saved/Config/Windows/Scalability.ini]
[2020.07.03-00.08.53:635][  0]LogConfig: Setting CVar [[r.PostProcessAAQuality:4]]
[2020.07.03-00.08.53:635][  0]LogConfig: Applying CVar settings from Section [ShadowQuality@3] File [D:/Facultad/Unreal/UNREAL2TP/Unreal2TP/Unreal2TP/Saved/Config/Windows/Scalability.ini]
[2020.07.03-00.08.53:635][  0]LogConfig: Setting CVar [[r.LightFunctionQuality:1]]
[2020.07.03-00.08.53:635][  0]LogConfig: Setting CVar [[r.ShadowQuality:5]]
[2020.07.03-00.08.53:635][  0]LogConfig: Setting CVar [[r.Shadow.CSM.MaxCascades:10]]
[2020.07.03-00.08.53:636][  0]LogConfig: Setting CVar [[r.Shadow.MaxResolution:2048]]
[2020.07.03-00.08.53:636][  0]LogConfig: Setting CVar [[r.Shadow.MaxCSMResolution:2048]]
[2020.07.03-00.08.53:636][  0]LogConfig: Setting CVar [[r.Shadow.RadiusThreshold:0.01]]
[2020.07.03-00.08.53:636][  0]LogConfig: Setting CVar [[r.Shadow.DistanceScale:1.0]]
[2020.07.03-00.08.53:636][  0]LogConfig: Setting CVar [[r.Shadow.CSM.TransitionScale:1.0]]
[2020.07.03-00.08.53:636][  0]LogConfig: Setting CVar [[r.Shadow.PreShadowResolutionFactor:1.0]]
[2020.07.03-00.08.53:636][  0]LogConfig: Setting CVar [[r.DistanceFieldShadowing:1]]
[2020.07.03-00.08.53:636][  0]LogConfig: Setting CVar [[r.DistanceFieldAO:1]]
[2020.07.03-00.08.53:636][  0]LogConfig: Setting CVar [[r.AOQuality:2]]
[2020.07.03-00.08.53:636][  0]LogConfig: Setting CVar [[r.VolumetricFog:1]]
[2020.07.03-00.08.53:636][  0]LogConfig: Setting CVar [[r.VolumetricFog.GridPixelSize:8]]
[2020.07.03-00.08.53:636][  0]LogConfig: Setting CVar [[r.VolumetricFog.GridSizeZ:128]]
[2020.07.03-00.08.53:636][  0]LogConfig: Setting CVar [[r.VolumetricFog.HistoryMissSupersampleCount:4]]
[2020.07.03-00.08.53:636][  0]LogConfig: Setting CVar [[r.LightMaxDrawDistanceScale:1]]
[2020.07.03-00.08.53:636][  0]LogConfig: Setting CVar [[r.CapsuleShadows:1]]
[2020.07.03-00.08.53:636][  0]LogConfig: Applying CVar settings from Section [PostProcessQuality@3] File [D:/Facultad/Unreal/UNREAL2TP/Unreal2TP/Unreal2TP/Saved/Config/Windows/Scalability.ini]
[2020.07.03-00.08.53:636][  0]LogConfig: Setting CVar [[r.MotionBlurQuality:4]]
[2020.07.03-00.08.53:636][  0]LogConfig: Setting CVar [[r.AmbientOcclusionMipLevelFactor:0.4]]
[2020.07.03-00.08.53:636][  0]LogConfig: Setting CVar [[r.AmbientOcclusionMaxQuality:100]]
[2020.07.03-00.08.53:636][  0]LogConfig: Setting CVar [[r.AmbientOcclusionLevels:-1]]
[2020.07.03-00.08.53:636][  0]LogConfig: Setting CVar [[r.AmbientOcclusionRadiusScale:1.0]]
[2020.07.03-00.08.53:636][  0]LogConfig: Setting CVar [[r.DepthOfFieldQuality:2]]
[2020.07.03-00.08.53:636][  0]LogConfig: Setting CVar [[r.RenderTargetPoolMin:400]]
[2020.07.03-00.08.53:636][  0]LogConfig: Setting CVar [[r.LensFlareQuality:2]]
[2020.07.03-00.08.53:636][  0]LogConfig: Setting CVar [[r.SceneColorFringeQuality:1]]
[2020.07.03-00.08.53:637][  0]LogConfig: Setting CVar [[r.EyeAdaptationQuality:2]]
[2020.07.03-00.08.53:637][  0]LogConfig: Setting CVar [[r.BloomQuality:5]]
[2020.07.03-00.08.53:637][  0]LogConfig: Setting CVar [[r.FastBlurThreshold:100]]
[2020.07.03-00.08.53:637][  0]LogConfig: Setting CVar [[r.Upscale.Quality:3]]
[2020.07.03-00.08.53:637][  0]LogConfig: Setting CVar [[r.Tonemapper.GrainQuantization:1]]
[2020.07.03-00.08.53:637][  0]LogConfig: Setting CVar [[r.LightShaftQuality:1]]
[2020.07.03-00.08.53:637][  0]LogConfig: Setting CVar [[r.Filter.SizeScale:1]]
[2020.07.03-00.08.53:637][  0]LogConfig: Setting CVar [[r.Tonemapper.Quality:5]]
[2020.07.03-00.08.53:637][  0]LogConfig: Setting CVar [[r.DOF.Gather.AccumulatorQuality:1        ; higher gathering accumulator quality]]
[2020.07.03-00.08.53:637][  0]LogConfig: Setting CVar [[r.DOF.Gather.PostfilterMethod:1          ; Median3x3 postfilering method]]
[2020.07.03-00.08.53:637][  0]LogConfig: Setting CVar [[r.DOF.Gather.EnableBokehSettings:0       ; no bokeh simulation when gathering]]
[2020.07.03-00.08.53:637][  0]LogConfig: Setting CVar [[r.DOF.Gather.RingCount:4                 ; medium number of samples when gathering]]
[2020.07.03-00.08.53:637][  0]LogConfig: Setting CVar [[r.DOF.Scatter.ForegroundCompositing:1    ; additive foreground scattering]]
[2020.07.03-00.08.53:637][  0]LogConfig: Setting CVar [[r.DOF.Scatter.BackgroundCompositing:2    ; additive background scattering]]
[2020.07.03-00.08.53:637][  0]LogConfig: Setting CVar [[r.DOF.Scatter.EnableBokehSettings:1      ; bokeh simulation when scattering]]
[2020.07.03-00.08.53:637][  0]LogConfig: Setting CVar [[r.DOF.Scatter.MaxSpriteRatio:0.1         ; only a maximum of 10% of scattered bokeh]]
[2020.07.03-00.08.53:637][  0]LogConfig: Setting CVar [[r.DOF.Recombine.Quality:1                ; cheap slight out of focus]]
[2020.07.03-00.08.53:637][  0]LogConfig: Setting CVar [[r.DOF.Recombine.EnableBokehSettings:0    ; no bokeh simulation on slight out of focus]]
[2020.07.03-00.08.53:637][  0]LogConfig: Setting CVar [[r.DOF.TemporalAAQuality:1                ; more stable temporal accumulation]]
[2020.07.03-00.08.53:637][  0]LogConfig: Setting CVar [[r.DOF.Kernel.MaxForegroundRadius:0.025]]
[2020.07.03-00.08.53:637][  0]LogConfig: Setting CVar [[r.DOF.Kernel.MaxBackgroundRadius:0.025]]
[2020.07.03-00.08.53:637][  0]LogConfig: Applying CVar settings from Section [TextureQuality@3] File [D:/Facultad/Unreal/UNREAL2TP/Unreal2TP/Unreal2TP/Saved/Config/Windows/Scalability.ini]
[2020.07.03-00.08.53:637][  0]LogConfig: Setting CVar [[r.Streaming.MipBias:0]]
[2020.07.03-00.08.53:637][  0]LogConfig: Setting CVar [[r.Streaming.AmortizeCPUToGPUCopy:0]]
[2020.07.03-00.08.53:637][  0]LogConfig: Setting CVar [[r.Streaming.MaxNumTexturesToStreamPerFrame:0]]
[2020.07.03-00.08.53:637][  0]LogConfig: Setting CVar [[r.Streaming.Boost:1]]
[2020.07.03-00.08.53:637][  0]LogConfig: Setting CVar [[r.MaxAnisotropy:8]]
[2020.07.03-00.08.53:637][  0]LogConfig: Setting CVar [[r.VT.MaxAnisotropy:8]]
[2020.07.03-00.08.53:637][  0]LogConfig: Setting CVar [[r.Streaming.LimitPoolSizeToVRAM:0]]
[2020.07.03-00.08.53:637][  0]LogConfig: Setting CVar [[r.Streaming.PoolSize:1000]]
[2020.07.03-00.08.53:637][  0]LogConfig: Setting CVar [[r.Streaming.MaxEffectiveScreenSize:0]]
[2020.07.03-00.08.53:637][  0]LogConfig: Applying CVar settings from Section [EffectsQuality@3] File [D:/Facultad/Unreal/UNREAL2TP/Unreal2TP/Unreal2TP/Saved/Config/Windows/Scalability.ini]
[2020.07.03-00.08.53:637][  0]LogConfig: Setting CVar [[r.TranslucencyLightingVolumeDim:64]]
[2020.07.03-00.08.53:638][  0]LogConfig: Setting CVar [[r.RefractionQuality:2]]
[2020.07.03-00.08.53:638][  0]LogConfig: Setting CVar [[r.SSR.Quality:3]]
[2020.07.03-00.08.53:638][  0]LogConfig: Setting CVar [[r.SSR.HalfResSceneColor:0]]
[2020.07.03-00.08.53:638][  0]LogConfig: Setting CVar [[r.SceneColorFormat:4]]
[2020.07.03-00.08.53:638][  0]LogConfig: Setting CVar [[r.DetailMode:2]]
[2020.07.03-00.08.53:638][  0]LogConfig: Setting CVar [[r.TranslucencyVolumeBlur:1]]
[2020.07.03-00.08.53:638][  0]LogConfig: Setting CVar [[r.MaterialQualityLevel:1 ; High quality]]
[2020.07.03-00.08.53:638][  0]LogConfig: Setting CVar [[r.SSS.Scale:1]]
[2020.07.03-00.08.53:638][  0]LogConfig: Setting CVar [[r.SSS.SampleSet:2]]
[2020.07.03-00.08.53:638][  0]LogConfig: Setting CVar [[r.SSS.Quality:1]]
[2020.07.03-00.08.53:638][  0]LogConfig: Setting CVar [[r.SSS.HalfRes:1]]
[2020.07.03-00.08.53:638][  0]LogConfig: Setting CVar [[r.SSGI.Quality:3]]
[2020.07.03-00.08.53:638][  0]LogConfig: Setting CVar [[r.EmitterSpawnRateScale:1.0]]
[2020.07.03-00.08.53:638][  0]LogConfig: Setting CVar [[r.ParticleLightQuality:2]]
[2020.07.03-00.08.53:638][  0]LogConfig: Setting CVar [[r.SkyAtmosphere.AerialPerspectiveLUT.FastApplyOnOpaque:1 ; Always have FastSkyLUT 1 in this case to avoid wrong sky]]
[2020.07.03-00.08.53:638][  0]LogConfig: Setting CVar [[r.SkyAtmosphere.AerialPerspectiveLUT.SampleCountPerSlice:1]]
[2020.07.03-00.08.53:638][  0]LogConfig: Setting CVar [[r.SkyAtmosphere.AerialPerspectiveLUT.DepthResolution:16.0]]
[2020.07.03-00.08.53:638][  0]LogConfig: Setting CVar [[r.SkyAtmosphere.FastSkyLUT:1]]
[2020.07.03-00.08.53:638][  0]LogConfig: Setting CVar [[r.SkyAtmosphere.FastSkyLUT.SampleCountMin:4.0]]
[2020.07.03-00.08.53:638][  0]LogConfig: Setting CVar [[r.SkyAtmosphere.FastSkyLUT.SampleCountMax:32.0]]
[2020.07.03-00.08.53:638][  0]LogConfig: Setting CVar [[r.SkyAtmosphere.SampleCountMin:4.0]]
[2020.07.03-00.08.53:638][  0]LogConfig: Setting CVar [[r.SkyAtmosphere.SampleCountMax:32.0]]
[2020.07.03-00.08.53:638][  0]LogConfig: Setting CVar [[r.SkyAtmosphere.TransmittanceLUT.UseSmallFormat:0]]
[2020.07.03-00.08.53:638][  0]LogConfig: Setting CVar [[r.SkyAtmosphere.TransmittanceLUT.SampleCount:10.0]]
[2020.07.03-00.08.53:638][  0]LogConfig: Setting CVar [[r.SkyAtmosphere.MultiScatteringLUT.SampleCount:15.0]]
[2020.07.03-00.08.53:638][  0]LogConfig: Applying CVar settings from Section [FoliageQuality@3] File [D:/Facultad/Unreal/UNREAL2TP/Unreal2TP/Unreal2TP/Saved/Config/Windows/Scalability.ini]
[2020.07.03-00.08.53:638][  0]LogConfig: Setting CVar [[foliage.DensityScale:1.0]]
[2020.07.03-00.08.53:638][  0]LogConfig: Setting CVar [[grass.DensityScale:1.0]]
[2020.07.03-00.08.53:638][  0]LogConfig: Applying CVar settings from Section [ShadingQuality@3] File [D:/Facultad/Unreal/UNREAL2TP/Unreal2TP/Unreal2TP/Saved/Config/Windows/Scalability.ini]
[2020.07.03-00.08.53:638][  0]LogConfig: Setting CVar [[r.HairStrands.SkyLighting.SampleCount:16]]
[2020.07.03-00.08.53:638][  0]LogConfig: Setting CVar [[r.HairStrands.SkyLighting.JitterIntegration:0]]
[2020.07.03-00.08.53:638][  0]LogConfig: Setting CVar [[r.HairStrands.SkyAO.SampleCount:16]]
[2020.07.03-00.08.53:638][  0]LogInit: Selected Device Profile: [Windows]
[2020.07.03-00.08.53:638][  0]LogInit: Applying CVar settings loaded from the selected device profile: [Windows]
[2020.07.03-00.08.53:640][  0]LogHAL: Display: Platform has ~ 16 GB [17096769536 / 17179869184 / 16], which maps to Larger [LargestMinGB=32, LargerMinGB=12, DefaultMinGB=8, SmallerMinGB=6, SmallestMinGB=0)
[2020.07.03-00.08.53:640][  0]LogInit: Going up to parent DeviceProfile []
[2020.07.03-00.08.53:640][  0]LogConfig: Applying CVar settings from Section [ViewDistanceQuality@3] File [D:/Facultad/Unreal/UNREAL2TP/Unreal2TP/Unreal2TP/Saved/Config/Windows/Scalability.ini]
[2020.07.03-00.08.53:640][  0]LogConfig: Setting CVar [[r.SkeletalMeshLODBias:0]]
[2020.07.03-00.08.53:640][  0]LogConfig: Setting CVar [[r.ViewDistanceScale:1.0]]
[2020.07.03-00.08.53:640][  0]LogConfig: Applying CVar settings from Section [AntiAliasingQuality@3] File [D:/Facultad/Unreal/UNREAL2TP/Unreal2TP/Unreal2TP/Saved/Config/Windows/Scalability.ini]
[2020.07.03-00.08.53:640][  0]LogConfig: Setting CVar [[r.PostProcessAAQuality:4]]
[2020.07.03-00.08.53:640][  0]LogConfig: Applying CVar settings from Section [ShadowQuality@3] File [D:/Facultad/Unreal/UNREAL2TP/Unreal2TP/Unreal2TP/Saved/Config/Windows/Scalability.ini]
[2020.07.03-00.08.53:640][  0]LogConfig: Setting CVar [[r.LightFunctionQuality:1]]
[2020.07.03-00.08.53:640][  0]LogConfig: Setting CVar [[r.ShadowQuality:5]]
[2020.07.03-00.08.53:640][  0]LogConfig: Setting CVar [[r.Shadow.CSM.MaxCascades:10]]
[2020.07.03-00.08.53:640][  0]LogConfig: Setting CVar [[r.Shadow.MaxResolution:2048]]
[2020.07.03-00.08.53:641][  0]LogConfig: Setting CVar [[r.Shadow.MaxCSMResolution:2048]]
[2020.07.03-00.08.53:641][  0]LogConfig: Setting CVar [[r.Shadow.RadiusThreshold:0.01]]
[2020.07.03-00.08.53:641][  0]LogConfig: Setting CVar [[r.Shadow.DistanceScale:1.0]]
[2020.07.03-00.08.53:641][  0]LogConfig: Setting CVar [[r.Shadow.CSM.TransitionScale:1.0]]
[2020.07.03-00.08.53:641][  0]LogConfig: Setting CVar [[r.Shadow.PreShadowResolutionFactor:1.0]]
[2020.07.03-00.08.53:641][  0]LogConfig: Setting CVar [[r.DistanceFieldShadowing:1]]
[2020.07.03-00.08.53:641][  0]LogConfig: Setting CVar [[r.DistanceFieldAO:1]]
[2020.07.03-00.08.53:641][  0]LogConfig: Setting CVar [[r.AOQuality:2]]
[2020.07.03-00.08.53:641][  0]LogConfig: Setting CVar [[r.VolumetricFog:1]]
[2020.07.03-00.08.53:641][  0]LogConfig: Setting CVar [[r.VolumetricFog.GridPixelSize:8]]
[2020.07.03-00.08.53:641][  0]LogConfig: Setting CVar [[r.VolumetricFog.GridSizeZ:128]]
[2020.07.03-00.08.53:641][  0]LogConfig: Setting CVar [[r.VolumetricFog.HistoryMissSupersampleCount:4]]
[2020.07.03-00.08.53:641][  0]LogConfig: Setting CVar [[r.LightMaxDrawDistanceScale:1]]
[2020.07.03-00.08.53:641][  0]LogConfig: Setting CVar [[r.CapsuleShadows:1]]
[2020.07.03-00.08.53:641][  0]LogConfig: Applying CVar settings from Section [PostProcessQuality@3] File [D:/Facultad/Unreal/UNREAL2TP/Unreal2TP/Unreal2TP/Saved/Config/Windows/Scalability.ini]
[2020.07.03-00.08.53:641][  0]LogConfig: Setting CVar [[r.MotionBlurQuality:4]]
[2020.07.03-00.08.53:641][  0]LogConfig: Setting CVar [[r.AmbientOcclusionMipLevelFactor:0.4]]
[2020.07.03-00.08.53:641][  0]LogConfig: Setting CVar [[r.AmbientOcclusionMaxQuality:100]]
[2020.07.03-00.08.53:641][  0]LogConfig: Setting CVar [[r.AmbientOcclusionLevels:-1]]
[2020.07.03-00.08.53:641][  0]LogConfig: Setting CVar [[r.AmbientOcclusionRadiusScale:1.0]]
[2020.07.03-00.08.53:641][  0]LogConfig: Setting CVar [[r.DepthOfFieldQuality:2]]
[2020.07.03-00.08.53:641][  0]LogConfig: Setting CVar [[r.RenderTargetPoolMin:400]]
[2020.07.03-00.08.53:641][  0]LogConfig: Setting CVar [[r.LensFlareQuality:2]]
[2020.07.03-00.08.53:641][  0]LogConfig: Setting CVar [[r.SceneColorFringeQuality:1]]
[2020.07.03-00.08.53:641][  0]LogConfig: Setting CVar [[r.EyeAdaptationQuality:2]]
[2020.07.03-00.08.53:641][  0]LogConfig: Setting CVar [[r.BloomQuality:5]]
[2020.07.03-00.08.53:641][  0]LogConfig: Setting CVar [[r.FastBlurThreshold:100]]
[2020.07.03-00.08.53:641][  0]LogConfig: Setting CVar [[r.Upscale.Quality:3]]
[2020.07.03-00.08.53:641][  0]LogConfig: Setting CVar [[r.Tonemapper.GrainQuantization:1]]
[2020.07.03-00.08.53:641][  0]LogConfig: Setting CVar [[r.LightShaftQuality:1]]
[2020.07.03-00.08.53:641][  0]LogConfig: Setting CVar [[r.Filter.SizeScale:1]]
[2020.07.03-00.08.53:641][  0]LogConfig: Setting CVar [[r.Tonemapper.Quality:5]]
[2020.07.03-00.08.53:641][  0]LogConfig: Setting CVar [[r.DOF.Gather.AccumulatorQuality:1        ; higher gathering accumulator quality]]
[2020.07.03-00.08.53:641][  0]LogConfig: Setting CVar [[r.DOF.Gather.PostfilterMethod:1          ; Median3x3 postfilering method]]
[2020.07.03-00.08.53:641][  0]LogConfig: Setting CVar [[r.DOF.Gather.EnableBokehSettings:0       ; no bokeh simulation when gathering]]
[2020.07.03-00.08.53:641][  0]LogConfig: Setting CVar [[r.DOF.Gather.RingCount:4                 ; medium number of samples when gathering]]
[2020.07.03-00.08.53:641][  0]LogConfig: Setting CVar [[r.DOF.Scatter.ForegroundCompositing:1    ; additive foreground scattering]]
[2020.07.03-00.08.53:641][  0]LogConfig: Setting CVar [[r.DOF.Scatter.BackgroundCompositing:2    ; additive background scattering]]
[2020.07.03-00.08.53:641][  0]LogConfig: Setting CVar [[r.DOF.Scatter.EnableBokehSettings:1      ; bokeh simulation when scattering]]
[2020.07.03-00.08.53:641][  0]LogConfig: Setting CVar [[r.DOF.Scatter.MaxSpriteRatio:0.1         ; only a maximum of 10% of scattered bokeh]]
[2020.07.03-00.08.53:641][  0]LogConfig: Setting CVar [[r.DOF.Recombine.Quality:1                ; cheap slight out of focus]]
[2020.07.03-00.08.53:641][  0]LogConfig: Setting CVar [[r.DOF.Recombine.EnableBokehSettings:0    ; no bokeh simulation on slight out of focus]]
[2020.07.03-00.08.53:642][  0]LogConfig: Setting CVar [[r.DOF.TemporalAAQuality:1                ; more stable temporal accumulation]]
[2020.07.03-00.08.53:642][  0]LogConfig: Setting CVar [[r.DOF.Kernel.MaxForegroundRadius:0.025]]
[2020.07.03-00.08.53:642][  0]LogConfig: Setting CVar [[r.DOF.Kernel.MaxBackgroundRadius:0.025]]
[2020.07.03-00.08.53:642][  0]LogConfig: Applying CVar settings from Section [TextureQuality@3] File [D:/Facultad/Unreal/UNREAL2TP/Unreal2TP/Unreal2TP/Saved/Config/Windows/Scalability.ini]
[2020.07.03-00.08.53:642][  0]LogConfig: Setting CVar [[r.Streaming.MipBias:0]]
[2020.07.03-00.08.53:642][  0]LogConfig: Setting CVar [[r.Streaming.AmortizeCPUToGPUCopy:0]]
[2020.07.03-00.08.53:642][  0]LogConfig: Setting CVar [[r.Streaming.MaxNumTexturesToStreamPerFrame:0]]
[2020.07.03-00.08.53:642][  0]LogConfig: Setting CVar [[r.Streaming.Boost:1]]
[2020.07.03-00.08.53:642][  0]LogConfig: Setting CVar [[r.MaxAnisotropy:8]]
[2020.07.03-00.08.53:642][  0]LogConfig: Setting CVar [[r.VT.MaxAnisotropy:8]]
[2020.07.03-00.08.53:642][  0]LogConfig: Setting CVar [[r.Streaming.LimitPoolSizeToVRAM:0]]
[2020.07.03-00.08.53:642][  0]LogConfig: Setting CVar [[r.Streaming.PoolSize:1000]]
[2020.07.03-00.08.53:642][  0]LogConfig: Setting CVar [[r.Streaming.MaxEffectiveScreenSize:0]]
[2020.07.03-00.08.53:642][  0]LogConfig: Applying CVar settings from Section [EffectsQuality@3] File [D:/Facultad/Unreal/UNREAL2TP/Unreal2TP/Unreal2TP/Saved/Config/Windows/Scalability.ini]
[2020.07.03-00.08.53:642][  0]LogConfig: Setting CVar [[r.TranslucencyLightingVolumeDim:64]]
[2020.07.03-00.08.53:642][  0]LogConfig: Setting CVar [[r.RefractionQuality:2]]
[2020.07.03-00.08.53:642][  0]LogConfig: Setting CVar [[r.SSR.Quality:3]]
[2020.07.03-00.08.53:642][  0]LogConfig: Setting CVar [[r.SSR.HalfResSceneColor:0]]
[2020.07.03-00.08.53:642][  0]LogConfig: Setting CVar [[r.SceneColorFormat:4]]
[2020.07.03-00.08.53:642][  0]LogConfig: Setting CVar [[r.DetailMode:2]]
[2020.07.03-00.08.53:642][  0]LogConfig: Setting CVar [[r.TranslucencyVolumeBlur:1]]
[2020.07.03-00.08.53:642][  0]LogConfig: Setting CVar [[r.MaterialQualityLevel:1 ; High quality]]
[2020.07.03-00.08.53:642][  0]LogConfig: Setting CVar [[r.SSS.Scale:1]]
[2020.07.03-00.08.53:642][  0]LogConfig: Setting CVar [[r.SSS.SampleSet:2]]
[2020.07.03-00.08.53:642][  0]LogConfig: Setting CVar [[r.SSS.Quality:1]]
[2020.07.03-00.08.53:642][  0]LogConfig: Setting CVar [[r.SSS.HalfRes:1]]
[2020.07.03-00.08.53:642][  0]LogConfig: Setting CVar [[r.SSGI.Quality:3]]
[2020.07.03-00.08.53:642][  0]LogConfig: Setting CVar [[r.EmitterSpawnRateScale:1.0]]
[2020.07.03-00.08.53:642][  0]LogConfig: Setting CVar [[r.ParticleLightQuality:2]]
[2020.07.03-00.08.53:642][  0]LogConfig: Setting CVar [[r.SkyAtmosphere.AerialPerspectiveLUT.FastApplyOnOpaque:1 ; Always have FastSkyLUT 1 in this case to avoid wrong sky]]
[2020.07.03-00.08.53:642][  0]LogConfig: Setting CVar [[r.SkyAtmosphere.AerialPerspectiveLUT.SampleCountPerSlice:1]]
[2020.07.03-00.08.53:642][  0]LogConfig: Setting CVar [[r.SkyAtmosphere.AerialPerspectiveLUT.DepthResolution:16.0]]
[2020.07.03-00.08.53:642][  0]LogConfig: Setting CVar [[r.SkyAtmosphere.FastSkyLUT:1]]
[2020.07.03-00.08.53:642][  0]LogConfig: Setting CVar [[r.SkyAtmosphere.FastSkyLUT.SampleCountMin:4.0]]
[2020.07.03-00.08.53:642][  0]LogConfig: Setting CVar [[r.SkyAtmosphere.FastSkyLUT.SampleCountMax:32.0]]
[2020.07.03-00.08.53:642][  0]LogConfig: Setting CVar [[r.SkyAtmosphere.SampleCountMin:4.0]]
[2020.07.03-00.08.53:642][  0]LogConfig: Setting CVar [[r.SkyAtmosphere.SampleCountMax:32.0]]
[2020.07.03-00.08.53:642][  0]LogConfig: Setting CVar [[r.SkyAtmosphere.TransmittanceLUT.UseSmallFormat:0]]
[2020.07.03-00.08.53:642][  0]LogConfig: Setting CVar [[r.SkyAtmosphere.TransmittanceLUT.SampleCount:10.0]]
[2020.07.03-00.08.53:642][  0]LogConfig: Setting CVar [[r.SkyAtmosphere.MultiScatteringLUT.SampleCount:15.0]]
[2020.07.03-00.08.53:642][  0]LogConfig: Applying CVar settings from Section [FoliageQuality@3] File [D:/Facultad/Unreal/UNREAL2TP/Unreal2TP/Unreal2TP/Saved/Config/Windows/Scalability.ini]
[2020.07.03-00.08.53:642][  0]LogConfig: Setting CVar [[foliage.DensityScale:1.0]]
[2020.07.03-00.08.53:643][  0]LogConfig: Setting CVar [[grass.DensityScale:1.0]]
[2020.07.03-00.08.53:643][  0]LogConfig: Applying CVar settings from Section [ShadingQuality@3] File [D:/Facultad/Unreal/UNREAL2TP/Unreal2TP/Unreal2TP/Saved/Config/Windows/Scalability.ini]
[2020.07.03-00.08.53:643][  0]LogConfig: Setting CVar [[r.HairStrands.SkyLighting.SampleCount:16]]
[2020.07.03-00.08.53:643][  0]LogConfig: Setting CVar [[r.HairStrands.SkyLighting.JitterIntegration:0]]
[2020.07.03-00.08.53:643][  0]LogConfig: Setting CVar [[r.HairStrands.SkyAO.SampleCount:16]]
[2020.07.03-00.08.53:643][  0]LogConfig: Applying CVar settings from Section [Startup] File [../../../Engine/Config/ConsoleVariables.ini]
[2020.07.03-00.08.53:643][  0]LogConfig: Setting CVar [[net.UseAdaptiveNetUpdateFrequency:0]]
[2020.07.03-00.08.53:643][  0]LogConfig: Setting CVar [[p.chaos.AllowCreatePhysxBodies:1]]
[2020.07.03-00.08.53:643][  0]LogConfig: Applying CVar settings from Section [ConsoleVariables] File [D:/Facultad/Unreal/UNREAL2TP/Unreal2TP/Unreal2TP/Saved/Config/Windows/Engine.ini]
[2020.07.03-00.08.53:643][  0]LogInit: Computer: DESKTOP-27BOLO1
[2020.07.03-00.08.53:643][  0]LogInit: User: Facundo
[2020.07.03-00.08.53:643][  0]LogInit: CPU Page size=4096, Cores=8
[2020.07.03-00.08.53:643][  0]LogInit: High frequency timer resolution =10.000000 MHz
[2020.07.03-00.08.53:643][  0]LogMemory: Memory total: Physical=15.9GB (16GB approx)
[2020.07.03-00.08.53:643][  0]LogMemory: Platform Memory Stats for Windows
[2020.07.03-00.08.53:643][  0]LogMemory: Process Physical Memory: 106.17 MB used, 106.18 MB peak
[2020.07.03-00.08.53:643][  0]LogMemory: Process Virtual Memory: 100.79 MB used, 100.79 MB peak
[2020.07.03-00.08.53:643][  0]LogMemory: Physical Memory: 8531.30 MB used,  7773.45 MB free, 16304.75 MB total
[2020.07.03-00.08.53:643][  0]LogMemory: Virtual Memory: 5107.20 MB used,  134212624.00 MB free, 134217728.00 MB total
[2020.07.03-00.08.53:652][  0]LogWindows: WindowsPlatformFeatures enabled
[2020.07.03-00.08.53:722][  0]LogInit: Using OS detected language (en-US).
[2020.07.03-00.08.53:722][  0]LogInit: Using OS detected locale (en-US).
[2020.07.03-00.08.53:723][  0]LogTextLocalizationManager: No specific localization for 'en-US' exists, so the 'en' localization will be used.
[2020.07.03-00.08.53:830][  0]LogInit: Setting process to per monitor DPI aware
[2020.07.03-00.08.53:872][  0]LogSlate: New Slate User Created.  User Index 0, Is Virtual User: 0
[2020.07.03-00.08.53:872][  0]LogSlate: Slate User Registered.  User Index 0, Is Virtual User: 0
[2020.07.03-00.08.53:981][  0]LogHMD: Failed to initialize OpenVR with code 110
[2020.07.03-00.08.53:982][  0]LogD3D11RHI: D3D11 min allowed feature level: 11_0
[2020.07.03-00.08.53:982][  0]LogD3D11RHI: D3D11 max allowed feature level: 11_0
[2020.07.03-00.08.53:982][  0]LogD3D11RHI: D3D11 adapters:
[2020.07.03-00.08.54:043][  0]LogD3D11RHI:    0. 'NVIDIA GeForce GTX 1070' (Feature Level 11_0)
[2020.07.03-00.08.54:043][  0]LogD3D11RHI:       8088/0/8152 MB DedicatedVideo/DedicatedSystem/SharedSystem, Outputs:3, VendorId:0x10de
[2020.07.03-00.08.54:047][  0]LogD3D11RHI:    1. 'Microsoft Basic Render Driver' (Feature Level 11_0)
[2020.07.03-00.08.54:047][  0]LogD3D11RHI:       0/0/8152 MB DedicatedVideo/DedicatedSystem/SharedSystem, Outputs:0, VendorId:0x1414
[2020.07.03-00.08.54:047][  0]LogD3D11RHI: Chosen D3D11 Adapter: 0
[2020.07.03-00.08.54:054][  0]LogD3D11RHI: Creating new Direct3DDevice
[2020.07.03-00.08.54:054][  0]LogD3D11RHI:     GPU DeviceId: 0x1b81 (for the marketing name, search the web for "GPU Device Id")
[2020.07.03-00.08.54:054][  0]LogWindows: EnumDisplayDevices:
[2020.07.03-00.08.54:054][  0]LogWindows:    0. 'NVIDIA GeForce GTX 1070' (P:1 D:1)
[2020.07.03-00.08.54:055][  0]LogWindows:    1. 'NVIDIA GeForce GTX 1070' (P:0 D:1)
[2020.07.03-00.08.54:055][  0]LogWindows:    2. 'NVIDIA GeForce GTX 1070' (P:0 D:1)
[2020.07.03-00.08.54:056][  0]LogWindows:    3. 'NVIDIA GeForce GTX 1070' (P:0 D:0)
[2020.07.03-00.08.54:056][  0]LogWindows: DebugString: FoundDriverCount:4 
[2020.07.03-00.08.54:056][  0]LogD3D11RHI:     Adapter Name: NVIDIA GeForce GTX 1070
[2020.07.03-00.08.54:056][  0]LogD3D11RHI:   Driver Version: 446.14 (internal:26.21.14.4614, unified:446.14)
[2020.07.03-00.08.54:056][  0]LogD3D11RHI:      Driver Date: 5-15-2020
[2020.07.03-00.08.54:056][  0]LogRHI: Texture pool is 5661 MB (70% of 8088 MB)
[2020.07.03-00.08.54:095][  0]LogD3D11RHI: RHI has support for 64 bit atomics
[2020.07.03-00.08.54:095][  0]LogD3D11RHI: Async texture creation enabled
[2020.07.03-00.08.54:108][  0]LogD3D11RHI: GPU Timing Frequency: 1000.000000 (Debug: 2 1)
[2020.07.03-00.08.54:328][  0]LogTargetPlatformManager: Display: Loaded TargetPlatform 'AllDesktop'
[2020.07.03-00.08.54:351][  0]LogTargetPlatformManager: Display: Loaded TargetPlatform 'Android'
[2020.07.03-00.08.54:351][  0]LogTargetPlatformManager: Display: Loaded TargetPlatform 'Android_ASTC'
[2020.07.03-00.08.54:351][  0]LogTargetPlatformManager: Display: Loaded TargetPlatform 'Android_ATC'
[2020.07.03-00.08.54:351][  0]LogTargetPlatformManager: Display: Loaded TargetPlatform 'Android_DXT'
[2020.07.03-00.08.54:351][  0]LogTargetPlatformManager: Display: Loaded TargetPlatform 'Android_ETC1'
[2020.07.03-00.08.54:351][  0]LogTargetPlatformManager: Display: Loaded TargetPlatform 'Android_ETC1a'
[2020.07.03-00.08.54:351][  0]LogTargetPlatformManager: Display: Loaded TargetPlatform 'Android_ETC2'
[2020.07.03-00.08.54:351][  0]LogTargetPlatformManager: Display: Loaded TargetPlatform 'Android_PVRTC'
[2020.07.03-00.08.54:351][  0]LogTargetPlatformManager: Display: Loaded TargetPlatform 'AndroidClient'
[2020.07.03-00.08.54:351][  0]LogTargetPlatformManager: Display: Loaded TargetPlatform 'Android_ASTCClient'
[2020.07.03-00.08.54:351][  0]LogTargetPlatformManager: Display: Loaded TargetPlatform 'Android_ATCClient'
[2020.07.03-00.08.54:351][  0]LogTargetPlatformManager: Display: Loaded TargetPlatform 'Android_DXTClient'
[2020.07.03-00.08.54:351][  0]LogTargetPlatformManager: Display: Loaded TargetPlatform 'Android_ETC1Client'
[2020.07.03-00.08.54:351][  0]LogTargetPlatformManager: Display: Loaded TargetPlatform 'Android_ETC1aClient'
[2020.07.03-00.08.54:351][  0]LogTargetPlatformManager: Display: Loaded TargetPlatform 'Android_ETC2Client'
[2020.07.03-00.08.54:352][  0]LogTargetPlatformManager: Display: Loaded TargetPlatform 'Android_PVRTCClient'
[2020.07.03-00.08.54:352][  0]LogTargetPlatformManager: Display: Loaded TargetPlatform 'Android_Multi'
[2020.07.03-00.08.54:352][  0]LogTargetPlatformManager: Display: Loaded TargetPlatform 'Android_MultiClient'
[2020.07.03-00.08.54:370][  0]LogTargetPlatformManager: Display: Loaded TargetPlatform 'IOSClient'
[2020.07.03-00.08.54:371][  0]LogTargetPlatformManager: Display: Loaded TargetPlatform 'IOS'
[2020.07.03-00.08.54:377][  0]LogTargetPlatformManager: Display: Loaded TargetPlatform 'LinuxNoEditor'
[2020.07.03-00.08.54:384][  0]LogTargetPlatformManager: Display: Loaded TargetPlatform 'LinuxClient'
[2020.07.03-00.08.54:390][  0]LogTargetPlatformManager: Display: Loaded TargetPlatform 'LinuxServer'
[2020.07.03-00.08.54:396][  0]LogTargetPlatformManager: Display: Loaded TargetPlatform 'LinuxAArch64NoEditor'
[2020.07.03-00.08.54:402][  0]LogTargetPlatformManager: Display: Loaded TargetPlatform 'LinuxAArch64Client'
[2020.07.03-00.08.54:408][  0]LogTargetPlatformManager: Display: Loaded TargetPlatform 'LinuxAArch64Server'
[2020.07.03-00.08.54:426][  0]LogTargetPlatformManager: Display: Loaded TargetPlatform 'Lumin'
[2020.07.03-00.08.54:426][  0]LogTargetPlatformManager: Display: Loaded TargetPlatform 'LuminClient'
[2020.07.03-00.08.54:436][  0]LogTargetPlatformManager: Display: Loaded TargetPlatform 'TVOSClient'
[2020.07.03-00.08.54:436][  0]LogTargetPlatformManager: Display: Loaded TargetPlatform 'TVOS'
[2020.07.03-00.08.54:442][  0]LogTargetPlatformManager: Display: Loaded TargetPlatform 'WindowsNoEditor'
[2020.07.03-00.08.54:449][  0]LogTargetPlatformManager: Display: Loaded TargetPlatform 'Windows'
[2020.07.03-00.08.54:455][  0]LogTargetPlatformManager: Display: Loaded TargetPlatform 'WindowsClient'
[2020.07.03-00.08.54:461][  0]LogTargetPlatformManager: Display: Loaded TargetPlatform 'WindowsServer'
[2020.07.03-00.08.54:461][  0]LogTargetPlatformManager: Display: Building Assets For Windows
[2020.07.03-00.08.54:468][  0]LogAudioDebug: Display: Lib vorbis DLL was dynamically loaded.
[2020.07.03-00.08.54:512][  0]LogShaderCompilers: Guid format shader working directory is -9 characters bigger than the processId version (../../../../Facultad/Unreal/UNREAL2TP/Unreal2TP/Unreal2TP/Intermediate/Shaders/WorkingDirectory/3988/).
[2020.07.03-00.08.54:512][  0]LogShaderCompilers: Cleaned the shader compiler working directory 'C:/Users/Facundo/AppData/Local/Temp/UnrealShaderWorkingDir/B748F6B04459B91DEBD07980596268E3/'.
[2020.07.03-00.08.54:513][  0]LogXGEController: Cleaning working directory: C:/Users/Facundo/AppData/Local/Temp/UnrealXGEWorkingDir/
[2020.07.03-00.08.54:513][  0]LogXGEController: Cannot use XGE Controller as Incredibuild is not installed on this machine.
[2020.07.03-00.08.54:513][  0]LogShaderCompilers: Cannot use XGE Shader Compiler as Incredibuild is not installed on this machine.
[2020.07.03-00.08.54:513][  0]LogShaderCompilers: Display: Using Local Shader Compiler.
[2020.07.03-00.08.55:039][  0]LogDerivedDataCache: Display: Max Cache Size: 512 MB
[2020.07.03-00.08.55:082][  0]LogDerivedDataCache: Loaded boot cache 0.04s 82MB C:/Users/Facundo/AppData/Local/UnrealEngine/4.24/DerivedDataCache/Boot.ddc.
[2020.07.03-00.08.55:082][  0]LogDerivedDataCache: Display: Loaded Boot cache: C:/Users/Facundo/AppData/Local/UnrealEngine/4.24/DerivedDataCache/Boot.ddc
[2020.07.03-00.08.55:083][  0]LogDerivedDataCache: FDerivedDataBackendGraph:  Pak pak cache file ../../../../Facultad/Unreal/UNREAL2TP/Unreal2TP/Unreal2TP/DerivedDataCache/DDC.ddp not found, will not use a pak cache.
[2020.07.03-00.08.55:083][  0]LogDerivedDataCache: Unable to find inner node Pak for hierarchical cache Hierarchy.
[2020.07.03-00.08.55:083][  0]LogDerivedDataCache: FDerivedDataBackendGraph:  CompressedPak pak cache file ../../../../Facultad/Unreal/UNREAL2TP/Unreal2TP/Unreal2TP/DerivedDataCache/Compressed.ddp not found, will not use a pak cache.
[2020.07.03-00.08.55:083][  0]LogDerivedDataCache: Unable to find inner node CompressedPak for hierarchical cache Hierarchy.
[2020.07.03-00.08.55:090][  0]LogDerivedDataCache: Display: Pak cache opened for reading ../../../Engine/DerivedDataCache/Compressed.ddp.
[2020.07.03-00.08.55:091][  0]LogDerivedDataCache: FDerivedDataBackendGraph:  EnterprisePak pak cache file ../../../Enterprise/DerivedDataCache/Compressed.ddp not found, will not use a pak cache.
[2020.07.03-00.08.55:091][  0]LogDerivedDataCache: Unable to find inner node EnterprisePak for hierarchical cache Hierarchy.
[2020.07.03-00.08.55:093][  0]LogDerivedDataCache: Using Local data cache path C:/Users/Facundo/AppData/Local/UnrealEngine/Common/DerivedDataCache: Writable
[2020.07.03-00.08.55:093][  0]LogDerivedDataCache: Shared data cache path not found in *engine.ini, will not use an Shared cache.
[2020.07.03-00.08.55:093][  0]LogDerivedDataCache: Unable to find inner node Shared for hierarchical cache Hierarchy.
[2020.07.03-00.08.55:112][  0]LogMaterial: Verifying Global Shaders for PCD3D_SM5
[2020.07.03-00.08.55:114][  0]LogSlate: Using FreeType 2.10.0
[2020.07.03-00.08.55:114][  0]LogSlate: SlateFontServices - WITH_FREETYPE: 1, WITH_HARFBUZZ: 1
[2020.07.03-00.08.55:156][  0]LogAssetRegistry: FAssetRegistry took 0.0040 seconds to start up
[2020.07.03-00.08.55:361][  0]LogInit: Selected Device Profile: [Windows]
[2020.07.03-00.08.55:490][  0]LogMeshReduction: Using QuadricMeshReduction for automatic static mesh reduction
[2020.07.03-00.08.55:490][  0]LogMeshReduction: Using SimplygonMeshReduction for automatic skeletal mesh reduction
[2020.07.03-00.08.55:490][  0]LogMeshReduction: Using ProxyLODMeshReduction for automatic mesh merging
[2020.07.03-00.08.55:490][  0]LogMeshReduction: No distributed automatic mesh merging module available
[2020.07.03-00.08.55:490][  0]LogMeshMerging: No distributed automatic mesh merging module available
[2020.07.03-00.08.55:504][  0]LogNetVersion: Unreal2TP 1.0.0, NetCL: 10570792, EngineNetVer: 13, GameNetVer: 0 (Checksum: 317678641)
[2020.07.03-00.08.56:247][  0]LogPackageLocalizationCache: Processed 10 localized package path(s) for 1 prioritized culture(s) in 0.022855 seconds
[2020.07.03-00.08.56:253][  0]LogUObjectArray: 46750 objects as part of root set at end of initial load.
[2020.07.03-00.08.56:253][  0]LogUObjectAllocator: 8137160 out of 0 bytes used by permanent object pool.
[2020.07.03-00.08.56:253][  0]LogUObjectArray: CloseDisregardForGC: 0/0 objects in disregard for GC pool
[2020.07.03-00.08.56:636][  0]LogTcpMessaging: Initializing TcpMessaging bridge
[2020.07.03-00.08.56:642][  0]LogUdpMessaging: Initializing bridge on interface 0.0.0.0:0 to multicast group 230.0.0.1:6666.
[2020.07.03-00.08.56:856][  0]SourceControl: Source control is disabled
[2020.07.03-00.08.56:856][  0]SourceControl: Source control is disabled
[2020.07.03-00.08.56:859][  0]SourceControl: Source control is disabled
[2020.07.03-00.08.56:861][  0]SourceControl: Source control is disabled
[2020.07.03-00.08.56:863][  0]SourceControl: Source control is disabled
[2020.07.03-00.08.56:964][  0]LogAndroidPermission: UAndroidPermissionCallbackProxy::GetInstance
[2020.07.03-00.08.56:983][  0]LogAudioCaptureCore: Display: No Audio Capture implementations found. Audio input will be silent.
[2020.07.03-00.08.56:983][  0]LogAudioCaptureCore: Display: No Audio Capture implementations found. Audio input will be silent.
[2020.07.03-00.08.57:054][  0]LogOcInput: OculusInput pre-init called
[2020.07.03-00.08.57:062][  0]LogWindows: Failed to load 'OVRPlugin.dll' (GetLastError=126)
[2020.07.03-00.08.57:062][  0]LogWindows: File 'OVRPlugin.dll' does not exist
[2020.07.03-00.08.57:122][  0]LogEngine: Initializing Engine...
[2020.07.03-00.08.57:123][  0]LogHMD: Failed to initialize OpenVR with code 110
[2020.07.03-00.08.57:124][  0]LogStats: UGameplayTagsManager::InitializeManager -  0.000 s
[2020.07.03-00.08.57:365][  0]LogInit: Initializing FReadOnlyCVARCache
[2020.07.03-00.08.57:372][  0]LogAIModule: Creating AISystem for world Untitled
[2020.07.03-00.08.57:387][  0]LogAudioMixer: Display: Audio Mixer Platform Settings:
[2020.07.03-00.08.57:387][  0]LogAudioMixer: Display: 	Sample Rate:						  48000
[2020.07.03-00.08.57:387][  0]LogAudioMixer: Display: 	Callback Buffer Frame Size Requested: 1024
[2020.07.03-00.08.57:387][  0]LogAudioMixer: Display: 	Callback Buffer Frame Size To Use:	  1024
[2020.07.03-00.08.57:388][  0]LogAudioMixer: Display: 	Number of buffers to queue:			  2
[2020.07.03-00.08.57:388][  0]LogAudioMixer: Display: 	Max Channels (voices):				  32
[2020.07.03-00.08.57:388][  0]LogAudioMixer: Display: 	Number of Async Source Workers:		  0
[2020.07.03-00.08.57:388][  0]LogAudio: Display: AudioDevice MaxSources: 32
[2020.07.03-00.08.57:388][  0]LogAudio: Display: Using built-in audio occlusion.
[2020.07.03-00.08.57:388][  0]LogAudioMixer: Display: Initializing audio mixer.
[2020.07.03-00.08.57:431][  0]LogAudioMixer: Display: Audio Device Output Speaker Info:
[2020.07.03-00.08.57:432][  0]LogAudioMixer: Display: Name: Altavoces (Realtek(R) Audio)
[2020.07.03-00.08.57:432][  0]LogAudioMixer: Display: Is Default: Yes
[2020.07.03-00.08.57:432][  0]LogAudioMixer: Display: Sample Rate: 48000
[2020.07.03-00.08.57:432][  0]LogAudioMixer: Display: Channel Count Used: 2
[2020.07.03-00.08.57:432][  0]LogAudioMixer: Display: Device Channel Count: 2
[2020.07.03-00.08.57:432][  0]LogAudioMixer: Display: Channel Order:
[2020.07.03-00.08.57:432][  0]LogAudioMixer: Display: 0: FrontLeft
[2020.07.03-00.08.57:432][  0]LogAudioMixer: Display: 1: FrontRight
[2020.07.03-00.08.57:464][  0]LogAudioMixer: Display: Using Audio Device Altavoces (Realtek(R) Audio)
[2020.07.03-00.08.57:470][  0]LogInit: FAudioDevice initialized.
[2020.07.03-00.08.57:470][  0]LogNetVersion: Set ProjectVersion to 1.0.0.0. Version Checksum will be recalculated on next use.
[2020.07.03-00.08.57:548][  0]LogDerivedDataCache: Saved boot cache 0.08s 82MB C:/Users/Facundo/AppData/Local/UnrealEngine/4.24/DerivedDataCache/Boot.ddc.
[2020.07.03-00.08.57:548][  0]LogInit: Texture streaming: Enabled
[2020.07.03-00.08.57:563][  0]LogEngineSessionManager: EngineSessionManager initialized
[2020.07.03-00.08.57:564][  0]LogEngineSessionManager: EngineSessionManager sent abnormal shutdown report. Type=Debugger, SessionId={A56608A7-44CA-B678-CAD5-BDB00F162BA3}
[2020.07.03-00.08.57:564][  0]LogEditorSessionSummary: Verbose: Initializing EditorSessionSummaryWriter for editor session tracking
[2020.07.03-00.08.57:567][  0]LogEditorSessionSummary: EditorSessionSummaryWriter initialized
[2020.07.03-00.08.57:590][  0]LogInit: Transaction tracking system initialized
[2020.07.03-00.08.57:606][  0]BlueprintLog: New page: Editor Load
[2020.07.03-00.08.57:652][  0]LocalizationService: Localization service is disabled
[2020.07.03-00.08.57:872][  0]LogFileCache: Scanning file cache for directory 'D:/Facultad/Unreal/UNREAL2TP/Unreal2TP/Unreal2TP/Content/' took 0.01s
[2020.07.03-00.08.57:872][  0]LogCook: Display: Max memory allowance for cook 16384mb min free memory 0mb
[2020.07.03-00.08.57:872][  0]LogCook: Display: Mobile HDR setting 1
[2020.07.03-00.08.58:429][  0]SourceControl: Source control is disabled
[2020.07.03-00.08.58:579][  0]LogSlate: Took 0.000150 seconds to synchronously load lazily loaded font '../../../Engine/Content/Slate/Fonts/Roboto-Regular.ttf' (155K)
[2020.07.03-00.09.00:302][  0]LogSlate: Window 'Restore Packages' being destroyed
[2020.07.03-00.09.00:303][  0]LogWindowsTextInputMethodSystem: Display: IME system now deactivated.
[2020.07.03-00.09.00:306][  0]LogWindowsTextInputMethodSystem: Display: IME system now deactivated.
[2020.07.03-00.09.00:312][  0]Cmd: MAP LOAD FILE="../../../../Facultad/Unreal/UNREAL2TP/Unreal2TP/Unreal2TP/Content/ThirdPersonCPP/Maps/ThirdPersonExampleMap.umap" TEMPLATE=0 SHOWPROGRESS=1 FEATURELEVEL=3
[2020.07.03-00.09.00:312][  0]LightingResults: New page: Lighting Build
[2020.07.03-00.09.00:313][  0]LogWorld: UWorld::CleanupWorld for Untitled, bSessionEnded=true, bCleanupResources=true
[2020.07.03-00.09.00:313][  0]LogSlate: InvalidateAllWidgets triggered.  All widgets were invalidated
[2020.07.03-00.09.00:313][  0]MapCheck: New page: Map Check
[2020.07.03-00.09.00:313][  0]LightingResults: New page: Lighting Build
[2020.07.03-00.09.00:345][  0]LogUObjectHash: Compacting FUObjectHashTables data took   1.70ms
[2020.07.03-00.09.00:455][  0]LogAIModule: Creating AISystem for world ThirdPersonExampleMap
[2020.07.03-00.09.00:461][  0]LogEditorServer: Finished looking for orphan Actors (0.000 secs)
[2020.07.03-00.09.00:485][  0]LogUObjectHash: Compacting FUObjectHashTables data took   1.62ms
[2020.07.03-00.09.00:486][  0]Cmd: MAP CHECKDEP NOCLEARLOG
[2020.07.03-00.09.00:487][  0]MapCheck: Map check complete: 0 Error(s), 0 Warning(s), took 0.123ms to complete.
[2020.07.03-00.09.00:487][  0]LogFileHelpers: Loading map 'ThirdPersonExampleMap' took 0.175
[2020.07.03-00.09.00:577][  0]LogSlate: Updating window title bar state: overlay mode, drag disabled, window buttons hidden, title bar hidden
[2020.07.03-00.09.00:582][  0]LogSlate: Updating window title bar state: overlay mode, drag disabled, window buttons hidden, title bar hidden
[2020.07.03-00.09.00:587][  0]LogSlate: Updating window title bar state: overlay mode, drag disabled, window buttons hidden, title bar hidden
[2020.07.03-00.09.00:591][  0]LogSlate: Updating window title bar state: overlay mode, drag disabled, window buttons hidden, title bar hidden
[2020.07.03-00.09.00:597][  0]LogCollectionManager: Loaded 0 collections in 0.001713 seconds
[2020.07.03-00.09.00:608][  0]LogFileCache: Scanning file cache for directory 'D:/Facultad/Unreal/UNREAL2TP/Unreal2TP/Unreal2TP/Saved/Collections/' took 0.00s
[2020.07.03-00.09.00:608][  0]LogFileCache: Scanning file cache for directory 'D:/Facultad/Unreal/UNREAL2TP/Unreal2TP/Unreal2TP/Content/Developers/Facundo/Collections/' took 0.00s
[2020.07.03-00.09.00:608][  0]LogFileCache: Scanning file cache for directory 'D:/Facultad/Unreal/UNREAL2TP/Unreal2TP/Unreal2TP/Content/Collections/' took 0.00s
[2020.07.03-00.09.00:608][  0]LogContentBrowser: Native class hierarchy populated in 0.0062 seconds. Added 3027 classes and 719 folders.
[2020.07.03-00.09.00:610][  0]LogContentBrowser: Native class hierarchy updated for 'WidgetCarousel' in 0.0003 seconds. Added 0 classes and 0 folders.
[2020.07.03-00.09.00:655][  0]LogContentBrowser: Native class hierarchy updated for 'AddContentDialog' in 0.0003 seconds. Added 0 classes and 0 folders.
[2020.07.03-00.09.00:661][  0]LogContentBrowser: Native class hierarchy updated for 'SceneOutliner' in 0.0004 seconds. Added 2 classes and 3 folders.
[2020.07.03-00.09.00:749][  0]LogSlate: Took 0.000161 seconds to synchronously load lazily loaded font '../../../Engine/Content/Slate/Fonts/Roboto-Bold.ttf' (160K)
[2020.07.03-00.09.00:753][  0]LogSlate: Took 0.000139 seconds to synchronously load lazily loaded font '../../../Engine/Content/Editor/Slate/Fonts/FontAwesome.ttf' (139K)
[2020.07.03-00.09.00:753][  0]LogSlate: Took 0.000104 seconds to synchronously load lazily loaded font '../../../Engine/Content/Slate/Fonts/DroidSansMono.ttf' (77K)
[2020.07.03-00.09.00:832][  0]LogRenderer: Reallocating scene render targets to support 1208x572 Format 10 NumSamples 1 (Frame:1).
[2020.07.03-00.09.00:907][  0]LogContentBrowser: Native class hierarchy updated for 'HierarchicalLODOutliner' in 0.0003 seconds. Added 0 classes and 0 folders.
[2020.07.03-00.09.00:907][  0]LogLoad: (Engine Initialization) Total time: 8.57 seconds
[2020.07.03-00.09.00:907][  0]LogLoad: (Engine Initialization) Total Blueprint compile time: 0.00 seconds
[2020.07.03-00.09.00:941][  0]LogAssetRegistry: Asset discovery search completed in 5.7862 seconds
[2020.07.03-00.09.00:944][  0]LogCollectionManager: Fixed up redirectors for 0 collections in 0.000006 seconds (updated 0 objects)
[2020.07.03-00.09.00:945][  0]LogContentStreaming: Texture pool size now 1000 MB
[2020.07.03-00.09.01:926][109]LogSlate: Took 0.000294 seconds to synchronously load lazily loaded font '../../../Engine/Content/Slate/Fonts/Roboto-Light.ttf' (167K)
[2020.07.03-00.09.03:679][270]LogTemp: Repeating last play command: Selected Viewport
[2020.07.03-00.09.03:687][270]LogBlueprintUserMessages: Early PlayInEditor Detection: Level '/Game/ThirdPersonCPP/Maps/ThirdPersonExampleMap.ThirdPersonExampleMap:PersistentLevel' has LevelScriptBlueprint '/Game/ThirdPersonCPP/Maps/ThirdPersonExampleMap.ThirdPersonExampleMap:PersistentLevel.ThirdPersonExampleMap' with GeneratedClass '/Game/ThirdPersonCPP/Maps/ThirdPersonExampleMap.ThirdPersonExampleMap_C' with ClassGeneratedBy '/Game/ThirdPersonCPP/Maps/ThirdPersonExampleMap.ThirdPersonExampleMap:PersistentLevel.ThirdPersonExampleMap'
[2020.07.03-00.09.03:688][270]LogPlayLevel: PlayLevel: No blueprints needed recompiling
[2020.07.03-00.09.03:688][270]PIE: New page: PIE session: ThirdPersonExampleMap (Jul 2, 2020, 6:09:03 PM)
[2020.07.03-00.09.03:689][270]LogOnline: OSS: Creating online subsystem instance for: NULL
[2020.07.03-00.09.03:691][270]LogOnline: OSS: TryLoadSubsystemAndSetDefault: Loaded subsystem for module [NULL]
[2020.07.03-00.09.03:691][270]LogPlayLevel: Creating play world package: /Game/ThirdPersonCPP/Maps/UEDPIE_1_ThirdPersonExampleMap
[2020.07.03-00.09.03:703][270]LogPlayLevel: PIE: StaticDuplicateObject took: (0.011115s)
[2020.07.03-00.09.03:704][270]LogAIModule: Creating AISystem for world ThirdPersonExampleMap
[2020.07.03-00.09.03:704][270]LogPlayLevel: PIE: World Init took: (0.001198s)
[2020.07.03-00.09.03:704][270]LogPlayLevel: PIE: Created PIE world by copying editor world from /Game/ThirdPersonCPP/Maps/ThirdPersonExampleMap.ThirdPersonExampleMap to /Game/ThirdPersonCPP/Maps/UEDPIE_1_ThirdPersonExampleMap.ThirdPersonExampleMap (0.012776s)
[2020.07.03-00.09.03:727][270]LogUObjectHash: Compacting FUObjectHashTables data took   1.04ms
[2020.07.03-00.09.03:729][270]LogLoad: Game class is 'BP_MyGameMode_C'
[2020.07.03-00.09.03:731][270]LogWorld: Bringing World /Game/ThirdPersonCPP/Maps/UEDPIE_1_ThirdPersonExampleMap.ThirdPersonExampleMap up for play (max tick rate 0) at 2020.07.02-21.09.03
[2020.07.03-00.09.03:732][270]LogWorld: Bringing up level for play took: 0.001646
[2020.07.03-00.09.03:732][270]LogNet: ReplicationDriverClass is null! Not using ReplicationDriver.
[2020.07.03-00.09.03:732][270]LogNetCore: DDoS detection status: detection enabled: 0 analytics enabled: 0
[2020.07.03-00.09.03:737][270]LogInit: WinSock: I am DESKTOP-27BOLO1 (192.168.0.89:0)
[2020.07.03-00.09.03:737][270]LogInit: WinSock: Socket queue. Rx: 131072 (config 131072) Tx: 131072 (config 131072)
[2020.07.03-00.09.03:737][270]PacketHandlerLog: Loaded PacketHandler component: Engine.EngineHandlerComponentFactory (StatelessConnectHandlerComponent)
[2020.07.03-00.09.03:737][270]LogNet: GameNetDriver IpNetDriver_0 IpNetDriver listening on port 17777
[2020.07.03-00.09.03:738][270]PIE: Play in editor start time for /Game/ThirdPersonCPP/Maps/UEDPIE_1_ThirdPersonExampleMap 0.562
[2020.07.03-00.09.03:739][270]LogAudioMixer: Display: Audio Mixer Platform Settings:
[2020.07.03-00.09.03:739][270]LogAudioMixer: Display: 	Sample Rate:						  48000
[2020.07.03-00.09.03:739][270]LogAudioMixer: Display: 	Callback Buffer Frame Size Requested: 1024
[2020.07.03-00.09.03:740][270]LogAudioMixer: Display: 	Callback Buffer Frame Size To Use:	  1024
[2020.07.03-00.09.03:740][270]LogAudioMixer: Display: 	Number of buffers to queue:			  2
[2020.07.03-00.09.03:740][270]LogAudioMixer: Display: 	Max Channels (voices):				  32
[2020.07.03-00.09.03:740][270]LogAudioMixer: Display: 	Number of Async Source Workers:		  0
[2020.07.03-00.09.03:740][270]LogAudio: Display: AudioDevice MaxSources: 32
[2020.07.03-00.09.03:740][270]LogAudio: Display: Using built-in audio occlusion.
[2020.07.03-00.09.03:740][270]LogAudioMixer: Display: Initializing audio mixer.
[2020.07.03-00.09.03:777][270]LogAudioMixer: Display: Audio Device Output Speaker Info:
[2020.07.03-00.09.03:777][270]LogAudioMixer: Display: Name: Altavoces (Realtek(R) Audio)
[2020.07.03-00.09.03:777][270]LogAudioMixer: Display: Is Default: Yes
[2020.07.03-00.09.03:777][270]LogAudioMixer: Display: Sample Rate: 48000
[2020.07.03-00.09.03:777][270]LogAudioMixer: Display: Channel Count Used: 2
[2020.07.03-00.09.03:777][270]LogAudioMixer: Display: Device Channel Count: 2
[2020.07.03-00.09.03:777][270]LogAudioMixer: Display: Channel Order:
[2020.07.03-00.09.03:777][270]LogAudioMixer: Display: 0: FrontLeft
[2020.07.03-00.09.03:778][270]LogAudioMixer: Display: 1: FrontRight
[2020.07.03-00.09.03:794][270]LogAudioMixer: Display: Using Audio Device Altavoces (Realtek(R) Audio)
[2020.07.03-00.09.03:796][270]LogInit: FAudioDevice initialized.
[2020.07.03-00.09.03:823][270]LogNet: Browse: 127.0.0.1:17777//Game/ThirdPersonCPP/Maps/ThirdPersonExampleMap
[2020.07.03-00.09.03:825][270]LogInit: WinSock: Socket queue. Rx: 32768 (config 32768) Tx: 32768 (config 32768)
[2020.07.03-00.09.03:826][270]PacketHandlerLog: Loaded PacketHandler component: Engine.EngineHandlerComponentFactory (StatelessConnectHandlerComponent)
[2020.07.03-00.09.03:827][270]LogNet: Game client on port 17777, rate 10000
[2020.07.03-00.09.03:828][270]PIE: Play in editor start time for /Game/ThirdPersonCPP/Maps/ThirdPersonExampleMap 0.651
[2020.07.03-00.09.03:890][270]LogSlate: Updating window title bar state: overlay mode, drag disabled, window buttons hidden, title bar hidden
[2020.07.03-00.09.03:890][270]LogNet: Browse: 127.0.0.1:17777//Game/ThirdPersonCPP/Maps/ThirdPersonExampleMap
[2020.07.03-00.09.03:890][270]LogInit: WinSock: Socket queue. Rx: 32768 (config 32768) Tx: 32768 (config 32768)
[2020.07.03-00.09.03:891][270]PacketHandlerLog: Loaded PacketHandler component: Engine.EngineHandlerComponentFactory (StatelessConnectHandlerComponent)
[2020.07.03-00.09.03:891][270]LogNet: Game client on port 17777, rate 10000
[2020.07.03-00.09.03:892][270]PIE: Play in editor start time for /Game/ThirdPersonCPP/Maps/ThirdPersonExampleMap 0.716
[2020.07.03-00.09.03:896][270]LogBlueprintUserMessages: Late PlayInEditor Detection: Level '/Game/ThirdPersonCPP/Maps/ThirdPersonExampleMap.ThirdPersonExampleMap:PersistentLevel' has LevelScriptBlueprint '/Game/ThirdPersonCPP/Maps/ThirdPersonExampleMap.ThirdPersonExampleMap:PersistentLevel.ThirdPersonExampleMap' with GeneratedClass '/Game/ThirdPersonCPP/Maps/ThirdPersonExampleMap.ThirdPersonExampleMap_C' with ClassGeneratedBy '/Game/ThirdPersonCPP/Maps/ThirdPersonExampleMap.ThirdPersonExampleMap:PersistentLevel.ThirdPersonExampleMap'
[2020.07.03-00.09.03:896][270]LogNet: NotifyAcceptingConnection accepted from: 127.0.0.1:60399
[2020.07.03-00.09.03:896][270]LogHandshake: SendConnectChallenge. Timestamp: 0.008334, Cookie: 201195066063120008138217179242201187153171068193022095048159
[2020.07.03-00.09.03:896][270]LogNet: NotifyAcceptingConnection accepted from: 127.0.0.1:60400
[2020.07.03-00.09.03:896][270]LogHandshake: SendConnectChallenge. Timestamp: 0.008334, Cookie: 082225062109225055246073009198214089115095157047231007170167
[2020.07.03-00.09.03:897][270]LogTemp: Warning: 0
[2020.07.03-00.09.03:898][270]LogOnline: OSS: Creating online subsystem instance for: :Context_1
[2020.07.03-00.09.03:900][270]LogHandshake: SendChallengeResponse. Timestamp: 0.008334, Cookie: 201195066063120008138217179242201187153171068193022095048159
[2020.07.03-00.09.03:900][270]LogHandshake: SendChallengeResponse. Timestamp: 0.008334, Cookie: 082225062109225055246073009198214089115095157047231007170167
[2020.07.03-00.09.03:982][271]LogNet: NotifyAcceptingConnection accepted from: 127.0.0.1:60399
[2020.07.03-00.09.03:983][271]LogHandshake: SendChallengeAck. InCookie: 201195066063120008138217179242201187153171068193022095048159
[2020.07.03-00.09.03:983][271]LogNet: Server accepting post-challenge connection from: 127.0.0.1:60399
[2020.07.03-00.09.03:984][271]PacketHandlerLog: Loaded PacketHandler component: Engine.EngineHandlerComponentFactory (StatelessConnectHandlerComponent)
[2020.07.03-00.09.03:984][271]LogNet: NotifyAcceptedConnection: Name: ThirdPersonExampleMap, TimeStamp: 07/02/20 21:09:03, [UNetConnection] RemoteAddr: 127.0.0.1:60399, Name: IpConnection_2, Driver: GameNetDriver IpNetDriver_0, IsServer: YES, PC: NULL, Owner: NULL, UniqueId: INVALID
[2020.07.03-00.09.03:984][271]LogNet: AddClientConnection: Added client connection: [UNetConnection] RemoteAddr: 127.0.0.1:60399, Name: IpConnection_2, Driver: GameNetDriver IpNetDriver_0, IsServer: YES, PC: NULL, Owner: NULL, UniqueId: INVALID
[2020.07.03-00.09.03:984][271]LogNet: NotifyAcceptingConnection accepted from: 127.0.0.1:60400
[2020.07.03-00.09.03:984][271]LogHandshake: SendChallengeAck. InCookie: 082225062109225055246073009198214089115095157047231007170167
[2020.07.03-00.09.03:984][271]LogNet: Server accepting post-challenge connection from: 127.0.0.1:60400
[2020.07.03-00.09.03:985][271]PacketHandlerLog: Loaded PacketHandler component: Engine.EngineHandlerComponentFactory (StatelessConnectHandlerComponent)
[2020.07.03-00.09.03:985][271]LogNet: NotifyAcceptedConnection: Name: ThirdPersonExampleMap, TimeStamp: 07/02/20 21:09:03, [UNetConnection] RemoteAddr: 127.0.0.1:60400, Name: IpConnection_3, Driver: GameNetDriver IpNetDriver_0, IsServer: YES, PC: NULL, Owner: NULL, UniqueId: INVALID
[2020.07.03-00.09.03:985][271]LogNet: AddClientConnection: Added client connection: [UNetConnection] RemoteAddr: 127.0.0.1:60400, Name: IpConnection_3, Driver: GameNetDriver IpNetDriver_0, IsServer: YES, PC: NULL, Owner: NULL, UniqueId: INVALID
[2020.07.03-00.09.03:985][271]LogTemp: Warning: 0
[2020.07.03-00.09.03:986][271]LogNetVersion: Unreal2TP 1.0.0.0, NetCL: 10570792, EngineNetVer: 13, GameNetVer: 0 (Checksum: 1816658782)
[2020.07.03-00.09.03:986][271]LogNet: UPendingNetGame::SendInitialJoin: Sending hello. [UNetConnection] RemoteAddr: 127.0.0.1:17777, Name: IpConnection_0, Driver: PendingNetDriver IpNetDriver_1, IsServer: NO, PC: NULL, Owner: NULL, UniqueId: INVALID
[2020.07.03-00.09.03:986][271]LogNet: UPendingNetGame::SendInitialJoin: Sending hello. [UNetConnection] RemoteAddr: 127.0.0.1:17777, Name: IpConnection_1, Driver: PendingNetDriver IpNetDriver_2, IsServer: NO, PC: NULL, Owner: NULL, UniqueId: INVALID
[2020.07.03-00.09.03:996][272]LogNet: NotifyAcceptingChannel Control 0 server World /Game/ThirdPersonCPP/Maps/UEDPIE_1_ThirdPersonExampleMap.ThirdPersonExampleMap: Accepted
[2020.07.03-00.09.03:996][272]LogNet: Remote platform little endian=1
[2020.07.03-00.09.03:996][272]LogNet: This platform little endian=1
[2020.07.03-00.09.03:996][272]LogNet: NotifyAcceptingChannel Control 0 server World /Game/ThirdPersonCPP/Maps/UEDPIE_1_ThirdPersonExampleMap.ThirdPersonExampleMap: Accepted
[2020.07.03-00.09.03:996][272]LogNet: Remote platform little endian=1
[2020.07.03-00.09.03:996][272]LogNet: This platform little endian=1
[2020.07.03-00.09.03:996][272]LogTemp: Warning: 0
[2020.07.03-00.09.03:997][272]LogOnline: OSS: Creating online subsystem instance for: :Context_2
[2020.07.03-00.09.03:999][272]LogOnline: OSS: Creating online subsystem instance for: :Context_3
[2020.07.03-00.09.04:005][273]LogNet: Login request: /Game/ThirdPersonCPP/Maps/ThirdPersonExampleMap?Name=DESKTOP-27BOLO1-D3B95BDF439B464CFAE85AA28F89BBB2 userId: NULL:DESKTOP-27BOLO1-D3B95BDF439B464CFAE85AA28F89BBB2 platform: NULL
[2020.07.03-00.09.04:006][273]LogNet: Login request: /Game/ThirdPersonCPP/Maps/ThirdPersonExampleMap?Name=DESKTOP-27BOLO1-0BF9D94B4AC31F724022C38EBD924F54 userId: NULL:DESKTOP-27BOLO1-0BF9D94B4AC31F724022C38EBD924F54 platform: NULL
[2020.07.03-00.09.04:006][273]LogTemp: Warning: 0
[2020.07.03-00.09.04:007][273]LogNet: Welcomed by server (Level: /Game/ThirdPersonCPP/Maps/UEDPIE_1_ThirdPersonExampleMap, Game: /Game/ThirdPersonCPP/Blueprints/BP_MyGameMode.BP_MyGameMode_C)
[2020.07.03-00.09.04:007][273]LogLoad: LoadMap: 127.0.0.1:17777//Game/ThirdPersonCPP/Maps/UEDPIE_1_ThirdPersonExampleMap?game=/Game/ThirdPersonCPP/Blueprints/BP_MyGameMode.BP_MyGameMode_C
[2020.07.03-00.09.04:007][273]LogWorld: BeginTearingDown for /Temp/Untitled_1
[2020.07.03-00.09.04:007][273]LogWorld: UWorld::CleanupWorld for Untitled, bSessionEnded=true, bCleanupResources=true
[2020.07.03-00.09.04:007][273]LogSlate: InvalidateAllWidgets triggered.  All widgets were invalidated
[2020.07.03-00.09.04:007][273]LogAudioMixer: Display: No commands were queued while flushing the source manager.
[2020.07.03-00.09.04:030][273]LogUObjectHash: Compacting FUObjectHashTables data took   1.21ms
[2020.07.03-00.09.04:043][273]LogAIModule: Creating AISystem for world ThirdPersonExampleMap
[2020.07.03-00.09.04:045][273]LogWorld: Bringing World /Game/ThirdPersonCPP/Maps/UEDPIE_2_ThirdPersonExampleMap.ThirdPersonExampleMap up for play (max tick rate 0) at 2020.07.02-21.09.04
[2020.07.03-00.09.04:045][273]LogWorld: Bringing up level for play took: 0.001241
[2020.07.03-00.09.04:045][273]LogLoad: Took 0.038200 seconds to LoadMap(/Game/ThirdPersonCPP/Maps/UEDPIE_1_ThirdPersonExampleMap)
[2020.07.03-00.09.04:046][273]LogNet: Welcomed by server (Level: /Game/ThirdPersonCPP/Maps/UEDPIE_1_ThirdPersonExampleMap, Game: /Game/ThirdPersonCPP/Blueprints/BP_MyGameMode.BP_MyGameMode_C)
[2020.07.03-00.09.04:046][273]LogLoad: LoadMap: 127.0.0.1:17777//Game/ThirdPersonCPP/Maps/UEDPIE_1_ThirdPersonExampleMap?game=/Game/ThirdPersonCPP/Blueprints/BP_MyGameMode.BP_MyGameMode_C
[2020.07.03-00.09.04:046][273]LogWorld: BeginTearingDown for /Temp/Untitled_2
[2020.07.03-00.09.04:046][273]LogWorld: UWorld::CleanupWorld for Untitled, bSessionEnded=true, bCleanupResources=true
[2020.07.03-00.09.04:046][273]LogSlate: InvalidateAllWidgets triggered.  All widgets were invalidated
[2020.07.03-00.09.04:046][273]LogAudioMixer: Display: No commands were queued while flushing the source manager.
[2020.07.03-00.09.04:069][273]LogUObjectHash: Compacting FUObjectHashTables data took   1.36ms
[2020.07.03-00.09.04:080][273]LogAIModule: Creating AISystem for world ThirdPersonExampleMap
[2020.07.03-00.09.04:082][273]LogWorld: Bringing World /Game/ThirdPersonCPP/Maps/UEDPIE_3_ThirdPersonExampleMap.ThirdPersonExampleMap up for play (max tick rate 0) at 2020.07.02-21.09.04
[2020.07.03-00.09.04:082][273]LogWorld: Bringing up level for play took: 0.001057
[2020.07.03-00.09.04:083][273]LogLoad: Took 0.036929 seconds to LoadMap(/Game/ThirdPersonCPP/Maps/UEDPIE_1_ThirdPersonExampleMap)
[2020.07.03-00.09.04:096][274]LogNet: Client netspeed is 10000
[2020.07.03-00.09.04:097][274]LogNet: Join request: /Game/ThirdPersonCPP/Maps/ThirdPersonExampleMap?Name=DESKTOP-27BOLO1-D3B95BDF439B464CFAE85AA28F89BBB2?SplitscreenCount=1
[2020.07.03-00.09.04:097][274]LogOnlineSession: Warning: OSS: No game present to join for session (GameSession)
[2020.07.03-00.09.04:099][274]LogNet: Join succeeded: DESKTOP-27BOLO1-D3B9
[2020.07.03-00.09.04:099][274]LogNet: Client netspeed is 10000
[2020.07.03-00.09.04:099][274]LogNet: Join request: /Game/ThirdPersonCPP/Maps/ThirdPersonExampleMap?Name=DESKTOP-27BOLO1-0BF9D94B4AC31F724022C38EBD924F54?SplitscreenCount=1
[2020.07.03-00.09.04:099][274]LogOnlineSession: Warning: OSS: No game present to join for session (GameSession)
[2020.07.03-00.09.04:100][274]LogNet: Join succeeded: DESKTOP-27BOLO1-0BF9
[2020.07.03-00.09.04:100][274]LogTemp: Warning: 0
[2020.07.03-00.09.04:109][275]LogRenderer: Reallocating scene render targets to support 1280x720 Format 10 NumSamples 1 (Frame:1).
[2020.07.03-00.09.04:118][275]LogTemp: Warning: 2
[2020.07.03-00.09.04:127][276]LogTemp: Warning: 2
[2020.07.03-00.09.04:135][277]LogTemp: Warning: 2
[2020.07.03-00.09.04:145][278]LogTemp: Warning: 2
[2020.07.03-00.09.04:153][279]LogTemp: Warning: 2
[2020.07.03-00.09.04:161][280]LogTemp: Warning: 2
[2020.07.03-00.09.04:170][281]LogTemp: Warning: 2
[2020.07.03-00.09.04:178][282]LogTemp: Warning: 2
[2020.07.03-00.09.04:186][283]LogTemp: Warning: 2
[2020.07.03-00.09.04:194][284]LogTemp: Warning: 2
[2020.07.03-00.09.04:203][285]LogTemp: Warning: 2
[2020.07.03-00.09.04:211][286]LogTemp: Warning: 2
[2020.07.03-00.09.04:220][287]LogTemp: Warning: 2
[2020.07.03-00.09.04:228][288]LogTemp: Warning: 2
[2020.07.03-00.09.04:236][289]LogTemp: Warning: 2
[2020.07.03-00.09.04:245][290]LogTemp: Warning: 2
[2020.07.03-00.09.04:253][291]LogTemp: Warning: 2
[2020.07.03-00.09.04:261][292]LogTemp: Warning: 2
[2020.07.03-00.09.04:270][293]LogTemp: Warning: 2
[2020.07.03-00.09.04:278][294]LogTemp: Warning: 2
[2020.07.03-00.09.04:286][295]LogTemp: Warning: 2
[2020.07.03-00.09.04:294][296]LogTemp: Warning: 2
[2020.07.03-00.09.04:302][297]LogTemp: Warning: 2
[2020.07.03-00.09.04:311][298]LogTemp: Warning: 2
[2020.07.03-00.09.04:320][299]LogTemp: Warning: 2
[2020.07.03-00.09.04:328][300]LogTemp: Warning: 2
[2020.07.03-00.09.04:336][301]LogTemp: Warning: 2
[2020.07.03-00.09.04:345][302]LogTemp: Warning: 2
[2020.07.03-00.09.04:353][303]LogTemp: Warning: 2
[2020.07.03-00.09.04:361][304]LogTemp: Warning: 2
[2020.07.03-00.09.04:370][305]LogTemp: Warning: 2
[2020.07.03-00.09.04:378][306]LogTemp: Warning: 2
[2020.07.03-00.09.04:385][307]LogTemp: Warning: 2
[2020.07.03-00.09.04:394][308]LogTemp: Warning: 2
[2020.07.03-00.09.04:403][309]LogTemp: Warning: 2
[2020.07.03-00.09.04:411][310]LogTemp: Warning: 2
[2020.07.03-00.09.04:412][310]LogOnlineSession: Warning: OSS: No game present to join for session (GameSession)
[2020.07.03-00.09.04:419][311]LogTemp: Warning: 2
[2020.07.03-00.09.04:428][312]LogTemp: Warning: 2
[2020.07.03-00.09.04:429][312]LogOnlineSession: Warning: OSS: No game present to join for session (GameSession)
[2020.07.03-00.09.04:437][313]LogTemp: Warning: 2
[2020.07.03-00.09.04:477][314]LogTemp: Warning: 2
[2020.07.03-00.09.04:484][315]LogTemp: Warning: 2
[2020.07.03-00.09.04:492][316]LogTemp: Warning: 2
[2020.07.03-00.09.04:501][317]LogTemp: Warning: 2
[2020.07.03-00.09.04:509][318]LogTemp: Warning: 2
[2020.07.03-00.09.04:518][319]LogTemp: Warning: 2
[2020.07.03-00.09.04:528][320]LogTemp: Warning: 2
[2020.07.03-00.09.04:536][321]LogTemp: Warning: 2
[2020.07.03-00.09.04:538][321]LogOnlineSession: Warning: OSS: No game present to join for session (GameSession)
[2020.07.03-00.09.04:545][322]LogTemp: Warning: 2
[2020.07.03-00.09.04:554][323]LogTemp: Warning: 2
[2020.07.03-00.09.04:562][324]LogTemp: Warning: 2
[2020.07.03-00.09.04:570][325]LogTemp: Warning: 2
[2020.07.03-00.09.04:577][326]LogTemp: Warning: 2
[2020.07.03-00.09.04:588][327]LogTemp: Warning: 2
[2020.07.03-00.09.04:598][328]LogTemp: Warning: 2
[2020.07.03-00.09.04:600][328]LogOnlineSession: Warning: OSS: No game present to join for session (GameSession)
[2020.07.03-00.09.04:607][329]LogTemp: Warning: 2
[2020.07.03-00.09.04:616][330]LogTemp: Warning: 2
[2020.07.03-00.09.04:624][331]LogTemp: Warning: 2
[2020.07.03-00.09.04:632][332]LogTemp: Warning: 2
[2020.07.03-00.09.04:641][333]LogTemp: Warning: 2
[2020.07.03-00.09.04:649][334]LogTemp: Warning: 2
[2020.07.03-00.09.04:658][335]LogTemp: Warning: 2
[2020.07.03-00.09.04:665][336]LogTemp: Warning: 2
[2020.07.03-00.09.04:674][337]LogTemp: Warning: 2
[2020.07.03-00.09.04:682][338]LogTemp: Warning: 2
[2020.07.03-00.09.04:690][339]LogTemp: Warning: 2
[2020.07.03-00.09.04:699][340]LogTemp: Warning: 2
[2020.07.03-00.09.04:707][341]LogTemp: Warning: 2
[2020.07.03-00.09.04:715][342]LogTemp: Warning: 2
[2020.07.03-00.09.04:724][343]LogTemp: Warning: 2
[2020.07.03-00.09.04:732][344]LogTemp: Warning: 2
[2020.07.03-00.09.04:740][345]LogTemp: Warning: 2
[2020.07.03-00.09.04:749][346]LogTemp: Warning: 2
[2020.07.03-00.09.04:757][347]LogTemp: Warning: 2
[2020.07.03-00.09.04:765][348]LogTemp: Warning: 2
[2020.07.03-00.09.04:774][349]LogTemp: Warning: 2
[2020.07.03-00.09.04:782][350]LogTemp: Warning: 2
[2020.07.03-00.09.04:790][351]LogTemp: Warning: 2
[2020.07.03-00.09.04:798][352]LogTemp: Warning: 2
[2020.07.03-00.09.04:806][353]LogTemp: Warning: 2
[2020.07.03-00.09.04:815][354]LogTemp: Warning: 2
[2020.07.03-00.09.04:823][355]LogTemp: Warning: 2
[2020.07.03-00.09.04:831][356]LogTemp: Warning: 2
[2020.07.03-00.09.04:840][357]LogTemp: Warning: 2
[2020.07.03-00.09.04:848][358]LogTemp: Warning: 2
[2020.07.03-00.09.04:857][359]LogTemp: Warning: 2
[2020.07.03-00.09.04:865][360]LogTemp: Warning: 2
[2020.07.03-00.09.04:873][361]LogTemp: Warning: 2
[2020.07.03-00.09.04:882][362]LogTemp: Warning: 2
[2020.07.03-00.09.04:890][363]LogTemp: Warning: 2
[2020.07.03-00.09.04:900][364]LogTemp: Warning: 2
[2020.07.03-00.09.04:910][365]LogTemp: Warning: 2
[2020.07.03-00.09.04:919][366]LogTemp: Warning: 2
[2020.07.03-00.09.04:927][367]LogTemp: Warning: 2
[2020.07.03-00.09.04:935][368]LogTemp: Warning: 2
[2020.07.03-00.09.04:944][369]LogTemp: Warning: 2
[2020.07.03-00.09.04:952][370]LogTemp: Warning: 2
[2020.07.03-00.09.04:960][371]LogTemp: Warning: 2
[2020.07.03-00.09.04:969][372]LogTemp: Warning: 2
[2020.07.03-00.09.04:977][373]LogTemp: Warning: 2
[2020.07.03-00.09.04:985][374]LogTemp: Warning: 2
[2020.07.03-00.09.04:994][375]LogTemp: Warning: 2
[2020.07.03-00.09.05:002][376]LogTemp: Warning: 2
[2020.07.03-00.09.05:010][377]LogTemp: Warning: 2
[2020.07.03-00.09.05:019][378]LogTemp: Warning: 2
[2020.07.03-00.09.05:027][379]LogTemp: Warning: 2
[2020.07.03-00.09.05:034][380]LogTemp: Warning: 2
[2020.07.03-00.09.05:043][381]LogTemp: Warning: 2
[2020.07.03-00.09.05:051][382]LogTemp: Warning: 2
[2020.07.03-00.09.05:059][383]LogTemp: Warning: 2
[2020.07.03-00.09.05:067][384]LogTemp: Warning: 2
[2020.07.03-00.09.05:076][385]LogTemp: Warning: 2
[2020.07.03-00.09.05:085][386]LogTemp: Warning: 2
[2020.07.03-00.09.05:093][387]LogTemp: Warning: 2
[2020.07.03-00.09.05:101][388]LogTemp: Warning: 2
[2020.07.03-00.09.05:110][389]LogTemp: Warning: 2
[2020.07.03-00.09.05:118][390]LogTemp: Warning: 2
[2020.07.03-00.09.05:126][391]LogTemp: Warning: 2
[2020.07.03-00.09.05:135][392]LogTemp: Warning: 2
[2020.07.03-00.09.05:143][393]LogTemp: Warning: 2
[2020.07.03-00.09.05:152][394]LogTemp: Warning: 2
[2020.07.03-00.09.05:160][395]LogTemp: Warning: 2
[2020.07.03-00.09.05:168][396]LogTemp: Warning: 2
[2020.07.03-00.09.05:177][397]LogTemp: Warning: 2
[2020.07.03-00.09.05:185][398]LogTemp: Warning: 2
[2020.07.03-00.09.05:194][399]LogTemp: Warning: 2
[2020.07.03-00.09.05:202][400]LogTemp: Warning: 2
[2020.07.03-00.09.05:210][401]LogTemp: Warning: 2
[2020.07.03-00.09.05:218][402]LogTemp: Warning: 2
[2020.07.03-00.09.05:227][403]LogTemp: Warning: 2
[2020.07.03-00.09.05:236][404]LogTemp: Warning: 2
[2020.07.03-00.09.05:244][405]LogTemp: Warning: 2
[2020.07.03-00.09.05:252][406]LogTemp: Warning: 2
[2020.07.03-00.09.05:260][407]LogTemp: Warning: 2
[2020.07.03-00.09.05:268][408]LogTemp: Warning: 2
[2020.07.03-00.09.05:277][409]LogTemp: Warning: 2
[2020.07.03-00.09.05:285][410]LogTemp: Warning: 2
[2020.07.03-00.09.05:293][411]LogTemp: Warning: 2
[2020.07.03-00.09.05:302][412]LogTemp: Warning: 2
[2020.07.03-00.09.05:310][413]LogTemp: Warning: 2
[2020.07.03-00.09.05:318][414]LogTemp: Warning: 2
[2020.07.03-00.09.05:327][415]LogTemp: Warning: 2
[2020.07.03-00.09.05:336][416]LogTemp: Warning: 2
[2020.07.03-00.09.05:344][417]LogTemp: Warning: 2
[2020.07.03-00.09.05:352][418]LogTemp: Warning: 2
[2020.07.03-00.09.05:361][419]LogTemp: Warning: 2
[2020.07.03-00.09.05:369][420]LogTemp: Warning: 2
[2020.07.03-00.09.05:377][421]LogTemp: Warning: 2
[2020.07.03-00.09.05:386][422]LogTemp: Warning: 2
[2020.07.03-00.09.05:394][423]LogTemp: Warning: 2
[2020.07.03-00.09.05:402][424]LogTemp: Warning: 2
[2020.07.03-00.09.05:411][425]LogTemp: Warning: 2
[2020.07.03-00.09.05:419][426]LogTemp: Warning: 2
[2020.07.03-00.09.05:427][427]LogTemp: Warning: 2
[2020.07.03-00.09.05:436][428]LogTemp: Warning: 2
[2020.07.03-00.09.05:444][429]LogTemp: Warning: 2
[2020.07.03-00.09.05:452][430]LogTemp: Warning: 2
[2020.07.03-00.09.05:461][431]LogTemp: Warning: 2
[2020.07.03-00.09.05:469][432]LogTemp: Warning: 2
[2020.07.03-00.09.05:478][433]LogTemp: Warning: 2
[2020.07.03-00.09.05:486][434]LogTemp: Warning: 2
[2020.07.03-00.09.05:494][435]LogTemp: Warning: 2
[2020.07.03-00.09.05:502][436]LogTemp: Warning: 2
[2020.07.03-00.09.05:511][437]LogTemp: Warning: 2
[2020.07.03-00.09.05:519][438]LogTemp: Warning: 2
[2020.07.03-00.09.05:527][439]LogTemp: Warning: 2
[2020.07.03-00.09.05:535][440]LogTemp: Warning: 2
[2020.07.03-00.09.05:544][441]LogTemp: Warning: 2
[2020.07.03-00.09.05:552][442]LogTemp: Warning: 2
[2020.07.03-00.09.05:560][443]LogTemp: Warning: 2
[2020.07.03-00.09.05:568][444]LogTemp: Warning: 2
[2020.07.03-00.09.05:577][445]LogTemp: Warning: 2
[2020.07.03-00.09.05:585][446]LogTemp: Warning: 2
[2020.07.03-00.09.05:593][447]LogTemp: Warning: 2
[2020.07.03-00.09.05:602][448]LogTemp: Warning: 2
[2020.07.03-00.09.05:610][449]LogTemp: Warning: 2
[2020.07.03-00.09.05:619][450]LogTemp: Warning: 2
[2020.07.03-00.09.05:627][451]LogTemp: Warning: 2
[2020.07.03-00.09.05:635][452]LogTemp: Warning: 2
[2020.07.03-00.09.05:644][453]LogTemp: Warning: 2
[2020.07.03-00.09.05:652][454]LogTemp: Warning: 2
[2020.07.03-00.09.05:660][455]LogTemp: Warning: 2
[2020.07.03-00.09.05:669][456]LogTemp: Warning: 2
[2020.07.03-00.09.05:677][457]LogTemp: Warning: 2
[2020.07.03-00.09.05:686][458]LogTemp: Warning: 2
[2020.07.03-00.09.05:694][459]LogTemp: Warning: 2
[2020.07.03-00.09.05:702][460]LogTemp: Warning: 2
[2020.07.03-00.09.05:711][461]LogTemp: Warning: 2
[2020.07.03-00.09.05:719][462]LogTemp: Warning: 2
[2020.07.03-00.09.05:728][463]LogTemp: Warning: 2
[2020.07.03-00.09.05:736][464]LogTemp: Warning: 2
[2020.07.03-00.09.05:744][465]LogTemp: Warning: 2
[2020.07.03-00.09.05:753][466]LogTemp: Warning: 2
[2020.07.03-00.09.05:761][467]LogTemp: Warning: 2
[2020.07.03-00.09.05:769][468]LogTemp: Warning: 2
[2020.07.03-00.09.05:778][469]LogTemp: Warning: 2
[2020.07.03-00.09.05:786][470]LogTemp: Warning: 2
[2020.07.03-00.09.05:794][471]LogTemp: Warning: 2
[2020.07.03-00.09.05:803][472]LogTemp: Warning: 2
[2020.07.03-00.09.05:810][473]LogTemp: Warning: 2
[2020.07.03-00.09.05:819][474]LogTemp: Warning: 2
[2020.07.03-00.09.05:827][475]LogTemp: Warning: 2
[2020.07.03-00.09.05:835][476]LogTemp: Warning: 2
[2020.07.03-00.09.05:845][477]LogTemp: Warning: 2
[2020.07.03-00.09.05:853][478]LogTemp: Warning: 2
[2020.07.03-00.09.05:862][479]LogTemp: Warning: 2
[2020.07.03-00.09.05:870][480]LogTemp: Warning: 2
[2020.07.03-00.09.05:879][481]LogTemp: Warning: 2
[2020.07.03-00.09.05:887][482]LogTemp: Warning: 2
[2020.07.03-00.09.05:895][483]LogTemp: Warning: 2
[2020.07.03-00.09.05:904][484]LogTemp: Warning: 2
[2020.07.03-00.09.05:912][485]LogTemp: Warning: 2
[2020.07.03-00.09.05:920][486]LogTemp: Warning: 2
[2020.07.03-00.09.05:928][487]LogTemp: Warning: 2
[2020.07.03-00.09.05:937][488]LogTemp: Warning: 2
[2020.07.03-00.09.05:945][489]LogTemp: Warning: 2
[2020.07.03-00.09.05:954][490]LogTemp: Warning: 2
[2020.07.03-00.09.05:962][491]LogTemp: Warning: 2
[2020.07.03-00.09.05:970][492]LogTemp: Warning: 2
[2020.07.03-00.09.05:979][493]LogTemp: Warning: 2
[2020.07.03-00.09.05:987][494]LogTemp: Warning: 2
[2020.07.03-00.09.05:995][495]LogTemp: Warning: 2
[2020.07.03-00.09.06:004][496]LogTemp: Warning: 2
[2020.07.03-00.09.06:012][497]LogTemp: Warning: 2
[2020.07.03-00.09.06:020][498]LogTemp: Warning: 2
[2020.07.03-00.09.06:029][499]LogTemp: Warning: 2
[2020.07.03-00.09.06:037][500]LogTemp: Warning: 2
[2020.07.03-00.09.06:046][501]LogTemp: Warning: 2
[2020.07.03-00.09.06:054][502]LogTemp: Warning: 2
[2020.07.03-00.09.06:061][503]LogTemp: Warning: 2
[2020.07.03-00.09.06:070][504]LogTemp: Warning: 2
[2020.07.03-00.09.06:078][505]LogTemp: Warning: 2
[2020.07.03-00.09.06:087][506]LogTemp: Warning: 2
[2020.07.03-00.09.06:095][507]LogTemp: Warning: 2
[2020.07.03-00.09.06:104][508]LogTemp: Warning: 2
[2020.07.03-00.09.06:112][509]LogTemp: Warning: 2
[2020.07.03-00.09.06:120][510]LogTemp: Warning: 2
[2020.07.03-00.09.06:129][511]LogTemp: Warning: 2
[2020.07.03-00.09.06:137][512]LogTemp: Warning: 2
[2020.07.03-00.09.06:145][513]LogTemp: Warning: 2
[2020.07.03-00.09.06:153][514]LogTemp: Warning: 2
[2020.07.03-00.09.06:161][515]LogTemp: Warning: 2
[2020.07.03-00.09.06:169][516]LogTemp: Warning: 2
[2020.07.03-00.09.06:178][517]LogTemp: Warning: 2
[2020.07.03-00.09.06:186][518]LogTemp: Warning: 2
[2020.07.03-00.09.06:195][519]LogTemp: Warning: 2
[2020.07.03-00.09.06:203][520]LogTemp: Warning: 2
[2020.07.03-00.09.06:212][521]LogTemp: Warning: 2
[2020.07.03-00.09.06:220][522]LogTemp: Warning: 2
[2020.07.03-00.09.06:229][523]LogTemp: Warning: 2
[2020.07.03-00.09.06:237][524]LogTemp: Warning: 2
[2020.07.03-00.09.06:245][525]LogTemp: Warning: 2
[2020.07.03-00.09.06:253][526]LogTemp: Warning: 2
[2020.07.03-00.09.06:262][527]LogTemp: Warning: 2
[2020.07.03-00.09.06:270][528]LogTemp: Warning: 2
[2020.07.03-00.09.06:279][529]LogTemp: Warning: 2
[2020.07.03-00.09.06:287][530]LogTemp: Warning: 2
[2020.07.03-00.09.06:295][531]LogTemp: Warning: 2
[2020.07.03-00.09.06:304][532]LogTemp: Warning: 2
[2020.07.03-00.09.06:312][533]LogTemp: Warning: 2
[2020.07.03-00.09.06:320][534]LogTemp: Warning: 2
[2020.07.03-00.09.06:329][535]LogTemp: Warning: 2
[2020.07.03-00.09.06:338][536]LogTemp: Warning: 2
[2020.07.03-00.09.06:346][537]LogTemp: Warning: 2
[2020.07.03-00.09.06:354][538]LogTemp: Warning: 2
[2020.07.03-00.09.06:363][539]LogTemp: Warning: 2
[2020.07.03-00.09.06:371][540]LogTemp: Warning: 2
[2020.07.03-00.09.06:379][541]LogTemp: Warning: 2
[2020.07.03-00.09.06:388][542]LogTemp: Warning: 2
[2020.07.03-00.09.06:396][543]LogTemp: Warning: 2
[2020.07.03-00.09.06:404][544]LogTemp: Warning: 2
[2020.07.03-00.09.06:412][545]LogTemp: Warning: 2
[2020.07.03-00.09.06:421][546]LogTemp: Warning: 2
[2020.07.03-00.09.06:429][547]LogTemp: Warning: 2
[2020.07.03-00.09.06:437][548]LogTemp: Warning: 2
[2020.07.03-00.09.06:446][549]LogTemp: Warning: 2
[2020.07.03-00.09.06:454][550]LogTemp: Warning: 2
[2020.07.03-00.09.06:462][551]LogTemp: Warning: 2
[2020.07.03-00.09.06:471][552]LogTemp: Warning: 2
[2020.07.03-00.09.06:479][553]LogTemp: Warning: 2
[2020.07.03-00.09.06:487][554]LogTemp: Warning: 2
[2020.07.03-00.09.06:496][555]LogTemp: Warning: 2
[2020.07.03-00.09.06:504][556]LogTemp: Warning: 2
[2020.07.03-00.09.06:512][557]LogTemp: Warning: 2
[2020.07.03-00.09.06:520][558]LogTemp: Warning: 2
[2020.07.03-00.09.06:529][559]LogTemp: Warning: 2
[2020.07.03-00.09.06:537][560]LogTemp: Warning: 2
[2020.07.03-00.09.06:546][561]LogTemp: Warning: 2
[2020.07.03-00.09.06:554][562]LogTemp: Warning: 2
[2020.07.03-00.09.06:562][563]LogTemp: Warning: 2
[2020.07.03-00.09.06:570][564]LogTemp: Warning: 2
[2020.07.03-00.09.06:579][565]LogTemp: Warning: 2
[2020.07.03-00.09.06:588][566]LogTemp: Warning: 2
[2020.07.03-00.09.06:596][567]LogTemp: Warning: 2
[2020.07.03-00.09.06:604][568]LogTemp: Warning: 2
[2020.07.03-00.09.06:612][569]LogTemp: Warning: 2
[2020.07.03-00.09.06:621][570]LogTemp: Warning: 2
[2020.07.03-00.09.06:629][571]LogTemp: Warning: 2
[2020.07.03-00.09.06:637][572]LogTemp: Warning: 2
[2020.07.03-00.09.06:646][573]LogTemp: Warning: 2
[2020.07.03-00.09.06:654][574]LogTemp: Warning: 2
[2020.07.03-00.09.06:662][575]LogTemp: Warning: 2
[2020.07.03-00.09.06:671][576]LogTemp: Warning: 2
[2020.07.03-00.09.06:679][577]LogTemp: Warning: 2
[2020.07.03-00.09.06:687][578]LogTemp: Warning: 2
[2020.07.03-00.09.06:696][579]LogTemp: Warning: 2
[2020.07.03-00.09.06:704][580]LogTemp: Warning: 2
[2020.07.03-00.09.06:712][581]LogTemp: Warning: 2
[2020.07.03-00.09.06:721][582]LogTemp: Warning: 2
[2020.07.03-00.09.06:729][583]LogTemp: Warning: 2
[2020.07.03-00.09.06:738][584]LogTemp: Warning: 2
[2020.07.03-00.09.06:738][584]LogTemp: Warning: Hitea
[2020.07.03-00.09.06:746][585]LogTemp: Warning: 2
[2020.07.03-00.09.06:754][586]LogTemp: Warning: 2
[2020.07.03-00.09.06:763][587]LogTemp: Warning: 2
[2020.07.03-00.09.06:771][588]LogTemp: Warning: 2
[2020.07.03-00.09.06:779][589]LogTemp: Warning: 2
[2020.07.03-00.09.06:787][590]LogTemp: Warning: 2
[2020.07.03-00.09.06:796][591]LogTemp: Warning: 2
[2020.07.03-00.09.06:804][592]LogTemp: Warning: 2
[2020.07.03-00.09.06:813][593]LogTemp: Warning: 2
[2020.07.03-00.09.06:821][594]LogTemp: Warning: 2
[2020.07.03-00.09.06:831][595]LogTemp: Warning: 2
[2020.07.03-00.09.06:839][596]LogTemp: Warning: 2
[2020.07.03-00.09.06:848][597]LogTemp: Warning: 2
[2020.07.03-00.09.06:857][598]LogTemp: Warning: 2
[2020.07.03-00.09.06:865][599]LogTemp: Warning: 2
[2020.07.03-00.09.06:873][600]LogTemp: Warning: 2
[2020.07.03-00.09.06:881][601]LogTemp: Warning: 2
[2020.07.03-00.09.06:890][602]LogTemp: Warning: 2
[2020.07.03-00.09.06:898][603]LogTemp: Warning: 2
[2020.07.03-00.09.06:906][604]LogTemp: Warning: 2
[2020.07.03-00.09.06:914][605]LogTemp: Warning: 2
[2020.07.03-00.09.06:923][606]LogTemp: Warning: 2
[2020.07.03-00.09.06:931][607]LogTemp: Warning: 2
[2020.07.03-00.09.06:940][608]LogTemp: Warning: 2
[2020.07.03-00.09.06:948][609]LogTemp: Warning: 2
[2020.07.03-00.09.06:956][610]LogTemp: Warning: 2
[2020.07.03-00.09.06:965][611]LogTemp: Warning: 2
[2020.07.03-00.09.06:973][612]LogTemp: Warning: 2
[2020.07.03-00.09.06:981][613]LogTemp: Warning: 2
[2020.07.03-00.09.06:990][614]LogTemp: Warning: 2
[2020.07.03-00.09.06:998][615]LogTemp: Warning: 2
[2020.07.03-00.09.07:007][616]LogTemp: Warning: 2
[2020.07.03-00.09.07:015][617]LogTemp: Warning: 2
[2020.07.03-00.09.07:024][618]LogTemp: Warning: 2
[2020.07.03-00.09.07:032][619]LogTemp: Warning: 2
[2020.07.03-00.09.07:040][620]LogTemp: Warning: 2
[2020.07.03-00.09.07:048][621]LogTemp: Warning: 2
[2020.07.03-00.09.07:057][622]LogTemp: Warning: 2
[2020.07.03-00.09.07:065][623]LogTemp: Warning: 2
[2020.07.03-00.09.07:073][624]LogTemp: Warning: 2
[2020.07.03-00.09.07:082][625]LogTemp: Warning: 2
[2020.07.03-00.09.07:090][626]LogTemp: Warning: 2
[2020.07.03-00.09.07:098][627]LogTemp: Warning: 2
[2020.07.03-00.09.07:107][628]LogTemp: Warning: 2
[2020.07.03-00.09.07:114][629]LogTemp: Warning: 2
[2020.07.03-00.09.07:123][630]LogTemp: Warning: 2
[2020.07.03-00.09.07:131][631]LogTemp: Warning: 2
[2020.07.03-00.09.07:139][632]LogTemp: Warning: 2
[2020.07.03-00.09.07:147][633]LogTemp: Warning: 2
[2020.07.03-00.09.07:156][634]LogTemp: Warning: 2
[2020.07.03-00.09.07:164][635]LogTemp: Warning: 2
[2020.07.03-00.09.07:165][635]LogTemp: Warning: Hitea
[2020.07.03-00.09.07:173][636]LogTemp: Warning: 2
[2020.07.03-00.09.07:181][637]LogTemp: Warning: 2
[2020.07.03-00.09.07:189][638]LogTemp: Warning: 2
[2020.07.03-00.09.07:198][639]LogTemp: Warning: 2
[2020.07.03-00.09.07:206][640]LogTemp: Warning: 2
[2020.07.03-00.09.07:214][641]LogTemp: Warning: 2
[2020.07.03-00.09.07:223][642]LogTemp: Warning: 2
[2020.07.03-00.09.07:232][643]LogTemp: Warning: 2
[2020.07.03-00.09.07:239][644]LogTemp: Warning: 2
[2020.07.03-00.09.07:248][645]LogTemp: Warning: 2
[2020.07.03-00.09.07:256][646]LogTemp: Warning: 2
[2020.07.03-00.09.07:264][647]LogTemp: Warning: 2
[2020.07.03-00.09.07:273][648]LogTemp: Warning: 2
[2020.07.03-00.09.07:281][649]LogTemp: Warning: 2
[2020.07.03-00.09.07:290][650]LogTemp: Warning: 2
[2020.07.03-00.09.07:298][651]LogTemp: Warning: 2
[2020.07.03-00.09.07:307][652]LogTemp: Warning: 2
[2020.07.03-00.09.07:315][653]LogTemp: Warning: 2
[2020.07.03-00.09.07:323][654]LogTemp: Warning: 2
[2020.07.03-00.09.07:332][655]LogTemp: Warning: 2
[2020.07.03-00.09.07:340][656]LogTemp: Warning: 2
[2020.07.03-00.09.07:348][657]LogTemp: Warning: 2
[2020.07.03-00.09.07:357][658]LogTemp: Warning: 2
[2020.07.03-00.09.07:365][659]LogTemp: Warning: 2
[2020.07.03-00.09.07:373][660]LogTemp: Warning: 2
[2020.07.03-00.09.07:382][661]LogTemp: Warning: 2
[2020.07.03-00.09.07:389][662]LogTemp: Warning: 2
[2020.07.03-00.09.07:397][663]LogTemp: Warning: 2
[2020.07.03-00.09.07:406][664]LogTemp: Warning: 2
[2020.07.03-00.09.07:414][665]LogTemp: Warning: 2
[2020.07.03-00.09.07:423][666]LogTemp: Warning: 2
[2020.07.03-00.09.07:423][666]LogTemp: Warning: Hitea
[2020.07.03-00.09.07:432][667]LogTemp: Warning: 2
[2020.07.03-00.09.07:439][668]LogTemp: Warning: 2
[2020.07.03-00.09.07:448][669]LogTemp: Warning: 2
[2020.07.03-00.09.07:456][670]LogTemp: Warning: 2
[2020.07.03-00.09.07:464][671]LogTemp: Warning: 2
[2020.07.03-00.09.07:473][672]LogTemp: Warning: 2
[2020.07.03-00.09.07:481][673]LogTemp: Warning: 2
[2020.07.03-00.09.07:489][674]LogTemp: Warning: 2
[2020.07.03-00.09.07:498][675]LogTemp: Warning: 2
[2020.07.03-00.09.07:506][676]LogTemp: Warning: 2
[2020.07.03-00.09.07:515][677]LogTemp: Warning: 2
[2020.07.03-00.09.07:523][678]LogTemp: Warning: 2
[2020.07.03-00.09.07:532][679]LogTemp: Warning: 2
[2020.07.03-00.09.07:540][680]LogTemp: Warning: 2
[2020.07.03-00.09.07:548][681]LogTemp: Warning: 2
[2020.07.03-00.09.07:557][682]LogTemp: Warning: 2
[2020.07.03-00.09.07:565][683]LogTemp: Warning: 2
[2020.07.03-00.09.07:573][684]LogTemp: Warning: 2
[2020.07.03-00.09.07:582][685]LogTemp: Warning: 2
[2020.07.03-00.09.07:590][686]LogTemp: Warning: 2
[2020.07.03-00.09.07:598][687]LogTemp: Warning: 2
[2020.07.03-00.09.07:607][688]LogTemp: Warning: 2
