Log file open, 07/02/20 21:19:21
LogWindows: Failed to load 'aqProf.dll' (GetLastError=126)
LogWindows: File 'aqProf.dll' does not exist
LogWindows: Failed to load 'VtuneApi.dll' (GetLastError=126)
LogWindows: File 'VtuneApi.dll' does not exist
LogWindows: Failed to load 'VtuneApi32e.dll' (GetLastError=126)
LogWindows: File 'VtuneApi32e.dll' does not exist
LogConsoleResponse: Display: Failed to find resolution value strings in scalability ini. Falling back to default.
LogInit: Display: Running engine for game: Unreal2TP
LogPlatformFile: Not using cached read wrapper
LogTaskGraph: Started task graph with 5 named threads and 26 total threads with 3 sets of task threads.
LogStats: Stats thread started at 0.135760
LogD3D11RHI: Loaded GFSDK_Aftermath_Lib.x64.dll
LogICUInternationalization: ICU TimeZone Detection - Raw Offset: -3:00, Platform Override: ''
LogPluginManager: Mounting plugin Paper2D
LogPluginManager: Mounting plugin AISupport
LogPluginManager: Mounting plugin LightPropagationVolume
LogPluginManager: Mounting plugin ActorLayerUtilities
LogPluginManager: Mounting plugin AnimationSharing
LogPluginManager: Mounting plugin CLionSourceCodeAccess
LogPluginManager: Mounting plugin CodeLiteSourceCodeAccess
LogPluginManager: Mounting plugin GitSourceControl
LogPluginManager: Mounting plugin KDevelopSourceCodeAccess
LogPluginManager: Mounting plugin NullSourceCodeAccess
LogPluginManager: Mounting plugin PerforceSourceControl
LogPluginManager: Mounting plugin PlasticSourceControl
LogPluginManager: Mounting plugin SubversionSourceControl
LogPluginManager: Mounting plugin UObjectPlugin
LogPluginManager: Mounting plugin VisualStudioCodeSourceCodeAccess
LogPluginManager: Mounting plugin VisualStudioSourceCodeAccess
LogPluginManager: Mounting plugin XCodeSourceCodeAccess
LogPluginManager: Mounting plugin AssetManagerEditor
LogPluginManager: Mounting plugin CryptoKeys
LogPluginManager: Mounting plugin CurveEditorTools
LogPluginManager: Mounting plugin DataValidation
LogPluginManager: Mounting plugin FacialAnimation
LogPluginManager: Mounting plugin GameplayTagsEditor
LogPluginManager: Mounting plugin MacGraphicsSwitching
LogPluginManager: Mounting plugin MaterialAnalyzer
LogPluginManager: Mounting plugin MobileLauncherProfileWizard
LogPluginManager: Mounting plugin PluginBrowser
LogPluginManager: Mounting plugin SpeedTreeImporter
LogPluginManager: Mounting plugin DatasmithContent
LogPluginManager: Mounting plugin VariantManagerContent
LogPluginManager: Mounting plugin AlembicImporter
LogPluginManager: Mounting plugin AutomationUtils
LogPluginManager: Mounting plugin BackChannel
LogPluginManager: Mounting plugin CharacterAI
LogPluginManager: Mounting plugin GeometryCache
LogPluginManager: Mounting plugin PlatformCrypto
LogPluginManager: Mounting plugin ProxyLODPlugin
LogPluginManager: Mounting plugin SkeletalReduction
LogPluginManager: Mounting plugin MagicLeap
LogPluginManager: Mounting plugin MagicLeapMedia
LogPluginManager: Mounting plugin MLSDK
LogPluginManager: Mounting plugin AndroidMedia
LogPluginManager: Mounting plugin AvfMedia
LogPluginManager: Mounting plugin ImgMedia
LogPluginManager: Mounting plugin MediaCompositing
LogPluginManager: Mounting plugin MediaPlayerEditor
LogPluginManager: Mounting plugin WebMMedia
LogPluginManager: Mounting plugin WmfMedia
LogPluginManager: Mounting plugin TcpMessaging
LogPluginManager: Mounting plugin UdpMessaging
LogPluginManager: Mounting plugin ActorSequence
LogPluginManager: Mounting plugin LevelSequenceEditor
LogPluginManager: Mounting plugin MatineeToLevelSequence
LogPluginManager: Mounting plugin NetcodeUnitTest
LogPluginManager: Mounting plugin NUTUnrealEngine4
LogPluginManager: Mounting plugin OnlineSubsystemGooglePlay
LogPluginManager: Mounting plugin OnlineSubsystemIOS
LogPluginManager: Mounting plugin OnlineSubsystem
LogPluginManager: Mounting plugin OnlineSubsystemNull
LogPluginManager: Mounting plugin OnlineSubsystemUtils
LogPluginManager: Mounting plugin LauncherChunkInstaller
LogPluginManager: Mounting plugin AndroidDeviceProfileSelector
LogPluginManager: Mounting plugin AndroidMoviePlayer
LogPluginManager: Mounting plugin AndroidPermission
LogPluginManager: Mounting plugin AppleImageUtils
LogPluginManager: Mounting plugin AppleMoviePlayer
LogPluginManager: Mounting plugin ArchVisCharacter
LogPluginManager: Mounting plugin AssetTags
LogPluginManager: Mounting plugin AudioCapture
LogPluginManager: Mounting plugin CableComponent
LogPluginManager: Mounting plugin CustomMeshComponent
LogPluginManager: Mounting plugin EditableMesh
LogPluginManager: Mounting plugin ExampleDeviceProfileSelector
LogPluginManager: Mounting plugin GoogleCloudMessaging
LogPluginManager: Mounting plugin IOSDeviceProfileSelector
LogPluginManager: Mounting plugin LinuxDeviceProfileSelector
LogPluginManager: Mounting plugin LocationServicesBPLibrary
LogPluginManager: Mounting plugin MobilePatchingUtils
LogPluginManager: Mounting plugin OculusVR
LogPluginManager: Mounting plugin PhysXVehicles
LogPluginManager: Mounting plugin PostSplashScreen
LogPluginManager: Mounting plugin ProceduralMeshComponent
LogPluginManager: Mounting plugin RuntimePhysXCooking
LogPluginManager: Mounting plugin SignificanceManager
LogPluginManager: Mounting plugin SteamVR
LogPluginManager: Mounting plugin WebMMoviePlayer
LogPluginManager: Mounting plugin WindowsMoviePlayer
LogPluginManager: Mounting plugin ScreenshotTools
LogInit: Using libcurl 7.55.1-DEV
LogInit:  - built for x86_64-pc-win32
LogInit:  - supports SSL with OpenSSL/1.1.1
LogInit:  - supports HTTP deflate (compression) using libz 1.2.8
LogInit:  - other features:
LogInit:      CURL_VERSION_SSL
LogInit:      CURL_VERSION_LIBZ
LogInit:      CURL_VERSION_IPV6
LogInit:      CURL_VERSION_ASYNCHDNS
LogInit:      CURL_VERSION_LARGEFILE
LogInit:      CURL_VERSION_IDN
LogInit:  CurlRequestOptions (configurable via config and command line):
LogInit:  - bVerifyPeer = true  - Libcurl will verify peer certificate
LogInit:  - bUseHttpProxy = false  - Libcurl will NOT use HTTP proxy
LogInit:  - bDontReuseConnections = false  - Libcurl will reuse connections
LogInit:  - MaxHostConnections = 16  - Libcurl will limit the number of connections to a host
LogInit:  - LocalHostAddr = Default
LogInit:  - BufferSize = 65536
LogOnline: OSS: Creating online subsystem instance for: NULL
LogInit: WinSock: version 1.1 (2.2), MaxSocks=32767, MaxUdp=65467
LogOnline: OSS: TryLoadSubsystemAndSetDefault: Loaded subsystem for module [NULL]
LogInit: Build: ++UE4+Release-4.24-CL-11590370
LogInit: Engine Version: 4.24.3-11590370+++UE4+Release-4.24
LogInit: Compatible Engine Version: 4.24.0-10570792+++UE4+Release-4.24
LogInit: Net CL: 10570792
LogInit: OS: Windows 10 (Release 1909) (), CPU: Intel(R) Core(TM) i7-9700KF CPU @ 3.60GHz, GPU: NVIDIA GeForce GTX 1070
LogInit: Compiled (64-bit): Feb 24 2020 15:39:18
LogInit: Compiled with Visual C++: 19.16.27032.01
LogInit: Build Configuration: Development
LogInit: Branch Name: ++UE4+Release-4.24
LogInit: Command Line:  -skipcompile
LogInit: Base Directory: D:/UE_4.24/Engine/Binaries/Win64/
LogInit: Installed Engine Build: 1
LogDevObjectVersion: Number of dev versions registered: 25
LogDevObjectVersion:   Dev-Blueprints (B0D832E4-1F89-4F0D-ACCF-7EB736FD4AA2): 10
LogDevObjectVersion:   Dev-Build (E1C64328-A22C-4D53-A36C-8E866417BD8C): 0
LogDevObjectVersion:   Dev-Core (375EC13C-06E4-48FB-B500-84F0262A717E): 3
LogDevObjectVersion:   Dev-Editor (E4B068ED-F494-42E9-A231-DA0B2E46BB41): 37
LogDevObjectVersion:   Dev-Framework (CFFC743F-43B0-4480-9391-14DF171D2073): 36
LogDevObjectVersion:   Dev-Mobile (B02B49B5-BB20-44E9-A304-32B752E40360): 2
LogDevObjectVersion:   Dev-Networking (A4E4105C-59A1-49B5-A7C5-40C4547EDFEE): 0
LogDevObjectVersion:   Dev-Online (39C831C9-5AE6-47DC-9A44-9C173E1C8E7C): 0
LogDevObjectVersion:   Dev-Physics (78F01B33-EBEA-4F98-B9B4-84EACCB95AA2): 2
LogDevObjectVersion:   Dev-Platform (6631380F-2D4D-43E0-8009-CF276956A95A): 0
LogDevObjectVersion:   Dev-Rendering (12F88B9F-8875-4AFC-A67C-D90C383ABD29): 36
LogDevObjectVersion:   Dev-Sequencer (7B5AE74C-D270-4C10-A958-57980B212A5A): 11
LogDevObjectVersion:   Dev-VR (D7296918-1DD6-4BDD-9DE2-64A83CC13884): 2
LogDevObjectVersion:   Dev-LoadTimes (C2A15278-BFE7-4AFE-6C17-90FF531DF755): 1
LogDevObjectVersion:   Private-Geometry (6EACA3D4-40EC-4CC1-B786-8BED09428FC5): 3
LogDevObjectVersion:   Dev-AnimPhys (29E575DD-E0A3-4627-9D10-D276232CDCEA): 17
LogDevObjectVersion:   Dev-Anim (AF43A65D-7FD3-4947-9873-3E8ED9C1BB05): 2
LogDevObjectVersion:   Dev-ReflectionCapture (6B266CEC-1EC7-4B8F-A30B-E4D90942FC07): 1
LogDevObjectVersion:   Dev-Automation (0DF73D61-A23F-47EA-B727-89E90C41499A): 1
LogDevObjectVersion:   FortniteMain (601D1886-AC64-4F84-AA16-D3DE0DEAC7D6): 31
LogDevObjectVersion:   Dev-Enterprise (9DFFBCD6-494F-0158-E221-12823C92A888): 8
LogDevObjectVersion:   Dev-Niagara (F2AED0AC-9AFE-416F-8664-AA7FFA26D6FC): 1
LogDevObjectVersion:   Dev-Destruction (174F1F0B-B4C6-45A5-B13F-2EE8D0FB917D): 9
LogDevObjectVersion:   Dev-Physics-Ext (35F94A83-E258-406C-A318-09F59610247C): 8
LogDevObjectVersion:   Dev-CineCamera (B2E18506-4273-CFC2-A54E-F4BB758BBA07): 1
LogInit: Presizing for max 25165824 objects, including 0 objects not considered by GC, pre-allocating 0 bytes for permanent pool.
LogInit: Object subsystem initialized
LogConfig: Setting CVar [[con.DebugEarlyDefault:1]]
LogConfig: Setting CVar [[r.setres:1280x720]]
[2020.07.03-00.19.21:668][  0]LogConfig: Setting CVar [[r.VSync:0]]
[2020.07.03-00.19.21:668][  0]LogConfig: Setting CVar [[r.RHICmdBypass:0]]
[2020.07.03-00.19.21:668][  0]LogConfig: Applying CVar settings from Section [/Script/Engine.RendererSettings] File [D:/Facultad/Unreal/UNREAL2TP/Unreal2TP/Unreal2TP/Saved/Config/Windows/Engine.ini]
[2020.07.03-00.19.21:668][  0]LogConfig: Setting CVar [[r.GPUCrashDebugging:0]]
[2020.07.03-00.19.21:668][  0]LogConfig: Applying CVar settings from Section [/Script/Engine.RendererOverrideSettings] File [D:/Facultad/Unreal/UNREAL2TP/Unreal2TP/Unreal2TP/Saved/Config/Windows/Engine.ini]
[2020.07.03-00.19.21:668][  0]LogConfig: Applying CVar settings from Section [/Script/Engine.StreamingSettings] File [D:/Facultad/Unreal/UNREAL2TP/Unreal2TP/Unreal2TP/Saved/Config/Windows/Engine.ini]
[2020.07.03-00.19.21:668][  0]LogConfig: Setting CVar [[s.MinBulkDataSizeForAsyncLoading:131072]]
[2020.07.03-00.19.21:668][  0]LogConfig: Setting CVar [[s.AsyncLoadingThreadEnabled:0]]
[2020.07.03-00.19.21:668][  0]LogConfig: Setting CVar [[s.EventDrivenLoaderEnabled:1]]
[2020.07.03-00.19.21:668][  0]LogConfig: Setting CVar [[s.WarnIfTimeLimitExceeded:0]]
[2020.07.03-00.19.21:668][  0]LogConfig: Setting CVar [[s.TimeLimitExceededMultiplier:1.5]]
[2020.07.03-00.19.21:669][  0]LogConfig: Setting CVar [[s.TimeLimitExceededMinTime:0.005]]
[2020.07.03-00.19.21:669][  0]LogConfig: Setting CVar [[s.UseBackgroundLevelStreaming:1]]
[2020.07.03-00.19.21:669][  0]LogConfig: Setting CVar [[s.PriorityAsyncLoadingExtraTime:15.0]]
[2020.07.03-00.19.21:669][  0]LogConfig: Setting CVar [[s.LevelStreamingActorsUpdateTimeLimit:5.0]]
[2020.07.03-00.19.21:669][  0]LogConfig: Setting CVar [[s.PriorityLevelStreamingActorsUpdateExtraTime:5.0]]
[2020.07.03-00.19.21:669][  0]LogConfig: Setting CVar [[s.LevelStreamingComponentsRegistrationGranularity:10]]
[2020.07.03-00.19.21:669][  0]LogConfig: Setting CVar [[s.UnregisterComponentsTimeLimit:1.0]]
[2020.07.03-00.19.21:669][  0]LogConfig: Setting CVar [[s.LevelStreamingComponentsUnregistrationGranularity:5]]
[2020.07.03-00.19.21:669][  0]LogConfig: Setting CVar [[s.FlushStreamingOnExit:1]]
[2020.07.03-00.19.21:669][  0]LogConfig: Applying CVar settings from Section [/Script/Engine.GarbageCollectionSettings] File [D:/Facultad/Unreal/UNREAL2TP/Unreal2TP/Unreal2TP/Saved/Config/Windows/Engine.ini]
[2020.07.03-00.19.21:669][  0]LogConfig: Setting CVar [[gc.MaxObjectsNotConsideredByGC:1]]
[2020.07.03-00.19.21:669][  0]LogConfig: Setting CVar [[gc.SizeOfPermanentObjectPool:0]]
[2020.07.03-00.19.21:669][  0]LogConfig: Setting CVar [[gc.FlushStreamingOnGC:0]]
[2020.07.03-00.19.21:669][  0]LogConfig: Setting CVar [[gc.NumRetriesBeforeForcingGC:10]]
[2020.07.03-00.19.21:669][  0]LogConfig: Setting CVar [[gc.AllowParallelGC:1]]
[2020.07.03-00.19.21:669][  0]LogConfig: Setting CVar [[gc.TimeBetweenPurgingPendingKillObjects:61.1]]
[2020.07.03-00.19.21:669][  0]LogConfig: Setting CVar [[gc.MaxObjectsInEditor:25165824]]
[2020.07.03-00.19.21:669][  0]LogConfig: Setting CVar [[gc.IncrementalBeginDestroyEnabled:1]]
[2020.07.03-00.19.21:669][  0]LogConfig: Setting CVar [[gc.CreateGCClusters:1]]
[2020.07.03-00.19.21:669][  0]LogConfig: Setting CVar [[gc.MinGCClusterSize:5]]
[2020.07.03-00.19.21:669][  0]LogConfig: Setting CVar [[gc.ActorClusteringEnabled:0]]
[2020.07.03-00.19.21:669][  0]LogConfig: Setting CVar [[gc.BlueprintClusteringEnabled:0]]
[2020.07.03-00.19.21:669][  0]LogConfig: Setting CVar [[gc.UseDisregardForGCOnDedicatedServers:0]]
[2020.07.03-00.19.21:669][  0]LogConfig: Applying CVar settings from Section [/Script/Engine.NetworkSettings] File [D:/Facultad/Unreal/UNREAL2TP/Unreal2TP/Unreal2TP/Saved/Config/Windows/Engine.ini]
[2020.07.03-00.19.21:669][  0]LogConfig: Applying CVar settings from Section [/Script/UnrealEd.CookerSettings] File [D:/Facultad/Unreal/UNREAL2TP/Unreal2TP/Unreal2TP/Saved/Config/Windows/Engine.ini]
[2020.07.03-00.19.21:679][  0]LogConfig: Applying CVar settings from Section [ViewDistanceQuality@3] File [D:/Facultad/Unreal/UNREAL2TP/Unreal2TP/Unreal2TP/Saved/Config/Windows/Scalability.ini]
[2020.07.03-00.19.21:679][  0]LogConfig: Setting CVar [[r.SkeletalMeshLODBias:0]]
[2020.07.03-00.19.21:679][  0]LogConfig: Setting CVar [[r.ViewDistanceScale:1.0]]
[2020.07.03-00.19.21:679][  0]LogConfig: Applying CVar settings from Section [AntiAliasingQuality@3] File [D:/Facultad/Unreal/UNREAL2TP/Unreal2TP/Unreal2TP/Saved/Config/Windows/Scalability.ini]
[2020.07.03-00.19.21:680][  0]LogConfig: Setting CVar [[r.PostProcessAAQuality:4]]
[2020.07.03-00.19.21:680][  0]LogConfig: Applying CVar settings from Section [ShadowQuality@3] File [D:/Facultad/Unreal/UNREAL2TP/Unreal2TP/Unreal2TP/Saved/Config/Windows/Scalability.ini]
[2020.07.03-00.19.21:680][  0]LogConfig: Setting CVar [[r.LightFunctionQuality:1]]
[2020.07.03-00.19.21:680][  0]LogConfig: Setting CVar [[r.ShadowQuality:5]]
[2020.07.03-00.19.21:680][  0]LogConfig: Setting CVar [[r.Shadow.CSM.MaxCascades:10]]
[2020.07.03-00.19.21:680][  0]LogConfig: Setting CVar [[r.Shadow.MaxResolution:2048]]
[2020.07.03-00.19.21:680][  0]LogConfig: Setting CVar [[r.Shadow.MaxCSMResolution:2048]]
[2020.07.03-00.19.21:680][  0]LogConfig: Setting CVar [[r.Shadow.RadiusThreshold:0.01]]
[2020.07.03-00.19.21:680][  0]LogConfig: Setting CVar [[r.Shadow.DistanceScale:1.0]]
[2020.07.03-00.19.21:680][  0]LogConfig: Setting CVar [[r.Shadow.CSM.TransitionScale:1.0]]
[2020.07.03-00.19.21:680][  0]LogConfig: Setting CVar [[r.Shadow.PreShadowResolutionFactor:1.0]]
[2020.07.03-00.19.21:680][  0]LogConfig: Setting CVar [[r.DistanceFieldShadowing:1]]
[2020.07.03-00.19.21:680][  0]LogConfig: Setting CVar [[r.DistanceFieldAO:1]]
[2020.07.03-00.19.21:680][  0]LogConfig: Setting CVar [[r.AOQuality:2]]
[2020.07.03-00.19.21:680][  0]LogConfig: Setting CVar [[r.VolumetricFog:1]]
[2020.07.03-00.19.21:680][  0]LogConfig: Setting CVar [[r.VolumetricFog.GridPixelSize:8]]
[2020.07.03-00.19.21:680][  0]LogConfig: Setting CVar [[r.VolumetricFog.GridSizeZ:128]]
[2020.07.03-00.19.21:680][  0]LogConfig: Setting CVar [[r.VolumetricFog.HistoryMissSupersampleCount:4]]
[2020.07.03-00.19.21:680][  0]LogConfig: Setting CVar [[r.LightMaxDrawDistanceScale:1]]
[2020.07.03-00.19.21:680][  0]LogConfig: Setting CVar [[r.CapsuleShadows:1]]
[2020.07.03-00.19.21:681][  0]LogConfig: Applying CVar settings from Section [PostProcessQuality@3] File [D:/Facultad/Unreal/UNREAL2TP/Unreal2TP/Unreal2TP/Saved/Config/Windows/Scalability.ini]
[2020.07.03-00.19.21:681][  0]LogConfig: Setting CVar [[r.MotionBlurQuality:4]]
[2020.07.03-00.19.21:681][  0]LogConfig: Setting CVar [[r.AmbientOcclusionMipLevelFactor:0.4]]
[2020.07.03-00.19.21:681][  0]LogConfig: Setting CVar [[r.AmbientOcclusionMaxQuality:100]]
[2020.07.03-00.19.21:681][  0]LogConfig: Setting CVar [[r.AmbientOcclusionLevels:-1]]
[2020.07.03-00.19.21:681][  0]LogConfig: Setting CVar [[r.AmbientOcclusionRadiusScale:1.0]]
[2020.07.03-00.19.21:681][  0]LogConfig: Setting CVar [[r.DepthOfFieldQuality:2]]
[2020.07.03-00.19.21:681][  0]LogConfig: Setting CVar [[r.RenderTargetPoolMin:400]]
[2020.07.03-00.19.21:681][  0]LogConfig: Setting CVar [[r.LensFlareQuality:2]]
[2020.07.03-00.19.21:681][  0]LogConfig: Setting CVar [[r.SceneColorFringeQuality:1]]
[2020.07.03-00.19.21:681][  0]LogConfig: Setting CVar [[r.EyeAdaptationQuality:2]]
[2020.07.03-00.19.21:681][  0]LogConfig: Setting CVar [[r.BloomQuality:5]]
[2020.07.03-00.19.21:681][  0]LogConfig: Setting CVar [[r.FastBlurThreshold:100]]
[2020.07.03-00.19.21:681][  0]LogConfig: Setting CVar [[r.Upscale.Quality:3]]
[2020.07.03-00.19.21:681][  0]LogConfig: Setting CVar [[r.Tonemapper.GrainQuantization:1]]
[2020.07.03-00.19.21:681][  0]LogConfig: Setting CVar [[r.LightShaftQuality:1]]
[2020.07.03-00.19.21:681][  0]LogConfig: Setting CVar [[r.Filter.SizeScale:1]]
[2020.07.03-00.19.21:681][  0]LogConfig: Setting CVar [[r.Tonemapper.Quality:5]]
[2020.07.03-00.19.21:681][  0]LogConfig: Setting CVar [[r.DOF.Gather.AccumulatorQuality:1        ; higher gathering accumulator quality]]
[2020.07.03-00.19.21:681][  0]LogConfig: Setting CVar [[r.DOF.Gather.PostfilterMethod:1          ; Median3x3 postfilering method]]
[2020.07.03-00.19.21:681][  0]LogConfig: Setting CVar [[r.DOF.Gather.EnableBokehSettings:0       ; no bokeh simulation when gathering]]
[2020.07.03-00.19.21:681][  0]LogConfig: Setting CVar [[r.DOF.Gather.RingCount:4                 ; medium number of samples when gathering]]
[2020.07.03-00.19.21:681][  0]LogConfig: Setting CVar [[r.DOF.Scatter.ForegroundCompositing:1    ; additive foreground scattering]]
[2020.07.03-00.19.21:681][  0]LogConfig: Setting CVar [[r.DOF.Scatter.BackgroundCompositing:2    ; additive background scattering]]
[2020.07.03-00.19.21:681][  0]LogConfig: Setting CVar [[r.DOF.Scatter.EnableBokehSettings:1      ; bokeh simulation when scattering]]
[2020.07.03-00.19.21:681][  0]LogConfig: Setting CVar [[r.DOF.Scatter.MaxSpriteRatio:0.1         ; only a maximum of 10% of scattered bokeh]]
[2020.07.03-00.19.21:681][  0]LogConfig: Setting CVar [[r.DOF.Recombine.Quality:1                ; cheap slight out of focus]]
[2020.07.03-00.19.21:681][  0]LogConfig: Setting CVar [[r.DOF.Recombine.EnableBokehSettings:0    ; no bokeh simulation on slight out of focus]]
[2020.07.03-00.19.21:681][  0]LogConfig: Setting CVar [[r.DOF.TemporalAAQuality:1                ; more stable temporal accumulation]]
[2020.07.03-00.19.21:681][  0]LogConfig: Setting CVar [[r.DOF.Kernel.MaxForegroundRadius:0.025]]
[2020.07.03-00.19.21:681][  0]LogConfig: Setting CVar [[r.DOF.Kernel.MaxBackgroundRadius:0.025]]
[2020.07.03-00.19.21:681][  0]LogConfig: Applying CVar settings from Section [TextureQuality@3] File [D:/Facultad/Unreal/UNREAL2TP/Unreal2TP/Unreal2TP/Saved/Config/Windows/Scalability.ini]
[2020.07.03-00.19.21:682][  0]LogConfig: Setting CVar [[r.Streaming.MipBias:0]]
[2020.07.03-00.19.21:682][  0]LogConfig: Setting CVar [[r.Streaming.AmortizeCPUToGPUCopy:0]]
[2020.07.03-00.19.21:682][  0]LogConfig: Setting CVar [[r.Streaming.MaxNumTexturesToStreamPerFrame:0]]
[2020.07.03-00.19.21:682][  0]LogConfig: Setting CVar [[r.Streaming.Boost:1]]
[2020.07.03-00.19.21:682][  0]LogConfig: Setting CVar [[r.MaxAnisotropy:8]]
[2020.07.03-00.19.21:682][  0]LogConfig: Setting CVar [[r.VT.MaxAnisotropy:8]]
[2020.07.03-00.19.21:682][  0]LogConfig: Setting CVar [[r.Streaming.LimitPoolSizeToVRAM:0]]
[2020.07.03-00.19.21:682][  0]LogConfig: Setting CVar [[r.Streaming.PoolSize:1000]]
[2020.07.03-00.19.21:682][  0]LogConfig: Setting CVar [[r.Streaming.MaxEffectiveScreenSize:0]]
[2020.07.03-00.19.21:682][  0]LogConfig: Applying CVar settings from Section [EffectsQuality@3] File [D:/Facultad/Unreal/UNREAL2TP/Unreal2TP/Unreal2TP/Saved/Config/Windows/Scalability.ini]
[2020.07.03-00.19.21:682][  0]LogConfig: Setting CVar [[r.TranslucencyLightingVolumeDim:64]]
[2020.07.03-00.19.21:682][  0]LogConfig: Setting CVar [[r.RefractionQuality:2]]
[2020.07.03-00.19.21:682][  0]LogConfig: Setting CVar [[r.SSR.Quality:3]]
[2020.07.03-00.19.21:682][  0]LogConfig: Setting CVar [[r.SSR.HalfResSceneColor:0]]
[2020.07.03-00.19.21:682][  0]LogConfig: Setting CVar [[r.SceneColorFormat:4]]
[2020.07.03-00.19.21:682][  0]LogConfig: Setting CVar [[r.DetailMode:2]]
[2020.07.03-00.19.21:682][  0]LogConfig: Setting CVar [[r.TranslucencyVolumeBlur:1]]
[2020.07.03-00.19.21:682][  0]LogConfig: Setting CVar [[r.MaterialQualityLevel:1 ; High quality]]
[2020.07.03-00.19.21:682][  0]LogConfig: Setting CVar [[r.SSS.Scale:1]]
[2020.07.03-00.19.21:682][  0]LogConfig: Setting CVar [[r.SSS.SampleSet:2]]
[2020.07.03-00.19.21:682][  0]LogConfig: Setting CVar [[r.SSS.Quality:1]]
[2020.07.03-00.19.21:682][  0]LogConfig: Setting CVar [[r.SSS.HalfRes:1]]
[2020.07.03-00.19.21:682][  0]LogConfig: Setting CVar [[r.SSGI.Quality:3]]
[2020.07.03-00.19.21:682][  0]LogConfig: Setting CVar [[r.EmitterSpawnRateScale:1.0]]
[2020.07.03-00.19.21:682][  0]LogConfig: Setting CVar [[r.ParticleLightQuality:2]]
[2020.07.03-00.19.21:682][  0]LogConfig: Setting CVar [[r.SkyAtmosphere.AerialPerspectiveLUT.FastApplyOnOpaque:1 ; Always have FastSkyLUT 1 in this case to avoid wrong sky]]
[2020.07.03-00.19.21:682][  0]LogConfig: Setting CVar [[r.SkyAtmosphere.AerialPerspectiveLUT.SampleCountPerSlice:1]]
[2020.07.03-00.19.21:682][  0]LogConfig: Setting CVar [[r.SkyAtmosphere.AerialPerspectiveLUT.DepthResolution:16.0]]
[2020.07.03-00.19.21:682][  0]LogConfig: Setting CVar [[r.SkyAtmosphere.FastSkyLUT:1]]
[2020.07.03-00.19.21:682][  0]LogConfig: Setting CVar [[r.SkyAtmosphere.FastSkyLUT.SampleCountMin:4.0]]
[2020.07.03-00.19.21:682][  0]LogConfig: Setting CVar [[r.SkyAtmosphere.FastSkyLUT.SampleCountMax:32.0]]
[2020.07.03-00.19.21:682][  0]LogConfig: Setting CVar [[r.SkyAtmosphere.SampleCountMin:4.0]]
[2020.07.03-00.19.21:682][  0]LogConfig: Setting CVar [[r.SkyAtmosphere.SampleCountMax:32.0]]
[2020.07.03-00.19.21:682][  0]LogConfig: Setting CVar [[r.SkyAtmosphere.TransmittanceLUT.UseSmallFormat:0]]
[2020.07.03-00.19.21:682][  0]LogConfig: Setting CVar [[r.SkyAtmosphere.TransmittanceLUT.SampleCount:10.0]]
[2020.07.03-00.19.21:682][  0]LogConfig: Setting CVar [[r.SkyAtmosphere.MultiScatteringLUT.SampleCount:15.0]]
[2020.07.03-00.19.21:682][  0]LogConfig: Applying CVar settings from Section [FoliageQuality@3] File [D:/Facultad/Unreal/UNREAL2TP/Unreal2TP/Unreal2TP/Saved/Config/Windows/Scalability.ini]
[2020.07.03-00.19.21:682][  0]LogConfig: Setting CVar [[foliage.DensityScale:1.0]]
[2020.07.03-00.19.21:682][  0]LogConfig: Setting CVar [[grass.DensityScale:1.0]]
[2020.07.03-00.19.21:682][  0]LogConfig: Applying CVar settings from Section [ShadingQuality@3] File [D:/Facultad/Unreal/UNREAL2TP/Unreal2TP/Unreal2TP/Saved/Config/Windows/Scalability.ini]
[2020.07.03-00.19.21:683][  0]LogConfig: Setting CVar [[r.HairStrands.SkyLighting.SampleCount:16]]
[2020.07.03-00.19.21:683][  0]LogConfig: Setting CVar [[r.HairStrands.SkyLighting.JitterIntegration:0]]
[2020.07.03-00.19.21:683][  0]LogConfig: Setting CVar [[r.HairStrands.SkyAO.SampleCount:16]]
[2020.07.03-00.19.21:683][  0]LogInit: Selected Device Profile: [Windows]
[2020.07.03-00.19.21:683][  0]LogInit: Applying CVar settings loaded from the selected device profile: [Windows]
[2020.07.03-00.19.21:684][  0]LogHAL: Display: Platform has ~ 16 GB [17096769536 / 17179869184 / 16], which maps to Larger [LargestMinGB=32, LargerMinGB=12, DefaultMinGB=8, SmallerMinGB=6, SmallestMinGB=0)
[2020.07.03-00.19.21:684][  0]LogInit: Going up to parent DeviceProfile []
[2020.07.03-00.19.21:684][  0]LogConfig: Applying CVar settings from Section [ViewDistanceQuality@3] File [D:/Facultad/Unreal/UNREAL2TP/Unreal2TP/Unreal2TP/Saved/Config/Windows/Scalability.ini]
[2020.07.03-00.19.21:684][  0]LogConfig: Setting CVar [[r.SkeletalMeshLODBias:0]]
[2020.07.03-00.19.21:684][  0]LogConfig: Setting CVar [[r.ViewDistanceScale:1.0]]
[2020.07.03-00.19.21:684][  0]LogConfig: Applying CVar settings from Section [AntiAliasingQuality@3] File [D:/Facultad/Unreal/UNREAL2TP/Unreal2TP/Unreal2TP/Saved/Config/Windows/Scalability.ini]
[2020.07.03-00.19.21:684][  0]LogConfig: Setting CVar [[r.PostProcessAAQuality:4]]
[2020.07.03-00.19.21:685][  0]LogConfig: Applying CVar settings from Section [ShadowQuality@3] File [D:/Facultad/Unreal/UNREAL2TP/Unreal2TP/Unreal2TP/Saved/Config/Windows/Scalability.ini]
[2020.07.03-00.19.21:685][  0]LogConfig: Setting CVar [[r.LightFunctionQuality:1]]
[2020.07.03-00.19.21:685][  0]LogConfig: Setting CVar [[r.ShadowQuality:5]]
[2020.07.03-00.19.21:685][  0]LogConfig: Setting CVar [[r.Shadow.CSM.MaxCascades:10]]
[2020.07.03-00.19.21:685][  0]LogConfig: Setting CVar [[r.Shadow.MaxResolution:2048]]
[2020.07.03-00.19.21:685][  0]LogConfig: Setting CVar [[r.Shadow.MaxCSMResolution:2048]]
[2020.07.03-00.19.21:685][  0]LogConfig: Setting CVar [[r.Shadow.RadiusThreshold:0.01]]
[2020.07.03-00.19.21:685][  0]LogConfig: Setting CVar [[r.Shadow.DistanceScale:1.0]]
[2020.07.03-00.19.21:685][  0]LogConfig: Setting CVar [[r.Shadow.CSM.TransitionScale:1.0]]
[2020.07.03-00.19.21:685][  0]LogConfig: Setting CVar [[r.Shadow.PreShadowResolutionFactor:1.0]]
[2020.07.03-00.19.21:685][  0]LogConfig: Setting CVar [[r.DistanceFieldShadowing:1]]
[2020.07.03-00.19.21:685][  0]LogConfig: Setting CVar [[r.DistanceFieldAO:1]]
[2020.07.03-00.19.21:685][  0]LogConfig: Setting CVar [[r.AOQuality:2]]
[2020.07.03-00.19.21:685][  0]LogConfig: Setting CVar [[r.VolumetricFog:1]]
[2020.07.03-00.19.21:685][  0]LogConfig: Setting CVar [[r.VolumetricFog.GridPixelSize:8]]
[2020.07.03-00.19.21:685][  0]LogConfig: Setting CVar [[r.VolumetricFog.GridSizeZ:128]]
[2020.07.03-00.19.21:685][  0]LogConfig: Setting CVar [[r.VolumetricFog.HistoryMissSupersampleCount:4]]
[2020.07.03-00.19.21:685][  0]LogConfig: Setting CVar [[r.LightMaxDrawDistanceScale:1]]
[2020.07.03-00.19.21:685][  0]LogConfig: Setting CVar [[r.CapsuleShadows:1]]
[2020.07.03-00.19.21:685][  0]LogConfig: Applying CVar settings from Section [PostProcessQuality@3] File [D:/Facultad/Unreal/UNREAL2TP/Unreal2TP/Unreal2TP/Saved/Config/Windows/Scalability.ini]
[2020.07.03-00.19.21:685][  0]LogConfig: Setting CVar [[r.MotionBlurQuality:4]]
[2020.07.03-00.19.21:685][  0]LogConfig: Setting CVar [[r.AmbientOcclusionMipLevelFactor:0.4]]
[2020.07.03-00.19.21:685][  0]LogConfig: Setting CVar [[r.AmbientOcclusionMaxQuality:100]]
[2020.07.03-00.19.21:685][  0]LogConfig: Setting CVar [[r.AmbientOcclusionLevels:-1]]
[2020.07.03-00.19.21:685][  0]LogConfig: Setting CVar [[r.AmbientOcclusionRadiusScale:1.0]]
[2020.07.03-00.19.21:685][  0]LogConfig: Setting CVar [[r.DepthOfFieldQuality:2]]
[2020.07.03-00.19.21:685][  0]LogConfig: Setting CVar [[r.RenderTargetPoolMin:400]]
[2020.07.03-00.19.21:685][  0]LogConfig: Setting CVar [[r.LensFlareQuality:2]]
[2020.07.03-00.19.21:685][  0]LogConfig: Setting CVar [[r.SceneColorFringeQuality:1]]
[2020.07.03-00.19.21:685][  0]LogConfig: Setting CVar [[r.EyeAdaptationQuality:2]]
[2020.07.03-00.19.21:685][  0]LogConfig: Setting CVar [[r.BloomQuality:5]]
[2020.07.03-00.19.21:685][  0]LogConfig: Setting CVar [[r.FastBlurThreshold:100]]
[2020.07.03-00.19.21:685][  0]LogConfig: Setting CVar [[r.Upscale.Quality:3]]
[2020.07.03-00.19.21:685][  0]LogConfig: Setting CVar [[r.Tonemapper.GrainQuantization:1]]
[2020.07.03-00.19.21:685][  0]LogConfig: Setting CVar [[r.LightShaftQuality:1]]
[2020.07.03-00.19.21:685][  0]LogConfig: Setting CVar [[r.Filter.SizeScale:1]]
[2020.07.03-00.19.21:685][  0]LogConfig: Setting CVar [[r.Tonemapper.Quality:5]]
[2020.07.03-00.19.21:685][  0]LogConfig: Setting CVar [[r.DOF.Gather.AccumulatorQuality:1        ; higher gathering accumulator quality]]
[2020.07.03-00.19.21:685][  0]LogConfig: Setting CVar [[r.DOF.Gather.PostfilterMethod:1          ; Median3x3 postfilering method]]
[2020.07.03-00.19.21:686][  0]LogConfig: Setting CVar [[r.DOF.Gather.EnableBokehSettings:0       ; no bokeh simulation when gathering]]
[2020.07.03-00.19.21:686][  0]LogConfig: Setting CVar [[r.DOF.Gather.RingCount:4                 ; medium number of samples when gathering]]
[2020.07.03-00.19.21:686][  0]LogConfig: Setting CVar [[r.DOF.Scatter.ForegroundCompositing:1    ; additive foreground scattering]]
[2020.07.03-00.19.21:686][  0]LogConfig: Setting CVar [[r.DOF.Scatter.BackgroundCompositing:2    ; additive background scattering]]
[2020.07.03-00.19.21:686][  0]LogConfig: Setting CVar [[r.DOF.Scatter.EnableBokehSettings:1      ; bokeh simulation when scattering]]
[2020.07.03-00.19.21:686][  0]LogConfig: Setting CVar [[r.DOF.Scatter.MaxSpriteRatio:0.1         ; only a maximum of 10% of scattered bokeh]]
[2020.07.03-00.19.21:686][  0]LogConfig: Setting CVar [[r.DOF.Recombine.Quality:1                ; cheap slight out of focus]]
[2020.07.03-00.19.21:686][  0]LogConfig: Setting CVar [[r.DOF.Recombine.EnableBokehSettings:0    ; no bokeh simulation on slight out of focus]]
[2020.07.03-00.19.21:686][  0]LogConfig: Setting CVar [[r.DOF.TemporalAAQuality:1                ; more stable temporal accumulation]]
[2020.07.03-00.19.21:686][  0]LogConfig: Setting CVar [[r.DOF.Kernel.MaxForegroundRadius:0.025]]
[2020.07.03-00.19.21:686][  0]LogConfig: Setting CVar [[r.DOF.Kernel.MaxBackgroundRadius:0.025]]
[2020.07.03-00.19.21:686][  0]LogConfig: Applying CVar settings from Section [TextureQuality@3] File [D:/Facultad/Unreal/UNREAL2TP/Unreal2TP/Unreal2TP/Saved/Config/Windows/Scalability.ini]
[2020.07.03-00.19.21:686][  0]LogConfig: Setting CVar [[r.Streaming.MipBias:0]]
[2020.07.03-00.19.21:686][  0]LogConfig: Setting CVar [[r.Streaming.AmortizeCPUToGPUCopy:0]]
[2020.07.03-00.19.21:686][  0]LogConfig: Setting CVar [[r.Streaming.MaxNumTexturesToStreamPerFrame:0]]
[2020.07.03-00.19.21:686][  0]LogConfig: Setting CVar [[r.Streaming.Boost:1]]
[2020.07.03-00.19.21:686][  0]LogConfig: Setting CVar [[r.MaxAnisotropy:8]]
[2020.07.03-00.19.21:686][  0]LogConfig: Setting CVar [[r.VT.MaxAnisotropy:8]]
[2020.07.03-00.19.21:686][  0]LogConfig: Setting CVar [[r.Streaming.LimitPoolSizeToVRAM:0]]
[2020.07.03-00.19.21:686][  0]LogConfig: Setting CVar [[r.Streaming.PoolSize:1000]]
[2020.07.03-00.19.21:686][  0]LogConfig: Setting CVar [[r.Streaming.MaxEffectiveScreenSize:0]]
[2020.07.03-00.19.21:686][  0]LogConfig: Applying CVar settings from Section [EffectsQuality@3] File [D:/Facultad/Unreal/UNREAL2TP/Unreal2TP/Unreal2TP/Saved/Config/Windows/Scalability.ini]
[2020.07.03-00.19.21:686][  0]LogConfig: Setting CVar [[r.TranslucencyLightingVolumeDim:64]]
[2020.07.03-00.19.21:686][  0]LogConfig: Setting CVar [[r.RefractionQuality:2]]
[2020.07.03-00.19.21:686][  0]LogConfig: Setting CVar [[r.SSR.Quality:3]]
[2020.07.03-00.19.21:686][  0]LogConfig: Setting CVar [[r.SSR.HalfResSceneColor:0]]
[2020.07.03-00.19.21:686][  0]LogConfig: Setting CVar [[r.SceneColorFormat:4]]
[2020.07.03-00.19.21:686][  0]LogConfig: Setting CVar [[r.DetailMode:2]]
[2020.07.03-00.19.21:686][  0]LogConfig: Setting CVar [[r.TranslucencyVolumeBlur:1]]
[2020.07.03-00.19.21:686][  0]LogConfig: Setting CVar [[r.MaterialQualityLevel:1 ; High quality]]
[2020.07.03-00.19.21:686][  0]LogConfig: Setting CVar [[r.SSS.Scale:1]]
[2020.07.03-00.19.21:686][  0]LogConfig: Setting CVar [[r.SSS.SampleSet:2]]
[2020.07.03-00.19.21:686][  0]LogConfig: Setting CVar [[r.SSS.Quality:1]]
[2020.07.03-00.19.21:686][  0]LogConfig: Setting CVar [[r.SSS.HalfRes:1]]
[2020.07.03-00.19.21:686][  0]LogConfig: Setting CVar [[r.SSGI.Quality:3]]
[2020.07.03-00.19.21:686][  0]LogConfig: Setting CVar [[r.EmitterSpawnRateScale:1.0]]
[2020.07.03-00.19.21:686][  0]LogConfig: Setting CVar [[r.ParticleLightQuality:2]]
[2020.07.03-00.19.21:686][  0]LogConfig: Setting CVar [[r.SkyAtmosphere.AerialPerspectiveLUT.FastApplyOnOpaque:1 ; Always have FastSkyLUT 1 in this case to avoid wrong sky]]
[2020.07.03-00.19.21:686][  0]LogConfig: Setting CVar [[r.SkyAtmosphere.AerialPerspectiveLUT.SampleCountPerSlice:1]]
[2020.07.03-00.19.21:686][  0]LogConfig: Setting CVar [[r.SkyAtmosphere.AerialPerspectiveLUT.DepthResolution:16.0]]
[2020.07.03-00.19.21:686][  0]LogConfig: Setting CVar [[r.SkyAtmosphere.FastSkyLUT:1]]
[2020.07.03-00.19.21:687][  0]LogConfig: Setting CVar [[r.SkyAtmosphere.FastSkyLUT.SampleCountMin:4.0]]
[2020.07.03-00.19.21:687][  0]LogConfig: Setting CVar [[r.SkyAtmosphere.FastSkyLUT.SampleCountMax:32.0]]
[2020.07.03-00.19.21:687][  0]LogConfig: Setting CVar [[r.SkyAtmosphere.SampleCountMin:4.0]]
[2020.07.03-00.19.21:687][  0]LogConfig: Setting CVar [[r.SkyAtmosphere.SampleCountMax:32.0]]
[2020.07.03-00.19.21:687][  0]LogConfig: Setting CVar [[r.SkyAtmosphere.TransmittanceLUT.UseSmallFormat:0]]
[2020.07.03-00.19.21:687][  0]LogConfig: Setting CVar [[r.SkyAtmosphere.TransmittanceLUT.SampleCount:10.0]]
[2020.07.03-00.19.21:687][  0]LogConfig: Setting CVar [[r.SkyAtmosphere.MultiScatteringLUT.SampleCount:15.0]]
[2020.07.03-00.19.21:687][  0]LogConfig: Applying CVar settings from Section [FoliageQuality@3] File [D:/Facultad/Unreal/UNREAL2TP/Unreal2TP/Unreal2TP/Saved/Config/Windows/Scalability.ini]
[2020.07.03-00.19.21:687][  0]LogConfig: Setting CVar [[foliage.DensityScale:1.0]]
[2020.07.03-00.19.21:687][  0]LogConfig: Setting CVar [[grass.DensityScale:1.0]]
[2020.07.03-00.19.21:687][  0]LogConfig: Applying CVar settings from Section [ShadingQuality@3] File [D:/Facultad/Unreal/UNREAL2TP/Unreal2TP/Unreal2TP/Saved/Config/Windows/Scalability.ini]
[2020.07.03-00.19.21:687][  0]LogConfig: Setting CVar [[r.HairStrands.SkyLighting.SampleCount:16]]
[2020.07.03-00.19.21:687][  0]LogConfig: Setting CVar [[r.HairStrands.SkyLighting.JitterIntegration:0]]
[2020.07.03-00.19.21:687][  0]LogConfig: Setting CVar [[r.HairStrands.SkyAO.SampleCount:16]]
[2020.07.03-00.19.21:687][  0]LogConfig: Applying CVar settings from Section [Startup] File [../../../Engine/Config/ConsoleVariables.ini]
[2020.07.03-00.19.21:687][  0]LogConfig: Setting CVar [[net.UseAdaptiveNetUpdateFrequency:0]]
[2020.07.03-00.19.21:687][  0]LogConfig: Setting CVar [[p.chaos.AllowCreatePhysxBodies:1]]
[2020.07.03-00.19.21:687][  0]LogConfig: Applying CVar settings from Section [ConsoleVariables] File [D:/Facultad/Unreal/UNREAL2TP/Unreal2TP/Unreal2TP/Saved/Config/Windows/Engine.ini]
[2020.07.03-00.19.21:687][  0]LogInit: Computer: DESKTOP-27BOLO1
[2020.07.03-00.19.21:687][  0]LogInit: User: Facundo
[2020.07.03-00.19.21:687][  0]LogInit: CPU Page size=4096, Cores=8
[2020.07.03-00.19.21:687][  0]LogInit: High frequency timer resolution =10.000000 MHz
[2020.07.03-00.19.21:687][  0]LogMemory: Memory total: Physical=15.9GB (16GB approx)
[2020.07.03-00.19.21:687][  0]LogMemory: Platform Memory Stats for Windows
[2020.07.03-00.19.21:687][  0]LogMemory: Process Physical Memory: 106.15 MB used, 106.16 MB peak
[2020.07.03-00.19.21:688][  0]LogMemory: Process Virtual Memory: 100.59 MB used, 100.59 MB peak
[2020.07.03-00.19.21:688][  0]LogMemory: Physical Memory: 8326.51 MB used,  7978.24 MB free, 16304.75 MB total
[2020.07.03-00.19.21:688][  0]LogMemory: Virtual Memory: 5107.20 MB used,  134212624.00 MB free, 134217728.00 MB total
[2020.07.03-00.19.21:692][  0]LogWindows: WindowsPlatformFeatures enabled
[2020.07.03-00.19.21:761][  0]LogInit: Using OS detected language (en-US).
[2020.07.03-00.19.21:761][  0]LogInit: Using OS detected locale (en-US).
[2020.07.03-00.19.21:762][  0]LogTextLocalizationManager: No specific localization for 'en-US' exists, so the 'en' localization will be used.
[2020.07.03-00.19.21:869][  0]LogInit: Setting process to per monitor DPI aware
[2020.07.03-00.19.21:912][  0]LogSlate: New Slate User Created.  User Index 0, Is Virtual User: 0
[2020.07.03-00.19.21:912][  0]LogSlate: Slate User Registered.  User Index 0, Is Virtual User: 0
[2020.07.03-00.19.22:016][  0]LogHMD: Failed to initialize OpenVR with code 110
[2020.07.03-00.19.22:016][  0]LogD3D11RHI: D3D11 min allowed feature level: 11_0
[2020.07.03-00.19.22:016][  0]LogD3D11RHI: D3D11 max allowed feature level: 11_0
[2020.07.03-00.19.22:016][  0]LogD3D11RHI: D3D11 adapters:
[2020.07.03-00.19.22:085][  0]LogD3D11RHI:    0. 'NVIDIA GeForce GTX 1070' (Feature Level 11_0)
[2020.07.03-00.19.22:085][  0]LogD3D11RHI:       8088/0/8152 MB DedicatedVideo/DedicatedSystem/SharedSystem, Outputs:3, VendorId:0x10de
[2020.07.03-00.19.22:089][  0]LogD3D11RHI:    1. 'Microsoft Basic Render Driver' (Feature Level 11_0)
[2020.07.03-00.19.22:089][  0]LogD3D11RHI:       0/0/8152 MB DedicatedVideo/DedicatedSystem/SharedSystem, Outputs:0, VendorId:0x1414
[2020.07.03-00.19.22:090][  0]LogD3D11RHI: Chosen D3D11 Adapter: 0
[2020.07.03-00.19.22:096][  0]LogD3D11RHI: Creating new Direct3DDevice
[2020.07.03-00.19.22:096][  0]LogD3D11RHI:     GPU DeviceId: 0x1b81 (for the marketing name, search the web for "GPU Device Id")
[2020.07.03-00.19.22:096][  0]LogWindows: EnumDisplayDevices:
[2020.07.03-00.19.22:096][  0]LogWindows:    0. 'NVIDIA GeForce GTX 1070' (P:1 D:1)
[2020.07.03-00.19.22:097][  0]LogWindows:    1. 'NVIDIA GeForce GTX 1070' (P:0 D:1)
[2020.07.03-00.19.22:097][  0]LogWindows:    2. 'NVIDIA GeForce GTX 1070' (P:0 D:1)
[2020.07.03-00.19.22:097][  0]LogWindows:    3. 'NVIDIA GeForce GTX 1070' (P:0 D:0)
[2020.07.03-00.19.22:098][  0]LogWindows: DebugString: FoundDriverCount:4 
[2020.07.03-00.19.22:098][  0]LogD3D11RHI:     Adapter Name: NVIDIA GeForce GTX 1070
[2020.07.03-00.19.22:098][  0]LogD3D11RHI:   Driver Version: 446.14 (internal:26.21.14.4614, unified:446.14)
[2020.07.03-00.19.22:098][  0]LogD3D11RHI:      Driver Date: 5-15-2020
[2020.07.03-00.19.22:098][  0]LogRHI: Texture pool is 5661 MB (70% of 8088 MB)
[2020.07.03-00.19.22:137][  0]LogD3D11RHI: RHI has support for 64 bit atomics
[2020.07.03-00.19.22:137][  0]LogD3D11RHI: Async texture creation enabled
[2020.07.03-00.19.22:149][  0]LogD3D11RHI: GPU Timing Frequency: 1000.000000 (Debug: 2 1)
[2020.07.03-00.19.22:370][  0]LogTargetPlatformManager: Display: Loaded TargetPlatform 'AllDesktop'
[2020.07.03-00.19.22:393][  0]LogTargetPlatformManager: Display: Loaded TargetPlatform 'Android'
[2020.07.03-00.19.22:393][  0]LogTargetPlatformManager: Display: Loaded TargetPlatform 'Android_ASTC'
[2020.07.03-00.19.22:393][  0]LogTargetPlatformManager: Display: Loaded TargetPlatform 'Android_ATC'
[2020.07.03-00.19.22:393][  0]LogTargetPlatformManager: Display: Loaded TargetPlatform 'Android_DXT'
[2020.07.03-00.19.22:393][  0]LogTargetPlatformManager: Display: Loaded TargetPlatform 'Android_ETC1'
[2020.07.03-00.19.22:393][  0]LogTargetPlatformManager: Display: Loaded TargetPlatform 'Android_ETC1a'
[2020.07.03-00.19.22:393][  0]LogTargetPlatformManager: Display: Loaded TargetPlatform 'Android_ETC2'
[2020.07.03-00.19.22:393][  0]LogTargetPlatformManager: Display: Loaded TargetPlatform 'Android_PVRTC'
[2020.07.03-00.19.22:393][  0]LogTargetPlatformManager: Display: Loaded TargetPlatform 'AndroidClient'
[2020.07.03-00.19.22:394][  0]LogTargetPlatformManager: Display: Loaded TargetPlatform 'Android_ASTCClient'
[2020.07.03-00.19.22:394][  0]LogTargetPlatformManager: Display: Loaded TargetPlatform 'Android_ATCClient'
[2020.07.03-00.19.22:394][  0]LogTargetPlatformManager: Display: Loaded TargetPlatform 'Android_DXTClient'
[2020.07.03-00.19.22:394][  0]LogTargetPlatformManager: Display: Loaded TargetPlatform 'Android_ETC1Client'
[2020.07.03-00.19.22:394][  0]LogTargetPlatformManager: Display: Loaded TargetPlatform 'Android_ETC1aClient'
[2020.07.03-00.19.22:394][  0]LogTargetPlatformManager: Display: Loaded TargetPlatform 'Android_ETC2Client'
[2020.07.03-00.19.22:394][  0]LogTargetPlatformManager: Display: Loaded TargetPlatform 'Android_PVRTCClient'
[2020.07.03-00.19.22:394][  0]LogTargetPlatformManager: Display: Loaded TargetPlatform 'Android_Multi'
[2020.07.03-00.19.22:394][  0]LogTargetPlatformManager: Display: Loaded TargetPlatform 'Android_MultiClient'
[2020.07.03-00.19.22:414][  0]LogTargetPlatformManager: Display: Loaded TargetPlatform 'IOSClient'
[2020.07.03-00.19.22:414][  0]LogTargetPlatformManager: Display: Loaded TargetPlatform 'IOS'
[2020.07.03-00.19.22:421][  0]LogTargetPlatformManager: Display: Loaded TargetPlatform 'LinuxNoEditor'
[2020.07.03-00.19.22:426][  0]LogTargetPlatformManager: Display: Loaded TargetPlatform 'LinuxClient'
[2020.07.03-00.19.22:433][  0]LogTargetPlatformManager: Display: Loaded TargetPlatform 'LinuxServer'
[2020.07.03-00.19.22:440][  0]LogTargetPlatformManager: Display: Loaded TargetPlatform 'LinuxAArch64NoEditor'
[2020.07.03-00.19.22:447][  0]LogTargetPlatformManager: Display: Loaded TargetPlatform 'LinuxAArch64Client'
[2020.07.03-00.19.22:454][  0]LogTargetPlatformManager: Display: Loaded TargetPlatform 'LinuxAArch64Server'
[2020.07.03-00.19.22:472][  0]LogTargetPlatformManager: Display: Loaded TargetPlatform 'Lumin'
[2020.07.03-00.19.22:472][  0]LogTargetPlatformManager: Display: Loaded TargetPlatform 'LuminClient'
[2020.07.03-00.19.22:483][  0]LogTargetPlatformManager: Display: Loaded TargetPlatform 'TVOSClient'
[2020.07.03-00.19.22:483][  0]LogTargetPlatformManager: Display: Loaded TargetPlatform 'TVOS'
[2020.07.03-00.19.22:490][  0]LogTargetPlatformManager: Display: Loaded TargetPlatform 'WindowsNoEditor'
[2020.07.03-00.19.22:497][  0]LogTargetPlatformManager: Display: Loaded TargetPlatform 'Windows'
[2020.07.03-00.19.22:503][  0]LogTargetPlatformManager: Display: Loaded TargetPlatform 'WindowsClient'
[2020.07.03-00.19.22:509][  0]LogTargetPlatformManager: Display: Loaded TargetPlatform 'WindowsServer'
[2020.07.03-00.19.22:510][  0]LogTargetPlatformManager: Display: Building Assets For Windows
[2020.07.03-00.19.22:517][  0]LogAudioDebug: Display: Lib vorbis DLL was dynamically loaded.
[2020.07.03-00.19.22:560][  0]LogShaderCompilers: Guid format shader working directory is -10 characters bigger than the processId version (../../../../Facultad/Unreal/UNREAL2TP/Unreal2TP/Unreal2TP/Intermediate/Shaders/WorkingDirectory/13220/).
[2020.07.03-00.19.22:560][  0]LogShaderCompilers: Cleaned the shader compiler working directory 'C:/Users/Facundo/AppData/Local/Temp/UnrealShaderWorkingDir/19841AB741735031B3816E98B25F0AC7/'.
[2020.07.03-00.19.22:560][  0]LogXGEController: Cleaning working directory: C:/Users/Facundo/AppData/Local/Temp/UnrealXGEWorkingDir/
[2020.07.03-00.19.22:561][  0]LogXGEController: Cannot use XGE Controller as Incredibuild is not installed on this machine.
[2020.07.03-00.19.22:561][  0]LogShaderCompilers: Cannot use XGE Shader Compiler as Incredibuild is not installed on this machine.
[2020.07.03-00.19.22:561][  0]LogShaderCompilers: Display: Using Local Shader Compiler.
[2020.07.03-00.19.23:084][  0]LogDerivedDataCache: Display: Max Cache Size: 512 MB
[2020.07.03-00.19.23:129][  0]LogDerivedDataCache: Loaded boot cache 0.04s 82MB C:/Users/Facundo/AppData/Local/UnrealEngine/4.24/DerivedDataCache/Boot.ddc.
[2020.07.03-00.19.23:129][  0]LogDerivedDataCache: Display: Loaded Boot cache: C:/Users/Facundo/AppData/Local/UnrealEngine/4.24/DerivedDataCache/Boot.ddc
[2020.07.03-00.19.23:129][  0]LogDerivedDataCache: FDerivedDataBackendGraph:  Pak pak cache file ../../../../Facultad/Unreal/UNREAL2TP/Unreal2TP/Unreal2TP/DerivedDataCache/DDC.ddp not found, will not use a pak cache.
[2020.07.03-00.19.23:129][  0]LogDerivedDataCache: Unable to find inner node Pak for hierarchical cache Hierarchy.
[2020.07.03-00.19.23:129][  0]LogDerivedDataCache: FDerivedDataBackendGraph:  CompressedPak pak cache file ../../../../Facultad/Unreal/UNREAL2TP/Unreal2TP/Unreal2TP/DerivedDataCache/Compressed.ddp not found, will not use a pak cache.
[2020.07.03-00.19.23:129][  0]LogDerivedDataCache: Unable to find inner node CompressedPak for hierarchical cache Hierarchy.
[2020.07.03-00.19.23:137][  0]LogDerivedDataCache: Display: Pak cache opened for reading ../../../Engine/DerivedDataCache/Compressed.ddp.
[2020.07.03-00.19.23:137][  0]LogDerivedDataCache: FDerivedDataBackendGraph:  EnterprisePak pak cache file ../../../Enterprise/DerivedDataCache/Compressed.ddp not found, will not use a pak cache.
[2020.07.03-00.19.23:137][  0]LogDerivedDataCache: Unable to find inner node EnterprisePak for hierarchical cache Hierarchy.
[2020.07.03-00.19.23:139][  0]LogDerivedDataCache: Using Local data cache path C:/Users/Facundo/AppData/Local/UnrealEngine/Common/DerivedDataCache: Writable
[2020.07.03-00.19.23:140][  0]LogDerivedDataCache: Shared data cache path not found in *engine.ini, will not use an Shared cache.
[2020.07.03-00.19.23:140][  0]LogDerivedDataCache: Unable to find inner node Shared for hierarchical cache Hierarchy.
[2020.07.03-00.19.23:159][  0]LogMaterial: Verifying Global Shaders for PCD3D_SM5
[2020.07.03-00.19.23:161][  0]LogSlate: Using FreeType 2.10.0
[2020.07.03-00.19.23:161][  0]LogSlate: SlateFontServices - WITH_FREETYPE: 1, WITH_HARFBUZZ: 1
[2020.07.03-00.19.23:204][  0]LogAssetRegistry: FAssetRegistry took 0.0034 seconds to start up
[2020.07.03-00.19.23:399][  0]LogInit: Selected Device Profile: [Windows]
[2020.07.03-00.19.23:526][  0]LogMeshReduction: Using QuadricMeshReduction for automatic static mesh reduction
[2020.07.03-00.19.23:526][  0]LogMeshReduction: Using SimplygonMeshReduction for automatic skeletal mesh reduction
[2020.07.03-00.19.23:526][  0]LogMeshReduction: Using ProxyLODMeshReduction for automatic mesh merging
[2020.07.03-00.19.23:526][  0]LogMeshReduction: No distributed automatic mesh merging module available
[2020.07.03-00.19.23:526][  0]LogMeshMerging: No distributed automatic mesh merging module available
[2020.07.03-00.19.23:542][  0]LogNetVersion: Unreal2TP 1.0.0, NetCL: 10570792, EngineNetVer: 13, GameNetVer: 0 (Checksum: 317678641)
[2020.07.03-00.19.24:275][  0]LogPackageLocalizationCache: Processed 10 localized package path(s) for 1 prioritized culture(s) in 0.021129 seconds
[2020.07.03-00.19.24:280][  0]LogUObjectArray: 46750 objects as part of root set at end of initial load.
[2020.07.03-00.19.24:280][  0]LogUObjectAllocator: 8137160 out of 0 bytes used by permanent object pool.
[2020.07.03-00.19.24:280][  0]LogUObjectArray: CloseDisregardForGC: 0/0 objects in disregard for GC pool
[2020.07.03-00.19.24:662][  0]LogTcpMessaging: Initializing TcpMessaging bridge
[2020.07.03-00.19.24:667][  0]LogUdpMessaging: Initializing bridge on interface 0.0.0.0:0 to multicast group 230.0.0.1:6666.
[2020.07.03-00.19.24:883][  0]SourceControl: Source control is disabled
[2020.07.03-00.19.24:883][  0]SourceControl: Source control is disabled
[2020.07.03-00.19.24:885][  0]SourceControl: Source control is disabled
[2020.07.03-00.19.24:887][  0]SourceControl: Source control is disabled
[2020.07.03-00.19.24:889][  0]SourceControl: Source control is disabled
[2020.07.03-00.19.25:002][  0]LogAndroidPermission: UAndroidPermissionCallbackProxy::GetInstance
[2020.07.03-00.19.25:019][  0]LogAudioCaptureCore: Display: No Audio Capture implementations found. Audio input will be silent.
[2020.07.03-00.19.25:019][  0]LogAudioCaptureCore: Display: No Audio Capture implementations found. Audio input will be silent.
[2020.07.03-00.19.25:091][  0]LogOcInput: OculusInput pre-init called
[2020.07.03-00.19.25:098][  0]LogWindows: Failed to load 'OVRPlugin.dll' (GetLastError=126)
[2020.07.03-00.19.25:098][  0]LogWindows: File 'OVRPlugin.dll' does not exist
[2020.07.03-00.19.25:161][  0]LogEngine: Initializing Engine...
[2020.07.03-00.19.25:162][  0]LogHMD: Failed to initialize OpenVR with code 110
[2020.07.03-00.19.25:163][  0]LogStats: UGameplayTagsManager::InitializeManager -  0.000 s
[2020.07.03-00.19.25:401][  0]LogInit: Initializing FReadOnlyCVARCache
[2020.07.03-00.19.25:408][  0]LogAIModule: Creating AISystem for world Untitled
[2020.07.03-00.19.25:423][  0]LogAudioMixer: Display: Audio Mixer Platform Settings:
[2020.07.03-00.19.25:423][  0]LogAudioMixer: Display: 	Sample Rate:						  48000
[2020.07.03-00.19.25:423][  0]LogAudioMixer: Display: 	Callback Buffer Frame Size Requested: 1024
[2020.07.03-00.19.25:423][  0]LogAudioMixer: Display: 	Callback Buffer Frame Size To Use:	  1024
[2020.07.03-00.19.25:423][  0]LogAudioMixer: Display: 	Number of buffers to queue:			  2
[2020.07.03-00.19.25:423][  0]LogAudioMixer: Display: 	Max Channels (voices):				  32
[2020.07.03-00.19.25:423][  0]LogAudioMixer: Display: 	Number of Async Source Workers:		  0
[2020.07.03-00.19.25:423][  0]LogAudio: Display: AudioDevice MaxSources: 32
[2020.07.03-00.19.25:424][  0]LogAudio: Display: Using built-in audio occlusion.
[2020.07.03-00.19.25:424][  0]LogAudioMixer: Display: Initializing audio mixer.
[2020.07.03-00.19.25:468][  0]LogAudioMixer: Display: Audio Device Output Speaker Info:
[2020.07.03-00.19.25:468][  0]LogAudioMixer: Display: Name: Altavoces (Realtek(R) Audio)
[2020.07.03-00.19.25:468][  0]LogAudioMixer: Display: Is Default: Yes
[2020.07.03-00.19.25:468][  0]LogAudioMixer: Display: Sample Rate: 48000
[2020.07.03-00.19.25:468][  0]LogAudioMixer: Display: Channel Count Used: 2
[2020.07.03-00.19.25:468][  0]LogAudioMixer: Display: Device Channel Count: 2
[2020.07.03-00.19.25:468][  0]LogAudioMixer: Display: Channel Order:
[2020.07.03-00.19.25:469][  0]LogAudioMixer: Display: 0: FrontLeft
[2020.07.03-00.19.25:469][  0]LogAudioMixer: Display: 1: FrontRight
[2020.07.03-00.19.25:500][  0]LogAudioMixer: Display: Using Audio Device Altavoces (Realtek(R) Audio)
[2020.07.03-00.19.25:506][  0]LogInit: FAudioDevice initialized.
[2020.07.03-00.19.25:506][  0]LogNetVersion: Set ProjectVersion to 1.0.0.0. Version Checksum will be recalculated on next use.
[2020.07.03-00.19.25:581][  0]LogDerivedDataCache: Saved boot cache 0.08s 82MB C:/Users/Facundo/AppData/Local/UnrealEngine/4.24/DerivedDataCache/Boot.ddc.
[2020.07.03-00.19.25:582][  0]LogInit: Texture streaming: Enabled
[2020.07.03-00.19.25:598][  0]LogEngineSessionManager: EngineSessionManager initialized
[2020.07.03-00.19.25:598][  0]LogEngineSessionManager: EngineSessionManager sent abnormal shutdown report. Type=Debugger, SessionId={2467B467-4F4B-9D2E-E904-E0A1D2760906}
[2020.07.03-00.19.25:599][  0]LogEngineSessionManager: EngineSessionManager sent abnormal shutdown report. Type=Debugger, SessionId={5D3A0778-424F-4CC1-3B13-E390C64AB25A}
[2020.07.03-00.19.25:599][  0]LogEditorSessionSummary: Verbose: Initializing EditorSessionSummaryWriter for editor session tracking
[2020.07.03-00.19.25:601][  0]LogEditorSessionSummary: EditorSessionSummaryWriter initialized
[2020.07.03-00.19.25:625][  0]LogInit: Transaction tracking system initialized
[2020.07.03-00.19.25:641][  0]BlueprintLog: New page: Editor Load
[2020.07.03-00.19.25:689][  0]LocalizationService: Localization service is disabled
[2020.07.03-00.19.25:892][  0]LogFileCache: Scanning file cache for directory 'D:/Facultad/Unreal/UNREAL2TP/Unreal2TP/Unreal2TP/Content/' took 0.01s
[2020.07.03-00.19.25:892][  0]LogCook: Display: Max memory allowance for cook 16384mb min free memory 0mb
[2020.07.03-00.19.25:892][  0]LogCook: Display: Mobile HDR setting 1
[2020.07.03-00.19.26:445][  0]SourceControl: Source control is disabled
[2020.07.03-00.19.26:445][  0]Cmd: MAP LOAD FILE="../../../../Facultad/Unreal/UNREAL2TP/Unreal2TP/Unreal2TP/Content/ThirdPersonCPP/Maps/ThirdPersonExampleMap.umap" TEMPLATE=0 SHOWPROGRESS=1 FEATURELEVEL=3
[2020.07.03-00.19.26:446][  0]LightingResults: New page: Lighting Build
[2020.07.03-00.19.26:446][  0]LogWorld: UWorld::CleanupWorld for Untitled, bSessionEnded=true, bCleanupResources=true
[2020.07.03-00.19.26:446][  0]LogSlate: InvalidateAllWidgets triggered.  All widgets were invalidated
[2020.07.03-00.19.26:447][  0]MapCheck: New page: Map Check
[2020.07.03-00.19.26:447][  0]LightingResults: New page: Lighting Build
[2020.07.03-00.19.26:471][  0]LogUObjectHash: Compacting FUObjectHashTables data took   1.46ms
[2020.07.03-00.19.26:569][  0]LogAIModule: Creating AISystem for world ThirdPersonExampleMap
[2020.07.03-00.19.26:575][  0]LogEditorServer: Finished looking for orphan Actors (0.000 secs)
[2020.07.03-00.19.26:602][  0]LogUObjectHash: Compacting FUObjectHashTables data took   1.54ms
[2020.07.03-00.19.26:603][  0]Cmd: MAP CHECKDEP NOCLEARLOG
[2020.07.03-00.19.26:603][  0]MapCheck: Map check complete: 0 Error(s), 0 Warning(s), took 0.146ms to complete.
[2020.07.03-00.19.26:603][  0]LogFileHelpers: Loading map 'ThirdPersonExampleMap' took 0.159
[2020.07.03-00.19.26:750][  0]LogSlate: Updating window title bar state: overlay mode, drag disabled, window buttons hidden, title bar hidden
[2020.07.03-00.19.26:755][  0]LogSlate: Updating window title bar state: overlay mode, drag disabled, window buttons hidden, title bar hidden
[2020.07.03-00.19.26:759][  0]LogSlate: Updating window title bar state: overlay mode, drag disabled, window buttons hidden, title bar hidden
[2020.07.03-00.19.26:764][  0]LogSlate: Updating window title bar state: overlay mode, drag disabled, window buttons hidden, title bar hidden
[2020.07.03-00.19.26:771][  0]LogCollectionManager: Loaded 0 collections in 0.001744 seconds
[2020.07.03-00.19.26:781][  0]LogFileCache: Scanning file cache for directory 'D:/Facultad/Unreal/UNREAL2TP/Unreal2TP/Unreal2TP/Saved/Collections/' took 0.00s
[2020.07.03-00.19.26:781][  0]LogFileCache: Scanning file cache for directory 'D:/Facultad/Unreal/UNREAL2TP/Unreal2TP/Unreal2TP/Content/Developers/Facundo/Collections/' took 0.00s
[2020.07.03-00.19.26:782][  0]LogFileCache: Scanning file cache for directory 'D:/Facultad/Unreal/UNREAL2TP/Unreal2TP/Unreal2TP/Content/Collections/' took 0.00s
[2020.07.03-00.19.26:782][  0]LogContentBrowser: Native class hierarchy populated in 0.0064 seconds. Added 3027 classes and 719 folders.
[2020.07.03-00.19.26:783][  0]LogContentBrowser: Native class hierarchy updated for 'WidgetCarousel' in 0.0003 seconds. Added 0 classes and 0 folders.
[2020.07.03-00.19.26:827][  0]LogContentBrowser: Native class hierarchy updated for 'AddContentDialog' in 0.0003 seconds. Added 0 classes and 0 folders.
[2020.07.03-00.19.26:833][  0]LogContentBrowser: Native class hierarchy updated for 'SceneOutliner' in 0.0004 seconds. Added 2 classes and 3 folders.
[2020.07.03-00.19.26:912][  0]LogSlate: Took 0.000237 seconds to synchronously load lazily loaded font '../../../Engine/Content/Slate/Fonts/Roboto-Regular.ttf' (155K)
[2020.07.03-00.19.26:913][  0]LogSlate: Took 0.000114 seconds to synchronously load lazily loaded font '../../../Engine/Content/Slate/Fonts/Roboto-Bold.ttf' (160K)
[2020.07.03-00.19.26:916][  0]LogSlate: Took 0.000099 seconds to synchronously load lazily loaded font '../../../Engine/Content/Editor/Slate/Fonts/FontAwesome.ttf' (139K)
[2020.07.03-00.19.26:917][  0]LogSlate: Took 0.000079 seconds to synchronously load lazily loaded font '../../../Engine/Content/Slate/Fonts/DroidSansMono.ttf' (77K)
[2020.07.03-00.19.27:009][  0]LogRenderer: Reallocating scene render targets to support 1208x572 Format 10 NumSamples 1 (Frame:1).
[2020.07.03-00.19.27:095][  0]LogContentBrowser: Native class hierarchy updated for 'HierarchicalLODOutliner' in 0.0005 seconds. Added 0 classes and 0 folders.
[2020.07.03-00.19.27:095][  0]LogLoad: (Engine Initialization) Total time: 6.70 seconds
[2020.07.03-00.19.27:095][  0]LogLoad: (Engine Initialization) Total Blueprint compile time: 0.00 seconds
[2020.07.03-00.19.27:129][  0]LogAssetRegistry: Asset discovery search completed in 3.9280 seconds
[2020.07.03-00.19.27:132][  0]LogCollectionManager: Fixed up redirectors for 0 collections in 0.000005 seconds (updated 0 objects)
[2020.07.03-00.19.27:134][  0]LogContentStreaming: Texture pool size now 1000 MB
[2020.07.03-00.19.28:865][190]LogTemp: Repeating last play command: Selected Viewport
[2020.07.03-00.19.28:873][190]LogBlueprintUserMessages: Early PlayInEditor Detection: Level '/Game/ThirdPersonCPP/Maps/ThirdPersonExampleMap.ThirdPersonExampleMap:PersistentLevel' has LevelScriptBlueprint '/Game/ThirdPersonCPP/Maps/ThirdPersonExampleMap.ThirdPersonExampleMap:PersistentLevel.ThirdPersonExampleMap' with GeneratedClass '/Game/ThirdPersonCPP/Maps/ThirdPersonExampleMap.ThirdPersonExampleMap_C' with ClassGeneratedBy '/Game/ThirdPersonCPP/Maps/ThirdPersonExampleMap.ThirdPersonExampleMap:PersistentLevel.ThirdPersonExampleMap'
[2020.07.03-00.19.28:874][190]LogPlayLevel: PlayLevel: No blueprints needed recompiling
[2020.07.03-00.19.28:874][190]PIE: New page: PIE session: ThirdPersonExampleMap (Jul 2, 2020, 6:19:28 PM)
[2020.07.03-00.19.28:876][190]LogOnline: OSS: Creating online subsystem instance for: NULL
[2020.07.03-00.19.28:877][190]LogOnline: OSS: TryLoadSubsystemAndSetDefault: Loaded subsystem for module [NULL]
[2020.07.03-00.19.28:878][190]LogPlayLevel: Creating play world package: /Game/ThirdPersonCPP/Maps/UEDPIE_1_ThirdPersonExampleMap
[2020.07.03-00.19.28:891][190]LogPlayLevel: PIE: StaticDuplicateObject took: (0.013338s)
[2020.07.03-00.19.28:892][190]LogAIModule: Creating AISystem for world ThirdPersonExampleMap
[2020.07.03-00.19.28:892][190]LogPlayLevel: PIE: World Init took: (0.001231s)
[2020.07.03-00.19.28:893][190]LogPlayLevel: PIE: Created PIE world by copying editor world from /Game/ThirdPersonCPP/Maps/ThirdPersonExampleMap.ThirdPersonExampleMap to /Game/ThirdPersonCPP/Maps/UEDPIE_1_ThirdPersonExampleMap.ThirdPersonExampleMap (0.014981s)
[2020.07.03-00.19.28:915][190]LogUObjectHash: Compacting FUObjectHashTables data took   1.05ms
[2020.07.03-00.19.28:918][190]LogLoad: Game class is 'BP_MyGameMode_C'
[2020.07.03-00.19.28:919][190]LogWorld: Bringing World /Game/ThirdPersonCPP/Maps/UEDPIE_1_ThirdPersonExampleMap.ThirdPersonExampleMap up for play (max tick rate 0) at 2020.07.02-21.19.28
[2020.07.03-00.19.28:920][190]LogWorld: Bringing up level for play took: 0.001690
[2020.07.03-00.19.28:921][190]LogNet: ReplicationDriverClass is null! Not using ReplicationDriver.
[2020.07.03-00.19.28:921][190]LogNetCore: DDoS detection status: detection enabled: 0 analytics enabled: 0
[2020.07.03-00.19.28:925][190]LogInit: WinSock: I am DESKTOP-27BOLO1 (192.168.0.89:0)
[2020.07.03-00.19.28:925][190]LogInit: WinSock: Socket queue. Rx: 131072 (config 131072) Tx: 131072 (config 131072)
[2020.07.03-00.19.28:925][190]PacketHandlerLog: Loaded PacketHandler component: Engine.EngineHandlerComponentFactory (StatelessConnectHandlerComponent)
[2020.07.03-00.19.28:926][190]LogNet: GameNetDriver IpNetDriver_0 IpNetDriver listening on port 17777
[2020.07.03-00.19.28:926][190]PIE: Play in editor start time for /Game/ThirdPersonCPP/Maps/UEDPIE_1_ThirdPersonExampleMap -0.251
[2020.07.03-00.19.28:927][190]LogAudioMixer: Display: Audio Mixer Platform Settings:
[2020.07.03-00.19.28:927][190]LogAudioMixer: Display: 	Sample Rate:						  48000
[2020.07.03-00.19.28:927][190]LogAudioMixer: Display: 	Callback Buffer Frame Size Requested: 1024
[2020.07.03-00.19.28:927][190]LogAudioMixer: Display: 	Callback Buffer Frame Size To Use:	  1024
[2020.07.03-00.19.28:927][190]LogAudioMixer: Display: 	Number of buffers to queue:			  2
[2020.07.03-00.19.28:927][190]LogAudioMixer: Display: 	Max Channels (voices):				  32
[2020.07.03-00.19.28:927][190]LogAudioMixer: Display: 	Number of Async Source Workers:		  0
[2020.07.03-00.19.28:927][190]LogAudio: Display: AudioDevice MaxSources: 32
[2020.07.03-00.19.28:928][190]LogAudio: Display: Using built-in audio occlusion.
[2020.07.03-00.19.28:928][190]LogAudioMixer: Display: Initializing audio mixer.
[2020.07.03-00.19.28:966][190]LogAudioMixer: Display: Audio Device Output Speaker Info:
[2020.07.03-00.19.28:966][190]LogAudioMixer: Display: Name: Altavoces (Realtek(R) Audio)
[2020.07.03-00.19.28:966][190]LogAudioMixer: Display: Is Default: Yes
[2020.07.03-00.19.28:966][190]LogAudioMixer: Display: Sample Rate: 48000
[2020.07.03-00.19.28:966][190]LogAudioMixer: Display: Channel Count Used: 2
[2020.07.03-00.19.28:966][190]LogAudioMixer: Display: Device Channel Count: 2
[2020.07.03-00.19.28:966][190]LogAudioMixer: Display: Channel Order:
[2020.07.03-00.19.28:966][190]LogAudioMixer: Display: 0: FrontLeft
[2020.07.03-00.19.28:966][190]LogAudioMixer: Display: 1: FrontRight
[2020.07.03-00.19.28:983][190]LogAudioMixer: Display: Using Audio Device Altavoces (Realtek(R) Audio)
[2020.07.03-00.19.28:986][190]LogInit: FAudioDevice initialized.
[2020.07.03-00.19.28:998][190]LogNet: Browse: 127.0.0.1:17777//Game/ThirdPersonCPP/Maps/ThirdPersonExampleMap
[2020.07.03-00.19.28:999][190]LogInit: WinSock: Socket queue. Rx: 32768 (config 32768) Tx: 32768 (config 32768)
[2020.07.03-00.19.28:999][190]PacketHandlerLog: Loaded PacketHandler component: Engine.EngineHandlerComponentFactory (StatelessConnectHandlerComponent)
[2020.07.03-00.19.29:000][190]LogNet: Game client on port 17777, rate 10000
[2020.07.03-00.19.29:000][190]PIE: Play in editor start time for /Game/ThirdPersonCPP/Maps/ThirdPersonExampleMap -0.177
[2020.07.03-00.19.29:053][190]LogSlate: Updating window title bar state: overlay mode, drag disabled, window buttons hidden, title bar hidden
[2020.07.03-00.19.29:053][190]LogNet: Browse: 127.0.0.1:17777//Game/ThirdPersonCPP/Maps/ThirdPersonExampleMap
[2020.07.03-00.19.29:054][190]LogInit: WinSock: Socket queue. Rx: 32768 (config 32768) Tx: 32768 (config 32768)
[2020.07.03-00.19.29:054][190]PacketHandlerLog: Loaded PacketHandler component: Engine.EngineHandlerComponentFactory (StatelessConnectHandlerComponent)
[2020.07.03-00.19.29:054][190]LogNet: Game client on port 17777, rate 10000
[2020.07.03-00.19.29:056][190]PIE: Play in editor start time for /Game/ThirdPersonCPP/Maps/ThirdPersonExampleMap -0.12
[2020.07.03-00.19.29:059][190]LogBlueprintUserMessages: Late PlayInEditor Detection: Level '/Game/ThirdPersonCPP/Maps/ThirdPersonExampleMap.ThirdPersonExampleMap:PersistentLevel' has LevelScriptBlueprint '/Game/ThirdPersonCPP/Maps/ThirdPersonExampleMap.ThirdPersonExampleMap:PersistentLevel.ThirdPersonExampleMap' with GeneratedClass '/Game/ThirdPersonCPP/Maps/ThirdPersonExampleMap.ThirdPersonExampleMap_C' with ClassGeneratedBy '/Game/ThirdPersonCPP/Maps/ThirdPersonExampleMap.ThirdPersonExampleMap:PersistentLevel.ThirdPersonExampleMap'
[2020.07.03-00.19.29:060][190]LogNet: NotifyAcceptingConnection accepted from: 127.0.0.1:60141
[2020.07.03-00.19.29:060][190]LogHandshake: SendConnectChallenge. Timestamp: 0.008334, Cookie: 210154085212139074186149008156093071058111075010175018164113
[2020.07.03-00.19.29:060][190]LogNet: NotifyAcceptingConnection accepted from: 127.0.0.1:60142
[2020.07.03-00.19.29:060][190]LogHandshake: SendConnectChallenge. Timestamp: 0.008334, Cookie: 252051033103078000212126186075104221025128148193170143125065
[2020.07.03-00.19.29:060][190]LogTemp: Warning: 0
[2020.07.03-00.19.29:061][190]LogOnline: OSS: Creating online subsystem instance for: :Context_1
[2020.07.03-00.19.29:064][190]LogHandshake: SendChallengeResponse. Timestamp: 0.008334, Cookie: 210154085212139074186149008156093071058111075010175018164113
[2020.07.03-00.19.29:065][190]LogHandshake: SendChallengeResponse. Timestamp: 0.008334, Cookie: 252051033103078000212126186075104221025128148193170143125065
[2020.07.03-00.19.29:152][191]LogNet: NotifyAcceptingConnection accepted from: 127.0.0.1:60141
[2020.07.03-00.19.29:153][191]LogHandshake: SendChallengeAck. InCookie: 210154085212139074186149008156093071058111075010175018164113
[2020.07.03-00.19.29:153][191]LogNet: Server accepting post-challenge connection from: 127.0.0.1:60141
[2020.07.03-00.19.29:153][191]PacketHandlerLog: Loaded PacketHandler component: Engine.EngineHandlerComponentFactory (StatelessConnectHandlerComponent)
[2020.07.03-00.19.29:153][191]LogNet: NotifyAcceptedConnection: Name: ThirdPersonExampleMap, TimeStamp: 07/02/20 21:19:29, [UNetConnection] RemoteAddr: 127.0.0.1:60141, Name: IpConnection_2, Driver: GameNetDriver IpNetDriver_0, IsServer: YES, PC: NULL, Owner: NULL, UniqueId: INVALID
[2020.07.03-00.19.29:154][191]LogNet: AddClientConnection: Added client connection: [UNetConnection] RemoteAddr: 127.0.0.1:60141, Name: IpConnection_2, Driver: GameNetDriver IpNetDriver_0, IsServer: YES, PC: NULL, Owner: NULL, UniqueId: INVALID
[2020.07.03-00.19.29:154][191]LogNet: NotifyAcceptingConnection accepted from: 127.0.0.1:60142
[2020.07.03-00.19.29:154][191]LogHandshake: SendChallengeAck. InCookie: 252051033103078000212126186075104221025128148193170143125065
[2020.07.03-00.19.29:154][191]LogNet: Server accepting post-challenge connection from: 127.0.0.1:60142
[2020.07.03-00.19.29:154][191]PacketHandlerLog: Loaded PacketHandler component: Engine.EngineHandlerComponentFactory (StatelessConnectHandlerComponent)
[2020.07.03-00.19.29:154][191]LogNet: NotifyAcceptedConnection: Name: ThirdPersonExampleMap, TimeStamp: 07/02/20 21:19:29, [UNetConnection] RemoteAddr: 127.0.0.1:60142, Name: IpConnection_3, Driver: GameNetDriver IpNetDriver_0, IsServer: YES, PC: NULL, Owner: NULL, UniqueId: INVALID
[2020.07.03-00.19.29:154][191]LogNet: AddClientConnection: Added client connection: [UNetConnection] RemoteAddr: 127.0.0.1:60142, Name: IpConnection_3, Driver: GameNetDriver IpNetDriver_0, IsServer: YES, PC: NULL, Owner: NULL, UniqueId: INVALID
[2020.07.03-00.19.29:155][191]LogTemp: Warning: 0
[2020.07.03-00.19.29:155][191]LogNetVersion: Unreal2TP 1.0.0.0, NetCL: 10570792, EngineNetVer: 13, GameNetVer: 0 (Checksum: 1816658782)
[2020.07.03-00.19.29:155][191]LogNet: UPendingNetGame::SendInitialJoin: Sending hello. [UNetConnection] RemoteAddr: 127.0.0.1:17777, Name: IpConnection_0, Driver: PendingNetDriver IpNetDriver_1, IsServer: NO, PC: NULL, Owner: NULL, UniqueId: INVALID
[2020.07.03-00.19.29:156][191]LogNet: UPendingNetGame::SendInitialJoin: Sending hello. [UNetConnection] RemoteAddr: 127.0.0.1:17777, Name: IpConnection_1, Driver: PendingNetDriver IpNetDriver_2, IsServer: NO, PC: NULL, Owner: NULL, UniqueId: INVALID
[2020.07.03-00.19.29:164][192]LogNet: NotifyAcceptingChannel Control 0 server World /Game/ThirdPersonCPP/Maps/UEDPIE_1_ThirdPersonExampleMap.ThirdPersonExampleMap: Accepted
[2020.07.03-00.19.29:164][192]LogNet: Remote platform little endian=1
[2020.07.03-00.19.29:164][192]LogNet: This platform little endian=1
[2020.07.03-00.19.29:164][192]LogNet: NotifyAcceptingChannel Control 0 server World /Game/ThirdPersonCPP/Maps/UEDPIE_1_ThirdPersonExampleMap.ThirdPersonExampleMap: Accepted
[2020.07.03-00.19.29:164][192]LogNet: Remote platform little endian=1
[2020.07.03-00.19.29:164][192]LogNet: This platform little endian=1
[2020.07.03-00.19.29:165][192]LogTemp: Warning: 0
[2020.07.03-00.19.29:165][192]LogOnline: OSS: Creating online subsystem instance for: :Context_2
[2020.07.03-00.19.29:168][192]LogOnline: OSS: Creating online subsystem instance for: :Context_3
[2020.07.03-00.19.29:173][193]LogNet: Login request: /Game/ThirdPersonCPP/Maps/ThirdPersonExampleMap?Name=DESKTOP-27BOLO1-F415794C4670C81CF06C8ABFB29A346F userId: NULL:DESKTOP-27BOLO1-F415794C4670C81CF06C8ABFB29A346F platform: NULL
[2020.07.03-00.19.29:173][193]LogNet: Login request: /Game/ThirdPersonCPP/Maps/ThirdPersonExampleMap?Name=DESKTOP-27BOLO1-2A5AF6BC41122391DE5FEFB8BE29AC74 userId: NULL:DESKTOP-27BOLO1-2A5AF6BC41122391DE5FEFB8BE29AC74 platform: NULL
[2020.07.03-00.19.29:174][193]LogTemp: Warning: 0
[2020.07.03-00.19.29:174][193]LogNet: Welcomed by server (Level: /Game/ThirdPersonCPP/Maps/UEDPIE_1_ThirdPersonExampleMap, Game: /Game/ThirdPersonCPP/Blueprints/BP_MyGameMode.BP_MyGameMode_C)
[2020.07.03-00.19.29:174][193]LogLoad: LoadMap: 127.0.0.1:17777//Game/ThirdPersonCPP/Maps/UEDPIE_1_ThirdPersonExampleMap?game=/Game/ThirdPersonCPP/Blueprints/BP_MyGameMode.BP_MyGameMode_C
[2020.07.03-00.19.29:175][193]LogWorld: BeginTearingDown for /Temp/Untitled_1
[2020.07.03-00.19.29:175][193]LogWorld: UWorld::CleanupWorld for Untitled, bSessionEnded=true, bCleanupResources=true
[2020.07.03-00.19.29:175][193]LogSlate: InvalidateAllWidgets triggered.  All widgets were invalidated
[2020.07.03-00.19.29:175][193]LogAudioMixer: Display: No commands were queued while flushing the source manager.
[2020.07.03-00.19.29:198][193]LogUObjectHash: Compacting FUObjectHashTables data took   1.19ms
[2020.07.03-00.19.29:210][193]LogAIModule: Creating AISystem for world ThirdPersonExampleMap
[2020.07.03-00.19.29:212][193]LogWorld: Bringing World /Game/ThirdPersonCPP/Maps/UEDPIE_2_ThirdPersonExampleMap.ThirdPersonExampleMap up for play (max tick rate 0) at 2020.07.02-21.19.29
[2020.07.03-00.19.29:213][193]LogWorld: Bringing up level for play took: 0.001617
[2020.07.03-00.19.29:213][193]LogLoad: Took 0.038506 seconds to LoadMap(/Game/ThirdPersonCPP/Maps/UEDPIE_1_ThirdPersonExampleMap)
[2020.07.03-00.19.29:214][193]LogNet: Welcomed by server (Level: /Game/ThirdPersonCPP/Maps/UEDPIE_1_ThirdPersonExampleMap, Game: /Game/ThirdPersonCPP/Blueprints/BP_MyGameMode.BP_MyGameMode_C)
[2020.07.03-00.19.29:214][193]LogLoad: LoadMap: 127.0.0.1:17777//Game/ThirdPersonCPP/Maps/UEDPIE_1_ThirdPersonExampleMap?game=/Game/ThirdPersonCPP/Blueprints/BP_MyGameMode.BP_MyGameMode_C
[2020.07.03-00.19.29:214][193]LogWorld: BeginTearingDown for /Temp/Untitled_2
[2020.07.03-00.19.29:214][193]LogWorld: UWorld::CleanupWorld for Untitled, bSessionEnded=true, bCleanupResources=true
[2020.07.03-00.19.29:214][193]LogSlate: InvalidateAllWidgets triggered.  All widgets were invalidated
[2020.07.03-00.19.29:214][193]LogAudioMixer: Display: No commands were queued while flushing the source manager.
[2020.07.03-00.19.29:237][193]LogUObjectHash: Compacting FUObjectHashTables data took   1.19ms
[2020.07.03-00.19.29:248][193]LogAIModule: Creating AISystem for world ThirdPersonExampleMap
[2020.07.03-00.19.29:250][193]LogWorld: Bringing World /Game/ThirdPersonCPP/Maps/UEDPIE_3_ThirdPersonExampleMap.ThirdPersonExampleMap up for play (max tick rate 0) at 2020.07.02-21.19.29
[2020.07.03-00.19.29:251][193]LogWorld: Bringing up level for play took: 0.001330
[2020.07.03-00.19.29:251][193]LogLoad: Took 0.037533 seconds to LoadMap(/Game/ThirdPersonCPP/Maps/UEDPIE_1_ThirdPersonExampleMap)
[2020.07.03-00.19.29:266][194]LogNet: Client netspeed is 10000
[2020.07.03-00.19.29:266][194]LogNet: Join request: /Game/ThirdPersonCPP/Maps/ThirdPersonExampleMap?Name=DESKTOP-27BOLO1-F415794C4670C81CF06C8ABFB29A346F?SplitscreenCount=1
[2020.07.03-00.19.29:267][194]LogOnlineSession: Warning: OSS: No game present to join for session (GameSession)
[2020.07.03-00.19.29:269][194]LogNet: Join succeeded: DESKTOP-27BOLO1-F415
[2020.07.03-00.19.29:269][194]LogNet: Client netspeed is 10000
[2020.07.03-00.19.29:269][194]LogNet: Join request: /Game/ThirdPersonCPP/Maps/ThirdPersonExampleMap?Name=DESKTOP-27BOLO1-2A5AF6BC41122391DE5FEFB8BE29AC74?SplitscreenCount=1
[2020.07.03-00.19.29:269][194]LogOnlineSession: Warning: OSS: No game present to join for session (GameSession)
[2020.07.03-00.19.29:271][194]LogNet: Join succeeded: DESKTOP-27BOLO1-2A5A
[2020.07.03-00.19.29:271][194]LogTemp: Warning: 0
[2020.07.03-00.19.29:279][195]LogRenderer: Reallocating scene render targets to support 1280x720 Format 10 NumSamples 1 (Frame:1).
[2020.07.03-00.19.29:288][195]LogTemp: Warning: 2
[2020.07.03-00.19.29:297][196]LogTemp: Warning: 2
[2020.07.03-00.19.29:306][197]LogTemp: Warning: 2
[2020.07.03-00.19.29:314][198]LogTemp: Warning: 2
[2020.07.03-00.19.29:323][199]LogTemp: Warning: 2
[2020.07.03-00.19.29:332][200]LogTemp: Warning: 2
[2020.07.03-00.19.29:340][201]LogTemp: Warning: 2
[2020.07.03-00.19.29:349][202]LogTemp: Warning: 2
[2020.07.03-00.19.29:357][203]LogTemp: Warning: 2
[2020.07.03-00.19.29:365][204]LogTemp: Warning: 2
[2020.07.03-00.19.29:374][205]LogTemp: Warning: 2
[2020.07.03-00.19.29:382][206]LogTemp: Warning: 2
[2020.07.03-00.19.29:390][207]LogTemp: Warning: 2
[2020.07.03-00.19.29:399][208]LogTemp: Warning: 2
[2020.07.03-00.19.29:407][209]LogTemp: Warning: 2
[2020.07.03-00.19.29:416][210]LogTemp: Warning: 2
[2020.07.03-00.19.29:424][211]LogTemp: Warning: 2
[2020.07.03-00.19.29:432][212]LogTemp: Warning: 2
[2020.07.03-00.19.29:440][213]LogTemp: Warning: 2
[2020.07.03-00.19.29:449][214]LogTemp: Warning: 2
[2020.07.03-00.19.29:457][215]LogTemp: Warning: 2
[2020.07.03-00.19.29:466][216]LogTemp: Warning: 2
[2020.07.03-00.19.29:473][217]LogTemp: Warning: 2
[2020.07.03-00.19.29:483][218]LogTemp: Warning: 2
[2020.07.03-00.19.29:491][219]LogTemp: Warning: 2
[2020.07.03-00.19.29:500][220]LogTemp: Warning: 2
[2020.07.03-00.19.29:509][221]LogTemp: Warning: 2
[2020.07.03-00.19.29:517][222]LogTemp: Warning: 2
[2020.07.03-00.19.29:525][223]LogTemp: Warning: 2
[2020.07.03-00.19.29:533][224]LogTemp: Warning: 2
[2020.07.03-00.19.29:541][225]LogTemp: Warning: 2
[2020.07.03-00.19.29:549][226]LogTemp: Warning: 2
[2020.07.03-00.19.29:558][227]LogTemp: Warning: 2
[2020.07.03-00.19.29:566][228]LogTemp: Warning: 2
[2020.07.03-00.19.29:575][229]LogTemp: Warning: 2
[2020.07.03-00.19.29:576][229]LogOnlineSession: Warning: OSS: No game present to join for session (GameSession)
[2020.07.03-00.19.29:576][229]LogOnlineSession: Warning: OSS: No game present to join for session (GameSession)
[2020.07.03-00.19.29:583][230]LogTemp: Warning: 2
[2020.07.03-00.19.29:591][231]LogTemp: Warning: 2
[2020.07.03-00.19.29:600][232]LogTemp: Warning: 2
[2020.07.03-00.19.29:608][233]LogTemp: Warning: 2
[2020.07.03-00.19.29:617][234]LogTemp: Warning: 2
[2020.07.03-00.19.29:625][235]LogTemp: Warning: 2
[2020.07.03-00.19.29:633][236]LogTemp: Warning: 2
[2020.07.03-00.19.29:634][236]LogOnlineSession: Warning: OSS: No game present to join for session (GameSession)
[2020.07.03-00.19.29:641][237]LogTemp: Warning: 2
[2020.07.03-00.19.29:649][238]LogTemp: Warning: 2
[2020.07.03-00.19.29:657][239]LogTemp: Warning: 2
[2020.07.03-00.19.29:668][240]LogTemp: Warning: 2
[2020.07.03-00.19.29:676][241]LogTemp: Warning: 2
[2020.07.03-00.19.29:686][242]LogTemp: Warning: 2
[2020.07.03-00.19.29:686][242]LogOnlineSession: Warning: OSS: No game present to join for session (GameSession)
[2020.07.03-00.19.29:693][243]LogTemp: Warning: 2
[2020.07.03-00.19.29:702][244]LogTemp: Warning: 2
[2020.07.03-00.19.29:710][245]LogTemp: Warning: 2
[2020.07.03-00.19.29:721][246]LogTemp: Warning: 2
[2020.07.03-00.19.29:729][247]LogTemp: Warning: 2
[2020.07.03-00.19.29:738][248]LogTemp: Warning: 2
[2020.07.03-00.19.29:746][249]LogTemp: Warning: 2
[2020.07.03-00.19.29:754][250]LogTemp: Warning: 2
[2020.07.03-00.19.29:763][251]LogTemp: Warning: 2
[2020.07.03-00.19.29:771][252]LogTemp: Warning: 2
[2020.07.03-00.19.29:779][253]LogTemp: Warning: 2
[2020.07.03-00.19.29:788][254]LogTemp: Warning: 2
[2020.07.03-00.19.29:796][255]LogTemp: Warning: 2
[2020.07.03-00.19.29:804][256]LogTemp: Warning: 2
[2020.07.03-00.19.29:813][257]LogTemp: Warning: 2
[2020.07.03-00.19.29:821][258]LogTemp: Warning: 2
[2020.07.03-00.19.29:829][259]LogTemp: Warning: 2
[2020.07.03-00.19.29:839][260]LogTemp: Warning: 2
[2020.07.03-00.19.29:847][261]LogTemp: Warning: 2
[2020.07.03-00.19.29:855][262]LogTemp: Warning: 2
[2020.07.03-00.19.29:863][263]LogTemp: Warning: 2
[2020.07.03-00.19.29:872][264]LogTemp: Warning: 2
[2020.07.03-00.19.29:880][265]LogTemp: Warning: 2
[2020.07.03-00.19.29:888][266]LogTemp: Warning: 2
[2020.07.03-00.19.29:897][267]LogTemp: Warning: 2
[2020.07.03-00.19.29:905][268]LogTemp: Warning: 2
[2020.07.03-00.19.29:913][269]LogTemp: Warning: 2
[2020.07.03-00.19.29:922][270]LogTemp: Warning: 2
[2020.07.03-00.19.29:930][271]LogTemp: Warning: 2
[2020.07.03-00.19.29:938][272]LogTemp: Warning: 2
[2020.07.03-00.19.29:946][273]LogTemp: Warning: 2
[2020.07.03-00.19.29:955][274]LogTemp: Warning: 2
[2020.07.03-00.19.29:963][275]LogTemp: Warning: 2
[2020.07.03-00.19.29:971][276]LogTemp: Warning: 2
[2020.07.03-00.19.29:979][277]LogTemp: Warning: 2
[2020.07.03-00.19.29:988][278]LogTemp: Warning: 2
[2020.07.03-00.19.29:996][279]LogTemp: Warning: 2
[2020.07.03-00.19.30:005][280]LogTemp: Warning: 2
[2020.07.03-00.19.30:013][281]LogTemp: Warning: 2
[2020.07.03-00.19.30:021][282]LogTemp: Warning: 2
[2020.07.03-00.19.30:031][283]LogTemp: Warning: 2
[2020.07.03-00.19.30:042][284]LogTemp: Warning: 2
[2020.07.03-00.19.30:050][285]LogTemp: Warning: 2
[2020.07.03-00.19.30:058][286]LogTemp: Warning: 2
[2020.07.03-00.19.30:067][287]LogTemp: Warning: 2
[2020.07.03-00.19.30:075][288]LogTemp: Warning: 2
[2020.07.03-00.19.30:083][289]LogTemp: Warning: 2
[2020.07.03-00.19.30:092][290]LogTemp: Warning: 2
[2020.07.03-00.19.30:101][291]LogTemp: Warning: 2
[2020.07.03-00.19.30:108][292]LogTemp: Warning: 2
[2020.07.03-00.19.30:117][293]LogTemp: Warning: 2
[2020.07.03-00.19.30:125][294]LogTemp: Warning: 2
[2020.07.03-00.19.30:134][295]LogTemp: Warning: 2
[2020.07.03-00.19.30:142][296]LogTemp: Warning: 2
[2020.07.03-00.19.30:151][297]LogTemp: Warning: 2
[2020.07.03-00.19.30:158][298]LogTemp: Warning: 2
[2020.07.03-00.19.30:167][299]LogTemp: Warning: 2
[2020.07.03-00.19.30:175][300]LogTemp: Warning: 2
[2020.07.03-00.19.30:184][301]LogTemp: Warning: 2
[2020.07.03-00.19.30:192][302]LogTemp: Warning: 2
[2020.07.03-00.19.30:200][303]LogTemp: Warning: 2
[2020.07.03-00.19.30:209][304]LogTemp: Warning: 2
[2020.07.03-00.19.30:217][305]LogTemp: Warning: 2
[2020.07.03-00.19.30:225][306]LogTemp: Warning: 2
[2020.07.03-00.19.30:234][307]LogTemp: Warning: 2
[2020.07.03-00.19.30:242][308]LogTemp: Warning: 2
[2020.07.03-00.19.30:250][309]LogTemp: Warning: 2
[2020.07.03-00.19.30:258][310]LogTemp: Warning: 2
[2020.07.03-00.19.30:267][311]LogTemp: Warning: 2
[2020.07.03-00.19.30:275][312]LogTemp: Warning: 2
[2020.07.03-00.19.30:283][313]LogTemp: Warning: 2
[2020.07.03-00.19.30:292][314]LogTemp: Warning: 2
[2020.07.03-00.19.30:300][315]LogTemp: Warning: 2
[2020.07.03-00.19.30:308][316]LogTemp: Warning: 2
[2020.07.03-00.19.30:317][317]LogTemp: Warning: 2
[2020.07.03-00.19.30:325][318]LogTemp: Warning: 2
[2020.07.03-00.19.30:336][319]LogTemp: Warning: 2
[2020.07.03-00.19.30:346][320]LogTemp: Warning: 2
[2020.07.03-00.19.30:354][321]LogTemp: Warning: 2
[2020.07.03-00.19.30:362][322]LogTemp: Warning: 2
[2020.07.03-00.19.30:370][323]LogTemp: Warning: 2
[2020.07.03-00.19.30:379][324]LogTemp: Warning: 2
[2020.07.03-00.19.30:387][325]LogTemp: Warning: 2
[2020.07.03-00.19.30:395][326]LogTemp: Warning: 2
[2020.07.03-00.19.30:404][327]LogTemp: Warning: 2
[2020.07.03-00.19.30:412][328]LogTemp: Warning: 2
[2020.07.03-00.19.30:420][329]LogTemp: Warning: 2
[2020.07.03-00.19.30:429][330]LogTemp: Warning: 2
[2020.07.03-00.19.30:438][331]LogTemp: Warning: 2
[2020.07.03-00.19.30:446][332]LogTemp: Warning: 2
[2020.07.03-00.19.30:454][333]LogTemp: Warning: 2
[2020.07.03-00.19.30:462][334]LogTemp: Warning: 2
[2020.07.03-00.19.30:471][335]LogTemp: Warning: 2
[2020.07.03-00.19.30:479][336]LogTemp: Warning: 2
[2020.07.03-00.19.30:487][337]LogTemp: Warning: 2
[2020.07.03-00.19.30:496][338]LogTemp: Warning: 2
[2020.07.03-00.19.30:503][339]LogTemp: Warning: 2
[2020.07.03-00.19.30:512][340]LogTemp: Warning: 2
[2020.07.03-00.19.30:520][341]LogTemp: Warning: 2
[2020.07.03-00.19.30:529][342]LogTemp: Warning: 2
[2020.07.03-00.19.30:537][343]LogTemp: Warning: 2
[2020.07.03-00.19.30:545][344]LogTemp: Warning: 2
[2020.07.03-00.19.30:553][345]LogTemp: Warning: 2
[2020.07.03-00.19.30:562][346]LogTemp: Warning: 2
[2020.07.03-00.19.30:570][347]LogTemp: Warning: 2
[2020.07.03-00.19.30:578][348]LogTemp: Warning: 2
[2020.07.03-00.19.30:586][349]LogTemp: Warning: 2
[2020.07.03-00.19.30:595][350]LogTemp: Warning: 2
[2020.07.03-00.19.30:603][351]LogTemp: Warning: 2
[2020.07.03-00.19.30:611][352]LogTemp: Warning: 2
[2020.07.03-00.19.30:620][353]LogTemp: Warning: 2
[2020.07.03-00.19.30:629][354]LogTemp: Warning: 2
[2020.07.03-00.19.30:638][355]LogTemp: Warning: 2
[2020.07.03-00.19.30:646][356]LogTemp: Warning: 2
[2020.07.03-00.19.30:654][357]LogTemp: Warning: 2
[2020.07.03-00.19.30:662][358]LogTemp: Warning: 2
[2020.07.03-00.19.30:671][359]LogTemp: Warning: 2
[2020.07.03-00.19.30:678][360]LogTemp: Warning: 2
[2020.07.03-00.19.30:686][361]LogTemp: Warning: 2
[2020.07.03-00.19.30:695][362]LogTemp: Warning: 2
[2020.07.03-00.19.30:703][363]LogTemp: Warning: 2
[2020.07.03-00.19.30:711][364]LogTemp: Warning: 2
[2020.07.03-00.19.30:720][365]LogTemp: Warning: 2
[2020.07.03-00.19.30:728][366]LogTemp: Warning: 2
[2020.07.03-00.19.30:737][367]LogTemp: Warning: 2
[2020.07.03-00.19.30:745][368]LogTemp: Warning: 2
[2020.07.03-00.19.30:753][369]LogTemp: Warning: 2
[2020.07.03-00.19.30:762][370]LogTemp: Warning: 2
[2020.07.03-00.19.30:771][371]LogTemp: Warning: 2
[2020.07.03-00.19.30:779][372]LogTemp: Warning: 2
[2020.07.03-00.19.30:787][373]LogTemp: Warning: 2
[2020.07.03-00.19.30:796][374]LogTemp: Warning: 2
[2020.07.03-00.19.30:804][375]LogTemp: Warning: 2
[2020.07.03-00.19.30:812][376]LogTemp: Warning: 2
[2020.07.03-00.19.30:820][377]LogTemp: Warning: 2
[2020.07.03-00.19.30:829][378]LogTemp: Warning: 2
[2020.07.03-00.19.30:837][379]LogTemp: Warning: 2
[2020.07.03-00.19.30:845][380]LogTemp: Warning: 2
[2020.07.03-00.19.30:854][381]LogTemp: Warning: 2
[2020.07.03-00.19.30:862][382]LogTemp: Warning: 2
[2020.07.03-00.19.30:870][383]LogTemp: Warning: 2
[2020.07.03-00.19.30:879][384]LogTemp: Warning: 2
[2020.07.03-00.19.30:887][385]LogTemp: Warning: 2
[2020.07.03-00.19.30:896][386]LogTemp: Warning: 2
[2020.07.03-00.19.30:903][387]LogTemp: Warning: 2
[2020.07.03-00.19.30:911][388]LogTemp: Warning: 2
[2020.07.03-00.19.30:920][389]LogTemp: Warning: 2
[2020.07.03-00.19.30:928][390]LogTemp: Warning: 2
[2020.07.03-00.19.30:937][391]LogTemp: Warning: 2
[2020.07.03-00.19.30:945][392]LogTemp: Warning: 2
[2020.07.03-00.19.30:954][393]LogTemp: Warning: 2
[2020.07.03-00.19.30:962][394]LogTemp: Warning: 2
[2020.07.03-00.19.30:970][395]LogTemp: Warning: 2
[2020.07.03-00.19.30:979][396]LogTemp: Warning: 2
[2020.07.03-00.19.30:987][397]LogTemp: Warning: 2
[2020.07.03-00.19.30:995][398]LogTemp: Warning: 2
[2020.07.03-00.19.31:004][399]LogTemp: Warning: 2
[2020.07.03-00.19.31:012][400]LogTemp: Warning: 2
[2020.07.03-00.19.31:020][401]LogTemp: Warning: 2
[2020.07.03-00.19.31:029][402]LogTemp: Warning: 2
[2020.07.03-00.19.31:037][403]LogTemp: Warning: 2
[2020.07.03-00.19.31:037][403]LogTemp: Warning: Hitea
[2020.07.03-00.19.31:045][404]LogTemp: Warning: 2
[2020.07.03-00.19.31:054][405]LogTemp: Warning: 2
[2020.07.03-00.19.31:062][406]LogTemp: Warning: 2
[2020.07.03-00.19.31:070][407]LogTemp: Warning: 2
[2020.07.03-00.19.31:079][408]LogTemp: Warning: 2
[2020.07.03-00.19.31:087][409]LogTemp: Warning: 2
[2020.07.03-00.19.31:094][410]LogTemp: Warning: 2
[2020.07.03-00.19.31:103][411]LogTemp: Warning: 2
[2020.07.03-00.19.31:111][412]LogTemp: Warning: 2
[2020.07.03-00.19.31:120][413]LogTemp: Warning: 2
[2020.07.03-00.19.31:128][414]LogTemp: Warning: 2
[2020.07.03-00.19.31:136][415]LogTemp: Warning: 2
[2020.07.03-00.19.31:145][416]LogTemp: Warning: 2
[2020.07.03-00.19.31:153][417]LogTemp: Warning: 2
[2020.07.03-00.19.31:161][418]LogTemp: Warning: 2
[2020.07.03-00.19.31:170][419]LogTemp: Warning: 2
[2020.07.03-00.19.31:178][420]LogTemp: Warning: 2
[2020.07.03-00.19.31:186][421]LogTemp: Warning: 2
[2020.07.03-00.19.31:195][422]LogTemp: Warning: 2
[2020.07.03-00.19.31:203][423]LogTemp: Warning: 2
[2020.07.03-00.19.31:211][424]LogTemp: Warning: 2
[2020.07.03-00.19.31:220][425]LogTemp: Warning: 2
[2020.07.03-00.19.31:228][426]LogTemp: Warning: 2
[2020.07.03-00.19.31:237][427]LogTemp: Warning: 2
[2020.07.03-00.19.31:245][428]LogTemp: Warning: 2
[2020.07.03-00.19.31:254][429]LogTemp: Warning: 2
[2020.07.03-00.19.31:262][430]LogTemp: Warning: 2
[2020.07.03-00.19.31:271][431]LogTemp: Warning: 2
[2020.07.03-00.19.31:279][432]LogTemp: Warning: 2
[2020.07.03-00.19.31:287][433]LogTemp: Warning: 2
[2020.07.03-00.19.31:295][434]LogTemp: Warning: 2
[2020.07.03-00.19.31:296][434]LogTemp: Warning: Hitea
[2020.07.03-00.19.31:304][435]LogTemp: Warning: 2
[2020.07.03-00.19.31:311][436]LogTemp: Warning: 2
[2020.07.03-00.19.31:320][437]LogTemp: Warning: 2
[2020.07.03-00.19.31:328][438]LogTemp: Warning: 2
[2020.07.03-00.19.31:336][439]LogTemp: Warning: 2
[2020.07.03-00.19.31:345][440]LogTemp: Warning: 2
[2020.07.03-00.19.31:353][441]LogTemp: Warning: 2
[2020.07.03-00.19.31:361][442]LogTemp: Warning: 2
[2020.07.03-00.19.31:370][443]LogTemp: Warning: 2
[2020.07.03-00.19.31:378][444]LogTemp: Warning: 2
[2020.07.03-00.19.31:386][445]LogTemp: Warning: 2
[2020.07.03-00.19.31:395][446]LogTemp: Warning: 2
[2020.07.03-00.19.31:403][447]LogTemp: Warning: 2
[2020.07.03-00.19.31:412][448]LogTemp: Warning: 2
[2020.07.03-00.19.31:420][449]LogTemp: Warning: 2
[2020.07.03-00.19.31:428][450]LogTemp: Warning: 2
[2020.07.03-00.19.31:437][451]LogTemp: Warning: 2
[2020.07.03-00.19.31:445][452]LogTemp: Warning: 2
[2020.07.03-00.19.31:453][453]LogTemp: Warning: 2
[2020.07.03-00.19.31:462][454]LogTemp: Warning: 2
[2020.07.03-00.19.31:470][455]LogTemp: Warning: 2
[2020.07.03-00.19.31:478][456]LogTemp: Warning: 2
[2020.07.03-00.19.31:487][457]LogTemp: Warning: 2
[2020.07.03-00.19.31:496][458]LogTemp: Warning: 2
[2020.07.03-00.19.31:504][459]LogTemp: Warning: 2
[2020.07.03-00.19.31:512][460]LogTemp: Warning: 2
[2020.07.03-00.19.31:520][461]LogTemp: Warning: 2
[2020.07.03-00.19.31:529][462]LogTemp: Warning: 2
[2020.07.03-00.19.31:537][463]LogTemp: Warning: 2
[2020.07.03-00.19.31:545][464]LogTemp: Warning: 2
[2020.07.03-00.19.31:553][465]LogTemp: Warning: 2
[2020.07.03-00.19.31:554][465]LogTemp: Warning: Hitea
[2020.07.03-00.19.31:562][466]LogTemp: Warning: 2
[2020.07.03-00.19.31:570][467]LogTemp: Warning: 2
[2020.07.03-00.19.31:578][468]LogTemp: Warning: 2
[2020.07.03-00.19.31:587][469]LogTemp: Warning: 2
[2020.07.03-00.19.31:595][470]LogTemp: Warning: 2
[2020.07.03-00.19.31:603][471]LogTemp: Warning: 2
[2020.07.03-00.19.31:612][472]LogTemp: Warning: 2
[2020.07.03-00.19.31:620][473]LogTemp: Warning: 2
[2020.07.03-00.19.31:628][474]LogTemp: Warning: 2
[2020.07.03-00.19.31:637][475]LogTemp: Warning: 2
[2020.07.03-00.19.31:645][476]LogTemp: Warning: 2
[2020.07.03-00.19.31:653][477]LogTemp: Warning: 2
[2020.07.03-00.19.31:661][478]LogTemp: Warning: 2
[2020.07.03-00.19.31:670][479]LogTemp: Warning: 2
[2020.07.03-00.19.31:678][480]LogTemp: Warning: 2
[2020.07.03-00.19.31:687][481]LogTemp: Warning: 2
[2020.07.03-00.19.31:695][482]LogTemp: Warning: 2
[2020.07.03-00.19.31:704][483]LogTemp: Warning: 2
[2020.07.03-00.19.31:712][484]LogTemp: Warning: 2
[2020.07.03-00.19.31:720][485]LogTemp: Warning: 2
[2020.07.03-00.19.31:729][486]LogTemp: Warning: 2
[2020.07.03-00.19.31:737][487]LogTemp: Warning: 2
[2020.07.03-00.19.31:745][488]LogTemp: Warning: 2
[2020.07.03-00.19.31:753][489]LogTemp: Warning: 2
[2020.07.03-00.19.31:761][490]LogTemp: Warning: 2
[2020.07.03-00.19.31:770][491]LogTemp: Warning: 2
[2020.07.03-00.19.31:778][492]LogTemp: Warning: 2
[2020.07.03-00.19.31:786][493]LogTemp: Warning: 2
[2020.07.03-00.19.31:795][494]LogTemp: Warning: 2
[2020.07.03-00.19.31:803][495]LogTemp: Warning: 2
[2020.07.03-00.19.31:812][496]LogTemp: Warning: 2
[2020.07.03-00.19.31:820][497]LogTemp: Warning: 2
[2020.07.03-00.19.31:829][498]LogTemp: Warning: 2
[2020.07.03-00.19.31:837][499]LogTemp: Warning: 2
[2020.07.03-00.19.31:845][500]LogTemp: Warning: 2
[2020.07.03-00.19.31:853][501]LogTemp: Warning: 2
[2020.07.03-00.19.31:862][502]LogTemp: Warning: 2
[2020.07.03-00.19.31:870][503]LogTemp: Warning: 2
[2020.07.03-00.19.31:878][504]LogTemp: Warning: 2
[2020.07.03-00.19.31:887][505]LogTemp: Warning: 2
[2020.07.03-00.19.31:895][506]LogTemp: Warning: 2
[2020.07.03-00.19.31:904][507]LogTemp: Warning: 2
[2020.07.03-00.19.31:912][508]LogTemp: Warning: 2
[2020.07.03-00.19.31:920][509]LogTemp: Warning: 2
[2020.07.03-00.19.31:929][510]LogTemp: Warning: 2
[2020.07.03-00.19.31:937][511]LogTemp: Warning: 2
[2020.07.03-00.19.31:946][512]LogTemp: Warning: 2
[2020.07.03-00.19.31:954][513]LogTemp: Warning: 2
[2020.07.03-00.19.31:962][514]LogTemp: Warning: 2
[2020.07.03-00.19.31:970][515]LogTemp: Warning: 2
[2020.07.03-00.19.31:979][516]LogTemp: Warning: 2
[2020.07.03-00.19.31:987][517]LogTemp: Warning: 2
[2020.07.03-00.19.31:996][518]LogTemp: Warning: 2
[2020.07.03-00.19.32:004][519]LogTemp: Warning: 2
[2020.07.03-00.19.32:012][520]LogTemp: Warning: 2
[2020.07.03-00.19.32:021][521]LogTemp: Warning: 2
[2020.07.03-00.19.32:028][522]LogTemp: Warning: 2
[2020.07.03-00.19.32:037][523]LogTemp: Warning: 2
[2020.07.03-00.19.32:045][524]LogTemp: Warning: 2
[2020.07.03-00.19.32:054][525]LogTemp: Warning: 2
[2020.07.03-00.19.32:062][526]LogTemp: Warning: 2
[2020.07.03-00.19.32:071][527]LogTemp: Warning: 2
[2020.07.03-00.19.32:079][528]LogTemp: Warning: 2
[2020.07.03-00.19.32:087][529]LogTemp: Warning: 2
[2020.07.03-00.19.32:096][530]LogTemp: Warning: 2
[2020.07.03-00.19.32:103][531]LogTemp: Warning: 2
[2020.07.03-00.19.32:112][532]LogTemp: Warning: 2
[2020.07.03-00.19.32:120][533]LogTemp: Warning: 2
[2020.07.03-00.19.32:129][534]LogTemp: Warning: 2
[2020.07.03-00.19.32:137][535]LogTemp: Warning: 2
[2020.07.03-00.19.32:145][536]LogTemp: Warning: 2
[2020.07.03-00.19.32:153][537]LogTemp: Warning: 2
[2020.07.03-00.19.32:162][538]LogTemp: Warning: 2
[2020.07.03-00.19.32:171][539]LogTemp: Warning: 2
[2020.07.03-00.19.32:179][540]LogTemp: Warning: 2
[2020.07.03-00.19.32:187][541]LogTemp: Warning: 2
[2020.07.03-00.19.32:196][542]LogTemp: Warning: 2
[2020.07.03-00.19.32:204][543]LogTemp: Warning: 2
[2020.07.03-00.19.32:211][544]LogTemp: Warning: 2
[2020.07.03-00.19.32:220][545]LogTemp: Warning: 2
[2020.07.03-00.19.32:228][546]LogTemp: Warning: 2
[2020.07.03-00.19.32:237][547]LogTemp: Warning: 2
[2020.07.03-00.19.32:245][548]LogTemp: Warning: 2
[2020.07.03-00.19.32:253][549]LogTemp: Warning: 2
[2020.07.03-00.19.32:262][550]LogTemp: Warning: 2
[2020.07.03-00.19.32:270][551]LogTemp: Warning: 2
[2020.07.03-00.19.32:278][552]LogTemp: Warning: 2
[2020.07.03-00.19.32:287][553]LogTemp: Warning: 2
[2020.07.03-00.19.32:295][554]LogTemp: Warning: 2
[2020.07.03-00.19.32:303][555]LogTemp: Warning: 2
[2020.07.03-00.19.32:312][556]LogTemp: Warning: 2
[2020.07.03-00.19.32:321][557]LogTemp: Warning: 2
[2020.07.03-00.19.32:329][558]LogTemp: Warning: 2
[2020.07.03-00.19.32:337][559]LogTemp: Warning: 2
[2020.07.03-00.19.32:346][560]LogTemp: Warning: 2
[2020.07.03-00.19.32:354][561]LogTemp: Warning: 2
[2020.07.03-00.19.32:362][562]LogTemp: Warning: 2
[2020.07.03-00.19.32:370][563]LogTemp: Warning: 2
[2020.07.03-00.19.32:379][564]LogTemp: Warning: 2
[2020.07.03-00.19.32:387][565]LogTemp: Warning: 2
[2020.07.03-00.19.32:396][566]LogTemp: Warning: 2
[2020.07.03-00.19.32:403][567]LogTemp: Warning: 2
[2020.07.03-00.19.32:412][568]LogTemp: Warning: 2
[2020.07.03-00.19.32:421][569]LogTemp: Warning: 2
[2020.07.03-00.19.32:429][570]LogTemp: Warning: 2
[2020.07.03-00.19.32:437][571]LogTemp: Warning: 2
[2020.07.03-00.19.32:446][572]LogTemp: Warning: 2
[2020.07.03-00.19.32:454][573]LogTemp: Warning: 2
[2020.07.03-00.19.32:462][574]LogTemp: Warning: 2
[2020.07.03-00.19.32:471][575]LogTemp: Warning: 2
[2020.07.03-00.19.32:479][576]LogTemp: Warning: 2
[2020.07.03-00.19.32:487][577]LogTemp: Warning: 2
[2020.07.03-00.19.32:495][578]LogTemp: Warning: 2
[2020.07.03-00.19.32:504][579]LogTemp: Warning: 2
[2020.07.03-00.19.32:512][580]LogTemp: Warning: 2
[2020.07.03-00.19.32:520][581]LogTemp: Warning: 2
[2020.07.03-00.19.32:529][582]LogTemp: Warning: 2
[2020.07.03-00.19.32:537][583]LogTemp: Warning: 2
[2020.07.03-00.19.32:545][584]LogTemp: Warning: 2
[2020.07.03-00.19.32:554][585]LogTemp: Warning: 2
[2020.07.03-00.19.32:562][586]LogTemp: Warning: 2
[2020.07.03-00.19.32:571][587]LogTemp: Warning: 2
[2020.07.03-00.19.32:579][588]LogTemp: Warning: 2
[2020.07.03-00.19.32:587][589]LogTemp: Warning: 2
[2020.07.03-00.19.32:595][590]LogTemp: Warning: 2
[2020.07.03-00.19.32:603][591]LogTemp: Warning: 2
[2020.07.03-00.19.32:612][592]LogTemp: Warning: 2
[2020.07.03-00.19.32:620][593]LogTemp: Warning: 2
[2020.07.03-00.19.32:629][594]LogTemp: Warning: 2
[2020.07.03-00.19.32:637][595]LogTemp: Warning: 2
[2020.07.03-00.19.32:646][596]LogTemp: Warning: 2
[2020.07.03-00.19.32:654][597]LogTemp: Warning: 2
[2020.07.03-00.19.32:663][598]LogTemp: Warning: 2
[2020.07.03-00.19.32:671][599]LogTemp: Warning: 2
[2020.07.03-00.19.32:679][600]LogTemp: Warning: 2
[2020.07.03-00.19.32:688][601]LogTemp: Warning: 2
[2020.07.03-00.19.32:696][602]LogTemp: Warning: 2
[2020.07.03-00.19.32:704][603]LogTemp: Warning: 2
[2020.07.03-00.19.32:712][604]LogTemp: Warning: 2
[2020.07.03-00.19.32:720][605]LogTemp: Warning: 2
[2020.07.03-00.19.32:729][606]LogTemp: Warning: 2
[2020.07.03-00.19.32:737][607]LogTemp: Warning: 2
[2020.07.03-00.19.32:745][608]LogTemp: Warning: 2
[2020.07.03-00.19.32:754][609]LogTemp: Warning: 2
[2020.07.03-00.19.32:762][610]LogTemp: Warning: 2
[2020.07.03-00.19.32:771][611]LogTemp: Warning: 2
[2020.07.03-00.19.32:779][612]LogTemp: Warning: 2
[2020.07.03-00.19.32:787][613]LogTemp: Warning: 2
[2020.07.03-00.19.32:796][614]LogTemp: Warning: 2
[2020.07.03-00.19.32:804][615]LogTemp: Warning: 2
[2020.07.03-00.19.32:812][616]LogTemp: Warning: 2
[2020.07.03-00.19.32:821][617]LogTemp: Warning: 2
[2020.07.03-00.19.32:829][618]LogTemp: Warning: 2
[2020.07.03-00.19.32:837][619]LogTemp: Warning: 2
[2020.07.03-00.19.32:846][620]LogTemp: Warning: 2
[2020.07.03-00.19.32:854][621]LogTemp: Warning: 2
[2020.07.03-00.19.32:862][622]LogTemp: Warning: 2
[2020.07.03-00.19.32:871][623]LogTemp: Warning: 2
[2020.07.03-00.19.32:879][624]LogTemp: Warning: 2
[2020.07.03-00.19.32:887][625]LogTemp: Warning: 2
[2020.07.03-00.19.32:895][626]LogTemp: Warning: 2
[2020.07.03-00.19.32:904][627]LogTemp: Warning: 2
[2020.07.03-00.19.32:912][628]LogTemp: Warning: 2
[2020.07.03-00.19.32:921][629]LogTemp: Warning: 2
[2020.07.03-00.19.32:929][630]LogTemp: Warning: 2
[2020.07.03-00.19.32:938][631]LogTemp: Warning: 2
[2020.07.03-00.19.32:946][632]LogTemp: Warning: 2
[2020.07.03-00.19.32:954][633]LogTemp: Warning: 2
[2020.07.03-00.19.32:963][634]LogTemp: Warning: 2
[2020.07.03-00.19.32:970][635]LogTemp: Warning: 2
[2020.07.03-00.19.32:978][636]LogTemp: Warning: 2
[2020.07.03-00.19.32:987][637]LogTemp: Warning: 2
[2020.07.03-00.19.32:995][638]LogTemp: Warning: 2
[2020.07.03-00.19.33:003][639]LogTemp: Warning: 2
[2020.07.03-00.19.33:012][640]LogTemp: Warning: 2
[2020.07.03-00.19.33:020][641]LogTemp: Warning: 2
[2020.07.03-00.19.33:029][642]LogTemp: Warning: 2
[2020.07.03-00.19.33:037][643]LogTemp: Warning: 2
[2020.07.03-00.19.33:045][644]LogTemp: Warning: 2
[2020.07.03-00.19.33:053][645]LogTemp: Warning: 2
