Log file open, 07/02/20 04:11:19
LogWindows: Failed to load 'aqProf.dll' (GetLastError=126)
LogWindows: File 'aqProf.dll' does not exist
LogWindows: Failed to load 'VtuneApi.dll' (GetLastError=126)
LogWindows: File 'VtuneApi.dll' does not exist
LogWindows: Failed to load 'VtuneApi32e.dll' (GetLastError=126)
LogWindows: File 'VtuneApi32e.dll' does not exist
LogConsoleResponse: Display: Failed to find resolution value strings in scalability ini. Falling back to default.
LogInit: Display: Running engine for game: Unreal2TP
LogPlatformFile: Not using cached read wrapper
LogTaskGraph: Started task graph with 5 named threads and 26 total threads with 3 sets of task threads.
LogStats: Stats thread started at 0.124013
LogD3D11RHI: Loaded GFSDK_Aftermath_Lib.x64.dll
LogICUInternationalization: ICU TimeZone Detection - Raw Offset: -3:00, Platform Override: ''
LogPluginManager: Mounting plugin Paper2D
LogPluginManager: Mounting plugin AISupport
LogPluginManager: Mounting plugin LightPropagationVolume
LogPluginManager: Mounting plugin ActorLayerUtilities
LogPluginManager: Mounting plugin AnimationSharing
LogPluginManager: Mounting plugin CLionSourceCodeAccess
LogPluginManager: Mounting plugin CodeLiteSourceCodeAccess
LogPluginManager: Mounting plugin GitSourceControl
LogPluginManager: Mounting plugin KDevelopSourceCodeAccess
LogPluginManager: Mounting plugin NullSourceCodeAccess
LogPluginManager: Mounting plugin PerforceSourceControl
LogPluginManager: Mounting plugin PlasticSourceControl
LogPluginManager: Mounting plugin SubversionSourceControl
LogPluginManager: Mounting plugin UObjectPlugin
LogPluginManager: Mounting plugin VisualStudioCodeSourceCodeAccess
LogPluginManager: Mounting plugin VisualStudioSourceCodeAccess
LogPluginManager: Mounting plugin XCodeSourceCodeAccess
LogPluginManager: Mounting plugin AssetManagerEditor
LogPluginManager: Mounting plugin CryptoKeys
LogPluginManager: Mounting plugin CurveEditorTools
LogPluginManager: Mounting plugin DataValidation
LogPluginManager: Mounting plugin FacialAnimation
LogPluginManager: Mounting plugin GameplayTagsEditor
LogPluginManager: Mounting plugin MacGraphicsSwitching
LogPluginManager: Mounting plugin MaterialAnalyzer
LogPluginManager: Mounting plugin MobileLauncherProfileWizard
LogPluginManager: Mounting plugin PluginBrowser
LogPluginManager: Mounting plugin SpeedTreeImporter
LogPluginManager: Mounting plugin DatasmithContent
LogPluginManager: Mounting plugin VariantManagerContent
LogPluginManager: Mounting plugin AlembicImporter
LogPluginManager: Mounting plugin AutomationUtils
LogPluginManager: Mounting plugin BackChannel
LogPluginManager: Mounting plugin CharacterAI
LogPluginManager: Mounting plugin GeometryCache
LogPluginManager: Mounting plugin PlatformCrypto
LogPluginManager: Mounting plugin ProxyLODPlugin
LogPluginManager: Mounting plugin SkeletalReduction
LogPluginManager: Mounting plugin MagicLeap
LogPluginManager: Mounting plugin MagicLeapMedia
LogPluginManager: Mounting plugin MLSDK
LogPluginManager: Mounting plugin AndroidMedia
LogPluginManager: Mounting plugin AvfMedia
LogPluginManager: Mounting plugin ImgMedia
LogPluginManager: Mounting plugin MediaCompositing
LogPluginManager: Mounting plugin MediaPlayerEditor
LogPluginManager: Mounting plugin WebMMedia
LogPluginManager: Mounting plugin WmfMedia
LogPluginManager: Mounting plugin TcpMessaging
LogPluginManager: Mounting plugin UdpMessaging
LogPluginManager: Mounting plugin ActorSequence
LogPluginManager: Mounting plugin LevelSequenceEditor
LogPluginManager: Mounting plugin MatineeToLevelSequence
LogPluginManager: Mounting plugin NetcodeUnitTest
LogPluginManager: Mounting plugin NUTUnrealEngine4
LogPluginManager: Mounting plugin OnlineSubsystemGooglePlay
LogPluginManager: Mounting plugin OnlineSubsystemIOS
LogPluginManager: Mounting plugin OnlineSubsystem
LogPluginManager: Mounting plugin OnlineSubsystemNull
LogPluginManager: Mounting plugin OnlineSubsystemUtils
LogPluginManager: Mounting plugin LauncherChunkInstaller
LogPluginManager: Mounting plugin AndroidDeviceProfileSelector
LogPluginManager: Mounting plugin AndroidMoviePlayer
LogPluginManager: Mounting plugin AndroidPermission
LogPluginManager: Mounting plugin AppleImageUtils
LogPluginManager: Mounting plugin AppleMoviePlayer
LogPluginManager: Mounting plugin ArchVisCharacter
LogPluginManager: Mounting plugin AssetTags
LogPluginManager: Mounting plugin AudioCapture
LogPluginManager: Mounting plugin CableComponent
LogPluginManager: Mounting plugin CustomMeshComponent
LogPluginManager: Mounting plugin EditableMesh
LogPluginManager: Mounting plugin ExampleDeviceProfileSelector
LogPluginManager: Mounting plugin GoogleCloudMessaging
LogPluginManager: Mounting plugin IOSDeviceProfileSelector
LogPluginManager: Mounting plugin LinuxDeviceProfileSelector
LogPluginManager: Mounting plugin LocationServicesBPLibrary
LogPluginManager: Mounting plugin MobilePatchingUtils
LogPluginManager: Mounting plugin OculusVR
LogPluginManager: Mounting plugin PhysXVehicles
LogPluginManager: Mounting plugin PostSplashScreen
LogPluginManager: Mounting plugin ProceduralMeshComponent
LogPluginManager: Mounting plugin RuntimePhysXCooking
LogPluginManager: Mounting plugin SignificanceManager
LogPluginManager: Mounting plugin SteamVR
LogPluginManager: Mounting plugin WebMMoviePlayer
LogPluginManager: Mounting plugin WindowsMoviePlayer
LogPluginManager: Mounting plugin ScreenshotTools
LogInit: Using libcurl 7.55.1-DEV
LogInit:  - built for x86_64-pc-win32
LogInit:  - supports SSL with OpenSSL/1.1.1
LogInit:  - supports HTTP deflate (compression) using libz 1.2.8
LogInit:  - other features:
LogInit:      CURL_VERSION_SSL
LogInit:      CURL_VERSION_LIBZ
LogInit:      CURL_VERSION_IPV6
LogInit:      CURL_VERSION_ASYNCHDNS
LogInit:      CURL_VERSION_LARGEFILE
LogInit:      CURL_VERSION_IDN
LogInit:  CurlRequestOptions (configurable via config and command line):
LogInit:  - bVerifyPeer = true  - Libcurl will verify peer certificate
LogInit:  - bUseHttpProxy = false  - Libcurl will NOT use HTTP proxy
LogInit:  - bDontReuseConnections = false  - Libcurl will reuse connections
LogInit:  - MaxHostConnections = 16  - Libcurl will limit the number of connections to a host
LogInit:  - LocalHostAddr = Default
LogInit:  - BufferSize = 65536
LogOnline: OSS: Creating online subsystem instance for: NULL
LogInit: WinSock: version 1.1 (2.2), MaxSocks=32767, MaxUdp=65467
LogOnline: OSS: TryLoadSubsystemAndSetDefault: Loaded subsystem for module [NULL]
LogInit: Build: ++UE4+Release-4.24-CL-11590370
LogInit: Engine Version: 4.24.3-11590370+++UE4+Release-4.24
LogInit: Compatible Engine Version: 4.24.0-10570792+++UE4+Release-4.24
LogInit: Net CL: 10570792
LogInit: OS: Windows 10 (Release 1909) (), CPU: Intel(R) Core(TM) i7-9700KF CPU @ 3.60GHz, GPU: NVIDIA GeForce GTX 1070
LogInit: Compiled (64-bit): Feb 24 2020 15:39:18
LogInit: Compiled with Visual C++: 19.16.27032.01
LogInit: Build Configuration: Development
LogInit: Branch Name: ++UE4+Release-4.24
LogInit: Command Line:  -skipcompile
LogInit: Base Directory: D:/UE_4.24/Engine/Binaries/Win64/
LogInit: Installed Engine Build: 1
LogDevObjectVersion: Number of dev versions registered: 25
LogDevObjectVersion:   Dev-Blueprints (B0D832E4-1F89-4F0D-ACCF-7EB736FD4AA2): 10
LogDevObjectVersion:   Dev-Build (E1C64328-A22C-4D53-A36C-8E866417BD8C): 0
LogDevObjectVersion:   Dev-Core (375EC13C-06E4-48FB-B500-84F0262A717E): 3
LogDevObjectVersion:   Dev-Editor (E4B068ED-F494-42E9-A231-DA0B2E46BB41): 37
LogDevObjectVersion:   Dev-Framework (CFFC743F-43B0-4480-9391-14DF171D2073): 36
LogDevObjectVersion:   Dev-Mobile (B02B49B5-BB20-44E9-A304-32B752E40360): 2
LogDevObjectVersion:   Dev-Networking (A4E4105C-59A1-49B5-A7C5-40C4547EDFEE): 0
LogDevObjectVersion:   Dev-Online (39C831C9-5AE6-47DC-9A44-9C173E1C8E7C): 0
LogDevObjectVersion:   Dev-Physics (78F01B33-EBEA-4F98-B9B4-84EACCB95AA2): 2
LogDevObjectVersion:   Dev-Platform (6631380F-2D4D-43E0-8009-CF276956A95A): 0
LogDevObjectVersion:   Dev-Rendering (12F88B9F-8875-4AFC-A67C-D90C383ABD29): 36
LogDevObjectVersion:   Dev-Sequencer (7B5AE74C-D270-4C10-A958-57980B212A5A): 11
LogDevObjectVersion:   Dev-VR (D7296918-1DD6-4BDD-9DE2-64A83CC13884): 2
LogDevObjectVersion:   Dev-LoadTimes (C2A15278-BFE7-4AFE-6C17-90FF531DF755): 1
LogDevObjectVersion:   Private-Geometry (6EACA3D4-40EC-4CC1-B786-8BED09428FC5): 3
LogDevObjectVersion:   Dev-AnimPhys (29E575DD-E0A3-4627-9D10-D276232CDCEA): 17
LogDevObjectVersion:   Dev-Anim (AF43A65D-7FD3-4947-9873-3E8ED9C1BB05): 2
LogDevObjectVersion:   Dev-ReflectionCapture (6B266CEC-1EC7-4B8F-A30B-E4D90942FC07): 1
LogDevObjectVersion:   Dev-Automation (0DF73D61-A23F-47EA-B727-89E90C41499A): 1
LogDevObjectVersion:   FortniteMain (601D1886-AC64-4F84-AA16-D3DE0DEAC7D6): 31
LogDevObjectVersion:   Dev-Enterprise (9DFFBCD6-494F-0158-E221-12823C92A888): 8
LogDevObjectVersion:   Dev-Niagara (F2AED0AC-9AFE-416F-8664-AA7FFA26D6FC): 1
LogDevObjectVersion:   Dev-Destruction (174F1F0B-B4C6-45A5-B13F-2EE8D0FB917D): 9
LogDevObjectVersion:   Dev-Physics-Ext (35F94A83-E258-406C-A318-09F59610247C): 8
LogDevObjectVersion:   Dev-CineCamera (B2E18506-4273-CFC2-A54E-F4BB758BBA07): 1
LogInit: Presizing for max 25165824 objects, including 0 objects not considered by GC, pre-allocating 0 bytes for permanent pool.
LogInit: Object subsystem initialized
LogConfig: Setting CVar [[con.DebugEarlyDefault:1]]
LogConfig: Setting CVar [[r.setres:1280x720]]
[2020.07.02-07.11.19:427][  0]LogConfig: Setting CVar [[r.VSync:0]]
[2020.07.02-07.11.19:427][  0]LogConfig: Setting CVar [[r.RHICmdBypass:0]]
[2020.07.02-07.11.19:427][  0]LogConfig: Applying CVar settings from Section [/Script/Engine.RendererSettings] File [D:/Facultad/Unreal/UNREAL2TP/Unreal2TP/Unreal2TP/Saved/Config/Windows/Engine.ini]
[2020.07.02-07.11.19:427][  0]LogConfig: Setting CVar [[r.GPUCrashDebugging:0]]
[2020.07.02-07.11.19:427][  0]LogConfig: Applying CVar settings from Section [/Script/Engine.RendererOverrideSettings] File [D:/Facultad/Unreal/UNREAL2TP/Unreal2TP/Unreal2TP/Saved/Config/Windows/Engine.ini]
[2020.07.02-07.11.19:427][  0]LogConfig: Applying CVar settings from Section [/Script/Engine.StreamingSettings] File [D:/Facultad/Unreal/UNREAL2TP/Unreal2TP/Unreal2TP/Saved/Config/Windows/Engine.ini]
[2020.07.02-07.11.19:427][  0]LogConfig: Setting CVar [[s.MinBulkDataSizeForAsyncLoading:131072]]
[2020.07.02-07.11.19:427][  0]LogConfig: Setting CVar [[s.AsyncLoadingThreadEnabled:0]]
[2020.07.02-07.11.19:427][  0]LogConfig: Setting CVar [[s.EventDrivenLoaderEnabled:1]]
[2020.07.02-07.11.19:427][  0]LogConfig: Setting CVar [[s.WarnIfTimeLimitExceeded:0]]
[2020.07.02-07.11.19:427][  0]LogConfig: Setting CVar [[s.TimeLimitExceededMultiplier:1.5]]
[2020.07.02-07.11.19:428][  0]LogConfig: Setting CVar [[s.TimeLimitExceededMinTime:0.005]]
[2020.07.02-07.11.19:428][  0]LogConfig: Setting CVar [[s.UseBackgroundLevelStreaming:1]]
[2020.07.02-07.11.19:428][  0]LogConfig: Setting CVar [[s.PriorityAsyncLoadingExtraTime:15.0]]
[2020.07.02-07.11.19:428][  0]LogConfig: Setting CVar [[s.LevelStreamingActorsUpdateTimeLimit:5.0]]
[2020.07.02-07.11.19:428][  0]LogConfig: Setting CVar [[s.PriorityLevelStreamingActorsUpdateExtraTime:5.0]]
[2020.07.02-07.11.19:428][  0]LogConfig: Setting CVar [[s.LevelStreamingComponentsRegistrationGranularity:10]]
[2020.07.02-07.11.19:428][  0]LogConfig: Setting CVar [[s.UnregisterComponentsTimeLimit:1.0]]
[2020.07.02-07.11.19:428][  0]LogConfig: Setting CVar [[s.LevelStreamingComponentsUnregistrationGranularity:5]]
[2020.07.02-07.11.19:428][  0]LogConfig: Setting CVar [[s.FlushStreamingOnExit:1]]
[2020.07.02-07.11.19:428][  0]LogConfig: Applying CVar settings from Section [/Script/Engine.GarbageCollectionSettings] File [D:/Facultad/Unreal/UNREAL2TP/Unreal2TP/Unreal2TP/Saved/Config/Windows/Engine.ini]
[2020.07.02-07.11.19:428][  0]LogConfig: Setting CVar [[gc.MaxObjectsNotConsideredByGC:1]]
[2020.07.02-07.11.19:428][  0]LogConfig: Setting CVar [[gc.SizeOfPermanentObjectPool:0]]
[2020.07.02-07.11.19:428][  0]LogConfig: Setting CVar [[gc.FlushStreamingOnGC:0]]
[2020.07.02-07.11.19:428][  0]LogConfig: Setting CVar [[gc.NumRetriesBeforeForcingGC:10]]
[2020.07.02-07.11.19:428][  0]LogConfig: Setting CVar [[gc.AllowParallelGC:1]]
[2020.07.02-07.11.19:428][  0]LogConfig: Setting CVar [[gc.TimeBetweenPurgingPendingKillObjects:61.1]]
[2020.07.02-07.11.19:428][  0]LogConfig: Setting CVar [[gc.MaxObjectsInEditor:25165824]]
[2020.07.02-07.11.19:428][  0]LogConfig: Setting CVar [[gc.IncrementalBeginDestroyEnabled:1]]
[2020.07.02-07.11.19:428][  0]LogConfig: Setting CVar [[gc.CreateGCClusters:1]]
[2020.07.02-07.11.19:428][  0]LogConfig: Setting CVar [[gc.MinGCClusterSize:5]]
[2020.07.02-07.11.19:428][  0]LogConfig: Setting CVar [[gc.ActorClusteringEnabled:0]]
[2020.07.02-07.11.19:428][  0]LogConfig: Setting CVar [[gc.BlueprintClusteringEnabled:0]]
[2020.07.02-07.11.19:428][  0]LogConfig: Setting CVar [[gc.UseDisregardForGCOnDedicatedServers:0]]
[2020.07.02-07.11.19:428][  0]LogConfig: Applying CVar settings from Section [/Script/Engine.NetworkSettings] File [D:/Facultad/Unreal/UNREAL2TP/Unreal2TP/Unreal2TP/Saved/Config/Windows/Engine.ini]
[2020.07.02-07.11.19:428][  0]LogConfig: Applying CVar settings from Section [/Script/UnrealEd.CookerSettings] File [D:/Facultad/Unreal/UNREAL2TP/Unreal2TP/Unreal2TP/Saved/Config/Windows/Engine.ini]
[2020.07.02-07.11.19:437][  0]LogConfig: Applying CVar settings from Section [ViewDistanceQuality@3] File [D:/Facultad/Unreal/UNREAL2TP/Unreal2TP/Unreal2TP/Saved/Config/Windows/Scalability.ini]
[2020.07.02-07.11.19:438][  0]LogConfig: Setting CVar [[r.SkeletalMeshLODBias:0]]
[2020.07.02-07.11.19:438][  0]LogConfig: Setting CVar [[r.ViewDistanceScale:1.0]]
[2020.07.02-07.11.19:438][  0]LogConfig: Applying CVar settings from Section [AntiAliasingQuality@3] File [D:/Facultad/Unreal/UNREAL2TP/Unreal2TP/Unreal2TP/Saved/Config/Windows/Scalability.ini]
[2020.07.02-07.11.19:438][  0]LogConfig: Setting CVar [[r.PostProcessAAQuality:4]]
[2020.07.02-07.11.19:438][  0]LogConfig: Applying CVar settings from Section [ShadowQuality@3] File [D:/Facultad/Unreal/UNREAL2TP/Unreal2TP/Unreal2TP/Saved/Config/Windows/Scalability.ini]
[2020.07.02-07.11.19:438][  0]LogConfig: Setting CVar [[r.LightFunctionQuality:1]]
[2020.07.02-07.11.19:438][  0]LogConfig: Setting CVar [[r.ShadowQuality:5]]
[2020.07.02-07.11.19:438][  0]LogConfig: Setting CVar [[r.Shadow.CSM.MaxCascades:10]]
[2020.07.02-07.11.19:438][  0]LogConfig: Setting CVar [[r.Shadow.MaxResolution:2048]]
[2020.07.02-07.11.19:438][  0]LogConfig: Setting CVar [[r.Shadow.MaxCSMResolution:2048]]
[2020.07.02-07.11.19:439][  0]LogConfig: Setting CVar [[r.Shadow.RadiusThreshold:0.01]]
[2020.07.02-07.11.19:439][  0]LogConfig: Setting CVar [[r.Shadow.DistanceScale:1.0]]
[2020.07.02-07.11.19:439][  0]LogConfig: Setting CVar [[r.Shadow.CSM.TransitionScale:1.0]]
[2020.07.02-07.11.19:439][  0]LogConfig: Setting CVar [[r.Shadow.PreShadowResolutionFactor:1.0]]
[2020.07.02-07.11.19:439][  0]LogConfig: Setting CVar [[r.DistanceFieldShadowing:1]]
[2020.07.02-07.11.19:439][  0]LogConfig: Setting CVar [[r.DistanceFieldAO:1]]
[2020.07.02-07.11.19:439][  0]LogConfig: Setting CVar [[r.AOQuality:2]]
[2020.07.02-07.11.19:439][  0]LogConfig: Setting CVar [[r.VolumetricFog:1]]
[2020.07.02-07.11.19:439][  0]LogConfig: Setting CVar [[r.VolumetricFog.GridPixelSize:8]]
[2020.07.02-07.11.19:439][  0]LogConfig: Setting CVar [[r.VolumetricFog.GridSizeZ:128]]
[2020.07.02-07.11.19:439][  0]LogConfig: Setting CVar [[r.VolumetricFog.HistoryMissSupersampleCount:4]]
[2020.07.02-07.11.19:439][  0]LogConfig: Setting CVar [[r.LightMaxDrawDistanceScale:1]]
[2020.07.02-07.11.19:439][  0]LogConfig: Setting CVar [[r.CapsuleShadows:1]]
[2020.07.02-07.11.19:439][  0]LogConfig: Applying CVar settings from Section [PostProcessQuality@3] File [D:/Facultad/Unreal/UNREAL2TP/Unreal2TP/Unreal2TP/Saved/Config/Windows/Scalability.ini]
[2020.07.02-07.11.19:440][  0]LogConfig: Setting CVar [[r.MotionBlurQuality:4]]
[2020.07.02-07.11.19:440][  0]LogConfig: Setting CVar [[r.AmbientOcclusionMipLevelFactor:0.4]]
[2020.07.02-07.11.19:440][  0]LogConfig: Setting CVar [[r.AmbientOcclusionMaxQuality:100]]
[2020.07.02-07.11.19:440][  0]LogConfig: Setting CVar [[r.AmbientOcclusionLevels:-1]]
[2020.07.02-07.11.19:440][  0]LogConfig: Setting CVar [[r.AmbientOcclusionRadiusScale:1.0]]
[2020.07.02-07.11.19:440][  0]LogConfig: Setting CVar [[r.DepthOfFieldQuality:2]]
[2020.07.02-07.11.19:440][  0]LogConfig: Setting CVar [[r.RenderTargetPoolMin:400]]
[2020.07.02-07.11.19:440][  0]LogConfig: Setting CVar [[r.LensFlareQuality:2]]
[2020.07.02-07.11.19:440][  0]LogConfig: Setting CVar [[r.SceneColorFringeQuality:1]]
[2020.07.02-07.11.19:440][  0]LogConfig: Setting CVar [[r.EyeAdaptationQuality:2]]
[2020.07.02-07.11.19:440][  0]LogConfig: Setting CVar [[r.BloomQuality:5]]
[2020.07.02-07.11.19:440][  0]LogConfig: Setting CVar [[r.FastBlurThreshold:100]]
[2020.07.02-07.11.19:440][  0]LogConfig: Setting CVar [[r.Upscale.Quality:3]]
[2020.07.02-07.11.19:440][  0]LogConfig: Setting CVar [[r.Tonemapper.GrainQuantization:1]]
[2020.07.02-07.11.19:440][  0]LogConfig: Setting CVar [[r.LightShaftQuality:1]]
[2020.07.02-07.11.19:440][  0]LogConfig: Setting CVar [[r.Filter.SizeScale:1]]
[2020.07.02-07.11.19:440][  0]LogConfig: Setting CVar [[r.Tonemapper.Quality:5]]
[2020.07.02-07.11.19:440][  0]LogConfig: Setting CVar [[r.DOF.Gather.AccumulatorQuality:1        ; higher gathering accumulator quality]]
[2020.07.02-07.11.19:440][  0]LogConfig: Setting CVar [[r.DOF.Gather.PostfilterMethod:1          ; Median3x3 postfilering method]]
[2020.07.02-07.11.19:440][  0]LogConfig: Setting CVar [[r.DOF.Gather.EnableBokehSettings:0       ; no bokeh simulation when gathering]]
[2020.07.02-07.11.19:440][  0]LogConfig: Setting CVar [[r.DOF.Gather.RingCount:4                 ; medium number of samples when gathering]]
[2020.07.02-07.11.19:440][  0]LogConfig: Setting CVar [[r.DOF.Scatter.ForegroundCompositing:1    ; additive foreground scattering]]
[2020.07.02-07.11.19:440][  0]LogConfig: Setting CVar [[r.DOF.Scatter.BackgroundCompositing:2    ; additive background scattering]]
[2020.07.02-07.11.19:440][  0]LogConfig: Setting CVar [[r.DOF.Scatter.EnableBokehSettings:1      ; bokeh simulation when scattering]]
[2020.07.02-07.11.19:440][  0]LogConfig: Setting CVar [[r.DOF.Scatter.MaxSpriteRatio:0.1         ; only a maximum of 10% of scattered bokeh]]
[2020.07.02-07.11.19:440][  0]LogConfig: Setting CVar [[r.DOF.Recombine.Quality:1                ; cheap slight out of focus]]
[2020.07.02-07.11.19:440][  0]LogConfig: Setting CVar [[r.DOF.Recombine.EnableBokehSettings:0    ; no bokeh simulation on slight out of focus]]
[2020.07.02-07.11.19:440][  0]LogConfig: Setting CVar [[r.DOF.TemporalAAQuality:1                ; more stable temporal accumulation]]
[2020.07.02-07.11.19:440][  0]LogConfig: Setting CVar [[r.DOF.Kernel.MaxForegroundRadius:0.025]]
[2020.07.02-07.11.19:440][  0]LogConfig: Setting CVar [[r.DOF.Kernel.MaxBackgroundRadius:0.025]]
[2020.07.02-07.11.19:440][  0]LogConfig: Applying CVar settings from Section [TextureQuality@3] File [D:/Facultad/Unreal/UNREAL2TP/Unreal2TP/Unreal2TP/Saved/Config/Windows/Scalability.ini]
[2020.07.02-07.11.19:440][  0]LogConfig: Setting CVar [[r.Streaming.MipBias:0]]
[2020.07.02-07.11.19:440][  0]LogConfig: Setting CVar [[r.Streaming.AmortizeCPUToGPUCopy:0]]
[2020.07.02-07.11.19:440][  0]LogConfig: Setting CVar [[r.Streaming.MaxNumTexturesToStreamPerFrame:0]]
[2020.07.02-07.11.19:441][  0]LogConfig: Setting CVar [[r.Streaming.Boost:1]]
[2020.07.02-07.11.19:441][  0]LogConfig: Setting CVar [[r.MaxAnisotropy:8]]
[2020.07.02-07.11.19:441][  0]LogConfig: Setting CVar [[r.VT.MaxAnisotropy:8]]
[2020.07.02-07.11.19:441][  0]LogConfig: Setting CVar [[r.Streaming.LimitPoolSizeToVRAM:0]]
[2020.07.02-07.11.19:441][  0]LogConfig: Setting CVar [[r.Streaming.PoolSize:1000]]
[2020.07.02-07.11.19:441][  0]LogConfig: Setting CVar [[r.Streaming.MaxEffectiveScreenSize:0]]
[2020.07.02-07.11.19:441][  0]LogConfig: Applying CVar settings from Section [EffectsQuality@3] File [D:/Facultad/Unreal/UNREAL2TP/Unreal2TP/Unreal2TP/Saved/Config/Windows/Scalability.ini]
[2020.07.02-07.11.19:441][  0]LogConfig: Setting CVar [[r.TranslucencyLightingVolumeDim:64]]
[2020.07.02-07.11.19:441][  0]LogConfig: Setting CVar [[r.RefractionQuality:2]]
[2020.07.02-07.11.19:441][  0]LogConfig: Setting CVar [[r.SSR.Quality:3]]
[2020.07.02-07.11.19:441][  0]LogConfig: Setting CVar [[r.SSR.HalfResSceneColor:0]]
[2020.07.02-07.11.19:441][  0]LogConfig: Setting CVar [[r.SceneColorFormat:4]]
[2020.07.02-07.11.19:441][  0]LogConfig: Setting CVar [[r.DetailMode:2]]
[2020.07.02-07.11.19:441][  0]LogConfig: Setting CVar [[r.TranslucencyVolumeBlur:1]]
[2020.07.02-07.11.19:441][  0]LogConfig: Setting CVar [[r.MaterialQualityLevel:1 ; High quality]]
[2020.07.02-07.11.19:441][  0]LogConfig: Setting CVar [[r.SSS.Scale:1]]
[2020.07.02-07.11.19:441][  0]LogConfig: Setting CVar [[r.SSS.SampleSet:2]]
[2020.07.02-07.11.19:441][  0]LogConfig: Setting CVar [[r.SSS.Quality:1]]
[2020.07.02-07.11.19:441][  0]LogConfig: Setting CVar [[r.SSS.HalfRes:1]]
[2020.07.02-07.11.19:441][  0]LogConfig: Setting CVar [[r.SSGI.Quality:3]]
[2020.07.02-07.11.19:441][  0]LogConfig: Setting CVar [[r.EmitterSpawnRateScale:1.0]]
[2020.07.02-07.11.19:441][  0]LogConfig: Setting CVar [[r.ParticleLightQuality:2]]
[2020.07.02-07.11.19:441][  0]LogConfig: Setting CVar [[r.SkyAtmosphere.AerialPerspectiveLUT.FastApplyOnOpaque:1 ; Always have FastSkyLUT 1 in this case to avoid wrong sky]]
[2020.07.02-07.11.19:441][  0]LogConfig: Setting CVar [[r.SkyAtmosphere.AerialPerspectiveLUT.SampleCountPerSlice:1]]
[2020.07.02-07.11.19:441][  0]LogConfig: Setting CVar [[r.SkyAtmosphere.AerialPerspectiveLUT.DepthResolution:16.0]]
[2020.07.02-07.11.19:441][  0]LogConfig: Setting CVar [[r.SkyAtmosphere.FastSkyLUT:1]]
[2020.07.02-07.11.19:441][  0]LogConfig: Setting CVar [[r.SkyAtmosphere.FastSkyLUT.SampleCountMin:4.0]]
[2020.07.02-07.11.19:441][  0]LogConfig: Setting CVar [[r.SkyAtmosphere.FastSkyLUT.SampleCountMax:32.0]]
[2020.07.02-07.11.19:441][  0]LogConfig: Setting CVar [[r.SkyAtmosphere.SampleCountMin:4.0]]
[2020.07.02-07.11.19:441][  0]LogConfig: Setting CVar [[r.SkyAtmosphere.SampleCountMax:32.0]]
[2020.07.02-07.11.19:441][  0]LogConfig: Setting CVar [[r.SkyAtmosphere.TransmittanceLUT.UseSmallFormat:0]]
[2020.07.02-07.11.19:441][  0]LogConfig: Setting CVar [[r.SkyAtmosphere.TransmittanceLUT.SampleCount:10.0]]
[2020.07.02-07.11.19:441][  0]LogConfig: Setting CVar [[r.SkyAtmosphere.MultiScatteringLUT.SampleCount:15.0]]
[2020.07.02-07.11.19:441][  0]LogConfig: Applying CVar settings from Section [FoliageQuality@3] File [D:/Facultad/Unreal/UNREAL2TP/Unreal2TP/Unreal2TP/Saved/Config/Windows/Scalability.ini]
[2020.07.02-07.11.19:441][  0]LogConfig: Setting CVar [[foliage.DensityScale:1.0]]
[2020.07.02-07.11.19:441][  0]LogConfig: Setting CVar [[grass.DensityScale:1.0]]
[2020.07.02-07.11.19:441][  0]LogConfig: Applying CVar settings from Section [ShadingQuality@3] File [D:/Facultad/Unreal/UNREAL2TP/Unreal2TP/Unreal2TP/Saved/Config/Windows/Scalability.ini]
[2020.07.02-07.11.19:441][  0]LogConfig: Setting CVar [[r.HairStrands.SkyLighting.SampleCount:16]]
[2020.07.02-07.11.19:441][  0]LogConfig: Setting CVar [[r.HairStrands.SkyLighting.JitterIntegration:0]]
[2020.07.02-07.11.19:441][  0]LogConfig: Setting CVar [[r.HairStrands.SkyAO.SampleCount:16]]
[2020.07.02-07.11.19:442][  0]LogInit: Selected Device Profile: [Windows]
[2020.07.02-07.11.19:442][  0]LogInit: Applying CVar settings loaded from the selected device profile: [Windows]
[2020.07.02-07.11.19:443][  0]LogHAL: Display: Platform has ~ 16 GB [17096769536 / 17179869184 / 16], which maps to Larger [LargestMinGB=32, LargerMinGB=12, DefaultMinGB=8, SmallerMinGB=6, SmallestMinGB=0)
[2020.07.02-07.11.19:443][  0]LogInit: Going up to parent DeviceProfile []
[2020.07.02-07.11.19:443][  0]LogConfig: Applying CVar settings from Section [ViewDistanceQuality@3] File [D:/Facultad/Unreal/UNREAL2TP/Unreal2TP/Unreal2TP/Saved/Config/Windows/Scalability.ini]
[2020.07.02-07.11.19:443][  0]LogConfig: Setting CVar [[r.SkeletalMeshLODBias:0]]
[2020.07.02-07.11.19:443][  0]LogConfig: Setting CVar [[r.ViewDistanceScale:1.0]]
[2020.07.02-07.11.19:443][  0]LogConfig: Applying CVar settings from Section [AntiAliasingQuality@3] File [D:/Facultad/Unreal/UNREAL2TP/Unreal2TP/Unreal2TP/Saved/Config/Windows/Scalability.ini]
[2020.07.02-07.11.19:443][  0]LogConfig: Setting CVar [[r.PostProcessAAQuality:4]]
[2020.07.02-07.11.19:443][  0]LogConfig: Applying CVar settings from Section [ShadowQuality@3] File [D:/Facultad/Unreal/UNREAL2TP/Unreal2TP/Unreal2TP/Saved/Config/Windows/Scalability.ini]
[2020.07.02-07.11.19:443][  0]LogConfig: Setting CVar [[r.LightFunctionQuality:1]]
[2020.07.02-07.11.19:443][  0]LogConfig: Setting CVar [[r.ShadowQuality:5]]
[2020.07.02-07.11.19:443][  0]LogConfig: Setting CVar [[r.Shadow.CSM.MaxCascades:10]]
[2020.07.02-07.11.19:444][  0]LogConfig: Setting CVar [[r.Shadow.MaxResolution:2048]]
[2020.07.02-07.11.19:444][  0]LogConfig: Setting CVar [[r.Shadow.MaxCSMResolution:2048]]
[2020.07.02-07.11.19:444][  0]LogConfig: Setting CVar [[r.Shadow.RadiusThreshold:0.01]]
[2020.07.02-07.11.19:444][  0]LogConfig: Setting CVar [[r.Shadow.DistanceScale:1.0]]
[2020.07.02-07.11.19:444][  0]LogConfig: Setting CVar [[r.Shadow.CSM.TransitionScale:1.0]]
[2020.07.02-07.11.19:444][  0]LogConfig: Setting CVar [[r.Shadow.PreShadowResolutionFactor:1.0]]
[2020.07.02-07.11.19:444][  0]LogConfig: Setting CVar [[r.DistanceFieldShadowing:1]]
[2020.07.02-07.11.19:444][  0]LogConfig: Setting CVar [[r.DistanceFieldAO:1]]
[2020.07.02-07.11.19:444][  0]LogConfig: Setting CVar [[r.AOQuality:2]]
[2020.07.02-07.11.19:444][  0]LogConfig: Setting CVar [[r.VolumetricFog:1]]
[2020.07.02-07.11.19:444][  0]LogConfig: Setting CVar [[r.VolumetricFog.GridPixelSize:8]]
[2020.07.02-07.11.19:444][  0]LogConfig: Setting CVar [[r.VolumetricFog.GridSizeZ:128]]
[2020.07.02-07.11.19:444][  0]LogConfig: Setting CVar [[r.VolumetricFog.HistoryMissSupersampleCount:4]]
[2020.07.02-07.11.19:444][  0]LogConfig: Setting CVar [[r.LightMaxDrawDistanceScale:1]]
[2020.07.02-07.11.19:444][  0]LogConfig: Setting CVar [[r.CapsuleShadows:1]]
[2020.07.02-07.11.19:444][  0]LogConfig: Applying CVar settings from Section [PostProcessQuality@3] File [D:/Facultad/Unreal/UNREAL2TP/Unreal2TP/Unreal2TP/Saved/Config/Windows/Scalability.ini]
[2020.07.02-07.11.19:444][  0]LogConfig: Setting CVar [[r.MotionBlurQuality:4]]
[2020.07.02-07.11.19:444][  0]LogConfig: Setting CVar [[r.AmbientOcclusionMipLevelFactor:0.4]]
[2020.07.02-07.11.19:444][  0]LogConfig: Setting CVar [[r.AmbientOcclusionMaxQuality:100]]
[2020.07.02-07.11.19:444][  0]LogConfig: Setting CVar [[r.AmbientOcclusionLevels:-1]]
[2020.07.02-07.11.19:444][  0]LogConfig: Setting CVar [[r.AmbientOcclusionRadiusScale:1.0]]
[2020.07.02-07.11.19:444][  0]LogConfig: Setting CVar [[r.DepthOfFieldQuality:2]]
[2020.07.02-07.11.19:444][  0]LogConfig: Setting CVar [[r.RenderTargetPoolMin:400]]
[2020.07.02-07.11.19:444][  0]LogConfig: Setting CVar [[r.LensFlareQuality:2]]
[2020.07.02-07.11.19:444][  0]LogConfig: Setting CVar [[r.SceneColorFringeQuality:1]]
[2020.07.02-07.11.19:444][  0]LogConfig: Setting CVar [[r.EyeAdaptationQuality:2]]
[2020.07.02-07.11.19:444][  0]LogConfig: Setting CVar [[r.BloomQuality:5]]
[2020.07.02-07.11.19:444][  0]LogConfig: Setting CVar [[r.FastBlurThreshold:100]]
[2020.07.02-07.11.19:444][  0]LogConfig: Setting CVar [[r.Upscale.Quality:3]]
[2020.07.02-07.11.19:444][  0]LogConfig: Setting CVar [[r.Tonemapper.GrainQuantization:1]]
[2020.07.02-07.11.19:444][  0]LogConfig: Setting CVar [[r.LightShaftQuality:1]]
[2020.07.02-07.11.19:444][  0]LogConfig: Setting CVar [[r.Filter.SizeScale:1]]
[2020.07.02-07.11.19:444][  0]LogConfig: Setting CVar [[r.Tonemapper.Quality:5]]
[2020.07.02-07.11.19:444][  0]LogConfig: Setting CVar [[r.DOF.Gather.AccumulatorQuality:1        ; higher gathering accumulator quality]]
[2020.07.02-07.11.19:444][  0]LogConfig: Setting CVar [[r.DOF.Gather.PostfilterMethod:1          ; Median3x3 postfilering method]]
[2020.07.02-07.11.19:444][  0]LogConfig: Setting CVar [[r.DOF.Gather.EnableBokehSettings:0       ; no bokeh simulation when gathering]]
[2020.07.02-07.11.19:444][  0]LogConfig: Setting CVar [[r.DOF.Gather.RingCount:4                 ; medium number of samples when gathering]]
[2020.07.02-07.11.19:444][  0]LogConfig: Setting CVar [[r.DOF.Scatter.ForegroundCompositing:1    ; additive foreground scattering]]
[2020.07.02-07.11.19:444][  0]LogConfig: Setting CVar [[r.DOF.Scatter.BackgroundCompositing:2    ; additive background scattering]]
[2020.07.02-07.11.19:444][  0]LogConfig: Setting CVar [[r.DOF.Scatter.EnableBokehSettings:1      ; bokeh simulation when scattering]]
[2020.07.02-07.11.19:444][  0]LogConfig: Setting CVar [[r.DOF.Scatter.MaxSpriteRatio:0.1         ; only a maximum of 10% of scattered bokeh]]
[2020.07.02-07.11.19:445][  0]LogConfig: Setting CVar [[r.DOF.Recombine.Quality:1                ; cheap slight out of focus]]
[2020.07.02-07.11.19:445][  0]LogConfig: Setting CVar [[r.DOF.Recombine.EnableBokehSettings:0    ; no bokeh simulation on slight out of focus]]
[2020.07.02-07.11.19:445][  0]LogConfig: Setting CVar [[r.DOF.TemporalAAQuality:1                ; more stable temporal accumulation]]
[2020.07.02-07.11.19:445][  0]LogConfig: Setting CVar [[r.DOF.Kernel.MaxForegroundRadius:0.025]]
[2020.07.02-07.11.19:445][  0]LogConfig: Setting CVar [[r.DOF.Kernel.MaxBackgroundRadius:0.025]]
[2020.07.02-07.11.19:445][  0]LogConfig: Applying CVar settings from Section [TextureQuality@3] File [D:/Facultad/Unreal/UNREAL2TP/Unreal2TP/Unreal2TP/Saved/Config/Windows/Scalability.ini]
[2020.07.02-07.11.19:445][  0]LogConfig: Setting CVar [[r.Streaming.MipBias:0]]
[2020.07.02-07.11.19:445][  0]LogConfig: Setting CVar [[r.Streaming.AmortizeCPUToGPUCopy:0]]
[2020.07.02-07.11.19:445][  0]LogConfig: Setting CVar [[r.Streaming.MaxNumTexturesToStreamPerFrame:0]]
[2020.07.02-07.11.19:445][  0]LogConfig: Setting CVar [[r.Streaming.Boost:1]]
[2020.07.02-07.11.19:445][  0]LogConfig: Setting CVar [[r.MaxAnisotropy:8]]
[2020.07.02-07.11.19:445][  0]LogConfig: Setting CVar [[r.VT.MaxAnisotropy:8]]
[2020.07.02-07.11.19:445][  0]LogConfig: Setting CVar [[r.Streaming.LimitPoolSizeToVRAM:0]]
[2020.07.02-07.11.19:445][  0]LogConfig: Setting CVar [[r.Streaming.PoolSize:1000]]
[2020.07.02-07.11.19:445][  0]LogConfig: Setting CVar [[r.Streaming.MaxEffectiveScreenSize:0]]
[2020.07.02-07.11.19:445][  0]LogConfig: Applying CVar settings from Section [EffectsQuality@3] File [D:/Facultad/Unreal/UNREAL2TP/Unreal2TP/Unreal2TP/Saved/Config/Windows/Scalability.ini]
[2020.07.02-07.11.19:445][  0]LogConfig: Setting CVar [[r.TranslucencyLightingVolumeDim:64]]
[2020.07.02-07.11.19:445][  0]LogConfig: Setting CVar [[r.RefractionQuality:2]]
[2020.07.02-07.11.19:445][  0]LogConfig: Setting CVar [[r.SSR.Quality:3]]
[2020.07.02-07.11.19:445][  0]LogConfig: Setting CVar [[r.SSR.HalfResSceneColor:0]]
[2020.07.02-07.11.19:445][  0]LogConfig: Setting CVar [[r.SceneColorFormat:4]]
[2020.07.02-07.11.19:445][  0]LogConfig: Setting CVar [[r.DetailMode:2]]
[2020.07.02-07.11.19:445][  0]LogConfig: Setting CVar [[r.TranslucencyVolumeBlur:1]]
[2020.07.02-07.11.19:445][  0]LogConfig: Setting CVar [[r.MaterialQualityLevel:1 ; High quality]]
[2020.07.02-07.11.19:445][  0]LogConfig: Setting CVar [[r.SSS.Scale:1]]
[2020.07.02-07.11.19:445][  0]LogConfig: Setting CVar [[r.SSS.SampleSet:2]]
[2020.07.02-07.11.19:445][  0]LogConfig: Setting CVar [[r.SSS.Quality:1]]
[2020.07.02-07.11.19:445][  0]LogConfig: Setting CVar [[r.SSS.HalfRes:1]]
[2020.07.02-07.11.19:445][  0]LogConfig: Setting CVar [[r.SSGI.Quality:3]]
[2020.07.02-07.11.19:445][  0]LogConfig: Setting CVar [[r.EmitterSpawnRateScale:1.0]]
[2020.07.02-07.11.19:445][  0]LogConfig: Setting CVar [[r.ParticleLightQuality:2]]
[2020.07.02-07.11.19:445][  0]LogConfig: Setting CVar [[r.SkyAtmosphere.AerialPerspectiveLUT.FastApplyOnOpaque:1 ; Always have FastSkyLUT 1 in this case to avoid wrong sky]]
[2020.07.02-07.11.19:445][  0]LogConfig: Setting CVar [[r.SkyAtmosphere.AerialPerspectiveLUT.SampleCountPerSlice:1]]
[2020.07.02-07.11.19:445][  0]LogConfig: Setting CVar [[r.SkyAtmosphere.AerialPerspectiveLUT.DepthResolution:16.0]]
[2020.07.02-07.11.19:445][  0]LogConfig: Setting CVar [[r.SkyAtmosphere.FastSkyLUT:1]]
[2020.07.02-07.11.19:445][  0]LogConfig: Setting CVar [[r.SkyAtmosphere.FastSkyLUT.SampleCountMin:4.0]]
[2020.07.02-07.11.19:445][  0]LogConfig: Setting CVar [[r.SkyAtmosphere.FastSkyLUT.SampleCountMax:32.0]]
[2020.07.02-07.11.19:445][  0]LogConfig: Setting CVar [[r.SkyAtmosphere.SampleCountMin:4.0]]
[2020.07.02-07.11.19:445][  0]LogConfig: Setting CVar [[r.SkyAtmosphere.SampleCountMax:32.0]]
[2020.07.02-07.11.19:446][  0]LogConfig: Setting CVar [[r.SkyAtmosphere.TransmittanceLUT.UseSmallFormat:0]]
[2020.07.02-07.11.19:446][  0]LogConfig: Setting CVar [[r.SkyAtmosphere.TransmittanceLUT.SampleCount:10.0]]
[2020.07.02-07.11.19:446][  0]LogConfig: Setting CVar [[r.SkyAtmosphere.MultiScatteringLUT.SampleCount:15.0]]
[2020.07.02-07.11.19:446][  0]LogConfig: Applying CVar settings from Section [FoliageQuality@3] File [D:/Facultad/Unreal/UNREAL2TP/Unreal2TP/Unreal2TP/Saved/Config/Windows/Scalability.ini]
[2020.07.02-07.11.19:446][  0]LogConfig: Setting CVar [[foliage.DensityScale:1.0]]
[2020.07.02-07.11.19:446][  0]LogConfig: Setting CVar [[grass.DensityScale:1.0]]
[2020.07.02-07.11.19:446][  0]LogConfig: Applying CVar settings from Section [ShadingQuality@3] File [D:/Facultad/Unreal/UNREAL2TP/Unreal2TP/Unreal2TP/Saved/Config/Windows/Scalability.ini]
[2020.07.02-07.11.19:446][  0]LogConfig: Setting CVar [[r.HairStrands.SkyLighting.SampleCount:16]]
[2020.07.02-07.11.19:446][  0]LogConfig: Setting CVar [[r.HairStrands.SkyLighting.JitterIntegration:0]]
[2020.07.02-07.11.19:446][  0]LogConfig: Setting CVar [[r.HairStrands.SkyAO.SampleCount:16]]
[2020.07.02-07.11.19:446][  0]LogConfig: Applying CVar settings from Section [Startup] File [../../../Engine/Config/ConsoleVariables.ini]
[2020.07.02-07.11.19:446][  0]LogConfig: Setting CVar [[net.UseAdaptiveNetUpdateFrequency:0]]
[2020.07.02-07.11.19:446][  0]LogConfig: Setting CVar [[p.chaos.AllowCreatePhysxBodies:1]]
[2020.07.02-07.11.19:446][  0]LogConfig: Applying CVar settings from Section [ConsoleVariables] File [D:/Facultad/Unreal/UNREAL2TP/Unreal2TP/Unreal2TP/Saved/Config/Windows/Engine.ini]
[2020.07.02-07.11.19:446][  0]LogInit: Computer: DESKTOP-27BOLO1
[2020.07.02-07.11.19:446][  0]LogInit: User: Facundo
[2020.07.02-07.11.19:446][  0]LogInit: CPU Page size=4096, Cores=8
[2020.07.02-07.11.19:446][  0]LogInit: High frequency timer resolution =10.000000 MHz
[2020.07.02-07.11.19:446][  0]LogMemory: Memory total: Physical=15.9GB (16GB approx)
[2020.07.02-07.11.19:446][  0]LogMemory: Platform Memory Stats for Windows
[2020.07.02-07.11.19:446][  0]LogMemory: Process Physical Memory: 106.16 MB used, 106.16 MB peak
[2020.07.02-07.11.19:446][  0]LogMemory: Process Virtual Memory: 100.95 MB used, 100.95 MB peak
[2020.07.02-07.11.19:447][  0]LogMemory: Physical Memory: 7510.12 MB used,  8794.63 MB free, 16304.75 MB total
[2020.07.02-07.11.19:447][  0]LogMemory: Virtual Memory: 5107.20 MB used,  134212624.00 MB free, 134217728.00 MB total
[2020.07.02-07.11.19:451][  0]LogWindows: WindowsPlatformFeatures enabled
[2020.07.02-07.11.19:520][  0]LogInit: Using OS detected language (en-US).
[2020.07.02-07.11.19:520][  0]LogInit: Using OS detected locale (en-US).
[2020.07.02-07.11.19:521][  0]LogTextLocalizationManager: No specific localization for 'en-US' exists, so the 'en' localization will be used.
[2020.07.02-07.11.19:624][  0]LogInit: Setting process to per monitor DPI aware
[2020.07.02-07.11.19:665][  0]LogSlate: New Slate User Created.  User Index 0, Is Virtual User: 0
[2020.07.02-07.11.19:665][  0]LogSlate: Slate User Registered.  User Index 0, Is Virtual User: 0
[2020.07.02-07.11.19:775][  0]LogHMD: Failed to initialize OpenVR with code 110
[2020.07.02-07.11.19:775][  0]LogD3D11RHI: D3D11 min allowed feature level: 11_0
[2020.07.02-07.11.19:775][  0]LogD3D11RHI: D3D11 max allowed feature level: 11_0
[2020.07.02-07.11.19:776][  0]LogD3D11RHI: D3D11 adapters:
[2020.07.02-07.11.19:836][  0]LogD3D11RHI:    0. 'NVIDIA GeForce GTX 1070' (Feature Level 11_0)
[2020.07.02-07.11.19:836][  0]LogD3D11RHI:       8088/0/8152 MB DedicatedVideo/DedicatedSystem/SharedSystem, Outputs:3, VendorId:0x10de
[2020.07.02-07.11.19:841][  0]LogD3D11RHI:    1. 'Microsoft Basic Render Driver' (Feature Level 11_0)
[2020.07.02-07.11.19:841][  0]LogD3D11RHI:       0/0/8152 MB DedicatedVideo/DedicatedSystem/SharedSystem, Outputs:0, VendorId:0x1414
[2020.07.02-07.11.19:841][  0]LogD3D11RHI: Chosen D3D11 Adapter: 0
[2020.07.02-07.11.19:847][  0]LogD3D11RHI: Creating new Direct3DDevice
[2020.07.02-07.11.19:847][  0]LogD3D11RHI:     GPU DeviceId: 0x1b81 (for the marketing name, search the web for "GPU Device Id")
[2020.07.02-07.11.19:847][  0]LogWindows: EnumDisplayDevices:
[2020.07.02-07.11.19:848][  0]LogWindows:    0. 'NVIDIA GeForce GTX 1070' (P:1 D:1)
[2020.07.02-07.11.19:848][  0]LogWindows:    1. 'NVIDIA GeForce GTX 1070' (P:0 D:1)
[2020.07.02-07.11.19:848][  0]LogWindows:    2. 'NVIDIA GeForce GTX 1070' (P:0 D:1)
[2020.07.02-07.11.19:849][  0]LogWindows:    3. 'NVIDIA GeForce GTX 1070' (P:0 D:0)
[2020.07.02-07.11.19:849][  0]LogWindows: DebugString: FoundDriverCount:4 
[2020.07.02-07.11.19:849][  0]LogD3D11RHI:     Adapter Name: NVIDIA GeForce GTX 1070
[2020.07.02-07.11.19:849][  0]LogD3D11RHI:   Driver Version: 446.14 (internal:26.21.14.4614, unified:446.14)
[2020.07.02-07.11.19:849][  0]LogD3D11RHI:      Driver Date: 5-15-2020
[2020.07.02-07.11.19:849][  0]LogRHI: Texture pool is 5661 MB (70% of 8088 MB)
[2020.07.02-07.11.19:887][  0]LogD3D11RHI: RHI has support for 64 bit atomics
[2020.07.02-07.11.19:887][  0]LogD3D11RHI: Async texture creation enabled
[2020.07.02-07.11.19:903][  0]LogD3D11RHI: GPU Timing Frequency: 1000.000000 (Debug: 2 1)
[2020.07.02-07.11.20:124][  0]LogTargetPlatformManager: Display: Loaded TargetPlatform 'AllDesktop'
[2020.07.02-07.11.20:149][  0]LogTargetPlatformManager: Display: Loaded TargetPlatform 'Android'
[2020.07.02-07.11.20:149][  0]LogTargetPlatformManager: Display: Loaded TargetPlatform 'Android_ASTC'
[2020.07.02-07.11.20:149][  0]LogTargetPlatformManager: Display: Loaded TargetPlatform 'Android_ATC'
[2020.07.02-07.11.20:149][  0]LogTargetPlatformManager: Display: Loaded TargetPlatform 'Android_DXT'
[2020.07.02-07.11.20:149][  0]LogTargetPlatformManager: Display: Loaded TargetPlatform 'Android_ETC1'
[2020.07.02-07.11.20:149][  0]LogTargetPlatformManager: Display: Loaded TargetPlatform 'Android_ETC1a'
[2020.07.02-07.11.20:149][  0]LogTargetPlatformManager: Display: Loaded TargetPlatform 'Android_ETC2'
[2020.07.02-07.11.20:149][  0]LogTargetPlatformManager: Display: Loaded TargetPlatform 'Android_PVRTC'
[2020.07.02-07.11.20:149][  0]LogTargetPlatformManager: Display: Loaded TargetPlatform 'AndroidClient'
[2020.07.02-07.11.20:149][  0]LogTargetPlatformManager: Display: Loaded TargetPlatform 'Android_ASTCClient'
[2020.07.02-07.11.20:149][  0]LogTargetPlatformManager: Display: Loaded TargetPlatform 'Android_ATCClient'
[2020.07.02-07.11.20:149][  0]LogTargetPlatformManager: Display: Loaded TargetPlatform 'Android_DXTClient'
[2020.07.02-07.11.20:150][  0]LogTargetPlatformManager: Display: Loaded TargetPlatform 'Android_ETC1Client'
[2020.07.02-07.11.20:150][  0]LogTargetPlatformManager: Display: Loaded TargetPlatform 'Android_ETC1aClient'
[2020.07.02-07.11.20:150][  0]LogTargetPlatformManager: Display: Loaded TargetPlatform 'Android_ETC2Client'
[2020.07.02-07.11.20:150][  0]LogTargetPlatformManager: Display: Loaded TargetPlatform 'Android_PVRTCClient'
[2020.07.02-07.11.20:150][  0]LogTargetPlatformManager: Display: Loaded TargetPlatform 'Android_Multi'
[2020.07.02-07.11.20:150][  0]LogTargetPlatformManager: Display: Loaded TargetPlatform 'Android_MultiClient'
[2020.07.02-07.11.20:167][  0]LogTargetPlatformManager: Display: Loaded TargetPlatform 'IOSClient'
[2020.07.02-07.11.20:167][  0]LogTargetPlatformManager: Display: Loaded TargetPlatform 'IOS'
[2020.07.02-07.11.20:174][  0]LogTargetPlatformManager: Display: Loaded TargetPlatform 'LinuxNoEditor'
[2020.07.02-07.11.20:180][  0]LogTargetPlatformManager: Display: Loaded TargetPlatform 'LinuxClient'
[2020.07.02-07.11.20:190][  0]LogTargetPlatformManager: Display: Loaded TargetPlatform 'LinuxServer'
[2020.07.02-07.11.20:196][  0]LogTargetPlatformManager: Display: Loaded TargetPlatform 'LinuxAArch64NoEditor'
[2020.07.02-07.11.20:202][  0]LogTargetPlatformManager: Display: Loaded TargetPlatform 'LinuxAArch64Client'
[2020.07.02-07.11.20:209][  0]LogTargetPlatformManager: Display: Loaded TargetPlatform 'LinuxAArch64Server'
[2020.07.02-07.11.20:227][  0]LogTargetPlatformManager: Display: Loaded TargetPlatform 'Lumin'
[2020.07.02-07.11.20:227][  0]LogTargetPlatformManager: Display: Loaded TargetPlatform 'LuminClient'
[2020.07.02-07.11.20:237][  0]LogTargetPlatformManager: Display: Loaded TargetPlatform 'TVOSClient'
[2020.07.02-07.11.20:237][  0]LogTargetPlatformManager: Display: Loaded TargetPlatform 'TVOS'
[2020.07.02-07.11.20:245][  0]LogTargetPlatformManager: Display: Loaded TargetPlatform 'WindowsNoEditor'
[2020.07.02-07.11.20:250][  0]LogTargetPlatformManager: Display: Loaded TargetPlatform 'Windows'
[2020.07.02-07.11.20:256][  0]LogTargetPlatformManager: Display: Loaded TargetPlatform 'WindowsClient'
[2020.07.02-07.11.20:262][  0]LogTargetPlatformManager: Display: Loaded TargetPlatform 'WindowsServer'
[2020.07.02-07.11.20:262][  0]LogTargetPlatformManager: Display: Building Assets For Windows
[2020.07.02-07.11.20:269][  0]LogAudioDebug: Display: Lib vorbis DLL was dynamically loaded.
[2020.07.02-07.11.20:308][  0]LogShaderCompilers: Guid format shader working directory is -9 characters bigger than the processId version (../../../../Facultad/Unreal/UNREAL2TP/Unreal2TP/Unreal2TP/Intermediate/Shaders/WorkingDirectory/1528/).
[2020.07.02-07.11.20:308][  0]LogShaderCompilers: Cleaned the shader compiler working directory 'C:/Users/Facundo/AppData/Local/Temp/UnrealShaderWorkingDir/D6D6288C4FDB478AC2ADC48FDB6AD9D8/'.
[2020.07.02-07.11.20:309][  0]LogXGEController: Cleaning working directory: C:/Users/Facundo/AppData/Local/Temp/UnrealXGEWorkingDir/
[2020.07.02-07.11.20:309][  0]LogXGEController: Cannot use XGE Controller as Incredibuild is not installed on this machine.
[2020.07.02-07.11.20:309][  0]LogShaderCompilers: Cannot use XGE Shader Compiler as Incredibuild is not installed on this machine.
[2020.07.02-07.11.20:309][  0]LogShaderCompilers: Display: Using Local Shader Compiler.
[2020.07.02-07.11.20:838][  0]LogDerivedDataCache: Display: Max Cache Size: 512 MB
[2020.07.02-07.11.20:885][  0]LogDerivedDataCache: Loaded boot cache 0.05s 82MB C:/Users/Facundo/AppData/Local/UnrealEngine/4.24/DerivedDataCache/Boot.ddc.
[2020.07.02-07.11.20:885][  0]LogDerivedDataCache: Display: Loaded Boot cache: C:/Users/Facundo/AppData/Local/UnrealEngine/4.24/DerivedDataCache/Boot.ddc
[2020.07.02-07.11.20:885][  0]LogDerivedDataCache: FDerivedDataBackendGraph:  Pak pak cache file ../../../../Facultad/Unreal/UNREAL2TP/Unreal2TP/Unreal2TP/DerivedDataCache/DDC.ddp not found, will not use a pak cache.
[2020.07.02-07.11.20:885][  0]LogDerivedDataCache: Unable to find inner node Pak for hierarchical cache Hierarchy.
[2020.07.02-07.11.20:885][  0]LogDerivedDataCache: FDerivedDataBackendGraph:  CompressedPak pak cache file ../../../../Facultad/Unreal/UNREAL2TP/Unreal2TP/Unreal2TP/DerivedDataCache/Compressed.ddp not found, will not use a pak cache.
[2020.07.02-07.11.20:885][  0]LogDerivedDataCache: Unable to find inner node CompressedPak for hierarchical cache Hierarchy.
[2020.07.02-07.11.20:893][  0]LogDerivedDataCache: Display: Pak cache opened for reading ../../../Engine/DerivedDataCache/Compressed.ddp.
[2020.07.02-07.11.20:894][  0]LogDerivedDataCache: FDerivedDataBackendGraph:  EnterprisePak pak cache file ../../../Enterprise/DerivedDataCache/Compressed.ddp not found, will not use a pak cache.
[2020.07.02-07.11.20:894][  0]LogDerivedDataCache: Unable to find inner node EnterprisePak for hierarchical cache Hierarchy.
[2020.07.02-07.11.20:895][  0]LogDerivedDataCache: Using Local data cache path C:/Users/Facundo/AppData/Local/UnrealEngine/Common/DerivedDataCache: Writable
[2020.07.02-07.11.20:896][  0]LogDerivedDataCache: Shared data cache path not found in *engine.ini, will not use an Shared cache.
[2020.07.02-07.11.20:896][  0]LogDerivedDataCache: Unable to find inner node Shared for hierarchical cache Hierarchy.
[2020.07.02-07.11.20:914][  0]LogMaterial: Verifying Global Shaders for PCD3D_SM5
[2020.07.02-07.11.20:916][  0]LogSlate: Using FreeType 2.10.0
[2020.07.02-07.11.20:917][  0]LogSlate: SlateFontServices - WITH_FREETYPE: 1, WITH_HARFBUZZ: 1
[2020.07.02-07.11.20:960][  0]LogAssetRegistry: FAssetRegistry took 0.0040 seconds to start up
[2020.07.02-07.11.21:161][  0]LogInit: Selected Device Profile: [Windows]
[2020.07.02-07.11.21:281][  0]LogMeshReduction: Using QuadricMeshReduction for automatic static mesh reduction
[2020.07.02-07.11.21:282][  0]LogMeshReduction: Using SimplygonMeshReduction for automatic skeletal mesh reduction
[2020.07.02-07.11.21:282][  0]LogMeshReduction: Using ProxyLODMeshReduction for automatic mesh merging
[2020.07.02-07.11.21:282][  0]LogMeshReduction: No distributed automatic mesh merging module available
[2020.07.02-07.11.21:282][  0]LogMeshMerging: No distributed automatic mesh merging module available
[2020.07.02-07.11.21:297][  0]LogNetVersion: Unreal2TP 1.0.0, NetCL: 10570792, EngineNetVer: 13, GameNetVer: 0 (Checksum: 317678641)
[2020.07.02-07.11.22:044][  0]LogPackageLocalizationCache: Processed 10 localized package path(s) for 1 prioritized culture(s) in 0.022569 seconds
[2020.07.02-07.11.22:050][  0]LogUObjectArray: 46750 objects as part of root set at end of initial load.
[2020.07.02-07.11.22:050][  0]LogUObjectAllocator: 8137160 out of 0 bytes used by permanent object pool.
[2020.07.02-07.11.22:050][  0]LogUObjectArray: CloseDisregardForGC: 0/0 objects in disregard for GC pool
[2020.07.02-07.11.22:412][  0]LogTcpMessaging: Initializing TcpMessaging bridge
[2020.07.02-07.11.22:417][  0]LogUdpMessaging: Initializing bridge on interface 0.0.0.0:0 to multicast group 230.0.0.1:6666.
[2020.07.02-07.11.22:621][  0]SourceControl: Source control is disabled
[2020.07.02-07.11.22:621][  0]SourceControl: Source control is disabled
[2020.07.02-07.11.22:624][  0]SourceControl: Source control is disabled
[2020.07.02-07.11.22:626][  0]SourceControl: Source control is disabled
[2020.07.02-07.11.22:628][  0]SourceControl: Source control is disabled
[2020.07.02-07.11.22:730][  0]LogAndroidPermission: UAndroidPermissionCallbackProxy::GetInstance
[2020.07.02-07.11.22:748][  0]LogAudioCaptureCore: Display: No Audio Capture implementations found. Audio input will be silent.
[2020.07.02-07.11.22:748][  0]LogAudioCaptureCore: Display: No Audio Capture implementations found. Audio input will be silent.
[2020.07.02-07.11.22:819][  0]LogOcInput: OculusInput pre-init called
[2020.07.02-07.11.22:826][  0]LogWindows: Failed to load 'OVRPlugin.dll' (GetLastError=126)
[2020.07.02-07.11.22:826][  0]LogWindows: File 'OVRPlugin.dll' does not exist
[2020.07.02-07.11.22:885][  0]LogEngine: Initializing Engine...
[2020.07.02-07.11.22:886][  0]LogHMD: Failed to initialize OpenVR with code 110
[2020.07.02-07.11.22:886][  0]LogStats: UGameplayTagsManager::InitializeManager -  0.000 s
[2020.07.02-07.11.23:123][  0]LogInit: Initializing FReadOnlyCVARCache
[2020.07.02-07.11.23:131][  0]LogAIModule: Creating AISystem for world Untitled
[2020.07.02-07.11.23:147][  0]LogAudioMixer: Display: Audio Mixer Platform Settings:
[2020.07.02-07.11.23:147][  0]LogAudioMixer: Display: 	Sample Rate:						  48000
[2020.07.02-07.11.23:147][  0]LogAudioMixer: Display: 	Callback Buffer Frame Size Requested: 1024
[2020.07.02-07.11.23:147][  0]LogAudioMixer: Display: 	Callback Buffer Frame Size To Use:	  1024
[2020.07.02-07.11.23:147][  0]LogAudioMixer: Display: 	Number of buffers to queue:			  2
[2020.07.02-07.11.23:147][  0]LogAudioMixer: Display: 	Max Channels (voices):				  32
[2020.07.02-07.11.23:148][  0]LogAudioMixer: Display: 	Number of Async Source Workers:		  0
[2020.07.02-07.11.23:148][  0]LogAudio: Display: AudioDevice MaxSources: 32
[2020.07.02-07.11.23:148][  0]LogAudio: Display: Using built-in audio occlusion.
[2020.07.02-07.11.23:148][  0]LogAudioMixer: Display: Initializing audio mixer.
[2020.07.02-07.11.23:193][  0]LogAudioMixer: Display: Audio Device Output Speaker Info:
[2020.07.02-07.11.23:193][  0]LogAudioMixer: Display: Name: Altavoces (Realtek(R) Audio)
[2020.07.02-07.11.23:193][  0]LogAudioMixer: Display: Is Default: Yes
[2020.07.02-07.11.23:193][  0]LogAudioMixer: Display: Sample Rate: 48000
[2020.07.02-07.11.23:193][  0]LogAudioMixer: Display: Channel Count Used: 2
[2020.07.02-07.11.23:193][  0]LogAudioMixer: Display: Device Channel Count: 2
[2020.07.02-07.11.23:193][  0]LogAudioMixer: Display: Channel Order:
[2020.07.02-07.11.23:193][  0]LogAudioMixer: Display: 0: FrontLeft
[2020.07.02-07.11.23:193][  0]LogAudioMixer: Display: 1: FrontRight
[2020.07.02-07.11.23:224][  0]LogAudioMixer: Display: Using Audio Device Altavoces (Realtek(R) Audio)
[2020.07.02-07.11.23:229][  0]LogInit: FAudioDevice initialized.
[2020.07.02-07.11.23:229][  0]LogNetVersion: Set ProjectVersion to 1.0.0.0. Version Checksum will be recalculated on next use.
[2020.07.02-07.11.23:317][  0]LogDerivedDataCache: Saved boot cache 0.09s 82MB C:/Users/Facundo/AppData/Local/UnrealEngine/4.24/DerivedDataCache/Boot.ddc.
[2020.07.02-07.11.23:317][  0]LogInit: Texture streaming: Enabled
[2020.07.02-07.11.23:337][  0]LogEngineSessionManager: EngineSessionManager initialized
[2020.07.02-07.11.23:338][  0]LogEditorSessionSummary: Verbose: Initializing EditorSessionSummaryWriter for editor session tracking
[2020.07.02-07.11.23:341][  0]LogEditorSessionSummary: EditorSessionSummaryWriter initialized
[2020.07.02-07.11.23:366][  0]LogInit: Transaction tracking system initialized
[2020.07.02-07.11.23:381][  0]BlueprintLog: New page: Editor Load
[2020.07.02-07.11.23:420][  0]LocalizationService: Localization service is disabled
[2020.07.02-07.11.23:621][  0]LogFileCache: Scanning file cache for directory 'D:/Facultad/Unreal/UNREAL2TP/Unreal2TP/Unreal2TP/Content/' took 0.01s
[2020.07.02-07.11.23:621][  0]LogCook: Display: Max memory allowance for cook 16384mb min free memory 0mb
[2020.07.02-07.11.23:621][  0]LogCook: Display: Mobile HDR setting 1
[2020.07.02-07.11.24:172][  0]SourceControl: Source control is disabled
[2020.07.02-07.11.24:173][  0]Cmd: MAP LOAD FILE="../../../../Facultad/Unreal/UNREAL2TP/Unreal2TP/Unreal2TP/Content/ThirdPersonCPP/Maps/ThirdPersonExampleMap.umap" TEMPLATE=0 SHOWPROGRESS=1 FEATURELEVEL=3
[2020.07.02-07.11.24:173][  0]LightingResults: New page: Lighting Build
[2020.07.02-07.11.24:174][  0]LogWorld: UWorld::CleanupWorld for Untitled, bSessionEnded=true, bCleanupResources=true
[2020.07.02-07.11.24:174][  0]LogSlate: InvalidateAllWidgets triggered.  All widgets were invalidated
[2020.07.02-07.11.24:174][  0]MapCheck: New page: Map Check
[2020.07.02-07.11.24:174][  0]LightingResults: New page: Lighting Build
[2020.07.02-07.11.24:200][  0]LogUObjectHash: Compacting FUObjectHashTables data took   1.57ms
[2020.07.02-07.11.24:293][  0]LogAIModule: Creating AISystem for world ThirdPersonExampleMap
[2020.07.02-07.11.24:298][  0]LogEditorServer: Finished looking for orphan Actors (0.000 secs)
[2020.07.02-07.11.24:328][  0]LogUObjectHash: Compacting FUObjectHashTables data took   1.62ms
[2020.07.02-07.11.24:328][  0]Cmd: MAP CHECKDEP NOCLEARLOG
[2020.07.02-07.11.24:328][  0]MapCheck: Map check complete: 0 Error(s), 0 Warning(s), took 0.111ms to complete.
[2020.07.02-07.11.24:329][  0]LogFileHelpers: Loading map 'ThirdPersonExampleMap' took 0.155
[2020.07.02-07.11.24:464][  0]LogSlate: Updating window title bar state: overlay mode, drag disabled, window buttons hidden, title bar hidden
[2020.07.02-07.11.24:468][  0]LogSlate: Updating window title bar state: overlay mode, drag disabled, window buttons hidden, title bar hidden
[2020.07.02-07.11.24:473][  0]LogSlate: Updating window title bar state: overlay mode, drag disabled, window buttons hidden, title bar hidden
[2020.07.02-07.11.24:478][  0]LogSlate: Updating window title bar state: overlay mode, drag disabled, window buttons hidden, title bar hidden
[2020.07.02-07.11.24:484][  0]LogCollectionManager: Loaded 0 collections in 0.001740 seconds
[2020.07.02-07.11.24:495][  0]LogFileCache: Scanning file cache for directory 'D:/Facultad/Unreal/UNREAL2TP/Unreal2TP/Unreal2TP/Saved/Collections/' took 0.00s
[2020.07.02-07.11.24:495][  0]LogFileCache: Scanning file cache for directory 'D:/Facultad/Unreal/UNREAL2TP/Unreal2TP/Unreal2TP/Content/Developers/Facundo/Collections/' took 0.00s
[2020.07.02-07.11.24:495][  0]LogFileCache: Scanning file cache for directory 'D:/Facultad/Unreal/UNREAL2TP/Unreal2TP/Unreal2TP/Content/Collections/' took 0.00s
[2020.07.02-07.11.24:496][  0]LogContentBrowser: Native class hierarchy populated in 0.0062 seconds. Added 3026 classes and 719 folders.
[2020.07.02-07.11.24:497][  0]LogContentBrowser: Native class hierarchy updated for 'WidgetCarousel' in 0.0003 seconds. Added 0 classes and 0 folders.
[2020.07.02-07.11.24:540][  0]LogContentBrowser: Native class hierarchy updated for 'AddContentDialog' in 0.0003 seconds. Added 0 classes and 0 folders.
[2020.07.02-07.11.24:546][  0]LogContentBrowser: Native class hierarchy updated for 'SceneOutliner' in 0.0003 seconds. Added 2 classes and 3 folders.
[2020.07.02-07.11.24:627][  0]LogSlate: Took 0.000232 seconds to synchronously load lazily loaded font '../../../Engine/Content/Slate/Fonts/Roboto-Regular.ttf' (155K)
[2020.07.02-07.11.24:628][  0]LogSlate: Took 0.000200 seconds to synchronously load lazily loaded font '../../../Engine/Content/Slate/Fonts/Roboto-Bold.ttf' (160K)
[2020.07.02-07.11.24:632][  0]LogSlate: Took 0.000126 seconds to synchronously load lazily loaded font '../../../Engine/Content/Editor/Slate/Fonts/FontAwesome.ttf' (139K)
[2020.07.02-07.11.24:695][  0]LogRenderer: Reallocating scene render targets to support 1208x572 Format 10 NumSamples 1 (Frame:1).
[2020.07.02-07.11.24:744][  0]LogSlate: Took 0.000150 seconds to synchronously load lazily loaded font '../../../Engine/Content/Slate/Fonts/Roboto-Light.ttf' (167K)
[2020.07.02-07.11.24:784][  0]LogContentBrowser: Native class hierarchy updated for 'HierarchicalLODOutliner' in 0.0003 seconds. Added 0 classes and 0 folders.
[2020.07.02-07.11.24:784][  0]LogLoad: (Engine Initialization) Total time: 6.64 seconds
[2020.07.02-07.11.24:784][  0]LogLoad: (Engine Initialization) Total Blueprint compile time: 0.00 seconds
[2020.07.02-07.11.24:821][  0]LogAssetRegistry: Asset discovery search completed in 3.8641 seconds
[2020.07.02-07.11.24:824][  0]LogCollectionManager: Fixed up redirectors for 0 collections in 0.000005 seconds (updated 0 objects)
[2020.07.02-07.11.24:825][  0]LogContentStreaming: Texture pool size now 1000 MB
[2020.07.02-07.11.27:323][276]LogSlate: Took 0.000135 seconds to synchronously load lazily loaded font '../../../Engine/Content/Slate/Fonts/Roboto-Light.ttf' (167K)
[2020.07.02-07.11.33:583][982]Candidate modules for hot reload:
[2020.07.02-07.11.33:584][982]  Unreal2TP
[2020.07.02-07.11.33:584][982]Launching UnrealBuildTool... [D:/UE_4.24/Engine/Binaries/DotNET/UnrealBuildTool.exe  -ModuleWithSuffix=Unreal2TP,4816 Win64 Development -TargetType=Editor -Project="D:/Facultad/Unreal/UNREAL2TP/Unreal2TP/Unreal2TP/Unreal2TP.uproject" "D:/Facultad/Unreal/UNREAL2TP/Unreal2TP/Unreal2TP/Unreal2TP.uproject"  -IgnoreJunk]
[2020.07.02-07.11.33:591][982]Warning: Starting HotReload took  0.0s.
[2020.07.02-07.11.35:411][155]CompilerResultsLog: New page: Compilation - Jul 2, 2020, 1:11:35 AM
[2020.07.02-07.11.35:412][155]CompilerResultsLog: Using 'git status' to determine working set for adaptive non-unity build (D:\Facultad\Unreal\UNREAL2TP\Unreal2TP).
[2020.07.02-07.11.35:412][155]CompilerResultsLog: Building Unreal2TPEditor...
[2020.07.02-07.11.35:412][155]CompilerResultsLog: Using Visual Studio 2017 14.16.27035 toolchain (C:\Program Files (x86)\Microsoft Visual Studio\2017\Community\VC\Tools\MSVC\14.16.27023) and Windows 10.0.17763.0 SDK (C:\Program Files (x86)\Windows Kits\10).
[2020.07.02-07.11.35:412][155]CompilerResultsLog: Building 3 actions with 8 processes...
[2020.07.02-07.11.35:412][155]CompilerResultsLog:   [1/3] UE4Editor-Unreal2TP-4816.lib
[2020.07.02-07.11.35:412][155]CompilerResultsLog:      Creating library D:\Facultad\Unreal\UNREAL2TP\Unreal2TP\Unreal2TP\Intermediate\Build\Win64\UE4Editor\Development\Unreal2TP\UE4Editor-Unreal2TP-4816.lib and object D:\Facultad\Unreal\UNREAL2TP\Unreal2TP\Unreal2TP\Intermediate\Build\Win64\UE4Editor\Development\Unreal2TP\UE4Editor-Unreal2TP-4816.exp
[2020.07.02-07.11.35:412][155]CompilerResultsLog:   [2/3] UE4Editor-Unreal2TP-4816.dll
[2020.07.02-07.11.35:412][155]CompilerResultsLog:      Creating library D:\Facultad\Unreal\UNREAL2TP\Unreal2TP\Unreal2TP\Intermediate\Build\Win64\UE4Editor\Development\Unreal2TP\UE4Editor-Unreal2TP-4816.suppressed.lib and object D:\Facultad\Unreal\UNREAL2TP\Unreal2TP\Unreal2TP\Intermediate\Build\Win64\UE4Editor\Development\Unreal2TP\UE4Editor-Unreal2TP-4816.suppressed.exp
[2020.07.02-07.11.35:412][155]CompilerResultsLog:   [3/3] Unreal2TPEditor.target
[2020.07.02-07.11.35:412][155]CompilerResultsLog: Total time in Parallel executor: 1.04 seconds
[2020.07.02-07.11.35:412][155]CompilerResultsLog: Total execution time: 1.76 seconds
[2020.07.02-07.11.35:412][155]LogMainFrame: MainFrame: Module compiling took 1.831 seconds
[2020.07.02-07.11.35:435][155]LogUObjectHash: Compacting FUObjectHashTables data took   0.52ms
[2020.07.02-07.11.35:470][155]LogContentBrowser: Native class hierarchy updated for 'Unreal2TP' in 0.0004 seconds. Added 11 classes and 2 folders.
[2020.07.02-07.11.35:473][155]Display: HotReload successful (13 functions remapped  0 scriptstructs remapped)
[2020.07.02-07.11.35:526][155]LogUObjectHash: Compacting FUObjectHashTables data took   1.17ms
[2020.07.02-07.11.35:535][155]LogContentBrowser: Native class hierarchy populated in 0.0058 seconds. Added 3028 classes and 722 folders.
[2020.07.02-07.11.35:535][155]Display: HotReload took  2.0s.
[2020.07.02-07.11.36:016][208]LogTemp: Repeating last play command: Selected Viewport
[2020.07.02-07.11.36:024][208]LogBlueprintUserMessages: Early PlayInEditor Detection: Level '/Game/ThirdPersonCPP/Maps/ThirdPersonExampleMap.ThirdPersonExampleMap:PersistentLevel' has LevelScriptBlueprint '/Game/ThirdPersonCPP/Maps/ThirdPersonExampleMap.ThirdPersonExampleMap:PersistentLevel.ThirdPersonExampleMap' with GeneratedClass '/Game/ThirdPersonCPP/Maps/ThirdPersonExampleMap.ThirdPersonExampleMap_C' with ClassGeneratedBy '/Game/ThirdPersonCPP/Maps/ThirdPersonExampleMap.ThirdPersonExampleMap:PersistentLevel.ThirdPersonExampleMap'
[2020.07.02-07.11.36:025][208]LogPlayLevel: PlayLevel: No blueprints needed recompiling
[2020.07.02-07.11.36:025][208]PIE: New page: PIE session: ThirdPersonExampleMap (Jul 2, 2020, 1:11:36 AM)
[2020.07.02-07.11.36:026][208]LogOnline: OSS: Creating online subsystem instance for: NULL
[2020.07.02-07.11.36:028][208]LogOnline: OSS: TryLoadSubsystemAndSetDefault: Loaded subsystem for module [NULL]
[2020.07.02-07.11.36:028][208]LogPlayLevel: Creating play world package: /Game/ThirdPersonCPP/Maps/UEDPIE_1_ThirdPersonExampleMap
[2020.07.02-07.11.36:040][208]LogPlayLevel: PIE: StaticDuplicateObject took: (0.011500s)
[2020.07.02-07.11.36:041][208]LogAIModule: Creating AISystem for world ThirdPersonExampleMap
[2020.07.02-07.11.36:041][208]LogPlayLevel: PIE: World Init took: (0.001086s)
[2020.07.02-07.11.36:041][208]LogPlayLevel: PIE: Created PIE world by copying editor world from /Game/ThirdPersonCPP/Maps/ThirdPersonExampleMap.ThirdPersonExampleMap to /Game/ThirdPersonCPP/Maps/UEDPIE_1_ThirdPersonExampleMap.ThirdPersonExampleMap (0.013058s)
[2020.07.02-07.11.36:065][208]LogUObjectHash: Compacting FUObjectHashTables data took   1.20ms
[2020.07.02-07.11.36:068][208]LogLoad: Game class is 'BP_MyGameMode_C'
[2020.07.02-07.11.36:070][208]LogWorld: Bringing World /Game/ThirdPersonCPP/Maps/UEDPIE_1_ThirdPersonExampleMap.ThirdPersonExampleMap up for play (max tick rate 0) at 2020.07.02-04.11.36
[2020.07.02-07.11.36:071][208]LogWorld: Bringing up level for play took: 0.001569
[2020.07.02-07.11.36:071][208]LogNet: ReplicationDriverClass is null! Not using ReplicationDriver.
[2020.07.02-07.11.36:072][208]LogNetCore: DDoS detection status: detection enabled: 0 analytics enabled: 0
[2020.07.02-07.11.36:076][208]LogInit: WinSock: I am DESKTOP-27BOLO1 (192.168.0.89:0)
[2020.07.02-07.11.36:077][208]LogInit: WinSock: Socket queue. Rx: 131072 (config 131072) Tx: 131072 (config 131072)
[2020.07.02-07.11.36:077][208]PacketHandlerLog: Loaded PacketHandler component: Engine.EngineHandlerComponentFactory (StatelessConnectHandlerComponent)
[2020.07.02-07.11.36:077][208]LogNet: GameNetDriver IpNetDriver_0 IpNetDriver listening on port 17777
[2020.07.02-07.11.36:077][208]PIE: Play in editor start time for /Game/ThirdPersonCPP/Maps/UEDPIE_1_ThirdPersonExampleMap 1.013
[2020.07.02-07.11.36:079][208]LogAudioMixer: Display: Audio Mixer Platform Settings:
[2020.07.02-07.11.36:079][208]LogAudioMixer: Display: 	Sample Rate:						  48000
[2020.07.02-07.11.36:079][208]LogAudioMixer: Display: 	Callback Buffer Frame Size Requested: 1024
[2020.07.02-07.11.36:079][208]LogAudioMixer: Display: 	Callback Buffer Frame Size To Use:	  1024
[2020.07.02-07.11.36:079][208]LogAudioMixer: Display: 	Number of buffers to queue:			  2
[2020.07.02-07.11.36:079][208]LogAudioMixer: Display: 	Max Channels (voices):				  32
[2020.07.02-07.11.36:079][208]LogAudioMixer: Display: 	Number of Async Source Workers:		  0
[2020.07.02-07.11.36:079][208]LogAudio: Display: AudioDevice MaxSources: 32
[2020.07.02-07.11.36:080][208]LogAudio: Display: Using built-in audio occlusion.
[2020.07.02-07.11.36:080][208]LogAudioMixer: Display: Initializing audio mixer.
[2020.07.02-07.11.36:115][208]LogAudioMixer: Display: Audio Device Output Speaker Info:
[2020.07.02-07.11.36:115][208]LogAudioMixer: Display: Name: Altavoces (Realtek(R) Audio)
[2020.07.02-07.11.36:115][208]LogAudioMixer: Display: Is Default: Yes
[2020.07.02-07.11.36:115][208]LogAudioMixer: Display: Sample Rate: 48000
[2020.07.02-07.11.36:116][208]LogAudioMixer: Display: Channel Count Used: 2
[2020.07.02-07.11.36:116][208]LogAudioMixer: Display: Device Channel Count: 2
[2020.07.02-07.11.36:116][208]LogAudioMixer: Display: Channel Order:
[2020.07.02-07.11.36:116][208]LogAudioMixer: Display: 0: FrontLeft
[2020.07.02-07.11.36:116][208]LogAudioMixer: Display: 1: FrontRight
[2020.07.02-07.11.36:132][208]LogAudioMixer: Display: Using Audio Device Altavoces (Realtek(R) Audio)
[2020.07.02-07.11.36:134][208]LogInit: FAudioDevice initialized.
[2020.07.02-07.11.36:147][208]LogNet: Browse: 127.0.0.1:17777//Game/ThirdPersonCPP/Maps/ThirdPersonExampleMap
[2020.07.02-07.11.36:147][208]LogInit: WinSock: Socket queue. Rx: 32768 (config 32768) Tx: 32768 (config 32768)
[2020.07.02-07.11.36:148][208]PacketHandlerLog: Loaded PacketHandler component: Engine.EngineHandlerComponentFactory (StatelessConnectHandlerComponent)
[2020.07.02-07.11.36:148][208]LogNet: Game client on port 17777, rate 10000
[2020.07.02-07.11.36:148][208]PIE: Play in editor start time for /Game/ThirdPersonCPP/Maps/ThirdPersonExampleMap 1.084
[2020.07.02-07.11.36:149][208]LogBlueprintUserMessages: Late PlayInEditor Detection: Level '/Game/ThirdPersonCPP/Maps/ThirdPersonExampleMap.ThirdPersonExampleMap:PersistentLevel' has LevelScriptBlueprint '/Game/ThirdPersonCPP/Maps/ThirdPersonExampleMap.ThirdPersonExampleMap:PersistentLevel.ThirdPersonExampleMap' with GeneratedClass '/Game/ThirdPersonCPP/Maps/ThirdPersonExampleMap.ThirdPersonExampleMap_C' with ClassGeneratedBy '/Game/ThirdPersonCPP/Maps/ThirdPersonExampleMap.ThirdPersonExampleMap:PersistentLevel.ThirdPersonExampleMap'
[2020.07.02-07.11.36:149][208]LogNet: NotifyAcceptingConnection accepted from: 127.0.0.1:52123
[2020.07.02-07.11.36:149][208]LogHandshake: SendConnectChallenge. Timestamp: 0.008334, Cookie: 066095101049015170171083245250154020204039111028033075162066
[2020.07.02-07.11.36:170][208]LogOnline: OSS: Creating online subsystem instance for: :Context_4
[2020.07.02-07.11.36:173][208]LogHandshake: SendChallengeResponse. Timestamp: 0.008334, Cookie: 066095101049015170171083245250154020204039111028033075162066
[2020.07.02-07.11.36:202][209]LogNet: NotifyAcceptingConnection accepted from: 127.0.0.1:52123
[2020.07.02-07.11.36:202][209]LogHandshake: SendChallengeAck. InCookie: 066095101049015170171083245250154020204039111028033075162066
[2020.07.02-07.11.36:203][209]LogNet: Server accepting post-challenge connection from: 127.0.0.1:52123
[2020.07.02-07.11.36:203][209]PacketHandlerLog: Loaded PacketHandler component: Engine.EngineHandlerComponentFactory (StatelessConnectHandlerComponent)
[2020.07.02-07.11.36:203][209]LogNet: NotifyAcceptedConnection: Name: ThirdPersonExampleMap, TimeStamp: 07/02/20 04:11:36, [UNetConnection] RemoteAddr: 127.0.0.1:52123, Name: IpConnection_1, Driver: GameNetDriver IpNetDriver_0, IsServer: YES, PC: NULL, Owner: NULL, UniqueId: INVALID
[2020.07.02-07.11.36:203][209]LogNet: AddClientConnection: Added client connection: [UNetConnection] RemoteAddr: 127.0.0.1:52123, Name: IpConnection_1, Driver: GameNetDriver IpNetDriver_0, IsServer: YES, PC: NULL, Owner: NULL, UniqueId: INVALID
[2020.07.02-07.11.36:204][209]LogNetVersion: Unreal2TP 1.0.0.0, NetCL: 10570792, EngineNetVer: 13, GameNetVer: 0 (Checksum: 1816658782)
[2020.07.02-07.11.36:204][209]LogNet: UPendingNetGame::SendInitialJoin: Sending hello. [UNetConnection] RemoteAddr: 127.0.0.1:17777, Name: IpConnection_0, Driver: PendingNetDriver IpNetDriver_1, IsServer: NO, PC: NULL, Owner: NULL, UniqueId: INVALID
[2020.07.02-07.11.36:210][210]LogNet: NotifyAcceptingChannel Control 0 server World /Game/ThirdPersonCPP/Maps/UEDPIE_1_ThirdPersonExampleMap.ThirdPersonExampleMap: Accepted
[2020.07.02-07.11.36:211][210]LogNet: Remote platform little endian=1
[2020.07.02-07.11.36:211][210]LogNet: This platform little endian=1
[2020.07.02-07.11.36:212][210]LogOnline: OSS: Creating online subsystem instance for: :Context_5
[2020.07.02-07.11.36:219][211]LogNet: Login request: /Game/ThirdPersonCPP/Maps/ThirdPersonExampleMap?Name=DESKTOP-27BOLO1-224140514EF7A5BAF91211A547142D97 userId: NULL:DESKTOP-27BOLO1-224140514EF7A5BAF91211A547142D97 platform: NULL
[2020.07.02-07.11.36:220][211]LogNet: Welcomed by server (Level: /Game/ThirdPersonCPP/Maps/UEDPIE_1_ThirdPersonExampleMap, Game: /Game/ThirdPersonCPP/Blueprints/BP_MyGameMode.BP_MyGameMode_C)
[2020.07.02-07.11.36:220][211]LogLoad: LoadMap: 127.0.0.1:17777//Game/ThirdPersonCPP/Maps/UEDPIE_1_ThirdPersonExampleMap?game=/Game/ThirdPersonCPP/Blueprints/BP_MyGameMode.BP_MyGameMode_C
[2020.07.02-07.11.36:220][211]LogWorld: BeginTearingDown for /Temp/Untitled_1
[2020.07.02-07.11.36:220][211]LogWorld: UWorld::CleanupWorld for Untitled, bSessionEnded=true, bCleanupResources=true
[2020.07.02-07.11.36:220][211]LogSlate: InvalidateAllWidgets triggered.  All widgets were invalidated
[2020.07.02-07.11.36:220][211]LogAudioMixer: Display: No commands were queued while flushing the source manager.
[2020.07.02-07.11.36:244][211]LogUObjectHash: Compacting FUObjectHashTables data took   1.21ms
[2020.07.02-07.11.36:256][211]LogAIModule: Creating AISystem for world ThirdPersonExampleMap
[2020.07.02-07.11.36:258][211]LogWorld: Bringing World /Game/ThirdPersonCPP/Maps/UEDPIE_2_ThirdPersonExampleMap.ThirdPersonExampleMap up for play (max tick rate 0) at 2020.07.02-04.11.36
[2020.07.02-07.11.36:259][211]LogWorld: Bringing up level for play took: 0.001540
[2020.07.02-07.11.36:259][211]LogLoad: Took 0.039247 seconds to LoadMap(/Game/ThirdPersonCPP/Maps/UEDPIE_1_ThirdPersonExampleMap)
[2020.07.02-07.11.36:272][212]LogNet: Client netspeed is 10000
[2020.07.02-07.11.36:272][212]LogNet: Join request: /Game/ThirdPersonCPP/Maps/ThirdPersonExampleMap?Name=DESKTOP-27BOLO1-224140514EF7A5BAF91211A547142D97?SplitscreenCount=1
[2020.07.02-07.11.36:272][212]LogOnlineSession: Warning: OSS: No game present to join for session (GameSession)
[2020.07.02-07.11.36:274][212]LogNet: Join succeeded: DESKTOP-27BOLO1-2241
[2020.07.02-07.11.36:636][254]LogOnlineSession: Warning: OSS: No game present to join for session (GameSession)
[2020.07.02-07.11.38:165][433]LogSlate: Took 0.000149 seconds to synchronously load lazily loaded font '../../../Engine/Content/Slate/Fonts/DroidSansMono.ttf' (77K)
