Log file open, 07/02/20 04:43:55
LogWindows: Failed to load 'aqProf.dll' (GetLastError=126)
LogWindows: File 'aqProf.dll' does not exist
LogWindows: Failed to load 'VtuneApi.dll' (GetLastError=126)
LogWindows: File 'VtuneApi.dll' does not exist
LogWindows: Failed to load 'VtuneApi32e.dll' (GetLastError=126)
LogWindows: File 'VtuneApi32e.dll' does not exist
LogConsoleResponse: Display: Failed to find resolution value strings in scalability ini. Falling back to default.
LogInit: Display: Running engine for game: Unreal2TP
LogPlatformFile: Not using cached read wrapper
LogTaskGraph: Started task graph with 5 named threads and 26 total threads with 3 sets of task threads.
LogStats: Stats thread started at 0.127439
LogD3D11RHI: Loaded GFSDK_Aftermath_Lib.x64.dll
LogICUInternationalization: ICU TimeZone Detection - Raw Offset: -3:00, Platform Override: ''
LogPluginManager: Mounting plugin Paper2D
LogPluginManager: Mounting plugin AISupport
LogPluginManager: Mounting plugin LightPropagationVolume
LogPluginManager: Mounting plugin ActorLayerUtilities
LogPluginManager: Mounting plugin AnimationSharing
LogPluginManager: Mounting plugin CLionSourceCodeAccess
LogPluginManager: Mounting plugin CodeLiteSourceCodeAccess
LogPluginManager: Mounting plugin GitSourceControl
LogPluginManager: Mounting plugin KDevelopSourceCodeAccess
LogPluginManager: Mounting plugin NullSourceCodeAccess
LogPluginManager: Mounting plugin PerforceSourceControl
LogPluginManager: Mounting plugin PlasticSourceControl
LogPluginManager: Mounting plugin SubversionSourceControl
LogPluginManager: Mounting plugin UObjectPlugin
LogPluginManager: Mounting plugin VisualStudioCodeSourceCodeAccess
LogPluginManager: Mounting plugin VisualStudioSourceCodeAccess
LogPluginManager: Mounting plugin XCodeSourceCodeAccess
LogPluginManager: Mounting plugin AssetManagerEditor
LogPluginManager: Mounting plugin CryptoKeys
LogPluginManager: Mounting plugin CurveEditorTools
LogPluginManager: Mounting plugin DataValidation
LogPluginManager: Mounting plugin FacialAnimation
LogPluginManager: Mounting plugin GameplayTagsEditor
LogPluginManager: Mounting plugin MacGraphicsSwitching
LogPluginManager: Mounting plugin MaterialAnalyzer
LogPluginManager: Mounting plugin MobileLauncherProfileWizard
LogPluginManager: Mounting plugin PluginBrowser
LogPluginManager: Mounting plugin SpeedTreeImporter
LogPluginManager: Mounting plugin DatasmithContent
LogPluginManager: Mounting plugin VariantManagerContent
LogPluginManager: Mounting plugin AlembicImporter
LogPluginManager: Mounting plugin AutomationUtils
LogPluginManager: Mounting plugin BackChannel
LogPluginManager: Mounting plugin CharacterAI
LogPluginManager: Mounting plugin GeometryCache
LogPluginManager: Mounting plugin PlatformCrypto
LogPluginManager: Mounting plugin ProxyLODPlugin
LogPluginManager: Mounting plugin SkeletalReduction
LogPluginManager: Mounting plugin MagicLeap
LogPluginManager: Mounting plugin MagicLeapMedia
LogPluginManager: Mounting plugin MLSDK
LogPluginManager: Mounting plugin AndroidMedia
LogPluginManager: Mounting plugin AvfMedia
LogPluginManager: Mounting plugin ImgMedia
LogPluginManager: Mounting plugin MediaCompositing
LogPluginManager: Mounting plugin MediaPlayerEditor
LogPluginManager: Mounting plugin WebMMedia
LogPluginManager: Mounting plugin WmfMedia
LogPluginManager: Mounting plugin TcpMessaging
LogPluginManager: Mounting plugin UdpMessaging
LogPluginManager: Mounting plugin ActorSequence
LogPluginManager: Mounting plugin LevelSequenceEditor
LogPluginManager: Mounting plugin MatineeToLevelSequence
LogPluginManager: Mounting plugin NetcodeUnitTest
LogPluginManager: Mounting plugin NUTUnrealEngine4
LogPluginManager: Mounting plugin OnlineSubsystemGooglePlay
LogPluginManager: Mounting plugin OnlineSubsystemIOS
LogPluginManager: Mounting plugin OnlineSubsystem
LogPluginManager: Mounting plugin OnlineSubsystemNull
LogPluginManager: Mounting plugin OnlineSubsystemUtils
LogPluginManager: Mounting plugin LauncherChunkInstaller
LogPluginManager: Mounting plugin AndroidDeviceProfileSelector
LogPluginManager: Mounting plugin AndroidMoviePlayer
LogPluginManager: Mounting plugin AndroidPermission
LogPluginManager: Mounting plugin AppleImageUtils
LogPluginManager: Mounting plugin AppleMoviePlayer
LogPluginManager: Mounting plugin ArchVisCharacter
LogPluginManager: Mounting plugin AssetTags
LogPluginManager: Mounting plugin AudioCapture
LogPluginManager: Mounting plugin CableComponent
LogPluginManager: Mounting plugin CustomMeshComponent
LogPluginManager: Mounting plugin EditableMesh
LogPluginManager: Mounting plugin ExampleDeviceProfileSelector
LogPluginManager: Mounting plugin GoogleCloudMessaging
LogPluginManager: Mounting plugin IOSDeviceProfileSelector
LogPluginManager: Mounting plugin LinuxDeviceProfileSelector
LogPluginManager: Mounting plugin LocationServicesBPLibrary
LogPluginManager: Mounting plugin MobilePatchingUtils
LogPluginManager: Mounting plugin OculusVR
LogPluginManager: Mounting plugin PhysXVehicles
LogPluginManager: Mounting plugin PostSplashScreen
LogPluginManager: Mounting plugin ProceduralMeshComponent
LogPluginManager: Mounting plugin RuntimePhysXCooking
LogPluginManager: Mounting plugin SignificanceManager
LogPluginManager: Mounting plugin SteamVR
LogPluginManager: Mounting plugin WebMMoviePlayer
LogPluginManager: Mounting plugin WindowsMoviePlayer
LogPluginManager: Mounting plugin ScreenshotTools
LogInit: Using libcurl 7.55.1-DEV
LogInit:  - built for x86_64-pc-win32
LogInit:  - supports SSL with OpenSSL/1.1.1
LogInit:  - supports HTTP deflate (compression) using libz 1.2.8
LogInit:  - other features:
LogInit:      CURL_VERSION_SSL
LogInit:      CURL_VERSION_LIBZ
LogInit:      CURL_VERSION_IPV6
LogInit:      CURL_VERSION_ASYNCHDNS
LogInit:      CURL_VERSION_LARGEFILE
LogInit:      CURL_VERSION_IDN
LogInit:  CurlRequestOptions (configurable via config and command line):
LogInit:  - bVerifyPeer = true  - Libcurl will verify peer certificate
LogInit:  - bUseHttpProxy = false  - Libcurl will NOT use HTTP proxy
LogInit:  - bDontReuseConnections = false  - Libcurl will reuse connections
LogInit:  - MaxHostConnections = 16  - Libcurl will limit the number of connections to a host
LogInit:  - LocalHostAddr = Default
LogInit:  - BufferSize = 65536
LogOnline: OSS: Creating online subsystem instance for: NULL
LogInit: WinSock: version 1.1 (2.2), MaxSocks=32767, MaxUdp=65467
LogOnline: OSS: TryLoadSubsystemAndSetDefault: Loaded subsystem for module [NULL]
LogInit: Build: ++UE4+Release-4.24-CL-11590370
LogInit: Engine Version: 4.24.3-11590370+++UE4+Release-4.24
LogInit: Compatible Engine Version: 4.24.0-10570792+++UE4+Release-4.24
LogInit: Net CL: 10570792
LogInit: OS: Windows 10 (Release 1909) (), CPU: Intel(R) Core(TM) i7-9700KF CPU @ 3.60GHz, GPU: NVIDIA GeForce GTX 1070
LogInit: Compiled (64-bit): Feb 24 2020 15:39:18
LogInit: Compiled with Visual C++: 19.16.27032.01
LogInit: Build Configuration: Development
LogInit: Branch Name: ++UE4+Release-4.24
LogInit: Command Line:  -skipcompile
LogInit: Base Directory: D:/UE_4.24/Engine/Binaries/Win64/
LogInit: Installed Engine Build: 1
LogDevObjectVersion: Number of dev versions registered: 25
LogDevObjectVersion:   Dev-Blueprints (B0D832E4-1F89-4F0D-ACCF-7EB736FD4AA2): 10
LogDevObjectVersion:   Dev-Build (E1C64328-A22C-4D53-A36C-8E866417BD8C): 0
LogDevObjectVersion:   Dev-Core (375EC13C-06E4-48FB-B500-84F0262A717E): 3
LogDevObjectVersion:   Dev-Editor (E4B068ED-F494-42E9-A231-DA0B2E46BB41): 37
LogDevObjectVersion:   Dev-Framework (CFFC743F-43B0-4480-9391-14DF171D2073): 36
LogDevObjectVersion:   Dev-Mobile (B02B49B5-BB20-44E9-A304-32B752E40360): 2
LogDevObjectVersion:   Dev-Networking (A4E4105C-59A1-49B5-A7C5-40C4547EDFEE): 0
LogDevObjectVersion:   Dev-Online (39C831C9-5AE6-47DC-9A44-9C173E1C8E7C): 0
LogDevObjectVersion:   Dev-Physics (78F01B33-EBEA-4F98-B9B4-84EACCB95AA2): 2
LogDevObjectVersion:   Dev-Platform (6631380F-2D4D-43E0-8009-CF276956A95A): 0
LogDevObjectVersion:   Dev-Rendering (12F88B9F-8875-4AFC-A67C-D90C383ABD29): 36
LogDevObjectVersion:   Dev-Sequencer (7B5AE74C-D270-4C10-A958-57980B212A5A): 11
LogDevObjectVersion:   Dev-VR (D7296918-1DD6-4BDD-9DE2-64A83CC13884): 2
LogDevObjectVersion:   Dev-LoadTimes (C2A15278-BFE7-4AFE-6C17-90FF531DF755): 1
LogDevObjectVersion:   Private-Geometry (6EACA3D4-40EC-4CC1-B786-8BED09428FC5): 3
LogDevObjectVersion:   Dev-AnimPhys (29E575DD-E0A3-4627-9D10-D276232CDCEA): 17
LogDevObjectVersion:   Dev-Anim (AF43A65D-7FD3-4947-9873-3E8ED9C1BB05): 2
LogDevObjectVersion:   Dev-ReflectionCapture (6B266CEC-1EC7-4B8F-A30B-E4D90942FC07): 1
LogDevObjectVersion:   Dev-Automation (0DF73D61-A23F-47EA-B727-89E90C41499A): 1
LogDevObjectVersion:   FortniteMain (601D1886-AC64-4F84-AA16-D3DE0DEAC7D6): 31
LogDevObjectVersion:   Dev-Enterprise (9DFFBCD6-494F-0158-E221-12823C92A888): 8
LogDevObjectVersion:   Dev-Niagara (F2AED0AC-9AFE-416F-8664-AA7FFA26D6FC): 1
LogDevObjectVersion:   Dev-Destruction (174F1F0B-B4C6-45A5-B13F-2EE8D0FB917D): 9
LogDevObjectVersion:   Dev-Physics-Ext (35F94A83-E258-406C-A318-09F59610247C): 8
LogDevObjectVersion:   Dev-CineCamera (B2E18506-4273-CFC2-A54E-F4BB758BBA07): 1
LogInit: Presizing for max 25165824 objects, including 0 objects not considered by GC, pre-allocating 0 bytes for permanent pool.
LogInit: Object subsystem initialized
LogConfig: Setting CVar [[con.DebugEarlyDefault:1]]
LogConfig: Setting CVar [[r.setres:1280x720]]
[2020.07.02-07.43.55:740][  0]LogConfig: Setting CVar [[r.VSync:0]]
[2020.07.02-07.43.55:740][  0]LogConfig: Setting CVar [[r.RHICmdBypass:0]]
[2020.07.02-07.43.55:740][  0]LogConfig: Applying CVar settings from Section [/Script/Engine.RendererSettings] File [D:/Facultad/Unreal/UNREAL2TP/Unreal2TP/Unreal2TP/Saved/Config/Windows/Engine.ini]
[2020.07.02-07.43.55:740][  0]LogConfig: Setting CVar [[r.GPUCrashDebugging:0]]
[2020.07.02-07.43.55:741][  0]LogConfig: Applying CVar settings from Section [/Script/Engine.RendererOverrideSettings] File [D:/Facultad/Unreal/UNREAL2TP/Unreal2TP/Unreal2TP/Saved/Config/Windows/Engine.ini]
[2020.07.02-07.43.55:741][  0]LogConfig: Applying CVar settings from Section [/Script/Engine.StreamingSettings] File [D:/Facultad/Unreal/UNREAL2TP/Unreal2TP/Unreal2TP/Saved/Config/Windows/Engine.ini]
[2020.07.02-07.43.55:741][  0]LogConfig: Setting CVar [[s.MinBulkDataSizeForAsyncLoading:131072]]
[2020.07.02-07.43.55:741][  0]LogConfig: Setting CVar [[s.AsyncLoadingThreadEnabled:0]]
[2020.07.02-07.43.55:741][  0]LogConfig: Setting CVar [[s.EventDrivenLoaderEnabled:1]]
[2020.07.02-07.43.55:741][  0]LogConfig: Setting CVar [[s.WarnIfTimeLimitExceeded:0]]
[2020.07.02-07.43.55:741][  0]LogConfig: Setting CVar [[s.TimeLimitExceededMultiplier:1.5]]
[2020.07.02-07.43.55:741][  0]LogConfig: Setting CVar [[s.TimeLimitExceededMinTime:0.005]]
[2020.07.02-07.43.55:741][  0]LogConfig: Setting CVar [[s.UseBackgroundLevelStreaming:1]]
[2020.07.02-07.43.55:741][  0]LogConfig: Setting CVar [[s.PriorityAsyncLoadingExtraTime:15.0]]
[2020.07.02-07.43.55:741][  0]LogConfig: Setting CVar [[s.LevelStreamingActorsUpdateTimeLimit:5.0]]
[2020.07.02-07.43.55:741][  0]LogConfig: Setting CVar [[s.PriorityLevelStreamingActorsUpdateExtraTime:5.0]]
[2020.07.02-07.43.55:741][  0]LogConfig: Setting CVar [[s.LevelStreamingComponentsRegistrationGranularity:10]]
[2020.07.02-07.43.55:741][  0]LogConfig: Setting CVar [[s.UnregisterComponentsTimeLimit:1.0]]
[2020.07.02-07.43.55:741][  0]LogConfig: Setting CVar [[s.LevelStreamingComponentsUnregistrationGranularity:5]]
[2020.07.02-07.43.55:741][  0]LogConfig: Setting CVar [[s.FlushStreamingOnExit:1]]
[2020.07.02-07.43.55:741][  0]LogConfig: Applying CVar settings from Section [/Script/Engine.GarbageCollectionSettings] File [D:/Facultad/Unreal/UNREAL2TP/Unreal2TP/Unreal2TP/Saved/Config/Windows/Engine.ini]
[2020.07.02-07.43.55:741][  0]LogConfig: Setting CVar [[gc.MaxObjectsNotConsideredByGC:1]]
[2020.07.02-07.43.55:741][  0]LogConfig: Setting CVar [[gc.SizeOfPermanentObjectPool:0]]
[2020.07.02-07.43.55:741][  0]LogConfig: Setting CVar [[gc.FlushStreamingOnGC:0]]
[2020.07.02-07.43.55:741][  0]LogConfig: Setting CVar [[gc.NumRetriesBeforeForcingGC:10]]
[2020.07.02-07.43.55:741][  0]LogConfig: Setting CVar [[gc.AllowParallelGC:1]]
[2020.07.02-07.43.55:742][  0]LogConfig: Setting CVar [[gc.TimeBetweenPurgingPendingKillObjects:61.1]]
[2020.07.02-07.43.55:742][  0]LogConfig: Setting CVar [[gc.MaxObjectsInEditor:25165824]]
[2020.07.02-07.43.55:742][  0]LogConfig: Setting CVar [[gc.IncrementalBeginDestroyEnabled:1]]
[2020.07.02-07.43.55:742][  0]LogConfig: Setting CVar [[gc.CreateGCClusters:1]]
[2020.07.02-07.43.55:742][  0]LogConfig: Setting CVar [[gc.MinGCClusterSize:5]]
[2020.07.02-07.43.55:742][  0]LogConfig: Setting CVar [[gc.ActorClusteringEnabled:0]]
[2020.07.02-07.43.55:742][  0]LogConfig: Setting CVar [[gc.BlueprintClusteringEnabled:0]]
[2020.07.02-07.43.55:742][  0]LogConfig: Setting CVar [[gc.UseDisregardForGCOnDedicatedServers:0]]
[2020.07.02-07.43.55:742][  0]LogConfig: Applying CVar settings from Section [/Script/Engine.NetworkSettings] File [D:/Facultad/Unreal/UNREAL2TP/Unreal2TP/Unreal2TP/Saved/Config/Windows/Engine.ini]
[2020.07.02-07.43.55:742][  0]LogConfig: Applying CVar settings from Section [/Script/UnrealEd.CookerSettings] File [D:/Facultad/Unreal/UNREAL2TP/Unreal2TP/Unreal2TP/Saved/Config/Windows/Engine.ini]
[2020.07.02-07.43.55:753][  0]LogConfig: Applying CVar settings from Section [ViewDistanceQuality@3] File [D:/Facultad/Unreal/UNREAL2TP/Unreal2TP/Unreal2TP/Saved/Config/Windows/Scalability.ini]
[2020.07.02-07.43.55:753][  0]LogConfig: Setting CVar [[r.SkeletalMeshLODBias:0]]
[2020.07.02-07.43.55:753][  0]LogConfig: Setting CVar [[r.ViewDistanceScale:1.0]]
[2020.07.02-07.43.55:753][  0]LogConfig: Applying CVar settings from Section [AntiAliasingQuality@3] File [D:/Facultad/Unreal/UNREAL2TP/Unreal2TP/Unreal2TP/Saved/Config/Windows/Scalability.ini]
[2020.07.02-07.43.55:753][  0]LogConfig: Setting CVar [[r.PostProcessAAQuality:4]]
[2020.07.02-07.43.55:753][  0]LogConfig: Applying CVar settings from Section [ShadowQuality@3] File [D:/Facultad/Unreal/UNREAL2TP/Unreal2TP/Unreal2TP/Saved/Config/Windows/Scalability.ini]
[2020.07.02-07.43.55:753][  0]LogConfig: Setting CVar [[r.LightFunctionQuality:1]]
[2020.07.02-07.43.55:754][  0]LogConfig: Setting CVar [[r.ShadowQuality:5]]
[2020.07.02-07.43.55:754][  0]LogConfig: Setting CVar [[r.Shadow.CSM.MaxCascades:10]]
[2020.07.02-07.43.55:754][  0]LogConfig: Setting CVar [[r.Shadow.MaxResolution:2048]]
[2020.07.02-07.43.55:754][  0]LogConfig: Setting CVar [[r.Shadow.MaxCSMResolution:2048]]
[2020.07.02-07.43.55:754][  0]LogConfig: Setting CVar [[r.Shadow.RadiusThreshold:0.01]]
[2020.07.02-07.43.55:754][  0]LogConfig: Setting CVar [[r.Shadow.DistanceScale:1.0]]
[2020.07.02-07.43.55:754][  0]LogConfig: Setting CVar [[r.Shadow.CSM.TransitionScale:1.0]]
[2020.07.02-07.43.55:754][  0]LogConfig: Setting CVar [[r.Shadow.PreShadowResolutionFactor:1.0]]
[2020.07.02-07.43.55:754][  0]LogConfig: Setting CVar [[r.DistanceFieldShadowing:1]]
[2020.07.02-07.43.55:754][  0]LogConfig: Setting CVar [[r.DistanceFieldAO:1]]
[2020.07.02-07.43.55:754][  0]LogConfig: Setting CVar [[r.AOQuality:2]]
[2020.07.02-07.43.55:754][  0]LogConfig: Setting CVar [[r.VolumetricFog:1]]
[2020.07.02-07.43.55:754][  0]LogConfig: Setting CVar [[r.VolumetricFog.GridPixelSize:8]]
[2020.07.02-07.43.55:754][  0]LogConfig: Setting CVar [[r.VolumetricFog.GridSizeZ:128]]
[2020.07.02-07.43.55:754][  0]LogConfig: Setting CVar [[r.VolumetricFog.HistoryMissSupersampleCount:4]]
[2020.07.02-07.43.55:754][  0]LogConfig: Setting CVar [[r.LightMaxDrawDistanceScale:1]]
[2020.07.02-07.43.55:754][  0]LogConfig: Setting CVar [[r.CapsuleShadows:1]]
[2020.07.02-07.43.55:754][  0]LogConfig: Applying CVar settings from Section [PostProcessQuality@3] File [D:/Facultad/Unreal/UNREAL2TP/Unreal2TP/Unreal2TP/Saved/Config/Windows/Scalability.ini]
[2020.07.02-07.43.55:754][  0]LogConfig: Setting CVar [[r.MotionBlurQuality:4]]
[2020.07.02-07.43.55:754][  0]LogConfig: Setting CVar [[r.AmbientOcclusionMipLevelFactor:0.4]]
[2020.07.02-07.43.55:754][  0]LogConfig: Setting CVar [[r.AmbientOcclusionMaxQuality:100]]
[2020.07.02-07.43.55:754][  0]LogConfig: Setting CVar [[r.AmbientOcclusionLevels:-1]]
[2020.07.02-07.43.55:754][  0]LogConfig: Setting CVar [[r.AmbientOcclusionRadiusScale:1.0]]
[2020.07.02-07.43.55:754][  0]LogConfig: Setting CVar [[r.DepthOfFieldQuality:2]]
[2020.07.02-07.43.55:754][  0]LogConfig: Setting CVar [[r.RenderTargetPoolMin:400]]
[2020.07.02-07.43.55:755][  0]LogConfig: Setting CVar [[r.LensFlareQuality:2]]
[2020.07.02-07.43.55:755][  0]LogConfig: Setting CVar [[r.SceneColorFringeQuality:1]]
[2020.07.02-07.43.55:755][  0]LogConfig: Setting CVar [[r.EyeAdaptationQuality:2]]
[2020.07.02-07.43.55:755][  0]LogConfig: Setting CVar [[r.BloomQuality:5]]
[2020.07.02-07.43.55:755][  0]LogConfig: Setting CVar [[r.FastBlurThreshold:100]]
[2020.07.02-07.43.55:755][  0]LogConfig: Setting CVar [[r.Upscale.Quality:3]]
[2020.07.02-07.43.55:755][  0]LogConfig: Setting CVar [[r.Tonemapper.GrainQuantization:1]]
[2020.07.02-07.43.55:755][  0]LogConfig: Setting CVar [[r.LightShaftQuality:1]]
[2020.07.02-07.43.55:755][  0]LogConfig: Setting CVar [[r.Filter.SizeScale:1]]
[2020.07.02-07.43.55:755][  0]LogConfig: Setting CVar [[r.Tonemapper.Quality:5]]
[2020.07.02-07.43.55:755][  0]LogConfig: Setting CVar [[r.DOF.Gather.AccumulatorQuality:1        ; higher gathering accumulator quality]]
[2020.07.02-07.43.55:755][  0]LogConfig: Setting CVar [[r.DOF.Gather.PostfilterMethod:1          ; Median3x3 postfilering method]]
[2020.07.02-07.43.55:755][  0]LogConfig: Setting CVar [[r.DOF.Gather.EnableBokehSettings:0       ; no bokeh simulation when gathering]]
[2020.07.02-07.43.55:755][  0]LogConfig: Setting CVar [[r.DOF.Gather.RingCount:4                 ; medium number of samples when gathering]]
[2020.07.02-07.43.55:755][  0]LogConfig: Setting CVar [[r.DOF.Scatter.ForegroundCompositing:1    ; additive foreground scattering]]
[2020.07.02-07.43.55:755][  0]LogConfig: Setting CVar [[r.DOF.Scatter.BackgroundCompositing:2    ; additive background scattering]]
[2020.07.02-07.43.55:755][  0]LogConfig: Setting CVar [[r.DOF.Scatter.EnableBokehSettings:1      ; bokeh simulation when scattering]]
[2020.07.02-07.43.55:755][  0]LogConfig: Setting CVar [[r.DOF.Scatter.MaxSpriteRatio:0.1         ; only a maximum of 10% of scattered bokeh]]
[2020.07.02-07.43.55:755][  0]LogConfig: Setting CVar [[r.DOF.Recombine.Quality:1                ; cheap slight out of focus]]
[2020.07.02-07.43.55:755][  0]LogConfig: Setting CVar [[r.DOF.Recombine.EnableBokehSettings:0    ; no bokeh simulation on slight out of focus]]
[2020.07.02-07.43.55:755][  0]LogConfig: Setting CVar [[r.DOF.TemporalAAQuality:1                ; more stable temporal accumulation]]
[2020.07.02-07.43.55:755][  0]LogConfig: Setting CVar [[r.DOF.Kernel.MaxForegroundRadius:0.025]]
[2020.07.02-07.43.55:755][  0]LogConfig: Setting CVar [[r.DOF.Kernel.MaxBackgroundRadius:0.025]]
[2020.07.02-07.43.55:755][  0]LogConfig: Applying CVar settings from Section [TextureQuality@3] File [D:/Facultad/Unreal/UNREAL2TP/Unreal2TP/Unreal2TP/Saved/Config/Windows/Scalability.ini]
[2020.07.02-07.43.55:755][  0]LogConfig: Setting CVar [[r.Streaming.MipBias:0]]
[2020.07.02-07.43.55:755][  0]LogConfig: Setting CVar [[r.Streaming.AmortizeCPUToGPUCopy:0]]
[2020.07.02-07.43.55:755][  0]LogConfig: Setting CVar [[r.Streaming.MaxNumTexturesToStreamPerFrame:0]]
[2020.07.02-07.43.55:755][  0]LogConfig: Setting CVar [[r.Streaming.Boost:1]]
[2020.07.02-07.43.55:755][  0]LogConfig: Setting CVar [[r.MaxAnisotropy:8]]
[2020.07.02-07.43.55:755][  0]LogConfig: Setting CVar [[r.VT.MaxAnisotropy:8]]
[2020.07.02-07.43.55:756][  0]LogConfig: Setting CVar [[r.Streaming.LimitPoolSizeToVRAM:0]]
[2020.07.02-07.43.55:756][  0]LogConfig: Setting CVar [[r.Streaming.PoolSize:1000]]
[2020.07.02-07.43.55:756][  0]LogConfig: Setting CVar [[r.Streaming.MaxEffectiveScreenSize:0]]
[2020.07.02-07.43.55:756][  0]LogConfig: Applying CVar settings from Section [EffectsQuality@3] File [D:/Facultad/Unreal/UNREAL2TP/Unreal2TP/Unreal2TP/Saved/Config/Windows/Scalability.ini]
[2020.07.02-07.43.55:756][  0]LogConfig: Setting CVar [[r.TranslucencyLightingVolumeDim:64]]
[2020.07.02-07.43.55:756][  0]LogConfig: Setting CVar [[r.RefractionQuality:2]]
[2020.07.02-07.43.55:756][  0]LogConfig: Setting CVar [[r.SSR.Quality:3]]
[2020.07.02-07.43.55:756][  0]LogConfig: Setting CVar [[r.SSR.HalfResSceneColor:0]]
[2020.07.02-07.43.55:756][  0]LogConfig: Setting CVar [[r.SceneColorFormat:4]]
[2020.07.02-07.43.55:756][  0]LogConfig: Setting CVar [[r.DetailMode:2]]
[2020.07.02-07.43.55:756][  0]LogConfig: Setting CVar [[r.TranslucencyVolumeBlur:1]]
[2020.07.02-07.43.55:756][  0]LogConfig: Setting CVar [[r.MaterialQualityLevel:1 ; High quality]]
[2020.07.02-07.43.55:756][  0]LogConfig: Setting CVar [[r.SSS.Scale:1]]
[2020.07.02-07.43.55:756][  0]LogConfig: Setting CVar [[r.SSS.SampleSet:2]]
[2020.07.02-07.43.55:756][  0]LogConfig: Setting CVar [[r.SSS.Quality:1]]
[2020.07.02-07.43.55:756][  0]LogConfig: Setting CVar [[r.SSS.HalfRes:1]]
[2020.07.02-07.43.55:756][  0]LogConfig: Setting CVar [[r.SSGI.Quality:3]]
[2020.07.02-07.43.55:756][  0]LogConfig: Setting CVar [[r.EmitterSpawnRateScale:1.0]]
[2020.07.02-07.43.55:756][  0]LogConfig: Setting CVar [[r.ParticleLightQuality:2]]
[2020.07.02-07.43.55:756][  0]LogConfig: Setting CVar [[r.SkyAtmosphere.AerialPerspectiveLUT.FastApplyOnOpaque:1 ; Always have FastSkyLUT 1 in this case to avoid wrong sky]]
[2020.07.02-07.43.55:756][  0]LogConfig: Setting CVar [[r.SkyAtmosphere.AerialPerspectiveLUT.SampleCountPerSlice:1]]
[2020.07.02-07.43.55:756][  0]LogConfig: Setting CVar [[r.SkyAtmosphere.AerialPerspectiveLUT.DepthResolution:16.0]]
[2020.07.02-07.43.55:756][  0]LogConfig: Setting CVar [[r.SkyAtmosphere.FastSkyLUT:1]]
[2020.07.02-07.43.55:756][  0]LogConfig: Setting CVar [[r.SkyAtmosphere.FastSkyLUT.SampleCountMin:4.0]]
[2020.07.02-07.43.55:756][  0]LogConfig: Setting CVar [[r.SkyAtmosphere.FastSkyLUT.SampleCountMax:32.0]]
[2020.07.02-07.43.55:756][  0]LogConfig: Setting CVar [[r.SkyAtmosphere.SampleCountMin:4.0]]
[2020.07.02-07.43.55:756][  0]LogConfig: Setting CVar [[r.SkyAtmosphere.SampleCountMax:32.0]]
[2020.07.02-07.43.55:756][  0]LogConfig: Setting CVar [[r.SkyAtmosphere.TransmittanceLUT.UseSmallFormat:0]]
[2020.07.02-07.43.55:756][  0]LogConfig: Setting CVar [[r.SkyAtmosphere.TransmittanceLUT.SampleCount:10.0]]
[2020.07.02-07.43.55:756][  0]LogConfig: Setting CVar [[r.SkyAtmosphere.MultiScatteringLUT.SampleCount:15.0]]
[2020.07.02-07.43.55:756][  0]LogConfig: Applying CVar settings from Section [FoliageQuality@3] File [D:/Facultad/Unreal/UNREAL2TP/Unreal2TP/Unreal2TP/Saved/Config/Windows/Scalability.ini]
[2020.07.02-07.43.55:756][  0]LogConfig: Setting CVar [[foliage.DensityScale:1.0]]
[2020.07.02-07.43.55:756][  0]LogConfig: Setting CVar [[grass.DensityScale:1.0]]
[2020.07.02-07.43.55:756][  0]LogConfig: Applying CVar settings from Section [ShadingQuality@3] File [D:/Facultad/Unreal/UNREAL2TP/Unreal2TP/Unreal2TP/Saved/Config/Windows/Scalability.ini]
[2020.07.02-07.43.55:756][  0]LogConfig: Setting CVar [[r.HairStrands.SkyLighting.SampleCount:16]]
[2020.07.02-07.43.55:756][  0]LogConfig: Setting CVar [[r.HairStrands.SkyLighting.JitterIntegration:0]]
[2020.07.02-07.43.55:756][  0]LogConfig: Setting CVar [[r.HairStrands.SkyAO.SampleCount:16]]
[2020.07.02-07.43.55:756][  0]LogInit: Selected Device Profile: [Windows]
[2020.07.02-07.43.55:756][  0]LogInit: Applying CVar settings loaded from the selected device profile: [Windows]
[2020.07.02-07.43.55:758][  0]LogHAL: Display: Platform has ~ 16 GB [17096769536 / 17179869184 / 16], which maps to Larger [LargestMinGB=32, LargerMinGB=12, DefaultMinGB=8, SmallerMinGB=6, SmallestMinGB=0)
[2020.07.02-07.43.55:758][  0]LogInit: Going up to parent DeviceProfile []
[2020.07.02-07.43.55:758][  0]LogConfig: Applying CVar settings from Section [ViewDistanceQuality@3] File [D:/Facultad/Unreal/UNREAL2TP/Unreal2TP/Unreal2TP/Saved/Config/Windows/Scalability.ini]
[2020.07.02-07.43.55:758][  0]LogConfig: Setting CVar [[r.SkeletalMeshLODBias:0]]
[2020.07.02-07.43.55:758][  0]LogConfig: Setting CVar [[r.ViewDistanceScale:1.0]]
[2020.07.02-07.43.55:758][  0]LogConfig: Applying CVar settings from Section [AntiAliasingQuality@3] File [D:/Facultad/Unreal/UNREAL2TP/Unreal2TP/Unreal2TP/Saved/Config/Windows/Scalability.ini]
[2020.07.02-07.43.55:758][  0]LogConfig: Setting CVar [[r.PostProcessAAQuality:4]]
[2020.07.02-07.43.55:758][  0]LogConfig: Applying CVar settings from Section [ShadowQuality@3] File [D:/Facultad/Unreal/UNREAL2TP/Unreal2TP/Unreal2TP/Saved/Config/Windows/Scalability.ini]
[2020.07.02-07.43.55:758][  0]LogConfig: Setting CVar [[r.LightFunctionQuality:1]]
[2020.07.02-07.43.55:758][  0]LogConfig: Setting CVar [[r.ShadowQuality:5]]
[2020.07.02-07.43.55:758][  0]LogConfig: Setting CVar [[r.Shadow.CSM.MaxCascades:10]]
[2020.07.02-07.43.55:758][  0]LogConfig: Setting CVar [[r.Shadow.MaxResolution:2048]]
[2020.07.02-07.43.55:758][  0]LogConfig: Setting CVar [[r.Shadow.MaxCSMResolution:2048]]
[2020.07.02-07.43.55:758][  0]LogConfig: Setting CVar [[r.Shadow.RadiusThreshold:0.01]]
[2020.07.02-07.43.55:759][  0]LogConfig: Setting CVar [[r.Shadow.DistanceScale:1.0]]
[2020.07.02-07.43.55:759][  0]LogConfig: Setting CVar [[r.Shadow.CSM.TransitionScale:1.0]]
[2020.07.02-07.43.55:759][  0]LogConfig: Setting CVar [[r.Shadow.PreShadowResolutionFactor:1.0]]
[2020.07.02-07.43.55:759][  0]LogConfig: Setting CVar [[r.DistanceFieldShadowing:1]]
[2020.07.02-07.43.55:759][  0]LogConfig: Setting CVar [[r.DistanceFieldAO:1]]
[2020.07.02-07.43.55:759][  0]LogConfig: Setting CVar [[r.AOQuality:2]]
[2020.07.02-07.43.55:759][  0]LogConfig: Setting CVar [[r.VolumetricFog:1]]
[2020.07.02-07.43.55:759][  0]LogConfig: Setting CVar [[r.VolumetricFog.GridPixelSize:8]]
[2020.07.02-07.43.55:759][  0]LogConfig: Setting CVar [[r.VolumetricFog.GridSizeZ:128]]
[2020.07.02-07.43.55:759][  0]LogConfig: Setting CVar [[r.VolumetricFog.HistoryMissSupersampleCount:4]]
[2020.07.02-07.43.55:759][  0]LogConfig: Setting CVar [[r.LightMaxDrawDistanceScale:1]]
[2020.07.02-07.43.55:759][  0]LogConfig: Setting CVar [[r.CapsuleShadows:1]]
[2020.07.02-07.43.55:759][  0]LogConfig: Applying CVar settings from Section [PostProcessQuality@3] File [D:/Facultad/Unreal/UNREAL2TP/Unreal2TP/Unreal2TP/Saved/Config/Windows/Scalability.ini]
[2020.07.02-07.43.55:759][  0]LogConfig: Setting CVar [[r.MotionBlurQuality:4]]
[2020.07.02-07.43.55:759][  0]LogConfig: Setting CVar [[r.AmbientOcclusionMipLevelFactor:0.4]]
[2020.07.02-07.43.55:759][  0]LogConfig: Setting CVar [[r.AmbientOcclusionMaxQuality:100]]
[2020.07.02-07.43.55:759][  0]LogConfig: Setting CVar [[r.AmbientOcclusionLevels:-1]]
[2020.07.02-07.43.55:759][  0]LogConfig: Setting CVar [[r.AmbientOcclusionRadiusScale:1.0]]
[2020.07.02-07.43.55:759][  0]LogConfig: Setting CVar [[r.DepthOfFieldQuality:2]]
[2020.07.02-07.43.55:759][  0]LogConfig: Setting CVar [[r.RenderTargetPoolMin:400]]
[2020.07.02-07.43.55:759][  0]LogConfig: Setting CVar [[r.LensFlareQuality:2]]
[2020.07.02-07.43.55:759][  0]LogConfig: Setting CVar [[r.SceneColorFringeQuality:1]]
[2020.07.02-07.43.55:759][  0]LogConfig: Setting CVar [[r.EyeAdaptationQuality:2]]
[2020.07.02-07.43.55:759][  0]LogConfig: Setting CVar [[r.BloomQuality:5]]
[2020.07.02-07.43.55:759][  0]LogConfig: Setting CVar [[r.FastBlurThreshold:100]]
[2020.07.02-07.43.55:759][  0]LogConfig: Setting CVar [[r.Upscale.Quality:3]]
[2020.07.02-07.43.55:759][  0]LogConfig: Setting CVar [[r.Tonemapper.GrainQuantization:1]]
[2020.07.02-07.43.55:759][  0]LogConfig: Setting CVar [[r.LightShaftQuality:1]]
[2020.07.02-07.43.55:759][  0]LogConfig: Setting CVar [[r.Filter.SizeScale:1]]
[2020.07.02-07.43.55:759][  0]LogConfig: Setting CVar [[r.Tonemapper.Quality:5]]
[2020.07.02-07.43.55:759][  0]LogConfig: Setting CVar [[r.DOF.Gather.AccumulatorQuality:1        ; higher gathering accumulator quality]]
[2020.07.02-07.43.55:759][  0]LogConfig: Setting CVar [[r.DOF.Gather.PostfilterMethod:1          ; Median3x3 postfilering method]]
[2020.07.02-07.43.55:759][  0]LogConfig: Setting CVar [[r.DOF.Gather.EnableBokehSettings:0       ; no bokeh simulation when gathering]]
[2020.07.02-07.43.55:759][  0]LogConfig: Setting CVar [[r.DOF.Gather.RingCount:4                 ; medium number of samples when gathering]]
[2020.07.02-07.43.55:759][  0]LogConfig: Setting CVar [[r.DOF.Scatter.ForegroundCompositing:1    ; additive foreground scattering]]
[2020.07.02-07.43.55:759][  0]LogConfig: Setting CVar [[r.DOF.Scatter.BackgroundCompositing:2    ; additive background scattering]]
[2020.07.02-07.43.55:759][  0]LogConfig: Setting CVar [[r.DOF.Scatter.EnableBokehSettings:1      ; bokeh simulation when scattering]]
[2020.07.02-07.43.55:759][  0]LogConfig: Setting CVar [[r.DOF.Scatter.MaxSpriteRatio:0.1         ; only a maximum of 10% of scattered bokeh]]
[2020.07.02-07.43.55:759][  0]LogConfig: Setting CVar [[r.DOF.Recombine.Quality:1                ; cheap slight out of focus]]
[2020.07.02-07.43.55:760][  0]LogConfig: Setting CVar [[r.DOF.Recombine.EnableBokehSettings:0    ; no bokeh simulation on slight out of focus]]
[2020.07.02-07.43.55:760][  0]LogConfig: Setting CVar [[r.DOF.TemporalAAQuality:1                ; more stable temporal accumulation]]
[2020.07.02-07.43.55:760][  0]LogConfig: Setting CVar [[r.DOF.Kernel.MaxForegroundRadius:0.025]]
[2020.07.02-07.43.55:760][  0]LogConfig: Setting CVar [[r.DOF.Kernel.MaxBackgroundRadius:0.025]]
[2020.07.02-07.43.55:760][  0]LogConfig: Applying CVar settings from Section [TextureQuality@3] File [D:/Facultad/Unreal/UNREAL2TP/Unreal2TP/Unreal2TP/Saved/Config/Windows/Scalability.ini]
[2020.07.02-07.43.55:760][  0]LogConfig: Setting CVar [[r.Streaming.MipBias:0]]
[2020.07.02-07.43.55:760][  0]LogConfig: Setting CVar [[r.Streaming.AmortizeCPUToGPUCopy:0]]
[2020.07.02-07.43.55:760][  0]LogConfig: Setting CVar [[r.Streaming.MaxNumTexturesToStreamPerFrame:0]]
[2020.07.02-07.43.55:760][  0]LogConfig: Setting CVar [[r.Streaming.Boost:1]]
[2020.07.02-07.43.55:760][  0]LogConfig: Setting CVar [[r.MaxAnisotropy:8]]
[2020.07.02-07.43.55:760][  0]LogConfig: Setting CVar [[r.VT.MaxAnisotropy:8]]
[2020.07.02-07.43.55:760][  0]LogConfig: Setting CVar [[r.Streaming.LimitPoolSizeToVRAM:0]]
[2020.07.02-07.43.55:760][  0]LogConfig: Setting CVar [[r.Streaming.PoolSize:1000]]
[2020.07.02-07.43.55:760][  0]LogConfig: Setting CVar [[r.Streaming.MaxEffectiveScreenSize:0]]
[2020.07.02-07.43.55:760][  0]LogConfig: Applying CVar settings from Section [EffectsQuality@3] File [D:/Facultad/Unreal/UNREAL2TP/Unreal2TP/Unreal2TP/Saved/Config/Windows/Scalability.ini]
[2020.07.02-07.43.55:760][  0]LogConfig: Setting CVar [[r.TranslucencyLightingVolumeDim:64]]
[2020.07.02-07.43.55:760][  0]LogConfig: Setting CVar [[r.RefractionQuality:2]]
[2020.07.02-07.43.55:760][  0]LogConfig: Setting CVar [[r.SSR.Quality:3]]
[2020.07.02-07.43.55:760][  0]LogConfig: Setting CVar [[r.SSR.HalfResSceneColor:0]]
[2020.07.02-07.43.55:760][  0]LogConfig: Setting CVar [[r.SceneColorFormat:4]]
[2020.07.02-07.43.55:760][  0]LogConfig: Setting CVar [[r.DetailMode:2]]
[2020.07.02-07.43.55:760][  0]LogConfig: Setting CVar [[r.TranslucencyVolumeBlur:1]]
[2020.07.02-07.43.55:760][  0]LogConfig: Setting CVar [[r.MaterialQualityLevel:1 ; High quality]]
[2020.07.02-07.43.55:760][  0]LogConfig: Setting CVar [[r.SSS.Scale:1]]
[2020.07.02-07.43.55:760][  0]LogConfig: Setting CVar [[r.SSS.SampleSet:2]]
[2020.07.02-07.43.55:760][  0]LogConfig: Setting CVar [[r.SSS.Quality:1]]
[2020.07.02-07.43.55:760][  0]LogConfig: Setting CVar [[r.SSS.HalfRes:1]]
[2020.07.02-07.43.55:760][  0]LogConfig: Setting CVar [[r.SSGI.Quality:3]]
[2020.07.02-07.43.55:760][  0]LogConfig: Setting CVar [[r.EmitterSpawnRateScale:1.0]]
[2020.07.02-07.43.55:760][  0]LogConfig: Setting CVar [[r.ParticleLightQuality:2]]
[2020.07.02-07.43.55:760][  0]LogConfig: Setting CVar [[r.SkyAtmosphere.AerialPerspectiveLUT.FastApplyOnOpaque:1 ; Always have FastSkyLUT 1 in this case to avoid wrong sky]]
[2020.07.02-07.43.55:760][  0]LogConfig: Setting CVar [[r.SkyAtmosphere.AerialPerspectiveLUT.SampleCountPerSlice:1]]
[2020.07.02-07.43.55:760][  0]LogConfig: Setting CVar [[r.SkyAtmosphere.AerialPerspectiveLUT.DepthResolution:16.0]]
[2020.07.02-07.43.55:760][  0]LogConfig: Setting CVar [[r.SkyAtmosphere.FastSkyLUT:1]]
[2020.07.02-07.43.55:760][  0]LogConfig: Setting CVar [[r.SkyAtmosphere.FastSkyLUT.SampleCountMin:4.0]]
[2020.07.02-07.43.55:760][  0]LogConfig: Setting CVar [[r.SkyAtmosphere.FastSkyLUT.SampleCountMax:32.0]]
[2020.07.02-07.43.55:760][  0]LogConfig: Setting CVar [[r.SkyAtmosphere.SampleCountMin:4.0]]
[2020.07.02-07.43.55:760][  0]LogConfig: Setting CVar [[r.SkyAtmosphere.SampleCountMax:32.0]]
[2020.07.02-07.43.55:760][  0]LogConfig: Setting CVar [[r.SkyAtmosphere.TransmittanceLUT.UseSmallFormat:0]]
[2020.07.02-07.43.55:761][  0]LogConfig: Setting CVar [[r.SkyAtmosphere.TransmittanceLUT.SampleCount:10.0]]
[2020.07.02-07.43.55:761][  0]LogConfig: Setting CVar [[r.SkyAtmosphere.MultiScatteringLUT.SampleCount:15.0]]
[2020.07.02-07.43.55:761][  0]LogConfig: Applying CVar settings from Section [FoliageQuality@3] File [D:/Facultad/Unreal/UNREAL2TP/Unreal2TP/Unreal2TP/Saved/Config/Windows/Scalability.ini]
[2020.07.02-07.43.55:761][  0]LogConfig: Setting CVar [[foliage.DensityScale:1.0]]
[2020.07.02-07.43.55:761][  0]LogConfig: Setting CVar [[grass.DensityScale:1.0]]
[2020.07.02-07.43.55:761][  0]LogConfig: Applying CVar settings from Section [ShadingQuality@3] File [D:/Facultad/Unreal/UNREAL2TP/Unreal2TP/Unreal2TP/Saved/Config/Windows/Scalability.ini]
[2020.07.02-07.43.55:761][  0]LogConfig: Setting CVar [[r.HairStrands.SkyLighting.SampleCount:16]]
[2020.07.02-07.43.55:761][  0]LogConfig: Setting CVar [[r.HairStrands.SkyLighting.JitterIntegration:0]]
[2020.07.02-07.43.55:761][  0]LogConfig: Setting CVar [[r.HairStrands.SkyAO.SampleCount:16]]
[2020.07.02-07.43.55:761][  0]LogConfig: Applying CVar settings from Section [Startup] File [../../../Engine/Config/ConsoleVariables.ini]
[2020.07.02-07.43.55:761][  0]LogConfig: Setting CVar [[net.UseAdaptiveNetUpdateFrequency:0]]
[2020.07.02-07.43.55:761][  0]LogConfig: Setting CVar [[p.chaos.AllowCreatePhysxBodies:1]]
[2020.07.02-07.43.55:761][  0]LogConfig: Applying CVar settings from Section [ConsoleVariables] File [D:/Facultad/Unreal/UNREAL2TP/Unreal2TP/Unreal2TP/Saved/Config/Windows/Engine.ini]
[2020.07.02-07.43.55:761][  0]LogInit: Computer: DESKTOP-27BOLO1
[2020.07.02-07.43.55:761][  0]LogInit: User: Facundo
[2020.07.02-07.43.55:761][  0]LogInit: CPU Page size=4096, Cores=8
[2020.07.02-07.43.55:761][  0]LogInit: High frequency timer resolution =10.000000 MHz
[2020.07.02-07.43.55:761][  0]LogMemory: Memory total: Physical=15.9GB (16GB approx)
[2020.07.02-07.43.55:761][  0]LogMemory: Platform Memory Stats for Windows
[2020.07.02-07.43.55:761][  0]LogMemory: Process Physical Memory: 105.90 MB used, 105.91 MB peak
[2020.07.02-07.43.55:761][  0]LogMemory: Process Virtual Memory: 100.73 MB used, 100.73 MB peak
[2020.07.02-07.43.55:761][  0]LogMemory: Physical Memory: 7689.16 MB used,  8615.59 MB free, 16304.75 MB total
[2020.07.02-07.43.55:761][  0]LogMemory: Virtual Memory: 5107.20 MB used,  134212624.00 MB free, 134217728.00 MB total
[2020.07.02-07.43.55:765][  0]LogWindows: WindowsPlatformFeatures enabled
[2020.07.02-07.43.55:837][  0]LogInit: Using OS detected language (en-US).
[2020.07.02-07.43.55:837][  0]LogInit: Using OS detected locale (en-US).
[2020.07.02-07.43.55:838][  0]LogTextLocalizationManager: No specific localization for 'en-US' exists, so the 'en' localization will be used.
[2020.07.02-07.43.55:945][  0]LogInit: Setting process to per monitor DPI aware
[2020.07.02-07.43.55:985][  0]LogSlate: New Slate User Created.  User Index 0, Is Virtual User: 0
[2020.07.02-07.43.55:985][  0]LogSlate: Slate User Registered.  User Index 0, Is Virtual User: 0
[2020.07.02-07.43.56:092][  0]LogHMD: Failed to initialize OpenVR with code 110
[2020.07.02-07.43.56:092][  0]LogD3D11RHI: D3D11 min allowed feature level: 11_0
[2020.07.02-07.43.56:093][  0]LogD3D11RHI: D3D11 max allowed feature level: 11_0
[2020.07.02-07.43.56:093][  0]LogD3D11RHI: D3D11 adapters:
[2020.07.02-07.43.56:162][  0]LogD3D11RHI:    0. 'NVIDIA GeForce GTX 1070' (Feature Level 11_0)
[2020.07.02-07.43.56:162][  0]LogD3D11RHI:       8088/0/8152 MB DedicatedVideo/DedicatedSystem/SharedSystem, Outputs:3, VendorId:0x10de
[2020.07.02-07.43.56:165][  0]LogD3D11RHI:    1. 'Microsoft Basic Render Driver' (Feature Level 11_0)
[2020.07.02-07.43.56:165][  0]LogD3D11RHI:       0/0/8152 MB DedicatedVideo/DedicatedSystem/SharedSystem, Outputs:0, VendorId:0x1414
[2020.07.02-07.43.56:165][  0]LogD3D11RHI: Chosen D3D11 Adapter: 0
[2020.07.02-07.43.56:172][  0]LogD3D11RHI: Creating new Direct3DDevice
[2020.07.02-07.43.56:173][  0]LogD3D11RHI:     GPU DeviceId: 0x1b81 (for the marketing name, search the web for "GPU Device Id")
[2020.07.02-07.43.56:173][  0]LogWindows: EnumDisplayDevices:
[2020.07.02-07.43.56:173][  0]LogWindows:    0. 'NVIDIA GeForce GTX 1070' (P:1 D:1)
[2020.07.02-07.43.56:173][  0]LogWindows:    1. 'NVIDIA GeForce GTX 1070' (P:0 D:1)
[2020.07.02-07.43.56:174][  0]LogWindows:    2. 'NVIDIA GeForce GTX 1070' (P:0 D:1)
[2020.07.02-07.43.56:174][  0]LogWindows:    3. 'NVIDIA GeForce GTX 1070' (P:0 D:0)
[2020.07.02-07.43.56:174][  0]LogWindows: DebugString: FoundDriverCount:4 
[2020.07.02-07.43.56:174][  0]LogD3D11RHI:     Adapter Name: NVIDIA GeForce GTX 1070
[2020.07.02-07.43.56:174][  0]LogD3D11RHI:   Driver Version: 446.14 (internal:26.21.14.4614, unified:446.14)
[2020.07.02-07.43.56:174][  0]LogD3D11RHI:      Driver Date: 5-15-2020
[2020.07.02-07.43.56:174][  0]LogRHI: Texture pool is 5661 MB (70% of 8088 MB)
[2020.07.02-07.43.56:216][  0]LogD3D11RHI: RHI has support for 64 bit atomics
[2020.07.02-07.43.56:216][  0]LogD3D11RHI: Async texture creation enabled
[2020.07.02-07.43.56:231][  0]LogD3D11RHI: GPU Timing Frequency: 1000.000000 (Debug: 2 1)
[2020.07.02-07.43.56:459][  0]LogTargetPlatformManager: Display: Loaded TargetPlatform 'AllDesktop'
[2020.07.02-07.43.56:483][  0]LogTargetPlatformManager: Display: Loaded TargetPlatform 'Android'
[2020.07.02-07.43.56:483][  0]LogTargetPlatformManager: Display: Loaded TargetPlatform 'Android_ASTC'
[2020.07.02-07.43.56:484][  0]LogTargetPlatformManager: Display: Loaded TargetPlatform 'Android_ATC'
[2020.07.02-07.43.56:484][  0]LogTargetPlatformManager: Display: Loaded TargetPlatform 'Android_DXT'
[2020.07.02-07.43.56:484][  0]LogTargetPlatformManager: Display: Loaded TargetPlatform 'Android_ETC1'
[2020.07.02-07.43.56:484][  0]LogTargetPlatformManager: Display: Loaded TargetPlatform 'Android_ETC1a'
[2020.07.02-07.43.56:484][  0]LogTargetPlatformManager: Display: Loaded TargetPlatform 'Android_ETC2'
[2020.07.02-07.43.56:484][  0]LogTargetPlatformManager: Display: Loaded TargetPlatform 'Android_PVRTC'
[2020.07.02-07.43.56:484][  0]LogTargetPlatformManager: Display: Loaded TargetPlatform 'AndroidClient'
[2020.07.02-07.43.56:484][  0]LogTargetPlatformManager: Display: Loaded TargetPlatform 'Android_ASTCClient'
[2020.07.02-07.43.56:484][  0]LogTargetPlatformManager: Display: Loaded TargetPlatform 'Android_ATCClient'
[2020.07.02-07.43.56:484][  0]LogTargetPlatformManager: Display: Loaded TargetPlatform 'Android_DXTClient'
[2020.07.02-07.43.56:484][  0]LogTargetPlatformManager: Display: Loaded TargetPlatform 'Android_ETC1Client'
[2020.07.02-07.43.56:484][  0]LogTargetPlatformManager: Display: Loaded TargetPlatform 'Android_ETC1aClient'
[2020.07.02-07.43.56:484][  0]LogTargetPlatformManager: Display: Loaded TargetPlatform 'Android_ETC2Client'
[2020.07.02-07.43.56:484][  0]LogTargetPlatformManager: Display: Loaded TargetPlatform 'Android_PVRTCClient'
[2020.07.02-07.43.56:484][  0]LogTargetPlatformManager: Display: Loaded TargetPlatform 'Android_Multi'
[2020.07.02-07.43.56:484][  0]LogTargetPlatformManager: Display: Loaded TargetPlatform 'Android_MultiClient'
[2020.07.02-07.43.56:503][  0]LogTargetPlatformManager: Display: Loaded TargetPlatform 'IOSClient'
[2020.07.02-07.43.56:503][  0]LogTargetPlatformManager: Display: Loaded TargetPlatform 'IOS'
[2020.07.02-07.43.56:510][  0]LogTargetPlatformManager: Display: Loaded TargetPlatform 'LinuxNoEditor'
[2020.07.02-07.43.56:516][  0]LogTargetPlatformManager: Display: Loaded TargetPlatform 'LinuxClient'
[2020.07.02-07.43.56:523][  0]LogTargetPlatformManager: Display: Loaded TargetPlatform 'LinuxServer'
[2020.07.02-07.43.56:529][  0]LogTargetPlatformManager: Display: Loaded TargetPlatform 'LinuxAArch64NoEditor'
[2020.07.02-07.43.56:536][  0]LogTargetPlatformManager: Display: Loaded TargetPlatform 'LinuxAArch64Client'
[2020.07.02-07.43.56:543][  0]LogTargetPlatformManager: Display: Loaded TargetPlatform 'LinuxAArch64Server'
[2020.07.02-07.43.56:561][  0]LogTargetPlatformManager: Display: Loaded TargetPlatform 'Lumin'
[2020.07.02-07.43.56:561][  0]LogTargetPlatformManager: Display: Loaded TargetPlatform 'LuminClient'
[2020.07.02-07.43.56:572][  0]LogTargetPlatformManager: Display: Loaded TargetPlatform 'TVOSClient'
[2020.07.02-07.43.56:572][  0]LogTargetPlatformManager: Display: Loaded TargetPlatform 'TVOS'
[2020.07.02-07.43.56:578][  0]LogTargetPlatformManager: Display: Loaded TargetPlatform 'WindowsNoEditor'
[2020.07.02-07.43.56:586][  0]LogTargetPlatformManager: Display: Loaded TargetPlatform 'Windows'
[2020.07.02-07.43.56:592][  0]LogTargetPlatformManager: Display: Loaded TargetPlatform 'WindowsClient'
[2020.07.02-07.43.56:599][  0]LogTargetPlatformManager: Display: Loaded TargetPlatform 'WindowsServer'
[2020.07.02-07.43.56:600][  0]LogTargetPlatformManager: Display: Building Assets For Windows
[2020.07.02-07.43.56:607][  0]LogAudioDebug: Display: Lib vorbis DLL was dynamically loaded.
[2020.07.02-07.43.56:652][  0]LogShaderCompilers: Guid format shader working directory is -10 characters bigger than the processId version (../../../../Facultad/Unreal/UNREAL2TP/Unreal2TP/Unreal2TP/Intermediate/Shaders/WorkingDirectory/14856/).
[2020.07.02-07.43.56:652][  0]LogShaderCompilers: Cleaned the shader compiler working directory 'C:/Users/Facundo/AppData/Local/Temp/UnrealShaderWorkingDir/270AD9F94A87D26A57D36D8AD8B0C2BB/'.
[2020.07.02-07.43.56:653][  0]LogXGEController: Cleaning working directory: C:/Users/Facundo/AppData/Local/Temp/UnrealXGEWorkingDir/
[2020.07.02-07.43.56:653][  0]LogXGEController: Cannot use XGE Controller as Incredibuild is not installed on this machine.
[2020.07.02-07.43.56:653][  0]LogShaderCompilers: Cannot use XGE Shader Compiler as Incredibuild is not installed on this machine.
[2020.07.02-07.43.56:653][  0]LogShaderCompilers: Display: Using Local Shader Compiler.
[2020.07.02-07.43.57:181][  0]LogDerivedDataCache: Display: Max Cache Size: 512 MB
[2020.07.02-07.43.57:224][  0]LogDerivedDataCache: Loaded boot cache 0.04s 82MB C:/Users/Facundo/AppData/Local/UnrealEngine/4.24/DerivedDataCache/Boot.ddc.
[2020.07.02-07.43.57:225][  0]LogDerivedDataCache: Display: Loaded Boot cache: C:/Users/Facundo/AppData/Local/UnrealEngine/4.24/DerivedDataCache/Boot.ddc
[2020.07.02-07.43.57:225][  0]LogDerivedDataCache: FDerivedDataBackendGraph:  Pak pak cache file ../../../../Facultad/Unreal/UNREAL2TP/Unreal2TP/Unreal2TP/DerivedDataCache/DDC.ddp not found, will not use a pak cache.
[2020.07.02-07.43.57:225][  0]LogDerivedDataCache: Unable to find inner node Pak for hierarchical cache Hierarchy.
[2020.07.02-07.43.57:225][  0]LogDerivedDataCache: FDerivedDataBackendGraph:  CompressedPak pak cache file ../../../../Facultad/Unreal/UNREAL2TP/Unreal2TP/Unreal2TP/DerivedDataCache/Compressed.ddp not found, will not use a pak cache.
[2020.07.02-07.43.57:225][  0]LogDerivedDataCache: Unable to find inner node CompressedPak for hierarchical cache Hierarchy.
[2020.07.02-07.43.57:233][  0]LogDerivedDataCache: Display: Pak cache opened for reading ../../../Engine/DerivedDataCache/Compressed.ddp.
[2020.07.02-07.43.57:233][  0]LogDerivedDataCache: FDerivedDataBackendGraph:  EnterprisePak pak cache file ../../../Enterprise/DerivedDataCache/Compressed.ddp not found, will not use a pak cache.
[2020.07.02-07.43.57:233][  0]LogDerivedDataCache: Unable to find inner node EnterprisePak for hierarchical cache Hierarchy.
[2020.07.02-07.43.57:235][  0]LogDerivedDataCache: Using Local data cache path C:/Users/Facundo/AppData/Local/UnrealEngine/Common/DerivedDataCache: Writable
[2020.07.02-07.43.57:235][  0]LogDerivedDataCache: Shared data cache path not found in *engine.ini, will not use an Shared cache.
[2020.07.02-07.43.57:235][  0]LogDerivedDataCache: Unable to find inner node Shared for hierarchical cache Hierarchy.
[2020.07.02-07.43.57:254][  0]LogMaterial: Verifying Global Shaders for PCD3D_SM5
[2020.07.02-07.43.57:256][  0]LogSlate: Using FreeType 2.10.0
[2020.07.02-07.43.57:256][  0]LogSlate: SlateFontServices - WITH_FREETYPE: 1, WITH_HARFBUZZ: 1
[2020.07.02-07.43.57:298][  0]LogAssetRegistry: FAssetRegistry took 0.0033 seconds to start up
[2020.07.02-07.43.57:511][  0]LogInit: Selected Device Profile: [Windows]
[2020.07.02-07.43.57:644][  0]LogMeshReduction: Using QuadricMeshReduction for automatic static mesh reduction
[2020.07.02-07.43.57:644][  0]LogMeshReduction: Using SimplygonMeshReduction for automatic skeletal mesh reduction
[2020.07.02-07.43.57:644][  0]LogMeshReduction: Using ProxyLODMeshReduction for automatic mesh merging
[2020.07.02-07.43.57:644][  0]LogMeshReduction: No distributed automatic mesh merging module available
[2020.07.02-07.43.57:644][  0]LogMeshMerging: No distributed automatic mesh merging module available
[2020.07.02-07.43.57:662][  0]LogNetVersion: Unreal2TP 1.0.0, NetCL: 10570792, EngineNetVer: 13, GameNetVer: 0 (Checksum: 317678641)
[2020.07.02-07.43.58:420][  0]LogPackageLocalizationCache: Processed 10 localized package path(s) for 1 prioritized culture(s) in 0.021815 seconds
[2020.07.02-07.43.58:426][  0]LogUObjectArray: 46750 objects as part of root set at end of initial load.
[2020.07.02-07.43.58:426][  0]LogUObjectAllocator: 8137160 out of 0 bytes used by permanent object pool.
[2020.07.02-07.43.58:426][  0]LogUObjectArray: CloseDisregardForGC: 0/0 objects in disregard for GC pool
[2020.07.02-07.43.58:789][  0]LogTcpMessaging: Initializing TcpMessaging bridge
[2020.07.02-07.43.58:794][  0]LogUdpMessaging: Initializing bridge on interface 0.0.0.0:0 to multicast group 230.0.0.1:6666.
[2020.07.02-07.43.59:001][  0]SourceControl: Source control is disabled
[2020.07.02-07.43.59:002][  0]SourceControl: Source control is disabled
[2020.07.02-07.43.59:004][  0]SourceControl: Source control is disabled
[2020.07.02-07.43.59:006][  0]SourceControl: Source control is disabled
[2020.07.02-07.43.59:008][  0]SourceControl: Source control is disabled
[2020.07.02-07.43.59:121][  0]LogAndroidPermission: UAndroidPermissionCallbackProxy::GetInstance
[2020.07.02-07.43.59:136][  0]LogAudioCaptureCore: Display: No Audio Capture implementations found. Audio input will be silent.
[2020.07.02-07.43.59:136][  0]LogAudioCaptureCore: Display: No Audio Capture implementations found. Audio input will be silent.
[2020.07.02-07.43.59:208][  0]LogOcInput: OculusInput pre-init called
[2020.07.02-07.43.59:215][  0]LogWindows: Failed to load 'OVRPlugin.dll' (GetLastError=126)
[2020.07.02-07.43.59:215][  0]LogWindows: File 'OVRPlugin.dll' does not exist
[2020.07.02-07.43.59:275][  0]LogEngine: Initializing Engine...
[2020.07.02-07.43.59:276][  0]LogHMD: Failed to initialize OpenVR with code 110
[2020.07.02-07.43.59:277][  0]LogStats: UGameplayTagsManager::InitializeManager -  0.000 s
[2020.07.02-07.43.59:512][  0]LogInit: Initializing FReadOnlyCVARCache
[2020.07.02-07.43.59:518][  0]LogAIModule: Creating AISystem for world Untitled
[2020.07.02-07.43.59:534][  0]LogAudioMixer: Display: Audio Mixer Platform Settings:
[2020.07.02-07.43.59:534][  0]LogAudioMixer: Display: 	Sample Rate:						  48000
[2020.07.02-07.43.59:534][  0]LogAudioMixer: Display: 	Callback Buffer Frame Size Requested: 1024
[2020.07.02-07.43.59:534][  0]LogAudioMixer: Display: 	Callback Buffer Frame Size To Use:	  1024
[2020.07.02-07.43.59:534][  0]LogAudioMixer: Display: 	Number of buffers to queue:			  2
[2020.07.02-07.43.59:535][  0]LogAudioMixer: Display: 	Max Channels (voices):				  32
[2020.07.02-07.43.59:535][  0]LogAudioMixer: Display: 	Number of Async Source Workers:		  0
[2020.07.02-07.43.59:535][  0]LogAudio: Display: AudioDevice MaxSources: 32
[2020.07.02-07.43.59:535][  0]LogAudio: Display: Using built-in audio occlusion.
[2020.07.02-07.43.59:536][  0]LogAudioMixer: Display: Initializing audio mixer.
[2020.07.02-07.43.59:579][  0]LogAudioMixer: Display: Audio Device Output Speaker Info:
[2020.07.02-07.43.59:579][  0]LogAudioMixer: Display: Name: Altavoces (Realtek(R) Audio)
[2020.07.02-07.43.59:579][  0]LogAudioMixer: Display: Is Default: Yes
[2020.07.02-07.43.59:579][  0]LogAudioMixer: Display: Sample Rate: 48000
[2020.07.02-07.43.59:579][  0]LogAudioMixer: Display: Channel Count Used: 2
[2020.07.02-07.43.59:579][  0]LogAudioMixer: Display: Device Channel Count: 2
[2020.07.02-07.43.59:579][  0]LogAudioMixer: Display: Channel Order:
[2020.07.02-07.43.59:579][  0]LogAudioMixer: Display: 0: FrontLeft
[2020.07.02-07.43.59:579][  0]LogAudioMixer: Display: 1: FrontRight
[2020.07.02-07.43.59:609][  0]LogAudioMixer: Display: Using Audio Device Altavoces (Realtek(R) Audio)
[2020.07.02-07.43.59:614][  0]LogInit: FAudioDevice initialized.
[2020.07.02-07.43.59:615][  0]LogNetVersion: Set ProjectVersion to 1.0.0.0. Version Checksum will be recalculated on next use.
[2020.07.02-07.43.59:705][  0]LogDerivedDataCache: Saved boot cache 0.09s 82MB C:/Users/Facundo/AppData/Local/UnrealEngine/4.24/DerivedDataCache/Boot.ddc.
[2020.07.02-07.43.59:706][  0]LogInit: Texture streaming: Enabled
[2020.07.02-07.43.59:728][  0]LogEngineSessionManager: EngineSessionManager initialized
[2020.07.02-07.43.59:728][  0]LogEngineSessionManager: EngineSessionManager sent abnormal shutdown report. Type=Debugger, SessionId={7D009929-481F-FEAD-4A7C-1C86D998F8E2}
[2020.07.02-07.43.59:728][  0]LogEditorSessionSummary: Verbose: Initializing EditorSessionSummaryWriter for editor session tracking
[2020.07.02-07.43.59:731][  0]LogEditorSessionSummary: EditorSessionSummaryWriter initialized
[2020.07.02-07.43.59:754][  0]LogInit: Transaction tracking system initialized
[2020.07.02-07.43.59:768][  0]BlueprintLog: New page: Editor Load
[2020.07.02-07.43.59:812][  0]LocalizationService: Localization service is disabled
[2020.07.02-07.44.00:007][  0]LogFileCache: Scanning file cache for directory 'D:/Facultad/Unreal/UNREAL2TP/Unreal2TP/Unreal2TP/Content/' took 0.01s
[2020.07.02-07.44.00:007][  0]LogCook: Display: Max memory allowance for cook 16384mb min free memory 0mb
[2020.07.02-07.44.00:008][  0]LogCook: Display: Mobile HDR setting 1
[2020.07.02-07.44.00:554][  0]SourceControl: Source control is disabled
[2020.07.02-07.44.00:555][  0]Cmd: MAP LOAD FILE="../../../../Facultad/Unreal/UNREAL2TP/Unreal2TP/Unreal2TP/Content/ThirdPersonCPP/Maps/ThirdPersonExampleMap.umap" TEMPLATE=0 SHOWPROGRESS=1 FEATURELEVEL=3
[2020.07.02-07.44.00:555][  0]LightingResults: New page: Lighting Build
[2020.07.02-07.44.00:556][  0]LogWorld: UWorld::CleanupWorld for Untitled, bSessionEnded=true, bCleanupResources=true
[2020.07.02-07.44.00:556][  0]LogSlate: InvalidateAllWidgets triggered.  All widgets were invalidated
[2020.07.02-07.44.00:556][  0]MapCheck: New page: Map Check
[2020.07.02-07.44.00:556][  0]LightingResults: New page: Lighting Build
[2020.07.02-07.44.00:581][  0]LogUObjectHash: Compacting FUObjectHashTables data took   1.45ms
[2020.07.02-07.44.00:673][  0]LogAIModule: Creating AISystem for world ThirdPersonExampleMap
[2020.07.02-07.44.00:678][  0]LogEditorServer: Finished looking for orphan Actors (0.000 secs)
[2020.07.02-07.44.00:706][  0]LogUObjectHash: Compacting FUObjectHashTables data took   1.55ms
[2020.07.02-07.44.00:707][  0]Cmd: MAP CHECKDEP NOCLEARLOG
[2020.07.02-07.44.00:707][  0]MapCheck: Map check complete: 0 Error(s), 0 Warning(s), took 0.108ms to complete.
[2020.07.02-07.44.00:707][  0]LogFileHelpers: Loading map 'ThirdPersonExampleMap' took 0.152
[2020.07.02-07.44.00:859][  0]LogSlate: Updating window title bar state: overlay mode, drag disabled, window buttons hidden, title bar hidden
[2020.07.02-07.44.00:863][  0]LogSlate: Updating window title bar state: overlay mode, drag disabled, window buttons hidden, title bar hidden
[2020.07.02-07.44.00:868][  0]LogSlate: Updating window title bar state: overlay mode, drag disabled, window buttons hidden, title bar hidden
[2020.07.02-07.44.00:873][  0]LogSlate: Updating window title bar state: overlay mode, drag disabled, window buttons hidden, title bar hidden
[2020.07.02-07.44.00:880][  0]LogCollectionManager: Loaded 0 collections in 0.001635 seconds
[2020.07.02-07.44.00:890][  0]LogFileCache: Scanning file cache for directory 'D:/Facultad/Unreal/UNREAL2TP/Unreal2TP/Unreal2TP/Saved/Collections/' took 0.00s
[2020.07.02-07.44.00:890][  0]LogFileCache: Scanning file cache for directory 'D:/Facultad/Unreal/UNREAL2TP/Unreal2TP/Unreal2TP/Content/Developers/Facundo/Collections/' took 0.00s
[2020.07.02-07.44.00:890][  0]LogFileCache: Scanning file cache for directory 'D:/Facultad/Unreal/UNREAL2TP/Unreal2TP/Unreal2TP/Content/Collections/' took 0.00s
[2020.07.02-07.44.00:890][  0]LogContentBrowser: Native class hierarchy populated in 0.0063 seconds. Added 3026 classes and 719 folders.
[2020.07.02-07.44.00:892][  0]LogContentBrowser: Native class hierarchy updated for 'WidgetCarousel' in 0.0003 seconds. Added 0 classes and 0 folders.
[2020.07.02-07.44.00:936][  0]LogContentBrowser: Native class hierarchy updated for 'AddContentDialog' in 0.0004 seconds. Added 0 classes and 0 folders.
[2020.07.02-07.44.00:943][  0]LogContentBrowser: Native class hierarchy updated for 'SceneOutliner' in 0.0004 seconds. Added 2 classes and 3 folders.
[2020.07.02-07.44.01:037][  0]LogSlate: Took 0.000243 seconds to synchronously load lazily loaded font '../../../Engine/Content/Slate/Fonts/Roboto-Regular.ttf' (155K)
[2020.07.02-07.44.01:039][  0]LogSlate: Took 0.000164 seconds to synchronously load lazily loaded font '../../../Engine/Content/Slate/Fonts/Roboto-Bold.ttf' (160K)
[2020.07.02-07.44.01:043][  0]LogSlate: Took 0.000132 seconds to synchronously load lazily loaded font '../../../Engine/Content/Editor/Slate/Fonts/FontAwesome.ttf' (139K)
[2020.07.02-07.44.01:106][  0]LogRenderer: Reallocating scene render targets to support 1208x572 Format 10 NumSamples 1 (Frame:1).
[2020.07.02-07.44.01:143][  0]LogSlate: Took 0.000138 seconds to synchronously load lazily loaded font '../../../Engine/Content/Slate/Fonts/Roboto-Light.ttf' (167K)
[2020.07.02-07.44.01:181][  0]LogContentBrowser: Native class hierarchy updated for 'HierarchicalLODOutliner' in 0.0003 seconds. Added 0 classes and 0 folders.
[2020.07.02-07.44.01:182][  0]LogLoad: (Engine Initialization) Total time: 6.74 seconds
[2020.07.02-07.44.01:182][  0]LogLoad: (Engine Initialization) Total Blueprint compile time: 0.00 seconds
[2020.07.02-07.44.01:215][  0]LogAssetRegistry: Asset discovery search completed in 3.9197 seconds
[2020.07.02-07.44.01:218][  0]LogCollectionManager: Fixed up redirectors for 0 collections in 0.000006 seconds (updated 0 objects)
[2020.07.02-07.44.01:220][  0]LogContentStreaming: Texture pool size now 1000 MB
[2020.07.02-07.44.09:101][919]Candidate modules for hot reload:
[2020.07.02-07.44.09:101][919]  Unreal2TP
[2020.07.02-07.44.09:101][919]Launching UnrealBuildTool... [D:/UE_4.24/Engine/Binaries/DotNET/UnrealBuildTool.exe  -ModuleWithSuffix=Unreal2TP,681 Win64 Development -TargetType=Editor -Project="D:/Facultad/Unreal/UNREAL2TP/Unreal2TP/Unreal2TP/Unreal2TP.uproject" "D:/Facultad/Unreal/UNREAL2TP/Unreal2TP/Unreal2TP/Unreal2TP.uproject"  -IgnoreJunk]
[2020.07.02-07.44.09:107][919]Warning: Starting HotReload took  0.0s.
[2020.07.02-07.44.10:949][ 93]CompilerResultsLog: New page: Compilation - Jul 2, 2020, 1:44:10 AM
[2020.07.02-07.44.10:949][ 93]CompilerResultsLog: Using 'git status' to determine working set for adaptive non-unity build (D:\Facultad\Unreal\UNREAL2TP\Unreal2TP).
[2020.07.02-07.44.10:950][ 93]CompilerResultsLog: Building Unreal2TPEditor...
[2020.07.02-07.44.10:950][ 93]CompilerResultsLog: Using Visual Studio 2017 14.16.27035 toolchain (C:\Program Files (x86)\Microsoft Visual Studio\2017\Community\VC\Tools\MSVC\14.16.27023) and Windows 10.0.17763.0 SDK (C:\Program Files (x86)\Windows Kits\10).
[2020.07.02-07.44.10:950][ 93]CompilerResultsLog: Building 3 actions with 8 processes...
[2020.07.02-07.44.10:950][ 93]CompilerResultsLog:   [1/3] UE4Editor-Unreal2TP-0681.lib
[2020.07.02-07.44.10:950][ 93]CompilerResultsLog:      Creating library D:\Facultad\Unreal\UNREAL2TP\Unreal2TP\Unreal2TP\Intermediate\Build\Win64\UE4Editor\Development\Unreal2TP\UE4Editor-Unreal2TP-0681.lib and object D:\Facultad\Unreal\UNREAL2TP\Unreal2TP\Unreal2TP\Intermediate\Build\Win64\UE4Editor\Development\Unreal2TP\UE4Editor-Unreal2TP-0681.exp
[2020.07.02-07.44.10:950][ 93]CompilerResultsLog:   [2/3] UE4Editor-Unreal2TP-0681.dll
[2020.07.02-07.44.10:950][ 93]CompilerResultsLog:      Creating library D:\Facultad\Unreal\UNREAL2TP\Unreal2TP\Unreal2TP\Intermediate\Build\Win64\UE4Editor\Development\Unreal2TP\UE4Editor-Unreal2TP-0681.suppressed.lib and object D:\Facultad\Unreal\UNREAL2TP\Unreal2TP\Unreal2TP\Intermediate\Build\Win64\UE4Editor\Development\Unreal2TP\UE4Editor-Unreal2TP-0681.suppressed.exp
[2020.07.02-07.44.10:951][ 93]CompilerResultsLog:   [3/3] Unreal2TPEditor.target
[2020.07.02-07.44.10:951][ 93]CompilerResultsLog: Total time in Parallel executor: 1.02 seconds
[2020.07.02-07.44.10:951][ 93]CompilerResultsLog: Total execution time: 1.78 seconds
[2020.07.02-07.44.10:951][ 93]LogMainFrame: MainFrame: Module compiling took 1.853 seconds
[2020.07.02-07.44.10:973][ 93]LogUObjectHash: Compacting FUObjectHashTables data took   0.59ms
[2020.07.02-07.44.10:984][ 93]LogContentBrowser: Native class hierarchy populated in 0.0066 seconds. Added 3028 classes and 722 folders.
[2020.07.02-07.44.10:984][ 93]Display: HotReload took  1.9s.
[2020.07.02-07.44.14:241][474]LogSlate: Took 0.000139 seconds to synchronously load lazily loaded font '../../../Engine/Content/Slate/Fonts/Roboto-Light.ttf' (167K)
[2020.07.02-07.44.17:797][875]Candidate modules for hot reload:
[2020.07.02-07.44.17:798][875]  Unreal2TP
[2020.07.02-07.44.17:798][875]Launching UnrealBuildTool... [D:/UE_4.24/Engine/Binaries/DotNET/UnrealBuildTool.exe  -ModuleWithSuffix=Unreal2TP,7053 Win64 Development -TargetType=Editor -Project="D:/Facultad/Unreal/UNREAL2TP/Unreal2TP/Unreal2TP/Unreal2TP.uproject" "D:/Facultad/Unreal/UNREAL2TP/Unreal2TP/Unreal2TP/Unreal2TP.uproject"  -IgnoreJunk]
[2020.07.02-07.44.17:803][875]Warning: Starting HotReload took  0.0s.
[2020.07.02-07.44.19:684][ 55]CompilerResultsLog: New page: Compilation - Jul 2, 2020, 1:44:19 AM
[2020.07.02-07.44.19:684][ 55]CompilerResultsLog: Using 'git status' to determine working set for adaptive non-unity build (D:\Facultad\Unreal\UNREAL2TP\Unreal2TP).
[2020.07.02-07.44.19:684][ 55]CompilerResultsLog: Building Unreal2TPEditor...
[2020.07.02-07.44.19:684][ 55]CompilerResultsLog: Using Visual Studio 2017 14.16.27035 toolchain (C:\Program Files (x86)\Microsoft Visual Studio\2017\Community\VC\Tools\MSVC\14.16.27023) and Windows 10.0.17763.0 SDK (C:\Program Files (x86)\Windows Kits\10).
[2020.07.02-07.44.19:684][ 55]CompilerResultsLog: Building 3 actions with 8 processes...
[2020.07.02-07.44.19:684][ 55]CompilerResultsLog:   [1/3] UE4Editor-Unreal2TP-7053.lib
[2020.07.02-07.44.19:684][ 55]CompilerResultsLog:      Creating library D:\Facultad\Unreal\UNREAL2TP\Unreal2TP\Unreal2TP\Intermediate\Build\Win64\UE4Editor\Development\Unreal2TP\UE4Editor-Unreal2TP-7053.lib and object D:\Facultad\Unreal\UNREAL2TP\Unreal2TP\Unreal2TP\Intermediate\Build\Win64\UE4Editor\Development\Unreal2TP\UE4Editor-Unreal2TP-7053.exp
[2020.07.02-07.44.19:684][ 55]CompilerResultsLog:   [2/3] UE4Editor-Unreal2TP-7053.dll
[2020.07.02-07.44.19:684][ 55]CompilerResultsLog:      Creating library D:\Facultad\Unreal\UNREAL2TP\Unreal2TP\Unreal2TP\Intermediate\Build\Win64\UE4Editor\Development\Unreal2TP\UE4Editor-Unreal2TP-7053.suppressed.lib and object D:\Facultad\Unreal\UNREAL2TP\Unreal2TP\Unreal2TP\Intermediate\Build\Win64\UE4Editor\Development\Unreal2TP\UE4Editor-Unreal2TP-7053.suppressed.exp
[2020.07.02-07.44.19:684][ 55]CompilerResultsLog:   [3/3] Unreal2TPEditor.target
[2020.07.02-07.44.19:684][ 55]CompilerResultsLog: Total time in Parallel executor: 1.05 seconds
[2020.07.02-07.44.19:685][ 55]CompilerResultsLog: Total execution time: 1.82 seconds
[2020.07.02-07.44.19:685][ 55]LogMainFrame: MainFrame: Module compiling took 1.890 seconds
[2020.07.02-07.44.19:706][ 55]LogUObjectHash: Compacting FUObjectHashTables data took   0.53ms
[2020.07.02-07.44.19:741][ 55]LogContentBrowser: Native class hierarchy updated for 'Unreal2TP' in 0.0004 seconds. Added 11 classes and 2 folders.
[2020.07.02-07.44.19:744][ 55]Display: HotReload successful (13 functions remapped  0 scriptstructs remapped)
[2020.07.02-07.44.19:796][ 55]LogUObjectHash: Compacting FUObjectHashTables data took   1.19ms
[2020.07.02-07.44.19:806][ 55]LogContentBrowser: Native class hierarchy populated in 0.0062 seconds. Added 3028 classes and 722 folders.
[2020.07.02-07.44.19:806][ 55]Display: HotReload took  2.0s.
[2020.07.02-07.44.20:232][102]LogTemp: Repeating last play command: Selected Viewport
[2020.07.02-07.44.20:241][102]LogBlueprintUserMessages: Early PlayInEditor Detection: Level '/Game/ThirdPersonCPP/Maps/ThirdPersonExampleMap.ThirdPersonExampleMap:PersistentLevel' has LevelScriptBlueprint '/Game/ThirdPersonCPP/Maps/ThirdPersonExampleMap.ThirdPersonExampleMap:PersistentLevel.ThirdPersonExampleMap' with GeneratedClass '/Game/ThirdPersonCPP/Maps/ThirdPersonExampleMap.ThirdPersonExampleMap_C' with ClassGeneratedBy '/Game/ThirdPersonCPP/Maps/ThirdPersonExampleMap.ThirdPersonExampleMap:PersistentLevel.ThirdPersonExampleMap'
[2020.07.02-07.44.20:241][102]LogPlayLevel: PlayLevel: No blueprints needed recompiling
[2020.07.02-07.44.20:241][102]PIE: New page: PIE session: ThirdPersonExampleMap (Jul 2, 2020, 1:44:20 AM)
[2020.07.02-07.44.20:243][102]LogOnline: OSS: Creating online subsystem instance for: NULL
[2020.07.02-07.44.20:245][102]LogOnline: OSS: TryLoadSubsystemAndSetDefault: Loaded subsystem for module [NULL]
[2020.07.02-07.44.20:246][102]LogPlayLevel: Creating play world package: /Game/ThirdPersonCPP/Maps/UEDPIE_1_ThirdPersonExampleMap
[2020.07.02-07.44.20:270][102]LogPlayLevel: PIE: StaticDuplicateObject took: (0.023707s)
[2020.07.02-07.44.20:271][102]LogAIModule: Creating AISystem for world ThirdPersonExampleMap
[2020.07.02-07.44.20:271][102]LogPlayLevel: PIE: World Init took: (0.001210s)
[2020.07.02-07.44.20:271][102]LogPlayLevel: PIE: Created PIE world by copying editor world from /Game/ThirdPersonCPP/Maps/ThirdPersonExampleMap.ThirdPersonExampleMap to /Game/ThirdPersonCPP/Maps/UEDPIE_1_ThirdPersonExampleMap.ThirdPersonExampleMap (0.025519s)
[2020.07.02-07.44.20:294][102]LogUObjectHash: Compacting FUObjectHashTables data took   1.05ms
[2020.07.02-07.44.20:296][102]LogLoad: Game class is 'BP_MyGameMode_C'
[2020.07.02-07.44.20:298][102]LogWorld: Bringing World /Game/ThirdPersonCPP/Maps/UEDPIE_1_ThirdPersonExampleMap.ThirdPersonExampleMap up for play (max tick rate 0) at 2020.07.02-04.44.20
[2020.07.02-07.44.20:298][102]LogWorld: Bringing up level for play took: 0.001460
[2020.07.02-07.44.20:299][102]LogNet: ReplicationDriverClass is null! Not using ReplicationDriver.
[2020.07.02-07.44.20:299][102]LogNetCore: DDoS detection status: detection enabled: 0 analytics enabled: 0
[2020.07.02-07.44.20:303][102]LogInit: WinSock: I am DESKTOP-27BOLO1 (192.168.0.89:0)
[2020.07.02-07.44.20:303][102]LogInit: WinSock: Socket queue. Rx: 131072 (config 131072) Tx: 131072 (config 131072)
[2020.07.02-07.44.20:303][102]PacketHandlerLog: Loaded PacketHandler component: Engine.EngineHandlerComponentFactory (StatelessConnectHandlerComponent)
[2020.07.02-07.44.20:303][102]LogNet: GameNetDriver IpNetDriver_0 IpNetDriver listening on port 17777
[2020.07.02-07.44.20:304][102]PIE: Play in editor start time for /Game/ThirdPersonCPP/Maps/UEDPIE_1_ThirdPersonExampleMap -0.761
[2020.07.02-07.44.20:305][102]LogAudioMixer: Display: Audio Mixer Platform Settings:
[2020.07.02-07.44.20:305][102]LogAudioMixer: Display: 	Sample Rate:						  48000
[2020.07.02-07.44.20:305][102]LogAudioMixer: Display: 	Callback Buffer Frame Size Requested: 1024
[2020.07.02-07.44.20:305][102]LogAudioMixer: Display: 	Callback Buffer Frame Size To Use:	  1024
[2020.07.02-07.44.20:306][102]LogAudioMixer: Display: 	Number of buffers to queue:			  2
[2020.07.02-07.44.20:306][102]LogAudioMixer: Display: 	Max Channels (voices):				  32
[2020.07.02-07.44.20:306][102]LogAudioMixer: Display: 	Number of Async Source Workers:		  0
[2020.07.02-07.44.20:306][102]LogAudio: Display: AudioDevice MaxSources: 32
[2020.07.02-07.44.20:306][102]LogAudio: Display: Using built-in audio occlusion.
[2020.07.02-07.44.20:306][102]LogAudioMixer: Display: Initializing audio mixer.
[2020.07.02-07.44.20:341][102]LogAudioMixer: Display: Audio Device Output Speaker Info:
[2020.07.02-07.44.20:342][102]LogAudioMixer: Display: Name: Altavoces (Realtek(R) Audio)
[2020.07.02-07.44.20:342][102]LogAudioMixer: Display: Is Default: Yes
[2020.07.02-07.44.20:342][102]LogAudioMixer: Display: Sample Rate: 48000
[2020.07.02-07.44.20:342][102]LogAudioMixer: Display: Channel Count Used: 2
[2020.07.02-07.44.20:342][102]LogAudioMixer: Display: Device Channel Count: 2
[2020.07.02-07.44.20:342][102]LogAudioMixer: Display: Channel Order:
[2020.07.02-07.44.20:342][102]LogAudioMixer: Display: 0: FrontLeft
[2020.07.02-07.44.20:342][102]LogAudioMixer: Display: 1: FrontRight
[2020.07.02-07.44.20:359][102]LogAudioMixer: Display: Using Audio Device Altavoces (Realtek(R) Audio)
[2020.07.02-07.44.20:361][102]LogInit: FAudioDevice initialized.
[2020.07.02-07.44.20:388][102]LogNet: Browse: 127.0.0.1:17777//Game/ThirdPersonCPP/Maps/ThirdPersonExampleMap
[2020.07.02-07.44.20:390][102]LogInit: WinSock: Socket queue. Rx: 32768 (config 32768) Tx: 32768 (config 32768)
[2020.07.02-07.44.20:391][102]PacketHandlerLog: Loaded PacketHandler component: Engine.EngineHandlerComponentFactory (StatelessConnectHandlerComponent)
[2020.07.02-07.44.20:391][102]LogNet: Game client on port 17777, rate 10000
[2020.07.02-07.44.20:392][102]PIE: Play in editor start time for /Game/ThirdPersonCPP/Maps/ThirdPersonExampleMap -0.673
[2020.07.02-07.44.20:447][102]LogSlate: Updating window title bar state: overlay mode, drag disabled, window buttons hidden, title bar hidden
[2020.07.02-07.44.20:447][102]LogNet: Browse: 127.0.0.1:17777//Game/ThirdPersonCPP/Maps/ThirdPersonExampleMap
[2020.07.02-07.44.20:447][102]LogInit: WinSock: Socket queue. Rx: 32768 (config 32768) Tx: 32768 (config 32768)
[2020.07.02-07.44.20:449][102]PacketHandlerLog: Loaded PacketHandler component: Engine.EngineHandlerComponentFactory (StatelessConnectHandlerComponent)
[2020.07.02-07.44.20:449][102]LogNet: Game client on port 17777, rate 10000
[2020.07.02-07.44.20:451][102]PIE: Play in editor start time for /Game/ThirdPersonCPP/Maps/ThirdPersonExampleMap -0.614
[2020.07.02-07.44.20:457][102]LogBlueprintUserMessages: Late PlayInEditor Detection: Level '/Game/ThirdPersonCPP/Maps/ThirdPersonExampleMap.ThirdPersonExampleMap:PersistentLevel' has LevelScriptBlueprint '/Game/ThirdPersonCPP/Maps/ThirdPersonExampleMap.ThirdPersonExampleMap:PersistentLevel.ThirdPersonExampleMap' with GeneratedClass '/Game/ThirdPersonCPP/Maps/ThirdPersonExampleMap.ThirdPersonExampleMap_C' with ClassGeneratedBy '/Game/ThirdPersonCPP/Maps/ThirdPersonExampleMap.ThirdPersonExampleMap:PersistentLevel.ThirdPersonExampleMap'
[2020.07.02-07.44.20:458][102]LogNet: NotifyAcceptingConnection accepted from: 127.0.0.1:54324
[2020.07.02-07.44.20:458][102]LogHandshake: SendConnectChallenge. Timestamp: 0.008334, Cookie: 160008233191050161101199227133239201062054092190050007024028
[2020.07.02-07.44.20:458][102]LogNet: NotifyAcceptingConnection accepted from: 127.0.0.1:54325
[2020.07.02-07.44.20:458][102]LogHandshake: SendConnectChallenge. Timestamp: 0.008334, Cookie: 078034166203208199156110052064137211011067237245179025100061
[2020.07.02-07.44.20:481][102]LogOnline: OSS: Creating online subsystem instance for: :Context_4
[2020.07.02-07.44.20:484][102]LogHandshake: SendChallengeResponse. Timestamp: 0.008334, Cookie: 160008233191050161101199227133239201062054092190050007024028
[2020.07.02-07.44.20:485][102]LogHandshake: SendChallengeResponse. Timestamp: 0.008334, Cookie: 078034166203208199156110052064137211011067237245179025100061
[2020.07.02-07.44.20:541][103]LogNet: NotifyAcceptingConnection accepted from: 127.0.0.1:54324
[2020.07.02-07.44.20:541][103]LogHandshake: SendChallengeAck. InCookie: 160008233191050161101199227133239201062054092190050007024028
[2020.07.02-07.44.20:541][103]LogNet: Server accepting post-challenge connection from: 127.0.0.1:54324
[2020.07.02-07.44.20:542][103]PacketHandlerLog: Loaded PacketHandler component: Engine.EngineHandlerComponentFactory (StatelessConnectHandlerComponent)
[2020.07.02-07.44.20:542][103]LogNet: NotifyAcceptedConnection: Name: ThirdPersonExampleMap, TimeStamp: 07/02/20 04:44:20, [UNetConnection] RemoteAddr: 127.0.0.1:54324, Name: IpConnection_2, Driver: GameNetDriver IpNetDriver_0, IsServer: YES, PC: NULL, Owner: NULL, UniqueId: INVALID
[2020.07.02-07.44.20:542][103]LogNet: AddClientConnection: Added client connection: [UNetConnection] RemoteAddr: 127.0.0.1:54324, Name: IpConnection_2, Driver: GameNetDriver IpNetDriver_0, IsServer: YES, PC: NULL, Owner: NULL, UniqueId: INVALID
[2020.07.02-07.44.20:542][103]LogNet: NotifyAcceptingConnection accepted from: 127.0.0.1:54325
[2020.07.02-07.44.20:542][103]LogHandshake: SendChallengeAck. InCookie: 078034166203208199156110052064137211011067237245179025100061
[2020.07.02-07.44.20:542][103]LogNet: Server accepting post-challenge connection from: 127.0.0.1:54325
[2020.07.02-07.44.20:543][103]PacketHandlerLog: Loaded PacketHandler component: Engine.EngineHandlerComponentFactory (StatelessConnectHandlerComponent)
[2020.07.02-07.44.20:543][103]LogNet: NotifyAcceptedConnection: Name: ThirdPersonExampleMap, TimeStamp: 07/02/20 04:44:20, [UNetConnection] RemoteAddr: 127.0.0.1:54325, Name: IpConnection_3, Driver: GameNetDriver IpNetDriver_0, IsServer: YES, PC: NULL, Owner: NULL, UniqueId: INVALID
[2020.07.02-07.44.20:543][103]LogNet: AddClientConnection: Added client connection: [UNetConnection] RemoteAddr: 127.0.0.1:54325, Name: IpConnection_3, Driver: GameNetDriver IpNetDriver_0, IsServer: YES, PC: NULL, Owner: NULL, UniqueId: INVALID
[2020.07.02-07.44.20:544][103]LogNetVersion: Unreal2TP 1.0.0.0, NetCL: 10570792, EngineNetVer: 13, GameNetVer: 0 (Checksum: 1816658782)
[2020.07.02-07.44.20:544][103]LogNet: UPendingNetGame::SendInitialJoin: Sending hello. [UNetConnection] RemoteAddr: 127.0.0.1:17777, Name: IpConnection_0, Driver: PendingNetDriver IpNetDriver_1, IsServer: NO, PC: NULL, Owner: NULL, UniqueId: INVALID
[2020.07.02-07.44.20:544][103]LogNet: UPendingNetGame::SendInitialJoin: Sending hello. [UNetConnection] RemoteAddr: 127.0.0.1:17777, Name: IpConnection_1, Driver: PendingNetDriver IpNetDriver_2, IsServer: NO, PC: NULL, Owner: NULL, UniqueId: INVALID
[2020.07.02-07.44.20:556][104]LogNet: NotifyAcceptingChannel Control 0 server World /Game/ThirdPersonCPP/Maps/UEDPIE_1_ThirdPersonExampleMap.ThirdPersonExampleMap: Accepted
[2020.07.02-07.44.20:556][104]LogNet: Remote platform little endian=1
[2020.07.02-07.44.20:556][104]LogNet: This platform little endian=1
[2020.07.02-07.44.20:556][104]LogNet: NotifyAcceptingChannel Control 0 server World /Game/ThirdPersonCPP/Maps/UEDPIE_1_ThirdPersonExampleMap.ThirdPersonExampleMap: Accepted
[2020.07.02-07.44.20:556][104]LogNet: Remote platform little endian=1
[2020.07.02-07.44.20:556][104]LogNet: This platform little endian=1
[2020.07.02-07.44.20:557][104]LogOnline: OSS: Creating online subsystem instance for: :Context_5
[2020.07.02-07.44.20:558][104]LogOnline: OSS: Creating online subsystem instance for: :Context_6
[2020.07.02-07.44.20:565][105]LogNet: Login request: /Game/ThirdPersonCPP/Maps/ThirdPersonExampleMap?Name=DESKTOP-27BOLO1-8B20646C4094298A83B9D8AECC785A4E userId: NULL:DESKTOP-27BOLO1-8B20646C4094298A83B9D8AECC785A4E platform: NULL
[2020.07.02-07.44.20:565][105]LogNet: Login request: /Game/ThirdPersonCPP/Maps/ThirdPersonExampleMap?Name=DESKTOP-27BOLO1-85119313482AC0D860E252AB53CE8DD1 userId: NULL:DESKTOP-27BOLO1-85119313482AC0D860E252AB53CE8DD1 platform: NULL
[2020.07.02-07.44.20:566][105]LogNet: Welcomed by server (Level: /Game/ThirdPersonCPP/Maps/UEDPIE_1_ThirdPersonExampleMap, Game: /Game/ThirdPersonCPP/Blueprints/BP_MyGameMode.BP_MyGameMode_C)
[2020.07.02-07.44.20:566][105]LogLoad: LoadMap: 127.0.0.1:17777//Game/ThirdPersonCPP/Maps/UEDPIE_1_ThirdPersonExampleMap?game=/Game/ThirdPersonCPP/Blueprints/BP_MyGameMode.BP_MyGameMode_C
[2020.07.02-07.44.20:566][105]LogWorld: BeginTearingDown for /Temp/Untitled_1
[2020.07.02-07.44.20:566][105]LogWorld: UWorld::CleanupWorld for Untitled, bSessionEnded=true, bCleanupResources=true
[2020.07.02-07.44.20:567][105]LogSlate: InvalidateAllWidgets triggered.  All widgets were invalidated
[2020.07.02-07.44.20:567][105]LogAudioMixer: Display: No commands were queued while flushing the source manager.
[2020.07.02-07.44.20:590][105]LogUObjectHash: Compacting FUObjectHashTables data took   1.44ms
[2020.07.02-07.44.20:601][105]LogAIModule: Creating AISystem for world ThirdPersonExampleMap
[2020.07.02-07.44.20:605][105]LogWorld: Bringing World /Game/ThirdPersonCPP/Maps/UEDPIE_2_ThirdPersonExampleMap.ThirdPersonExampleMap up for play (max tick rate 0) at 2020.07.02-04.44.20
[2020.07.02-07.44.20:605][105]LogWorld: Bringing up level for play took: 0.003095
[2020.07.02-07.44.20:606][105]LogLoad: Took 0.040269 seconds to LoadMap(/Game/ThirdPersonCPP/Maps/UEDPIE_1_ThirdPersonExampleMap)
[2020.07.02-07.44.20:606][105]LogNet: Welcomed by server (Level: /Game/ThirdPersonCPP/Maps/UEDPIE_1_ThirdPersonExampleMap, Game: /Game/ThirdPersonCPP/Blueprints/BP_MyGameMode.BP_MyGameMode_C)
[2020.07.02-07.44.20:606][105]LogLoad: LoadMap: 127.0.0.1:17777//Game/ThirdPersonCPP/Maps/UEDPIE_1_ThirdPersonExampleMap?game=/Game/ThirdPersonCPP/Blueprints/BP_MyGameMode.BP_MyGameMode_C
[2020.07.02-07.44.20:606][105]LogWorld: BeginTearingDown for /Temp/Untitled_2
[2020.07.02-07.44.20:606][105]LogWorld: UWorld::CleanupWorld for Untitled, bSessionEnded=true, bCleanupResources=true
[2020.07.02-07.44.20:606][105]LogSlate: InvalidateAllWidgets triggered.  All widgets were invalidated
[2020.07.02-07.44.20:606][105]LogAudioMixer: Display: No commands were queued while flushing the source manager.
[2020.07.02-07.44.20:629][105]LogUObjectHash: Compacting FUObjectHashTables data took   1.21ms
[2020.07.02-07.44.20:639][105]LogAIModule: Creating AISystem for world ThirdPersonExampleMap
[2020.07.02-07.44.20:641][105]LogWorld: Bringing World /Game/ThirdPersonCPP/Maps/UEDPIE_3_ThirdPersonExampleMap.ThirdPersonExampleMap up for play (max tick rate 0) at 2020.07.02-04.44.20
[2020.07.02-07.44.20:641][105]LogWorld: Bringing up level for play took: 0.001063
[2020.07.02-07.44.20:642][105]LogLoad: Took 0.035444 seconds to LoadMap(/Game/ThirdPersonCPP/Maps/UEDPIE_1_ThirdPersonExampleMap)
[2020.07.02-07.44.20:652][106]LogNet: Client netspeed is 10000
[2020.07.02-07.44.20:653][106]LogNet: Join request: /Game/ThirdPersonCPP/Maps/ThirdPersonExampleMap?Name=DESKTOP-27BOLO1-8B20646C4094298A83B9D8AECC785A4E?SplitscreenCount=1
[2020.07.02-07.44.20:653][106]LogOnlineSession: Warning: OSS: No game present to join for session (GameSession)
[2020.07.02-07.44.20:655][106]LogNet: Join succeeded: DESKTOP-27BOLO1-8B20
[2020.07.02-07.44.20:655][106]LogNet: Client netspeed is 10000
[2020.07.02-07.44.20:655][106]LogNet: Join request: /Game/ThirdPersonCPP/Maps/ThirdPersonExampleMap?Name=DESKTOP-27BOLO1-85119313482AC0D860E252AB53CE8DD1?SplitscreenCount=1
[2020.07.02-07.44.20:655][106]LogOnlineSession: Warning: OSS: No game present to join for session (GameSession)
[2020.07.02-07.44.20:656][106]LogNet: Join succeeded: DESKTOP-27BOLO1-8511
[2020.07.02-07.44.20:665][107]LogRenderer: Reallocating scene render targets to support 1280x720 Format 10 NumSamples 1 (Frame:1).
[2020.07.02-07.44.20:948][139]LogOnlineSession: Warning: OSS: No game present to join for session (GameSession)
[2020.07.02-07.44.21:016][146]LogOnlineSession: Warning: OSS: No game present to join for session (GameSession)
[2020.07.02-07.44.21:017][146]LogOnlineSession: Warning: OSS: No game present to join for session (GameSession)
[2020.07.02-07.44.21:104][156]LogOnlineSession: Warning: OSS: No game present to join for session (GameSession)
[2020.07.02-07.44.26:894][687]LogNet: UChannel::Close: Sending CloseBunch. ChIndex == 0. Name: [UChannel] ChIndex: 0, Closing: 0 [UNetConnection] RemoteAddr: 127.0.0.1:54325, Name: IpConnection_3, Driver: GameNetDriver IpNetDriver_0, IsServer: YES, PC: MyPlayerController_1, Owner: MyPlayerController_1, UniqueId: NULL:DESKTOP-27BOLO1-85119313482AC0D860E252AB53CE8DD1
[2020.07.02-07.44.26:895][687]LogNet: UChannel::ReceivedSequencedBunch: Bunch.bClose == true. ChIndex == 0. Calling ConditionalCleanUp.
[2020.07.02-07.44.26:896][687]LogNet: UChannel::CleanUp: ChIndex == 0. Closing connection. [UChannel] ChIndex: 0, Closing: 0 [UNetConnection] RemoteAddr: 127.0.0.1:17777, Name: IpConnection_1, Driver: GameNetDriver IpNetDriver_2, IsServer: NO, PC: MyPlayerController_0, Owner: MyPlayerController_0, UniqueId: NULL:DESKTOP-27BOLO1-85119313482AC0D860E252AB53CE8DD1
[2020.07.02-07.44.26:896][687]LogNet: UNetConnection::Close: [UNetConnection] RemoteAddr: 127.0.0.1:17777, Name: IpConnection_1, Driver: GameNetDriver IpNetDriver_2, IsServer: NO, PC: MyPlayerController_0, Owner: MyPlayerController_0, UniqueId: NULL:DESKTOP-27BOLO1-85119313482AC0D860E252AB53CE8DD1, Channels: 12, Time: 2020.07.02-07.44.26
[2020.07.02-07.44.26:896][687]LogNet: UChannel::Close: Sending CloseBunch. ChIndex == 0. Name: [UChannel] ChIndex: 0, Closing: 0 [UNetConnection] RemoteAddr: 127.0.0.1:17777, Name: IpConnection_1, Driver: GameNetDriver IpNetDriver_2, IsServer: NO, PC: MyPlayerController_0, Owner: MyPlayerController_0, UniqueId: NULL:DESKTOP-27BOLO1-85119313482AC0D860E252AB53CE8DD1
[2020.07.02-07.44.26:896][687]LogNet: Error: UEngine::BroadcastNetworkFailure: FailureType = ConnectionLost, ErrorString = Your connection to the host has been lost., Driver = GameNetDriver IpNetDriver_2
[2020.07.02-07.44.26:896][687]LogNet: Warning: Network Failure: GameNetDriver[ConnectionLost]: Your connection to the host has been lost.
[2020.07.02-07.44.26:909][687]LogNet: NetworkFailure: ConnectionLost, Error: 'Your connection to the host has been lost.'
[2020.07.02-07.44.26:920][688]LogNet: UChannel::ReceivedSequencedBunch: Bunch.bClose == true. ChIndex == 0. Calling ConditionalCleanUp.
[2020.07.02-07.44.26:921][688]LogNet: Browse: /Game/ThirdPersonCPP/Maps/ThirdPersonExampleMap?closed
[2020.07.02-07.44.26:922][688]LogNet: Connection failed; returning to Entry
[2020.07.02-07.44.26:922][688]LogLoad: LoadMap: /Game/ThirdPersonCPP/Maps/ThirdPersonExampleMap?closed
[2020.07.02-07.44.26:922][688]LogWorld: BeginTearingDown for /Game/ThirdPersonCPP/Maps/UEDPIE_3_ThirdPersonExampleMap
[2020.07.02-07.44.26:922][688]LogNet: World NetDriver shutdown IpNetDriver_2 [GameNetDriver]
[2020.07.02-07.44.26:922][688]LogNet: DestroyNamedNetDriver IpNetDriver_2 [GameNetDriver]
[2020.07.02-07.44.26:922][688]LogExit: GameNetDriver IpNetDriver_2 shut down
[2020.07.02-07.44.26:938][688]LogWorld: UWorld::CleanupWorld for ThirdPersonExampleMap, bSessionEnded=true, bCleanupResources=true
[2020.07.02-07.44.26:939][688]LogSlate: InvalidateAllWidgets triggered.  All widgets were invalidated
[2020.07.02-07.44.26:955][688]LogAudioMixer: Display: Flush succeeded in the source manager command queue (1).
[2020.07.02-07.44.26:985][688]LogAudioMixer: Display: Flush succeeded the source manager command queue (2).
[2020.07.02-07.44.27:010][688]LogUObjectHash: Compacting FUObjectHashTables data took   1.30ms
[2020.07.02-07.44.27:011][688]LogPlayLevel: Creating play world package: /Game/ThirdPersonCPP/Maps/UEDPIE_3_ThirdPersonExampleMap
[2020.07.02-07.44.27:022][688]LogPlayLevel: PIE: StaticDuplicateObject took: (0.010464s)
[2020.07.02-07.44.27:023][688]LogAIModule: Creating AISystem for world ThirdPersonExampleMap
[2020.07.02-07.44.27:023][688]LogPlayLevel: PIE: World Init took: (0.001106s)
[2020.07.02-07.44.27:023][688]LogPlayLevel: PIE: Created PIE world by copying editor world from /Game/ThirdPersonCPP/Maps/ThirdPersonExampleMap.ThirdPersonExampleMap to /Game/ThirdPersonCPP/Maps/UEDPIE_3_ThirdPersonExampleMap.ThirdPersonExampleMap (0.011965s)
[2020.07.02-07.44.27:023][688]LogLoad: Game class is 'BP_MyGameMode_C'
[2020.07.02-07.44.27:033][688]LogWorld: Bringing World /Game/ThirdPersonCPP/Maps/UEDPIE_3_ThirdPersonExampleMap.ThirdPersonExampleMap up for play (max tick rate 0) at 2020.07.02-04.44.27
[2020.07.02-07.44.27:033][688]LogWorld: Bringing up level for play took: 0.009296
[2020.07.02-07.44.27:061][688]LogContentBrowser: Native class hierarchy updated for 'MovieSceneCapture' in 0.0004 seconds. Added 20 classes and 0 folders.
[2020.07.02-07.44.27:063][688]LogLoad: Took 0.141335 seconds to LoadMap(/Game/ThirdPersonCPP/Maps/UEDPIE_3_ThirdPersonExampleMap)
[2020.07.02-07.44.27:087][688]LogUObjectHash: Compacting FUObjectHashTables data took   1.29ms
[2020.07.02-07.44.27:119][689]LogOnlineSession: Warning: OSS: No game present to leave for session (GameSession)
[2020.07.02-07.44.27:120][689]LogOnlineSession: Warning: OSS: No game present to leave for session (GameSession)
[2020.07.02-07.44.29:435][953]LogAudioMixer: Display: Flush succeeded in the source manager command queue (1).
[2020.07.02-07.44.29:455][953]LogAudioMixer: Display: Flush succeeded the source manager command queue (2).
[2020.07.02-07.44.29:465][953]LogAudioMixer: Display: Flush succeeded in the source manager command queue (1).
[2020.07.02-07.44.29:495][953]LogAudioMixer: Display: Flush succeeded the source manager command queue (2).
[2020.07.02-07.44.29:496][953]LogBlueprintUserMessages: Early EndPlayMap Detection: Level '/Game/ThirdPersonCPP/Maps/ThirdPersonExampleMap.ThirdPersonExampleMap:PersistentLevel' has LevelScriptBlueprint '/Game/ThirdPersonCPP/Maps/ThirdPersonExampleMap.ThirdPersonExampleMap:PersistentLevel.ThirdPersonExampleMap' with GeneratedClass '/Game/ThirdPersonCPP/Maps/ThirdPersonExampleMap.ThirdPersonExampleMap_C' with ClassGeneratedBy '/Game/ThirdPersonCPP/Maps/ThirdPersonExampleMap.ThirdPersonExampleMap:PersistentLevel.ThirdPersonExampleMap'
[2020.07.02-07.44.29:496][953]LogSlate: Updating window title bar state: overlay mode, drag disabled, window buttons hidden, title bar hidden
[2020.07.02-07.44.29:496][953]LogWorld: BeginTearingDown for /Game/ThirdPersonCPP/Maps/UEDPIE_3_ThirdPersonExampleMap
[2020.07.02-07.44.29:504][953]LogSlate: Window 'Unreal2TP Game Preview Client 2 (64-bit/PCD3D_SM5)' being destroyed
[2020.07.02-07.44.29:506][953]LogAudioMixer: Display: No commands were queued while flushing the source manager.
[2020.07.02-07.44.29:506][953]LogWorld: UWorld::CleanupWorld for ThirdPersonExampleMap, bSessionEnded=true, bCleanupResources=true
[2020.07.02-07.44.29:507][953]LogSlate: InvalidateAllWidgets triggered.  All widgets were invalidated
[2020.07.02-07.44.29:514][953]LogWorld: BeginTearingDown for /Game/ThirdPersonCPP/Maps/UEDPIE_2_ThirdPersonExampleMap
[2020.07.02-07.44.29:514][953]LogSlate: Updating window title bar state: overlay mode, drag disabled, window buttons hidden, title bar hidden
[2020.07.02-07.44.29:514][953]LogAudioMixer: Display: No commands were queued while flushing the source manager.
[2020.07.02-07.44.29:514][953]LogWorld: UWorld::CleanupWorld for ThirdPersonExampleMap, bSessionEnded=true, bCleanupResources=true
[2020.07.02-07.44.29:515][953]LogSlate: InvalidateAllWidgets triggered.  All widgets were invalidated
[2020.07.02-07.44.29:527][953]LogNet: World NetDriver shutdown IpNetDriver_1 [GameNetDriver]
[2020.07.02-07.44.29:527][953]LogNet: DestroyNamedNetDriver IpNetDriver_1 [GameNetDriver]
[2020.07.02-07.44.29:527][953]LogNet: UNetConnection::Close: [UNetConnection] RemoteAddr: 127.0.0.1:17777, Name: IpConnection_0, Driver: GameNetDriver IpNetDriver_1, IsServer: NO, PC: MyPlayerController_0, Owner: MyPlayerController_0, UniqueId: NULL:DESKTOP-27BOLO1-8B20646C4094298A83B9D8AECC785A4E, Channels: 10, Time: 2020.07.02-07.44.29
[2020.07.02-07.44.29:527][953]LogNet: UChannel::Close: Sending CloseBunch. ChIndex == 0. Name: [UChannel] ChIndex: 0, Closing: 0 [UNetConnection] RemoteAddr: 127.0.0.1:17777, Name: IpConnection_0, Driver: GameNetDriver IpNetDriver_1, IsServer: NO, PC: MyPlayerController_0, Owner: MyPlayerController_0, UniqueId: NULL:DESKTOP-27BOLO1-8B20646C4094298A83B9D8AECC785A4E
[2020.07.02-07.44.29:527][953]LogExit: GameNetDriver IpNetDriver_1 shut down
[2020.07.02-07.44.29:528][953]LogWorld: BeginTearingDown for /Game/ThirdPersonCPP/Maps/UEDPIE_1_ThirdPersonExampleMap
[2020.07.02-07.44.29:529][953]LogAudioMixer: Display: No commands were queued while flushing the source manager.
[2020.07.02-07.44.29:529][953]LogWorld: UWorld::CleanupWorld for ThirdPersonExampleMap, bSessionEnded=true, bCleanupResources=true
[2020.07.02-07.44.29:529][953]LogSlate: InvalidateAllWidgets triggered.  All widgets were invalidated
[2020.07.02-07.44.29:529][953]LogNet: World NetDriver shutdown IpNetDriver_0 [GameNetDriver]
[2020.07.02-07.44.29:529][953]LogNet: DestroyNamedNetDriver IpNetDriver_0 [GameNetDriver]
[2020.07.02-07.44.29:530][953]LogNet: UNetConnection::Cleanup: Closing open connection. [UNetConnection] RemoteAddr: 127.0.0.1:54324, Name: IpConnection_2, Driver: GameNetDriver IpNetDriver_0, IsServer: YES, PC: MyPlayerController_0, Owner: MyPlayerController_0, UniqueId: NULL:DESKTOP-27BOLO1-8B20646C4094298A83B9D8AECC785A4E
[2020.07.02-07.44.29:530][953]LogNet: UNetConnection::Close: [UNetConnection] RemoteAddr: 127.0.0.1:54324, Name: IpConnection_2, Driver: GameNetDriver IpNetDriver_0, IsServer: YES, PC: MyPlayerController_0, Owner: MyPlayerController_0, UniqueId: NULL:DESKTOP-27BOLO1-8B20646C4094298A83B9D8AECC785A4E, Channels: 10, Time: 2020.07.02-07.44.29
[2020.07.02-07.44.29:530][953]LogNet: UChannel::Close: Sending CloseBunch. ChIndex == 0. Name: [UChannel] ChIndex: 0, Closing: 0 [UNetConnection] RemoteAddr: 127.0.0.1:54324, Name: IpConnection_2, Driver: GameNetDriver IpNetDriver_0, IsServer: YES, PC: MyPlayerController_0, Owner: MyPlayerController_0, UniqueId: NULL:DESKTOP-27BOLO1-8B20646C4094298A83B9D8AECC785A4E
[2020.07.02-07.44.29:530][953]LogExit: GameNetDriver IpNetDriver_0 shut down
[2020.07.02-07.44.29:531][953]LogPlayLevel: Display: Shutting down PIE online subsystems
[2020.07.02-07.44.29:531][953]LogBlueprintUserMessages: Late EndPlayMap Detection: Level '/Game/ThirdPersonCPP/Maps/ThirdPersonExampleMap.ThirdPersonExampleMap:PersistentLevel' has LevelScriptBlueprint '/Game/ThirdPersonCPP/Maps/ThirdPersonExampleMap.ThirdPersonExampleMap:PersistentLevel.ThirdPersonExampleMap' with GeneratedClass '/Game/ThirdPersonCPP/Maps/ThirdPersonExampleMap.ThirdPersonExampleMap_C' with ClassGeneratedBy '/Game/ThirdPersonCPP/Maps/ThirdPersonExampleMap.ThirdPersonExampleMap:PersistentLevel.ThirdPersonExampleMap'
[2020.07.02-07.44.29:534][953]LogSlate: InvalidateAllWidgets triggered.  All widgets were invalidated
[2020.07.02-07.44.29:555][953]LogAudioMixer: Display: No commands were queued while flushing the source manager.
[2020.07.02-07.44.29:560][953]LogSlate: Updating window title bar state: overlay mode, drag disabled, window buttons hidden, title bar hidden
[2020.07.02-07.44.29:564][953]LogUObjectHash: Compacting FUObjectHashTables data took   1.31ms
[2020.07.02-07.44.29:583][954]LogPlayLevel: Display: Destroying online subsystem :Context_6
[2020.07.02-07.44.29:583][954]LogPlayLevel: Display: Destroying online subsystem :Context_5
[2020.07.02-07.44.29:583][954]LogPlayLevel: Display: Destroying online subsystem :Context_4
