Log file open, 07/02/20 21:09:58
LogWindows: Failed to load 'aqProf.dll' (GetLastError=126)
LogWindows: File 'aqProf.dll' does not exist
LogWindows: Failed to load 'VtuneApi.dll' (GetLastError=126)
LogWindows: File 'VtuneApi.dll' does not exist
LogWindows: Failed to load 'VtuneApi32e.dll' (GetLastError=126)
LogWindows: File 'VtuneApi32e.dll' does not exist
LogConsoleResponse: Display: Failed to find resolution value strings in scalability ini. Falling back to default.
LogInit: Display: Running engine for game: Unreal2TP
LogPlatformFile: Not using cached read wrapper
LogTaskGraph: Started task graph with 5 named threads and 26 total threads with 3 sets of task threads.
LogStats: Stats thread started at 0.131566
LogD3D11RHI: Loaded GFSDK_Aftermath_Lib.x64.dll
LogICUInternationalization: ICU TimeZone Detection - Raw Offset: -3:00, Platform Override: ''
LogPluginManager: Mounting plugin Paper2D
LogPluginManager: Mounting plugin AISupport
LogPluginManager: Mounting plugin LightPropagationVolume
LogPluginManager: Mounting plugin ActorLayerUtilities
LogPluginManager: Mounting plugin AnimationSharing
LogPluginManager: Mounting plugin CLionSourceCodeAccess
LogPluginManager: Mounting plugin CodeLiteSourceCodeAccess
LogPluginManager: Mounting plugin GitSourceControl
LogPluginManager: Mounting plugin KDevelopSourceCodeAccess
LogPluginManager: Mounting plugin NullSourceCodeAccess
LogPluginManager: Mounting plugin PerforceSourceControl
LogPluginManager: Mounting plugin PlasticSourceControl
LogPluginManager: Mounting plugin SubversionSourceControl
LogPluginManager: Mounting plugin UObjectPlugin
LogPluginManager: Mounting plugin VisualStudioCodeSourceCodeAccess
LogPluginManager: Mounting plugin VisualStudioSourceCodeAccess
LogPluginManager: Mounting plugin XCodeSourceCodeAccess
LogPluginManager: Mounting plugin AssetManagerEditor
LogPluginManager: Mounting plugin CryptoKeys
LogPluginManager: Mounting plugin CurveEditorTools
LogPluginManager: Mounting plugin DataValidation
LogPluginManager: Mounting plugin FacialAnimation
LogPluginManager: Mounting plugin GameplayTagsEditor
LogPluginManager: Mounting plugin MacGraphicsSwitching
LogPluginManager: Mounting plugin MaterialAnalyzer
LogPluginManager: Mounting plugin MobileLauncherProfileWizard
LogPluginManager: Mounting plugin PluginBrowser
LogPluginManager: Mounting plugin SpeedTreeImporter
LogPluginManager: Mounting plugin DatasmithContent
LogPluginManager: Mounting plugin VariantManagerContent
LogPluginManager: Mounting plugin AlembicImporter
LogPluginManager: Mounting plugin AutomationUtils
LogPluginManager: Mounting plugin BackChannel
LogPluginManager: Mounting plugin CharacterAI
LogPluginManager: Mounting plugin GeometryCache
LogPluginManager: Mounting plugin PlatformCrypto
LogPluginManager: Mounting plugin ProxyLODPlugin
LogPluginManager: Mounting plugin SkeletalReduction
LogPluginManager: Mounting plugin MagicLeap
LogPluginManager: Mounting plugin MagicLeapMedia
LogPluginManager: Mounting plugin MLSDK
LogPluginManager: Mounting plugin AndroidMedia
LogPluginManager: Mounting plugin AvfMedia
LogPluginManager: Mounting plugin ImgMedia
LogPluginManager: Mounting plugin MediaCompositing
LogPluginManager: Mounting plugin MediaPlayerEditor
LogPluginManager: Mounting plugin WebMMedia
LogPluginManager: Mounting plugin WmfMedia
LogPluginManager: Mounting plugin TcpMessaging
LogPluginManager: Mounting plugin UdpMessaging
LogPluginManager: Mounting plugin ActorSequence
LogPluginManager: Mounting plugin LevelSequenceEditor
LogPluginManager: Mounting plugin MatineeToLevelSequence
LogPluginManager: Mounting plugin NetcodeUnitTest
LogPluginManager: Mounting plugin NUTUnrealEngine4
LogPluginManager: Mounting plugin OnlineSubsystemGooglePlay
LogPluginManager: Mounting plugin OnlineSubsystemIOS
LogPluginManager: Mounting plugin OnlineSubsystem
LogPluginManager: Mounting plugin OnlineSubsystemNull
LogPluginManager: Mounting plugin OnlineSubsystemUtils
LogPluginManager: Mounting plugin LauncherChunkInstaller
LogPluginManager: Mounting plugin AndroidDeviceProfileSelector
LogPluginManager: Mounting plugin AndroidMoviePlayer
LogPluginManager: Mounting plugin AndroidPermission
LogPluginManager: Mounting plugin AppleImageUtils
LogPluginManager: Mounting plugin AppleMoviePlayer
LogPluginManager: Mounting plugin ArchVisCharacter
LogPluginManager: Mounting plugin AssetTags
LogPluginManager: Mounting plugin AudioCapture
LogPluginManager: Mounting plugin CableComponent
LogPluginManager: Mounting plugin CustomMeshComponent
LogPluginManager: Mounting plugin EditableMesh
LogPluginManager: Mounting plugin ExampleDeviceProfileSelector
LogPluginManager: Mounting plugin GoogleCloudMessaging
LogPluginManager: Mounting plugin IOSDeviceProfileSelector
LogPluginManager: Mounting plugin LinuxDeviceProfileSelector
LogPluginManager: Mounting plugin LocationServicesBPLibrary
LogPluginManager: Mounting plugin MobilePatchingUtils
LogPluginManager: Mounting plugin OculusVR
LogPluginManager: Mounting plugin PhysXVehicles
LogPluginManager: Mounting plugin PostSplashScreen
LogPluginManager: Mounting plugin ProceduralMeshComponent
LogPluginManager: Mounting plugin RuntimePhysXCooking
LogPluginManager: Mounting plugin SignificanceManager
LogPluginManager: Mounting plugin SteamVR
LogPluginManager: Mounting plugin WebMMoviePlayer
LogPluginManager: Mounting plugin WindowsMoviePlayer
LogPluginManager: Mounting plugin ScreenshotTools
LogInit: Using libcurl 7.55.1-DEV
LogInit:  - built for x86_64-pc-win32
LogInit:  - supports SSL with OpenSSL/1.1.1
LogInit:  - supports HTTP deflate (compression) using libz 1.2.8
LogInit:  - other features:
LogInit:      CURL_VERSION_SSL
LogInit:      CURL_VERSION_LIBZ
LogInit:      CURL_VERSION_IPV6
LogInit:      CURL_VERSION_ASYNCHDNS
LogInit:      CURL_VERSION_LARGEFILE
LogInit:      CURL_VERSION_IDN
LogInit:  CurlRequestOptions (configurable via config and command line):
LogInit:  - bVerifyPeer = true  - Libcurl will verify peer certificate
LogInit:  - bUseHttpProxy = false  - Libcurl will NOT use HTTP proxy
LogInit:  - bDontReuseConnections = false  - Libcurl will reuse connections
LogInit:  - MaxHostConnections = 16  - Libcurl will limit the number of connections to a host
LogInit:  - LocalHostAddr = Default
LogInit:  - BufferSize = 65536
LogOnline: OSS: Creating online subsystem instance for: NULL
LogInit: WinSock: version 1.1 (2.2), MaxSocks=32767, MaxUdp=65467
LogOnline: OSS: TryLoadSubsystemAndSetDefault: Loaded subsystem for module [NULL]
LogInit: Build: ++UE4+Release-4.24-CL-11590370
LogInit: Engine Version: 4.24.3-11590370+++UE4+Release-4.24
LogInit: Compatible Engine Version: 4.24.0-10570792+++UE4+Release-4.24
LogInit: Net CL: 10570792
LogInit: OS: Windows 10 (Release 1909) (), CPU: Intel(R) Core(TM) i7-9700KF CPU @ 3.60GHz, GPU: NVIDIA GeForce GTX 1070
LogInit: Compiled (64-bit): Feb 24 2020 15:39:18
LogInit: Compiled with Visual C++: 19.16.27032.01
LogInit: Build Configuration: Development
LogInit: Branch Name: ++UE4+Release-4.24
LogInit: Command Line:  -skipcompile
LogInit: Base Directory: D:/UE_4.24/Engine/Binaries/Win64/
LogInit: Installed Engine Build: 1
LogDevObjectVersion: Number of dev versions registered: 25
LogDevObjectVersion:   Dev-Blueprints (B0D832E4-1F89-4F0D-ACCF-7EB736FD4AA2): 10
LogDevObjectVersion:   Dev-Build (E1C64328-A22C-4D53-A36C-8E866417BD8C): 0
LogDevObjectVersion:   Dev-Core (375EC13C-06E4-48FB-B500-84F0262A717E): 3
LogDevObjectVersion:   Dev-Editor (E4B068ED-F494-42E9-A231-DA0B2E46BB41): 37
LogDevObjectVersion:   Dev-Framework (CFFC743F-43B0-4480-9391-14DF171D2073): 36
LogDevObjectVersion:   Dev-Mobile (B02B49B5-BB20-44E9-A304-32B752E40360): 2
LogDevObjectVersion:   Dev-Networking (A4E4105C-59A1-49B5-A7C5-40C4547EDFEE): 0
LogDevObjectVersion:   Dev-Online (39C831C9-5AE6-47DC-9A44-9C173E1C8E7C): 0
LogDevObjectVersion:   Dev-Physics (78F01B33-EBEA-4F98-B9B4-84EACCB95AA2): 2
LogDevObjectVersion:   Dev-Platform (6631380F-2D4D-43E0-8009-CF276956A95A): 0
LogDevObjectVersion:   Dev-Rendering (12F88B9F-8875-4AFC-A67C-D90C383ABD29): 36
LogDevObjectVersion:   Dev-Sequencer (7B5AE74C-D270-4C10-A958-57980B212A5A): 11
LogDevObjectVersion:   Dev-VR (D7296918-1DD6-4BDD-9DE2-64A83CC13884): 2
LogDevObjectVersion:   Dev-LoadTimes (C2A15278-BFE7-4AFE-6C17-90FF531DF755): 1
LogDevObjectVersion:   Private-Geometry (6EACA3D4-40EC-4CC1-B786-8BED09428FC5): 3
LogDevObjectVersion:   Dev-AnimPhys (29E575DD-E0A3-4627-9D10-D276232CDCEA): 17
LogDevObjectVersion:   Dev-Anim (AF43A65D-7FD3-4947-9873-3E8ED9C1BB05): 2
LogDevObjectVersion:   Dev-ReflectionCapture (6B266CEC-1EC7-4B8F-A30B-E4D90942FC07): 1
LogDevObjectVersion:   Dev-Automation (0DF73D61-A23F-47EA-B727-89E90C41499A): 1
LogDevObjectVersion:   FortniteMain (601D1886-AC64-4F84-AA16-D3DE0DEAC7D6): 31
LogDevObjectVersion:   Dev-Enterprise (9DFFBCD6-494F-0158-E221-12823C92A888): 8
LogDevObjectVersion:   Dev-Niagara (F2AED0AC-9AFE-416F-8664-AA7FFA26D6FC): 1
LogDevObjectVersion:   Dev-Destruction (174F1F0B-B4C6-45A5-B13F-2EE8D0FB917D): 9
LogDevObjectVersion:   Dev-Physics-Ext (35F94A83-E258-406C-A318-09F59610247C): 8
LogDevObjectVersion:   Dev-CineCamera (B2E18506-4273-CFC2-A54E-F4BB758BBA07): 1
LogInit: Presizing for max 25165824 objects, including 0 objects not considered by GC, pre-allocating 0 bytes for permanent pool.
LogInit: Object subsystem initialized
LogConfig: Setting CVar [[con.DebugEarlyDefault:1]]
LogConfig: Setting CVar [[r.setres:1280x720]]
[2020.07.03-00.09.58:844][  0]LogConfig: Setting CVar [[r.VSync:0]]
[2020.07.03-00.09.58:844][  0]LogConfig: Setting CVar [[r.RHICmdBypass:0]]
[2020.07.03-00.09.58:844][  0]LogConfig: Applying CVar settings from Section [/Script/Engine.RendererSettings] File [D:/Facultad/Unreal/UNREAL2TP/Unreal2TP/Unreal2TP/Saved/Config/Windows/Engine.ini]
[2020.07.03-00.09.58:844][  0]LogConfig: Setting CVar [[r.GPUCrashDebugging:0]]
[2020.07.03-00.09.58:844][  0]LogConfig: Applying CVar settings from Section [/Script/Engine.RendererOverrideSettings] File [D:/Facultad/Unreal/UNREAL2TP/Unreal2TP/Unreal2TP/Saved/Config/Windows/Engine.ini]
[2020.07.03-00.09.58:844][  0]LogConfig: Applying CVar settings from Section [/Script/Engine.StreamingSettings] File [D:/Facultad/Unreal/UNREAL2TP/Unreal2TP/Unreal2TP/Saved/Config/Windows/Engine.ini]
[2020.07.03-00.09.58:844][  0]LogConfig: Setting CVar [[s.MinBulkDataSizeForAsyncLoading:131072]]
[2020.07.03-00.09.58:844][  0]LogConfig: Setting CVar [[s.AsyncLoadingThreadEnabled:0]]
[2020.07.03-00.09.58:844][  0]LogConfig: Setting CVar [[s.EventDrivenLoaderEnabled:1]]
[2020.07.03-00.09.58:844][  0]LogConfig: Setting CVar [[s.WarnIfTimeLimitExceeded:0]]
[2020.07.03-00.09.58:845][  0]LogConfig: Setting CVar [[s.TimeLimitExceededMultiplier:1.5]]
[2020.07.03-00.09.58:845][  0]LogConfig: Setting CVar [[s.TimeLimitExceededMinTime:0.005]]
[2020.07.03-00.09.58:845][  0]LogConfig: Setting CVar [[s.UseBackgroundLevelStreaming:1]]
[2020.07.03-00.09.58:845][  0]LogConfig: Setting CVar [[s.PriorityAsyncLoadingExtraTime:15.0]]
[2020.07.03-00.09.58:845][  0]LogConfig: Setting CVar [[s.LevelStreamingActorsUpdateTimeLimit:5.0]]
[2020.07.03-00.09.58:845][  0]LogConfig: Setting CVar [[s.PriorityLevelStreamingActorsUpdateExtraTime:5.0]]
[2020.07.03-00.09.58:845][  0]LogConfig: Setting CVar [[s.LevelStreamingComponentsRegistrationGranularity:10]]
[2020.07.03-00.09.58:845][  0]LogConfig: Setting CVar [[s.UnregisterComponentsTimeLimit:1.0]]
[2020.07.03-00.09.58:845][  0]LogConfig: Setting CVar [[s.LevelStreamingComponentsUnregistrationGranularity:5]]
[2020.07.03-00.09.58:845][  0]LogConfig: Setting CVar [[s.FlushStreamingOnExit:1]]
[2020.07.03-00.09.58:845][  0]LogConfig: Applying CVar settings from Section [/Script/Engine.GarbageCollectionSettings] File [D:/Facultad/Unreal/UNREAL2TP/Unreal2TP/Unreal2TP/Saved/Config/Windows/Engine.ini]
[2020.07.03-00.09.58:845][  0]LogConfig: Setting CVar [[gc.MaxObjectsNotConsideredByGC:1]]
[2020.07.03-00.09.58:845][  0]LogConfig: Setting CVar [[gc.SizeOfPermanentObjectPool:0]]
[2020.07.03-00.09.58:845][  0]LogConfig: Setting CVar [[gc.FlushStreamingOnGC:0]]
[2020.07.03-00.09.58:845][  0]LogConfig: Setting CVar [[gc.NumRetriesBeforeForcingGC:10]]
[2020.07.03-00.09.58:845][  0]LogConfig: Setting CVar [[gc.AllowParallelGC:1]]
[2020.07.03-00.09.58:845][  0]LogConfig: Setting CVar [[gc.TimeBetweenPurgingPendingKillObjects:61.1]]
[2020.07.03-00.09.58:845][  0]LogConfig: Setting CVar [[gc.MaxObjectsInEditor:25165824]]
[2020.07.03-00.09.58:845][  0]LogConfig: Setting CVar [[gc.IncrementalBeginDestroyEnabled:1]]
[2020.07.03-00.09.58:845][  0]LogConfig: Setting CVar [[gc.CreateGCClusters:1]]
[2020.07.03-00.09.58:845][  0]LogConfig: Setting CVar [[gc.MinGCClusterSize:5]]
[2020.07.03-00.09.58:845][  0]LogConfig: Setting CVar [[gc.ActorClusteringEnabled:0]]
[2020.07.03-00.09.58:845][  0]LogConfig: Setting CVar [[gc.BlueprintClusteringEnabled:0]]
[2020.07.03-00.09.58:845][  0]LogConfig: Setting CVar [[gc.UseDisregardForGCOnDedicatedServers:0]]
[2020.07.03-00.09.58:845][  0]LogConfig: Applying CVar settings from Section [/Script/Engine.NetworkSettings] File [D:/Facultad/Unreal/UNREAL2TP/Unreal2TP/Unreal2TP/Saved/Config/Windows/Engine.ini]
[2020.07.03-00.09.58:846][  0]LogConfig: Applying CVar settings from Section [/Script/UnrealEd.CookerSettings] File [D:/Facultad/Unreal/UNREAL2TP/Unreal2TP/Unreal2TP/Saved/Config/Windows/Engine.ini]
[2020.07.03-00.09.58:857][  0]LogConfig: Applying CVar settings from Section [ViewDistanceQuality@3] File [D:/Facultad/Unreal/UNREAL2TP/Unreal2TP/Unreal2TP/Saved/Config/Windows/Scalability.ini]
[2020.07.03-00.09.58:858][  0]LogConfig: Setting CVar [[r.SkeletalMeshLODBias:0]]
[2020.07.03-00.09.58:858][  0]LogConfig: Setting CVar [[r.ViewDistanceScale:1.0]]
[2020.07.03-00.09.58:858][  0]LogConfig: Applying CVar settings from Section [AntiAliasingQuality@3] File [D:/Facultad/Unreal/UNREAL2TP/Unreal2TP/Unreal2TP/Saved/Config/Windows/Scalability.ini]
[2020.07.03-00.09.58:858][  0]LogConfig: Setting CVar [[r.PostProcessAAQuality:4]]
[2020.07.03-00.09.58:858][  0]LogConfig: Applying CVar settings from Section [ShadowQuality@3] File [D:/Facultad/Unreal/UNREAL2TP/Unreal2TP/Unreal2TP/Saved/Config/Windows/Scalability.ini]
[2020.07.03-00.09.58:858][  0]LogConfig: Setting CVar [[r.LightFunctionQuality:1]]
[2020.07.03-00.09.58:858][  0]LogConfig: Setting CVar [[r.ShadowQuality:5]]
[2020.07.03-00.09.58:858][  0]LogConfig: Setting CVar [[r.Shadow.CSM.MaxCascades:10]]
[2020.07.03-00.09.58:858][  0]LogConfig: Setting CVar [[r.Shadow.MaxResolution:2048]]
[2020.07.03-00.09.58:858][  0]LogConfig: Setting CVar [[r.Shadow.MaxCSMResolution:2048]]
[2020.07.03-00.09.58:859][  0]LogConfig: Setting CVar [[r.Shadow.RadiusThreshold:0.01]]
[2020.07.03-00.09.58:859][  0]LogConfig: Setting CVar [[r.Shadow.DistanceScale:1.0]]
[2020.07.03-00.09.58:859][  0]LogConfig: Setting CVar [[r.Shadow.CSM.TransitionScale:1.0]]
[2020.07.03-00.09.58:859][  0]LogConfig: Setting CVar [[r.Shadow.PreShadowResolutionFactor:1.0]]
[2020.07.03-00.09.58:859][  0]LogConfig: Setting CVar [[r.DistanceFieldShadowing:1]]
[2020.07.03-00.09.58:859][  0]LogConfig: Setting CVar [[r.DistanceFieldAO:1]]
[2020.07.03-00.09.58:859][  0]LogConfig: Setting CVar [[r.AOQuality:2]]
[2020.07.03-00.09.58:859][  0]LogConfig: Setting CVar [[r.VolumetricFog:1]]
[2020.07.03-00.09.58:859][  0]LogConfig: Setting CVar [[r.VolumetricFog.GridPixelSize:8]]
[2020.07.03-00.09.58:859][  0]LogConfig: Setting CVar [[r.VolumetricFog.GridSizeZ:128]]
[2020.07.03-00.09.58:859][  0]LogConfig: Setting CVar [[r.VolumetricFog.HistoryMissSupersampleCount:4]]
[2020.07.03-00.09.58:859][  0]LogConfig: Setting CVar [[r.LightMaxDrawDistanceScale:1]]
[2020.07.03-00.09.58:859][  0]LogConfig: Setting CVar [[r.CapsuleShadows:1]]
[2020.07.03-00.09.58:859][  0]LogConfig: Applying CVar settings from Section [PostProcessQuality@3] File [D:/Facultad/Unreal/UNREAL2TP/Unreal2TP/Unreal2TP/Saved/Config/Windows/Scalability.ini]
[2020.07.03-00.09.58:859][  0]LogConfig: Setting CVar [[r.MotionBlurQuality:4]]
[2020.07.03-00.09.58:859][  0]LogConfig: Setting CVar [[r.AmbientOcclusionMipLevelFactor:0.4]]
[2020.07.03-00.09.58:859][  0]LogConfig: Setting CVar [[r.AmbientOcclusionMaxQuality:100]]
[2020.07.03-00.09.58:859][  0]LogConfig: Setting CVar [[r.AmbientOcclusionLevels:-1]]
[2020.07.03-00.09.58:859][  0]LogConfig: Setting CVar [[r.AmbientOcclusionRadiusScale:1.0]]
[2020.07.03-00.09.58:859][  0]LogConfig: Setting CVar [[r.DepthOfFieldQuality:2]]
[2020.07.03-00.09.58:859][  0]LogConfig: Setting CVar [[r.RenderTargetPoolMin:400]]
[2020.07.03-00.09.58:859][  0]LogConfig: Setting CVar [[r.LensFlareQuality:2]]
[2020.07.03-00.09.58:859][  0]LogConfig: Setting CVar [[r.SceneColorFringeQuality:1]]
[2020.07.03-00.09.58:859][  0]LogConfig: Setting CVar [[r.EyeAdaptationQuality:2]]
[2020.07.03-00.09.58:859][  0]LogConfig: Setting CVar [[r.BloomQuality:5]]
[2020.07.03-00.09.58:859][  0]LogConfig: Setting CVar [[r.FastBlurThreshold:100]]
[2020.07.03-00.09.58:859][  0]LogConfig: Setting CVar [[r.Upscale.Quality:3]]
[2020.07.03-00.09.58:859][  0]LogConfig: Setting CVar [[r.Tonemapper.GrainQuantization:1]]
[2020.07.03-00.09.58:859][  0]LogConfig: Setting CVar [[r.LightShaftQuality:1]]
[2020.07.03-00.09.58:859][  0]LogConfig: Setting CVar [[r.Filter.SizeScale:1]]
[2020.07.03-00.09.58:859][  0]LogConfig: Setting CVar [[r.Tonemapper.Quality:5]]
[2020.07.03-00.09.58:859][  0]LogConfig: Setting CVar [[r.DOF.Gather.AccumulatorQuality:1        ; higher gathering accumulator quality]]
[2020.07.03-00.09.58:859][  0]LogConfig: Setting CVar [[r.DOF.Gather.PostfilterMethod:1          ; Median3x3 postfilering method]]
[2020.07.03-00.09.58:860][  0]LogConfig: Setting CVar [[r.DOF.Gather.EnableBokehSettings:0       ; no bokeh simulation when gathering]]
[2020.07.03-00.09.58:860][  0]LogConfig: Setting CVar [[r.DOF.Gather.RingCount:4                 ; medium number of samples when gathering]]
[2020.07.03-00.09.58:860][  0]LogConfig: Setting CVar [[r.DOF.Scatter.ForegroundCompositing:1    ; additive foreground scattering]]
[2020.07.03-00.09.58:860][  0]LogConfig: Setting CVar [[r.DOF.Scatter.BackgroundCompositing:2    ; additive background scattering]]
[2020.07.03-00.09.58:860][  0]LogConfig: Setting CVar [[r.DOF.Scatter.EnableBokehSettings:1      ; bokeh simulation when scattering]]
[2020.07.03-00.09.58:860][  0]LogConfig: Setting CVar [[r.DOF.Scatter.MaxSpriteRatio:0.1         ; only a maximum of 10% of scattered bokeh]]
[2020.07.03-00.09.58:860][  0]LogConfig: Setting CVar [[r.DOF.Recombine.Quality:1                ; cheap slight out of focus]]
[2020.07.03-00.09.58:860][  0]LogConfig: Setting CVar [[r.DOF.Recombine.EnableBokehSettings:0    ; no bokeh simulation on slight out of focus]]
[2020.07.03-00.09.58:860][  0]LogConfig: Setting CVar [[r.DOF.TemporalAAQuality:1                ; more stable temporal accumulation]]
[2020.07.03-00.09.58:860][  0]LogConfig: Setting CVar [[r.DOF.Kernel.MaxForegroundRadius:0.025]]
[2020.07.03-00.09.58:860][  0]LogConfig: Setting CVar [[r.DOF.Kernel.MaxBackgroundRadius:0.025]]
[2020.07.03-00.09.58:860][  0]LogConfig: Applying CVar settings from Section [TextureQuality@3] File [D:/Facultad/Unreal/UNREAL2TP/Unreal2TP/Unreal2TP/Saved/Config/Windows/Scalability.ini]
[2020.07.03-00.09.58:860][  0]LogConfig: Setting CVar [[r.Streaming.MipBias:0]]
[2020.07.03-00.09.58:860][  0]LogConfig: Setting CVar [[r.Streaming.AmortizeCPUToGPUCopy:0]]
[2020.07.03-00.09.58:860][  0]LogConfig: Setting CVar [[r.Streaming.MaxNumTexturesToStreamPerFrame:0]]
[2020.07.03-00.09.58:860][  0]LogConfig: Setting CVar [[r.Streaming.Boost:1]]
[2020.07.03-00.09.58:860][  0]LogConfig: Setting CVar [[r.MaxAnisotropy:8]]
[2020.07.03-00.09.58:860][  0]LogConfig: Setting CVar [[r.VT.MaxAnisotropy:8]]
[2020.07.03-00.09.58:860][  0]LogConfig: Setting CVar [[r.Streaming.LimitPoolSizeToVRAM:0]]
[2020.07.03-00.09.58:860][  0]LogConfig: Setting CVar [[r.Streaming.PoolSize:1000]]
[2020.07.03-00.09.58:860][  0]LogConfig: Setting CVar [[r.Streaming.MaxEffectiveScreenSize:0]]
[2020.07.03-00.09.58:860][  0]LogConfig: Applying CVar settings from Section [EffectsQuality@3] File [D:/Facultad/Unreal/UNREAL2TP/Unreal2TP/Unreal2TP/Saved/Config/Windows/Scalability.ini]
[2020.07.03-00.09.58:860][  0]LogConfig: Setting CVar [[r.TranslucencyLightingVolumeDim:64]]
[2020.07.03-00.09.58:860][  0]LogConfig: Setting CVar [[r.RefractionQuality:2]]
[2020.07.03-00.09.58:860][  0]LogConfig: Setting CVar [[r.SSR.Quality:3]]
[2020.07.03-00.09.58:860][  0]LogConfig: Setting CVar [[r.SSR.HalfResSceneColor:0]]
[2020.07.03-00.09.58:860][  0]LogConfig: Setting CVar [[r.SceneColorFormat:4]]
[2020.07.03-00.09.58:860][  0]LogConfig: Setting CVar [[r.DetailMode:2]]
[2020.07.03-00.09.58:860][  0]LogConfig: Setting CVar [[r.TranslucencyVolumeBlur:1]]
[2020.07.03-00.09.58:860][  0]LogConfig: Setting CVar [[r.MaterialQualityLevel:1 ; High quality]]
[2020.07.03-00.09.58:860][  0]LogConfig: Setting CVar [[r.SSS.Scale:1]]
[2020.07.03-00.09.58:860][  0]LogConfig: Setting CVar [[r.SSS.SampleSet:2]]
[2020.07.03-00.09.58:860][  0]LogConfig: Setting CVar [[r.SSS.Quality:1]]
[2020.07.03-00.09.58:860][  0]LogConfig: Setting CVar [[r.SSS.HalfRes:1]]
[2020.07.03-00.09.58:860][  0]LogConfig: Setting CVar [[r.SSGI.Quality:3]]
[2020.07.03-00.09.58:860][  0]LogConfig: Setting CVar [[r.EmitterSpawnRateScale:1.0]]
[2020.07.03-00.09.58:860][  0]LogConfig: Setting CVar [[r.ParticleLightQuality:2]]
[2020.07.03-00.09.58:860][  0]LogConfig: Setting CVar [[r.SkyAtmosphere.AerialPerspectiveLUT.FastApplyOnOpaque:1 ; Always have FastSkyLUT 1 in this case to avoid wrong sky]]
[2020.07.03-00.09.58:860][  0]LogConfig: Setting CVar [[r.SkyAtmosphere.AerialPerspectiveLUT.SampleCountPerSlice:1]]
[2020.07.03-00.09.58:860][  0]LogConfig: Setting CVar [[r.SkyAtmosphere.AerialPerspectiveLUT.DepthResolution:16.0]]
[2020.07.03-00.09.58:861][  0]LogConfig: Setting CVar [[r.SkyAtmosphere.FastSkyLUT:1]]
[2020.07.03-00.09.58:861][  0]LogConfig: Setting CVar [[r.SkyAtmosphere.FastSkyLUT.SampleCountMin:4.0]]
[2020.07.03-00.09.58:861][  0]LogConfig: Setting CVar [[r.SkyAtmosphere.FastSkyLUT.SampleCountMax:32.0]]
[2020.07.03-00.09.58:861][  0]LogConfig: Setting CVar [[r.SkyAtmosphere.SampleCountMin:4.0]]
[2020.07.03-00.09.58:861][  0]LogConfig: Setting CVar [[r.SkyAtmosphere.SampleCountMax:32.0]]
[2020.07.03-00.09.58:861][  0]LogConfig: Setting CVar [[r.SkyAtmosphere.TransmittanceLUT.UseSmallFormat:0]]
[2020.07.03-00.09.58:861][  0]LogConfig: Setting CVar [[r.SkyAtmosphere.TransmittanceLUT.SampleCount:10.0]]
[2020.07.03-00.09.58:861][  0]LogConfig: Setting CVar [[r.SkyAtmosphere.MultiScatteringLUT.SampleCount:15.0]]
[2020.07.03-00.09.58:861][  0]LogConfig: Applying CVar settings from Section [FoliageQuality@3] File [D:/Facultad/Unreal/UNREAL2TP/Unreal2TP/Unreal2TP/Saved/Config/Windows/Scalability.ini]
[2020.07.03-00.09.58:861][  0]LogConfig: Setting CVar [[foliage.DensityScale:1.0]]
[2020.07.03-00.09.58:861][  0]LogConfig: Setting CVar [[grass.DensityScale:1.0]]
[2020.07.03-00.09.58:861][  0]LogConfig: Applying CVar settings from Section [ShadingQuality@3] File [D:/Facultad/Unreal/UNREAL2TP/Unreal2TP/Unreal2TP/Saved/Config/Windows/Scalability.ini]
[2020.07.03-00.09.58:861][  0]LogConfig: Setting CVar [[r.HairStrands.SkyLighting.SampleCount:16]]
[2020.07.03-00.09.58:861][  0]LogConfig: Setting CVar [[r.HairStrands.SkyLighting.JitterIntegration:0]]
[2020.07.03-00.09.58:861][  0]LogConfig: Setting CVar [[r.HairStrands.SkyAO.SampleCount:16]]
[2020.07.03-00.09.58:861][  0]LogInit: Selected Device Profile: [Windows]
[2020.07.03-00.09.58:861][  0]LogInit: Applying CVar settings loaded from the selected device profile: [Windows]
[2020.07.03-00.09.58:863][  0]LogHAL: Display: Platform has ~ 16 GB [17096769536 / 17179869184 / 16], which maps to Larger [LargestMinGB=32, LargerMinGB=12, DefaultMinGB=8, SmallerMinGB=6, SmallestMinGB=0)
[2020.07.03-00.09.58:863][  0]LogInit: Going up to parent DeviceProfile []
[2020.07.03-00.09.58:863][  0]LogConfig: Applying CVar settings from Section [ViewDistanceQuality@3] File [D:/Facultad/Unreal/UNREAL2TP/Unreal2TP/Unreal2TP/Saved/Config/Windows/Scalability.ini]
[2020.07.03-00.09.58:863][  0]LogConfig: Setting CVar [[r.SkeletalMeshLODBias:0]]
[2020.07.03-00.09.58:863][  0]LogConfig: Setting CVar [[r.ViewDistanceScale:1.0]]
[2020.07.03-00.09.58:863][  0]LogConfig: Applying CVar settings from Section [AntiAliasingQuality@3] File [D:/Facultad/Unreal/UNREAL2TP/Unreal2TP/Unreal2TP/Saved/Config/Windows/Scalability.ini]
[2020.07.03-00.09.58:863][  0]LogConfig: Setting CVar [[r.PostProcessAAQuality:4]]
[2020.07.03-00.09.58:863][  0]LogConfig: Applying CVar settings from Section [ShadowQuality@3] File [D:/Facultad/Unreal/UNREAL2TP/Unreal2TP/Unreal2TP/Saved/Config/Windows/Scalability.ini]
[2020.07.03-00.09.58:863][  0]LogConfig: Setting CVar [[r.LightFunctionQuality:1]]
[2020.07.03-00.09.58:863][  0]LogConfig: Setting CVar [[r.ShadowQuality:5]]
[2020.07.03-00.09.58:863][  0]LogConfig: Setting CVar [[r.Shadow.CSM.MaxCascades:10]]
[2020.07.03-00.09.58:863][  0]LogConfig: Setting CVar [[r.Shadow.MaxResolution:2048]]
[2020.07.03-00.09.58:863][  0]LogConfig: Setting CVar [[r.Shadow.MaxCSMResolution:2048]]
[2020.07.03-00.09.58:863][  0]LogConfig: Setting CVar [[r.Shadow.RadiusThreshold:0.01]]
[2020.07.03-00.09.58:863][  0]LogConfig: Setting CVar [[r.Shadow.DistanceScale:1.0]]
[2020.07.03-00.09.58:863][  0]LogConfig: Setting CVar [[r.Shadow.CSM.TransitionScale:1.0]]
[2020.07.03-00.09.58:863][  0]LogConfig: Setting CVar [[r.Shadow.PreShadowResolutionFactor:1.0]]
[2020.07.03-00.09.58:863][  0]LogConfig: Setting CVar [[r.DistanceFieldShadowing:1]]
[2020.07.03-00.09.58:863][  0]LogConfig: Setting CVar [[r.DistanceFieldAO:1]]
[2020.07.03-00.09.58:863][  0]LogConfig: Setting CVar [[r.AOQuality:2]]
[2020.07.03-00.09.58:863][  0]LogConfig: Setting CVar [[r.VolumetricFog:1]]
[2020.07.03-00.09.58:863][  0]LogConfig: Setting CVar [[r.VolumetricFog.GridPixelSize:8]]
[2020.07.03-00.09.58:863][  0]LogConfig: Setting CVar [[r.VolumetricFog.GridSizeZ:128]]
[2020.07.03-00.09.58:863][  0]LogConfig: Setting CVar [[r.VolumetricFog.HistoryMissSupersampleCount:4]]
[2020.07.03-00.09.58:863][  0]LogConfig: Setting CVar [[r.LightMaxDrawDistanceScale:1]]
[2020.07.03-00.09.58:863][  0]LogConfig: Setting CVar [[r.CapsuleShadows:1]]
[2020.07.03-00.09.58:863][  0]LogConfig: Applying CVar settings from Section [PostProcessQuality@3] File [D:/Facultad/Unreal/UNREAL2TP/Unreal2TP/Unreal2TP/Saved/Config/Windows/Scalability.ini]
[2020.07.03-00.09.58:863][  0]LogConfig: Setting CVar [[r.MotionBlurQuality:4]]
[2020.07.03-00.09.58:863][  0]LogConfig: Setting CVar [[r.AmbientOcclusionMipLevelFactor:0.4]]
[2020.07.03-00.09.58:863][  0]LogConfig: Setting CVar [[r.AmbientOcclusionMaxQuality:100]]
[2020.07.03-00.09.58:863][  0]LogConfig: Setting CVar [[r.AmbientOcclusionLevels:-1]]
[2020.07.03-00.09.58:863][  0]LogConfig: Setting CVar [[r.AmbientOcclusionRadiusScale:1.0]]
[2020.07.03-00.09.58:864][  0]LogConfig: Setting CVar [[r.DepthOfFieldQuality:2]]
[2020.07.03-00.09.58:864][  0]LogConfig: Setting CVar [[r.RenderTargetPoolMin:400]]
[2020.07.03-00.09.58:864][  0]LogConfig: Setting CVar [[r.LensFlareQuality:2]]
[2020.07.03-00.09.58:864][  0]LogConfig: Setting CVar [[r.SceneColorFringeQuality:1]]
[2020.07.03-00.09.58:864][  0]LogConfig: Setting CVar [[r.EyeAdaptationQuality:2]]
[2020.07.03-00.09.58:864][  0]LogConfig: Setting CVar [[r.BloomQuality:5]]
[2020.07.03-00.09.58:864][  0]LogConfig: Setting CVar [[r.FastBlurThreshold:100]]
[2020.07.03-00.09.58:864][  0]LogConfig: Setting CVar [[r.Upscale.Quality:3]]
[2020.07.03-00.09.58:864][  0]LogConfig: Setting CVar [[r.Tonemapper.GrainQuantization:1]]
[2020.07.03-00.09.58:864][  0]LogConfig: Setting CVar [[r.LightShaftQuality:1]]
[2020.07.03-00.09.58:864][  0]LogConfig: Setting CVar [[r.Filter.SizeScale:1]]
[2020.07.03-00.09.58:864][  0]LogConfig: Setting CVar [[r.Tonemapper.Quality:5]]
[2020.07.03-00.09.58:864][  0]LogConfig: Setting CVar [[r.DOF.Gather.AccumulatorQuality:1        ; higher gathering accumulator quality]]
[2020.07.03-00.09.58:864][  0]LogConfig: Setting CVar [[r.DOF.Gather.PostfilterMethod:1          ; Median3x3 postfilering method]]
[2020.07.03-00.09.58:864][  0]LogConfig: Setting CVar [[r.DOF.Gather.EnableBokehSettings:0       ; no bokeh simulation when gathering]]
[2020.07.03-00.09.58:864][  0]LogConfig: Setting CVar [[r.DOF.Gather.RingCount:4                 ; medium number of samples when gathering]]
[2020.07.03-00.09.58:864][  0]LogConfig: Setting CVar [[r.DOF.Scatter.ForegroundCompositing:1    ; additive foreground scattering]]
[2020.07.03-00.09.58:864][  0]LogConfig: Setting CVar [[r.DOF.Scatter.BackgroundCompositing:2    ; additive background scattering]]
[2020.07.03-00.09.58:864][  0]LogConfig: Setting CVar [[r.DOF.Scatter.EnableBokehSettings:1      ; bokeh simulation when scattering]]
[2020.07.03-00.09.58:864][  0]LogConfig: Setting CVar [[r.DOF.Scatter.MaxSpriteRatio:0.1         ; only a maximum of 10% of scattered bokeh]]
[2020.07.03-00.09.58:864][  0]LogConfig: Setting CVar [[r.DOF.Recombine.Quality:1                ; cheap slight out of focus]]
[2020.07.03-00.09.58:864][  0]LogConfig: Setting CVar [[r.DOF.Recombine.EnableBokehSettings:0    ; no bokeh simulation on slight out of focus]]
[2020.07.03-00.09.58:864][  0]LogConfig: Setting CVar [[r.DOF.TemporalAAQuality:1                ; more stable temporal accumulation]]
[2020.07.03-00.09.58:864][  0]LogConfig: Setting CVar [[r.DOF.Kernel.MaxForegroundRadius:0.025]]
[2020.07.03-00.09.58:864][  0]LogConfig: Setting CVar [[r.DOF.Kernel.MaxBackgroundRadius:0.025]]
[2020.07.03-00.09.58:864][  0]LogConfig: Applying CVar settings from Section [TextureQuality@3] File [D:/Facultad/Unreal/UNREAL2TP/Unreal2TP/Unreal2TP/Saved/Config/Windows/Scalability.ini]
[2020.07.03-00.09.58:864][  0]LogConfig: Setting CVar [[r.Streaming.MipBias:0]]
[2020.07.03-00.09.58:864][  0]LogConfig: Setting CVar [[r.Streaming.AmortizeCPUToGPUCopy:0]]
[2020.07.03-00.09.58:864][  0]LogConfig: Setting CVar [[r.Streaming.MaxNumTexturesToStreamPerFrame:0]]
[2020.07.03-00.09.58:864][  0]LogConfig: Setting CVar [[r.Streaming.Boost:1]]
[2020.07.03-00.09.58:864][  0]LogConfig: Setting CVar [[r.MaxAnisotropy:8]]
[2020.07.03-00.09.58:864][  0]LogConfig: Setting CVar [[r.VT.MaxAnisotropy:8]]
[2020.07.03-00.09.58:864][  0]LogConfig: Setting CVar [[r.Streaming.LimitPoolSizeToVRAM:0]]
[2020.07.03-00.09.58:864][  0]LogConfig: Setting CVar [[r.Streaming.PoolSize:1000]]
[2020.07.03-00.09.58:864][  0]LogConfig: Setting CVar [[r.Streaming.MaxEffectiveScreenSize:0]]
[2020.07.03-00.09.58:864][  0]LogConfig: Applying CVar settings from Section [EffectsQuality@3] File [D:/Facultad/Unreal/UNREAL2TP/Unreal2TP/Unreal2TP/Saved/Config/Windows/Scalability.ini]
[2020.07.03-00.09.58:864][  0]LogConfig: Setting CVar [[r.TranslucencyLightingVolumeDim:64]]
[2020.07.03-00.09.58:864][  0]LogConfig: Setting CVar [[r.RefractionQuality:2]]
[2020.07.03-00.09.58:864][  0]LogConfig: Setting CVar [[r.SSR.Quality:3]]
[2020.07.03-00.09.58:865][  0]LogConfig: Setting CVar [[r.SSR.HalfResSceneColor:0]]
[2020.07.03-00.09.58:865][  0]LogConfig: Setting CVar [[r.SceneColorFormat:4]]
[2020.07.03-00.09.58:865][  0]LogConfig: Setting CVar [[r.DetailMode:2]]
[2020.07.03-00.09.58:865][  0]LogConfig: Setting CVar [[r.TranslucencyVolumeBlur:1]]
[2020.07.03-00.09.58:865][  0]LogConfig: Setting CVar [[r.MaterialQualityLevel:1 ; High quality]]
[2020.07.03-00.09.58:865][  0]LogConfig: Setting CVar [[r.SSS.Scale:1]]
[2020.07.03-00.09.58:865][  0]LogConfig: Setting CVar [[r.SSS.SampleSet:2]]
[2020.07.03-00.09.58:865][  0]LogConfig: Setting CVar [[r.SSS.Quality:1]]
[2020.07.03-00.09.58:865][  0]LogConfig: Setting CVar [[r.SSS.HalfRes:1]]
[2020.07.03-00.09.58:865][  0]LogConfig: Setting CVar [[r.SSGI.Quality:3]]
[2020.07.03-00.09.58:865][  0]LogConfig: Setting CVar [[r.EmitterSpawnRateScale:1.0]]
[2020.07.03-00.09.58:865][  0]LogConfig: Setting CVar [[r.ParticleLightQuality:2]]
[2020.07.03-00.09.58:865][  0]LogConfig: Setting CVar [[r.SkyAtmosphere.AerialPerspectiveLUT.FastApplyOnOpaque:1 ; Always have FastSkyLUT 1 in this case to avoid wrong sky]]
[2020.07.03-00.09.58:865][  0]LogConfig: Setting CVar [[r.SkyAtmosphere.AerialPerspectiveLUT.SampleCountPerSlice:1]]
[2020.07.03-00.09.58:865][  0]LogConfig: Setting CVar [[r.SkyAtmosphere.AerialPerspectiveLUT.DepthResolution:16.0]]
[2020.07.03-00.09.58:865][  0]LogConfig: Setting CVar [[r.SkyAtmosphere.FastSkyLUT:1]]
[2020.07.03-00.09.58:865][  0]LogConfig: Setting CVar [[r.SkyAtmosphere.FastSkyLUT.SampleCountMin:4.0]]
[2020.07.03-00.09.58:865][  0]LogConfig: Setting CVar [[r.SkyAtmosphere.FastSkyLUT.SampleCountMax:32.0]]
[2020.07.03-00.09.58:865][  0]LogConfig: Setting CVar [[r.SkyAtmosphere.SampleCountMin:4.0]]
[2020.07.03-00.09.58:865][  0]LogConfig: Setting CVar [[r.SkyAtmosphere.SampleCountMax:32.0]]
[2020.07.03-00.09.58:865][  0]LogConfig: Setting CVar [[r.SkyAtmosphere.TransmittanceLUT.UseSmallFormat:0]]
[2020.07.03-00.09.58:865][  0]LogConfig: Setting CVar [[r.SkyAtmosphere.TransmittanceLUT.SampleCount:10.0]]
[2020.07.03-00.09.58:865][  0]LogConfig: Setting CVar [[r.SkyAtmosphere.MultiScatteringLUT.SampleCount:15.0]]
[2020.07.03-00.09.58:865][  0]LogConfig: Applying CVar settings from Section [FoliageQuality@3] File [D:/Facultad/Unreal/UNREAL2TP/Unreal2TP/Unreal2TP/Saved/Config/Windows/Scalability.ini]
[2020.07.03-00.09.58:865][  0]LogConfig: Setting CVar [[foliage.DensityScale:1.0]]
[2020.07.03-00.09.58:865][  0]LogConfig: Setting CVar [[grass.DensityScale:1.0]]
[2020.07.03-00.09.58:865][  0]LogConfig: Applying CVar settings from Section [ShadingQuality@3] File [D:/Facultad/Unreal/UNREAL2TP/Unreal2TP/Unreal2TP/Saved/Config/Windows/Scalability.ini]
[2020.07.03-00.09.58:865][  0]LogConfig: Setting CVar [[r.HairStrands.SkyLighting.SampleCount:16]]
[2020.07.03-00.09.58:865][  0]LogConfig: Setting CVar [[r.HairStrands.SkyLighting.JitterIntegration:0]]
[2020.07.03-00.09.58:865][  0]LogConfig: Setting CVar [[r.HairStrands.SkyAO.SampleCount:16]]
[2020.07.03-00.09.58:865][  0]LogConfig: Applying CVar settings from Section [Startup] File [../../../Engine/Config/ConsoleVariables.ini]
[2020.07.03-00.09.58:865][  0]LogConfig: Setting CVar [[net.UseAdaptiveNetUpdateFrequency:0]]
[2020.07.03-00.09.58:865][  0]LogConfig: Setting CVar [[p.chaos.AllowCreatePhysxBodies:1]]
[2020.07.03-00.09.58:865][  0]LogConfig: Applying CVar settings from Section [ConsoleVariables] File [D:/Facultad/Unreal/UNREAL2TP/Unreal2TP/Unreal2TP/Saved/Config/Windows/Engine.ini]
[2020.07.03-00.09.58:866][  0]LogInit: Computer: DESKTOP-27BOLO1
[2020.07.03-00.09.58:866][  0]LogInit: User: Facundo
[2020.07.03-00.09.58:866][  0]LogInit: CPU Page size=4096, Cores=8
[2020.07.03-00.09.58:866][  0]LogInit: High frequency timer resolution =10.000000 MHz
[2020.07.03-00.09.58:866][  0]LogMemory: Memory total: Physical=15.9GB (16GB approx)
[2020.07.03-00.09.58:866][  0]LogMemory: Platform Memory Stats for Windows
[2020.07.03-00.09.58:866][  0]LogMemory: Process Physical Memory: 106.03 MB used, 106.03 MB peak
[2020.07.03-00.09.58:866][  0]LogMemory: Process Virtual Memory: 100.79 MB used, 100.79 MB peak
[2020.07.03-00.09.58:866][  0]LogMemory: Physical Memory: 8406.16 MB used,  7898.59 MB free, 16304.75 MB total
[2020.07.03-00.09.58:866][  0]LogMemory: Virtual Memory: 5107.20 MB used,  134212624.00 MB free, 134217728.00 MB total
[2020.07.03-00.09.58:870][  0]LogWindows: WindowsPlatformFeatures enabled
[2020.07.03-00.09.58:941][  0]LogInit: Using OS detected language (en-US).
[2020.07.03-00.09.58:941][  0]LogInit: Using OS detected locale (en-US).
[2020.07.03-00.09.58:942][  0]LogTextLocalizationManager: No specific localization for 'en-US' exists, so the 'en' localization will be used.
[2020.07.03-00.09.59:051][  0]LogInit: Setting process to per monitor DPI aware
[2020.07.03-00.09.59:100][  0]LogSlate: New Slate User Created.  User Index 0, Is Virtual User: 0
[2020.07.03-00.09.59:100][  0]LogSlate: Slate User Registered.  User Index 0, Is Virtual User: 0
[2020.07.03-00.09.59:206][  0]LogHMD: Failed to initialize OpenVR with code 110
[2020.07.03-00.09.59:206][  0]LogD3D11RHI: D3D11 min allowed feature level: 11_0
[2020.07.03-00.09.59:206][  0]LogD3D11RHI: D3D11 max allowed feature level: 11_0
[2020.07.03-00.09.59:206][  0]LogD3D11RHI: D3D11 adapters:
[2020.07.03-00.09.59:270][  0]LogD3D11RHI:    0. 'NVIDIA GeForce GTX 1070' (Feature Level 11_0)
[2020.07.03-00.09.59:270][  0]LogD3D11RHI:       8088/0/8152 MB DedicatedVideo/DedicatedSystem/SharedSystem, Outputs:3, VendorId:0x10de
[2020.07.03-00.09.59:274][  0]LogD3D11RHI:    1. 'Microsoft Basic Render Driver' (Feature Level 11_0)
[2020.07.03-00.09.59:274][  0]LogD3D11RHI:       0/0/8152 MB DedicatedVideo/DedicatedSystem/SharedSystem, Outputs:0, VendorId:0x1414
[2020.07.03-00.09.59:275][  0]LogD3D11RHI: Chosen D3D11 Adapter: 0
[2020.07.03-00.09.59:281][  0]LogD3D11RHI: Creating new Direct3DDevice
[2020.07.03-00.09.59:281][  0]LogD3D11RHI:     GPU DeviceId: 0x1b81 (for the marketing name, search the web for "GPU Device Id")
[2020.07.03-00.09.59:281][  0]LogWindows: EnumDisplayDevices:
[2020.07.03-00.09.59:282][  0]LogWindows:    0. 'NVIDIA GeForce GTX 1070' (P:1 D:1)
[2020.07.03-00.09.59:282][  0]LogWindows:    1. 'NVIDIA GeForce GTX 1070' (P:0 D:1)
[2020.07.03-00.09.59:282][  0]LogWindows:    2. 'NVIDIA GeForce GTX 1070' (P:0 D:1)
[2020.07.03-00.09.59:283][  0]LogWindows:    3. 'NVIDIA GeForce GTX 1070' (P:0 D:0)
[2020.07.03-00.09.59:283][  0]LogWindows: DebugString: FoundDriverCount:4 
[2020.07.03-00.09.59:283][  0]LogD3D11RHI:     Adapter Name: NVIDIA GeForce GTX 1070
[2020.07.03-00.09.59:283][  0]LogD3D11RHI:   Driver Version: 446.14 (internal:26.21.14.4614, unified:446.14)
[2020.07.03-00.09.59:283][  0]LogD3D11RHI:      Driver Date: 5-15-2020
[2020.07.03-00.09.59:283][  0]LogRHI: Texture pool is 5661 MB (70% of 8088 MB)
[2020.07.03-00.09.59:323][  0]LogD3D11RHI: RHI has support for 64 bit atomics
[2020.07.03-00.09.59:323][  0]LogD3D11RHI: Async texture creation enabled
[2020.07.03-00.09.59:337][  0]LogD3D11RHI: GPU Timing Frequency: 1000.000000 (Debug: 2 1)
[2020.07.03-00.09.59:568][  0]LogTargetPlatformManager: Display: Loaded TargetPlatform 'AllDesktop'
[2020.07.03-00.09.59:590][  0]LogTargetPlatformManager: Display: Loaded TargetPlatform 'Android'
[2020.07.03-00.09.59:590][  0]LogTargetPlatformManager: Display: Loaded TargetPlatform 'Android_ASTC'
[2020.07.03-00.09.59:590][  0]LogTargetPlatformManager: Display: Loaded TargetPlatform 'Android_ATC'
[2020.07.03-00.09.59:590][  0]LogTargetPlatformManager: Display: Loaded TargetPlatform 'Android_DXT'
[2020.07.03-00.09.59:590][  0]LogTargetPlatformManager: Display: Loaded TargetPlatform 'Android_ETC1'
[2020.07.03-00.09.59:590][  0]LogTargetPlatformManager: Display: Loaded TargetPlatform 'Android_ETC1a'
[2020.07.03-00.09.59:590][  0]LogTargetPlatformManager: Display: Loaded TargetPlatform 'Android_ETC2'
[2020.07.03-00.09.59:590][  0]LogTargetPlatformManager: Display: Loaded TargetPlatform 'Android_PVRTC'
[2020.07.03-00.09.59:590][  0]LogTargetPlatformManager: Display: Loaded TargetPlatform 'AndroidClient'
[2020.07.03-00.09.59:590][  0]LogTargetPlatformManager: Display: Loaded TargetPlatform 'Android_ASTCClient'
[2020.07.03-00.09.59:591][  0]LogTargetPlatformManager: Display: Loaded TargetPlatform 'Android_ATCClient'
[2020.07.03-00.09.59:591][  0]LogTargetPlatformManager: Display: Loaded TargetPlatform 'Android_DXTClient'
[2020.07.03-00.09.59:591][  0]LogTargetPlatformManager: Display: Loaded TargetPlatform 'Android_ETC1Client'
[2020.07.03-00.09.59:591][  0]LogTargetPlatformManager: Display: Loaded TargetPlatform 'Android_ETC1aClient'
[2020.07.03-00.09.59:591][  0]LogTargetPlatformManager: Display: Loaded TargetPlatform 'Android_ETC2Client'
[2020.07.03-00.09.59:591][  0]LogTargetPlatformManager: Display: Loaded TargetPlatform 'Android_PVRTCClient'
[2020.07.03-00.09.59:591][  0]LogTargetPlatformManager: Display: Loaded TargetPlatform 'Android_Multi'
[2020.07.03-00.09.59:591][  0]LogTargetPlatformManager: Display: Loaded TargetPlatform 'Android_MultiClient'
[2020.07.03-00.09.59:609][  0]LogTargetPlatformManager: Display: Loaded TargetPlatform 'IOSClient'
[2020.07.03-00.09.59:609][  0]LogTargetPlatformManager: Display: Loaded TargetPlatform 'IOS'
[2020.07.03-00.09.59:616][  0]LogTargetPlatformManager: Display: Loaded TargetPlatform 'LinuxNoEditor'
[2020.07.03-00.09.59:622][  0]LogTargetPlatformManager: Display: Loaded TargetPlatform 'LinuxClient'
[2020.07.03-00.09.59:628][  0]LogTargetPlatformManager: Display: Loaded TargetPlatform 'LinuxServer'
[2020.07.03-00.09.59:634][  0]LogTargetPlatformManager: Display: Loaded TargetPlatform 'LinuxAArch64NoEditor'
[2020.07.03-00.09.59:640][  0]LogTargetPlatformManager: Display: Loaded TargetPlatform 'LinuxAArch64Client'
[2020.07.03-00.09.59:647][  0]LogTargetPlatformManager: Display: Loaded TargetPlatform 'LinuxAArch64Server'
[2020.07.03-00.09.59:665][  0]LogTargetPlatformManager: Display: Loaded TargetPlatform 'Lumin'
[2020.07.03-00.09.59:665][  0]LogTargetPlatformManager: Display: Loaded TargetPlatform 'LuminClient'
[2020.07.03-00.09.59:676][  0]LogTargetPlatformManager: Display: Loaded TargetPlatform 'TVOSClient'
[2020.07.03-00.09.59:676][  0]LogTargetPlatformManager: Display: Loaded TargetPlatform 'TVOS'
[2020.07.03-00.09.59:683][  0]LogTargetPlatformManager: Display: Loaded TargetPlatform 'WindowsNoEditor'
[2020.07.03-00.09.59:689][  0]LogTargetPlatformManager: Display: Loaded TargetPlatform 'Windows'
[2020.07.03-00.09.59:696][  0]LogTargetPlatformManager: Display: Loaded TargetPlatform 'WindowsClient'
[2020.07.03-00.09.59:702][  0]LogTargetPlatformManager: Display: Loaded TargetPlatform 'WindowsServer'
[2020.07.03-00.09.59:702][  0]LogTargetPlatformManager: Display: Building Assets For Windows
[2020.07.03-00.09.59:710][  0]LogAudioDebug: Display: Lib vorbis DLL was dynamically loaded.
[2020.07.03-00.09.59:752][  0]LogShaderCompilers: Guid format shader working directory is -10 characters bigger than the processId version (../../../../Facultad/Unreal/UNREAL2TP/Unreal2TP/Unreal2TP/Intermediate/Shaders/WorkingDirectory/17820/).
[2020.07.03-00.09.59:752][  0]LogShaderCompilers: Cleaned the shader compiler working directory 'C:/Users/Facundo/AppData/Local/Temp/UnrealShaderWorkingDir/93CC78934ECB88BADD0887A39C3271C8/'.
[2020.07.03-00.09.59:752][  0]LogXGEController: Cleaning working directory: C:/Users/Facundo/AppData/Local/Temp/UnrealXGEWorkingDir/
[2020.07.03-00.09.59:753][  0]LogXGEController: Cannot use XGE Controller as Incredibuild is not installed on this machine.
[2020.07.03-00.09.59:753][  0]LogShaderCompilers: Cannot use XGE Shader Compiler as Incredibuild is not installed on this machine.
[2020.07.03-00.09.59:753][  0]LogShaderCompilers: Display: Using Local Shader Compiler.
[2020.07.03-00.10.00:276][  0]LogDerivedDataCache: Display: Max Cache Size: 512 MB
[2020.07.03-00.10.00:321][  0]LogDerivedDataCache: Loaded boot cache 0.04s 82MB C:/Users/Facundo/AppData/Local/UnrealEngine/4.24/DerivedDataCache/Boot.ddc.
[2020.07.03-00.10.00:322][  0]LogDerivedDataCache: Display: Loaded Boot cache: C:/Users/Facundo/AppData/Local/UnrealEngine/4.24/DerivedDataCache/Boot.ddc
[2020.07.03-00.10.00:322][  0]LogDerivedDataCache: FDerivedDataBackendGraph:  Pak pak cache file ../../../../Facultad/Unreal/UNREAL2TP/Unreal2TP/Unreal2TP/DerivedDataCache/DDC.ddp not found, will not use a pak cache.
[2020.07.03-00.10.00:322][  0]LogDerivedDataCache: Unable to find inner node Pak for hierarchical cache Hierarchy.
[2020.07.03-00.10.00:322][  0]LogDerivedDataCache: FDerivedDataBackendGraph:  CompressedPak pak cache file ../../../../Facultad/Unreal/UNREAL2TP/Unreal2TP/Unreal2TP/DerivedDataCache/Compressed.ddp not found, will not use a pak cache.
[2020.07.03-00.10.00:322][  0]LogDerivedDataCache: Unable to find inner node CompressedPak for hierarchical cache Hierarchy.
[2020.07.03-00.10.00:330][  0]LogDerivedDataCache: Display: Pak cache opened for reading ../../../Engine/DerivedDataCache/Compressed.ddp.
[2020.07.03-00.10.00:330][  0]LogDerivedDataCache: FDerivedDataBackendGraph:  EnterprisePak pak cache file ../../../Enterprise/DerivedDataCache/Compressed.ddp not found, will not use a pak cache.
[2020.07.03-00.10.00:330][  0]LogDerivedDataCache: Unable to find inner node EnterprisePak for hierarchical cache Hierarchy.
[2020.07.03-00.10.00:332][  0]LogDerivedDataCache: Using Local data cache path C:/Users/Facundo/AppData/Local/UnrealEngine/Common/DerivedDataCache: Writable
[2020.07.03-00.10.00:332][  0]LogDerivedDataCache: Shared data cache path not found in *engine.ini, will not use an Shared cache.
[2020.07.03-00.10.00:332][  0]LogDerivedDataCache: Unable to find inner node Shared for hierarchical cache Hierarchy.
[2020.07.03-00.10.00:351][  0]LogMaterial: Verifying Global Shaders for PCD3D_SM5
[2020.07.03-00.10.00:353][  0]LogSlate: Using FreeType 2.10.0
[2020.07.03-00.10.00:354][  0]LogSlate: SlateFontServices - WITH_FREETYPE: 1, WITH_HARFBUZZ: 1
[2020.07.03-00.10.00:399][  0]LogAssetRegistry: FAssetRegistry took 0.0037 seconds to start up
[2020.07.03-00.10.00:596][  0]LogInit: Selected Device Profile: [Windows]
[2020.07.03-00.10.00:718][  0]LogMeshReduction: Using QuadricMeshReduction for automatic static mesh reduction
[2020.07.03-00.10.00:718][  0]LogMeshReduction: Using SimplygonMeshReduction for automatic skeletal mesh reduction
[2020.07.03-00.10.00:718][  0]LogMeshReduction: Using ProxyLODMeshReduction for automatic mesh merging
[2020.07.03-00.10.00:718][  0]LogMeshReduction: No distributed automatic mesh merging module available
[2020.07.03-00.10.00:718][  0]LogMeshMerging: No distributed automatic mesh merging module available
[2020.07.03-00.10.00:733][  0]LogNetVersion: Unreal2TP 1.0.0, NetCL: 10570792, EngineNetVer: 13, GameNetVer: 0 (Checksum: 317678641)
[2020.07.03-00.10.01:467][  0]LogPackageLocalizationCache: Processed 10 localized package path(s) for 1 prioritized culture(s) in 0.021635 seconds
[2020.07.03-00.10.01:473][  0]LogUObjectArray: 46750 objects as part of root set at end of initial load.
[2020.07.03-00.10.01:473][  0]LogUObjectAllocator: 8137160 out of 0 bytes used by permanent object pool.
[2020.07.03-00.10.01:473][  0]LogUObjectArray: CloseDisregardForGC: 0/0 objects in disregard for GC pool
[2020.07.03-00.10.01:842][  0]LogTcpMessaging: Initializing TcpMessaging bridge
[2020.07.03-00.10.01:847][  0]LogUdpMessaging: Initializing bridge on interface 0.0.0.0:0 to multicast group 230.0.0.1:6666.
[2020.07.03-00.10.02:032][  0]SourceControl: Source control is disabled
[2020.07.03-00.10.02:033][  0]SourceControl: Source control is disabled
[2020.07.03-00.10.02:035][  0]SourceControl: Source control is disabled
[2020.07.03-00.10.02:037][  0]SourceControl: Source control is disabled
[2020.07.03-00.10.02:038][  0]SourceControl: Source control is disabled
[2020.07.03-00.10.02:144][  0]LogAndroidPermission: UAndroidPermissionCallbackProxy::GetInstance
[2020.07.03-00.10.02:161][  0]LogAudioCaptureCore: Display: No Audio Capture implementations found. Audio input will be silent.
[2020.07.03-00.10.02:161][  0]LogAudioCaptureCore: Display: No Audio Capture implementations found. Audio input will be silent.
[2020.07.03-00.10.02:232][  0]LogOcInput: OculusInput pre-init called
[2020.07.03-00.10.02:239][  0]LogWindows: Failed to load 'OVRPlugin.dll' (GetLastError=126)
[2020.07.03-00.10.02:240][  0]LogWindows: File 'OVRPlugin.dll' does not exist
[2020.07.03-00.10.02:303][  0]LogEngine: Initializing Engine...
[2020.07.03-00.10.02:304][  0]LogHMD: Failed to initialize OpenVR with code 110
[2020.07.03-00.10.02:305][  0]LogStats: UGameplayTagsManager::InitializeManager -  0.000 s
[2020.07.03-00.10.02:542][  0]LogInit: Initializing FReadOnlyCVARCache
[2020.07.03-00.10.02:549][  0]LogAIModule: Creating AISystem for world Untitled
[2020.07.03-00.10.02:564][  0]LogAudioMixer: Display: Audio Mixer Platform Settings:
[2020.07.03-00.10.02:564][  0]LogAudioMixer: Display: 	Sample Rate:						  48000
[2020.07.03-00.10.02:564][  0]LogAudioMixer: Display: 	Callback Buffer Frame Size Requested: 1024
[2020.07.03-00.10.02:564][  0]LogAudioMixer: Display: 	Callback Buffer Frame Size To Use:	  1024
[2020.07.03-00.10.02:564][  0]LogAudioMixer: Display: 	Number of buffers to queue:			  2
[2020.07.03-00.10.02:564][  0]LogAudioMixer: Display: 	Max Channels (voices):				  32
[2020.07.03-00.10.02:565][  0]LogAudioMixer: Display: 	Number of Async Source Workers:		  0
[2020.07.03-00.10.02:565][  0]LogAudio: Display: AudioDevice MaxSources: 32
[2020.07.03-00.10.02:565][  0]LogAudio: Display: Using built-in audio occlusion.
[2020.07.03-00.10.02:565][  0]LogAudioMixer: Display: Initializing audio mixer.
[2020.07.03-00.10.02:610][  0]LogAudioMixer: Display: Audio Device Output Speaker Info:
[2020.07.03-00.10.02:611][  0]LogAudioMixer: Display: Name: Altavoces (Realtek(R) Audio)
[2020.07.03-00.10.02:611][  0]LogAudioMixer: Display: Is Default: Yes
[2020.07.03-00.10.02:611][  0]LogAudioMixer: Display: Sample Rate: 48000
[2020.07.03-00.10.02:611][  0]LogAudioMixer: Display: Channel Count Used: 2
[2020.07.03-00.10.02:611][  0]LogAudioMixer: Display: Device Channel Count: 2
[2020.07.03-00.10.02:611][  0]LogAudioMixer: Display: Channel Order:
[2020.07.03-00.10.02:611][  0]LogAudioMixer: Display: 0: FrontLeft
[2020.07.03-00.10.02:611][  0]LogAudioMixer: Display: 1: FrontRight
[2020.07.03-00.10.02:642][  0]LogAudioMixer: Display: Using Audio Device Altavoces (Realtek(R) Audio)
[2020.07.03-00.10.02:647][  0]LogInit: FAudioDevice initialized.
[2020.07.03-00.10.02:648][  0]LogNetVersion: Set ProjectVersion to 1.0.0.0. Version Checksum will be recalculated on next use.
[2020.07.03-00.10.02:723][  0]LogDerivedDataCache: Saved boot cache 0.08s 82MB C:/Users/Facundo/AppData/Local/UnrealEngine/4.24/DerivedDataCache/Boot.ddc.
[2020.07.03-00.10.02:724][  0]LogInit: Texture streaming: Enabled
[2020.07.03-00.10.02:737][  0]LogEngineSessionManager: EngineSessionManager initialized
[2020.07.03-00.10.02:737][  0]LogEditorSessionSummary: Verbose: Initializing EditorSessionSummaryWriter for editor session tracking
[2020.07.03-00.10.02:740][  0]LogEditorSessionSummary: EditorSessionSummaryWriter initialized
[2020.07.03-00.10.02:765][  0]LogInit: Transaction tracking system initialized
[2020.07.03-00.10.02:781][  0]BlueprintLog: New page: Editor Load
[2020.07.03-00.10.02:825][  0]LocalizationService: Localization service is disabled
[2020.07.03-00.10.03:026][  0]LogFileCache: Scanning file cache for directory 'D:/Facultad/Unreal/UNREAL2TP/Unreal2TP/Unreal2TP/Content/' took 0.01s
[2020.07.03-00.10.03:026][  0]LogCook: Display: Max memory allowance for cook 16384mb min free memory 0mb
[2020.07.03-00.10.03:026][  0]LogCook: Display: Mobile HDR setting 1
[2020.07.03-00.10.03:579][  0]SourceControl: Source control is disabled
[2020.07.03-00.10.03:580][  0]Cmd: MAP LOAD FILE="../../../../Facultad/Unreal/UNREAL2TP/Unreal2TP/Unreal2TP/Content/ThirdPersonCPP/Maps/ThirdPersonExampleMap.umap" TEMPLATE=0 SHOWPROGRESS=1 FEATURELEVEL=3
[2020.07.03-00.10.03:580][  0]LightingResults: New page: Lighting Build
[2020.07.03-00.10.03:581][  0]LogWorld: UWorld::CleanupWorld for Untitled, bSessionEnded=true, bCleanupResources=true
[2020.07.03-00.10.03:581][  0]LogSlate: InvalidateAllWidgets triggered.  All widgets were invalidated
[2020.07.03-00.10.03:581][  0]MapCheck: New page: Map Check
[2020.07.03-00.10.03:581][  0]LightingResults: New page: Lighting Build
[2020.07.03-00.10.03:605][  0]LogUObjectHash: Compacting FUObjectHashTables data took   1.46ms
[2020.07.03-00.10.03:707][  0]LogAIModule: Creating AISystem for world ThirdPersonExampleMap
[2020.07.03-00.10.03:712][  0]LogEditorServer: Finished looking for orphan Actors (0.000 secs)
[2020.07.03-00.10.03:740][  0]LogUObjectHash: Compacting FUObjectHashTables data took   1.55ms
[2020.07.03-00.10.03:740][  0]Cmd: MAP CHECKDEP NOCLEARLOG
[2020.07.03-00.10.03:741][  0]MapCheck: Map check complete: 0 Error(s), 0 Warning(s), took 0.111ms to complete.
[2020.07.03-00.10.03:741][  0]LogFileHelpers: Loading map 'ThirdPersonExampleMap' took 0.161
[2020.07.03-00.10.03:889][  0]LogSlate: Updating window title bar state: overlay mode, drag disabled, window buttons hidden, title bar hidden
[2020.07.03-00.10.03:894][  0]LogSlate: Updating window title bar state: overlay mode, drag disabled, window buttons hidden, title bar hidden
[2020.07.03-00.10.03:899][  0]LogSlate: Updating window title bar state: overlay mode, drag disabled, window buttons hidden, title bar hidden
[2020.07.03-00.10.03:903][  0]LogSlate: Updating window title bar state: overlay mode, drag disabled, window buttons hidden, title bar hidden
[2020.07.03-00.10.03:910][  0]LogCollectionManager: Loaded 0 collections in 0.001566 seconds
[2020.07.03-00.10.03:920][  0]LogFileCache: Scanning file cache for directory 'D:/Facultad/Unreal/UNREAL2TP/Unreal2TP/Unreal2TP/Saved/Collections/' took 0.00s
[2020.07.03-00.10.03:920][  0]LogFileCache: Scanning file cache for directory 'D:/Facultad/Unreal/UNREAL2TP/Unreal2TP/Unreal2TP/Content/Developers/Facundo/Collections/' took 0.00s
[2020.07.03-00.10.03:920][  0]LogFileCache: Scanning file cache for directory 'D:/Facultad/Unreal/UNREAL2TP/Unreal2TP/Unreal2TP/Content/Collections/' took 0.00s
[2020.07.03-00.10.03:920][  0]LogContentBrowser: Native class hierarchy populated in 0.0063 seconds. Added 3027 classes and 719 folders.
[2020.07.03-00.10.03:922][  0]LogContentBrowser: Native class hierarchy updated for 'WidgetCarousel' in 0.0003 seconds. Added 0 classes and 0 folders.
[2020.07.03-00.10.03:965][  0]LogContentBrowser: Native class hierarchy updated for 'AddContentDialog' in 0.0003 seconds. Added 0 classes and 0 folders.
[2020.07.03-00.10.03:971][  0]LogContentBrowser: Native class hierarchy updated for 'SceneOutliner' in 0.0003 seconds. Added 2 classes and 3 folders.
[2020.07.03-00.10.04:052][  0]LogSlate: Took 0.000211 seconds to synchronously load lazily loaded font '../../../Engine/Content/Slate/Fonts/Roboto-Regular.ttf' (155K)
[2020.07.03-00.10.04:054][  0]LogSlate: Took 0.000117 seconds to synchronously load lazily loaded font '../../../Engine/Content/Slate/Fonts/Roboto-Bold.ttf' (160K)
[2020.07.03-00.10.04:057][  0]LogSlate: Took 0.000117 seconds to synchronously load lazily loaded font '../../../Engine/Content/Editor/Slate/Fonts/FontAwesome.ttf' (139K)
[2020.07.03-00.10.04:057][  0]LogSlate: Took 0.000088 seconds to synchronously load lazily loaded font '../../../Engine/Content/Slate/Fonts/DroidSansMono.ttf' (77K)
[2020.07.03-00.10.04:146][  0]LogRenderer: Reallocating scene render targets to support 1208x572 Format 10 NumSamples 1 (Frame:1).
[2020.07.03-00.10.04:230][  0]LogContentBrowser: Native class hierarchy updated for 'HierarchicalLODOutliner' in 0.0003 seconds. Added 0 classes and 0 folders.
[2020.07.03-00.10.04:230][  0]LogLoad: (Engine Initialization) Total time: 6.70 seconds
[2020.07.03-00.10.04:230][  0]LogLoad: (Engine Initialization) Total Blueprint compile time: 0.00 seconds
[2020.07.03-00.10.04:264][  0]LogAssetRegistry: Asset discovery search completed in 3.8680 seconds
[2020.07.03-00.10.04:267][  0]LogCollectionManager: Fixed up redirectors for 0 collections in 0.000005 seconds (updated 0 objects)
[2020.07.03-00.10.04:268][  0]LogContentStreaming: Texture pool size now 1000 MB
[2020.07.03-00.10.05:507][139]LogTemp: Repeating last play command: Selected Viewport
[2020.07.03-00.10.05:514][139]LogBlueprintUserMessages: Early PlayInEditor Detection: Level '/Game/ThirdPersonCPP/Maps/ThirdPersonExampleMap.ThirdPersonExampleMap:PersistentLevel' has LevelScriptBlueprint '/Game/ThirdPersonCPP/Maps/ThirdPersonExampleMap.ThirdPersonExampleMap:PersistentLevel.ThirdPersonExampleMap' with GeneratedClass '/Game/ThirdPersonCPP/Maps/ThirdPersonExampleMap.ThirdPersonExampleMap_C' with ClassGeneratedBy '/Game/ThirdPersonCPP/Maps/ThirdPersonExampleMap.ThirdPersonExampleMap:PersistentLevel.ThirdPersonExampleMap'
[2020.07.03-00.10.05:514][139]LogPlayLevel: PlayLevel: No blueprints needed recompiling
[2020.07.03-00.10.05:515][139]PIE: New page: PIE session: ThirdPersonExampleMap (Jul 2, 2020, 6:10:05 PM)
[2020.07.03-00.10.05:516][139]LogOnline: OSS: Creating online subsystem instance for: NULL
[2020.07.03-00.10.05:518][139]LogOnline: OSS: TryLoadSubsystemAndSetDefault: Loaded subsystem for module [NULL]
[2020.07.03-00.10.05:518][139]LogPlayLevel: Creating play world package: /Game/ThirdPersonCPP/Maps/UEDPIE_1_ThirdPersonExampleMap
[2020.07.03-00.10.05:529][139]LogPlayLevel: PIE: StaticDuplicateObject took: (0.011367s)
[2020.07.03-00.10.05:530][139]LogAIModule: Creating AISystem for world ThirdPersonExampleMap
[2020.07.03-00.10.05:531][139]LogPlayLevel: PIE: World Init took: (0.001167s)
[2020.07.03-00.10.05:531][139]LogPlayLevel: PIE: Created PIE world by copying editor world from /Game/ThirdPersonCPP/Maps/ThirdPersonExampleMap.ThirdPersonExampleMap to /Game/ThirdPersonCPP/Maps/UEDPIE_1_ThirdPersonExampleMap.ThirdPersonExampleMap (0.012992s)
[2020.07.03-00.10.05:553][139]LogUObjectHash: Compacting FUObjectHashTables data took   1.05ms
[2020.07.03-00.10.05:555][139]LogLoad: Game class is 'BP_MyGameMode_C'
[2020.07.03-00.10.05:557][139]LogWorld: Bringing World /Game/ThirdPersonCPP/Maps/UEDPIE_1_ThirdPersonExampleMap.ThirdPersonExampleMap up for play (max tick rate 0) at 2020.07.02-21.10.05
[2020.07.03-00.10.05:558][139]LogWorld: Bringing up level for play took: 0.001575
[2020.07.03-00.10.05:558][139]LogNet: ReplicationDriverClass is null! Not using ReplicationDriver.
[2020.07.03-00.10.05:558][139]LogNetCore: DDoS detection status: detection enabled: 0 analytics enabled: 0
[2020.07.03-00.10.05:563][139]LogInit: WinSock: I am DESKTOP-27BOLO1 (192.168.0.89:0)
[2020.07.03-00.10.05:563][139]LogInit: WinSock: Socket queue. Rx: 131072 (config 131072) Tx: 131072 (config 131072)
[2020.07.03-00.10.05:563][139]PacketHandlerLog: Loaded PacketHandler component: Engine.EngineHandlerComponentFactory (StatelessConnectHandlerComponent)
[2020.07.03-00.10.05:564][139]LogNet: GameNetDriver IpNetDriver_0 IpNetDriver listening on port 17777
[2020.07.03-00.10.05:564][139]PIE: Play in editor start time for /Game/ThirdPersonCPP/Maps/UEDPIE_1_ThirdPersonExampleMap 0.388
[2020.07.03-00.10.05:565][139]LogAudioMixer: Display: Audio Mixer Platform Settings:
[2020.07.03-00.10.05:566][139]LogAudioMixer: Display: 	Sample Rate:						  48000
[2020.07.03-00.10.05:566][139]LogAudioMixer: Display: 	Callback Buffer Frame Size Requested: 1024
[2020.07.03-00.10.05:566][139]LogAudioMixer: Display: 	Callback Buffer Frame Size To Use:	  1024
[2020.07.03-00.10.05:566][139]LogAudioMixer: Display: 	Number of buffers to queue:			  2
[2020.07.03-00.10.05:566][139]LogAudioMixer: Display: 	Max Channels (voices):				  32
[2020.07.03-00.10.05:566][139]LogAudioMixer: Display: 	Number of Async Source Workers:		  0
[2020.07.03-00.10.05:567][139]LogAudio: Display: AudioDevice MaxSources: 32
[2020.07.03-00.10.05:567][139]LogAudio: Display: Using built-in audio occlusion.
[2020.07.03-00.10.05:567][139]LogAudioMixer: Display: Initializing audio mixer.
[2020.07.03-00.10.05:603][139]LogAudioMixer: Display: Audio Device Output Speaker Info:
[2020.07.03-00.10.05:603][139]LogAudioMixer: Display: Name: Altavoces (Realtek(R) Audio)
[2020.07.03-00.10.05:603][139]LogAudioMixer: Display: Is Default: Yes
[2020.07.03-00.10.05:603][139]LogAudioMixer: Display: Sample Rate: 48000
[2020.07.03-00.10.05:603][139]LogAudioMixer: Display: Channel Count Used: 2
[2020.07.03-00.10.05:604][139]LogAudioMixer: Display: Device Channel Count: 2
[2020.07.03-00.10.05:604][139]LogAudioMixer: Display: Channel Order:
[2020.07.03-00.10.05:604][139]LogAudioMixer: Display: 0: FrontLeft
[2020.07.03-00.10.05:604][139]LogAudioMixer: Display: 1: FrontRight
[2020.07.03-00.10.05:621][139]LogAudioMixer: Display: Using Audio Device Altavoces (Realtek(R) Audio)
[2020.07.03-00.10.05:623][139]LogInit: FAudioDevice initialized.
[2020.07.03-00.10.05:632][139]LogNet: Browse: 127.0.0.1:17777//Game/ThirdPersonCPP/Maps/ThirdPersonExampleMap
[2020.07.03-00.10.05:633][139]LogInit: WinSock: Socket queue. Rx: 32768 (config 32768) Tx: 32768 (config 32768)
[2020.07.03-00.10.05:633][139]PacketHandlerLog: Loaded PacketHandler component: Engine.EngineHandlerComponentFactory (StatelessConnectHandlerComponent)
[2020.07.03-00.10.05:633][139]LogNet: Game client on port 17777, rate 10000
[2020.07.03-00.10.05:634][139]PIE: Play in editor start time for /Game/ThirdPersonCPP/Maps/ThirdPersonExampleMap 0.457
[2020.07.03-00.10.05:694][139]LogSlate: Updating window title bar state: overlay mode, drag disabled, window buttons hidden, title bar hidden
[2020.07.03-00.10.05:695][139]LogNet: Browse: 127.0.0.1:17777//Game/ThirdPersonCPP/Maps/ThirdPersonExampleMap
[2020.07.03-00.10.05:695][139]LogInit: WinSock: Socket queue. Rx: 32768 (config 32768) Tx: 32768 (config 32768)
[2020.07.03-00.10.05:695][139]PacketHandlerLog: Loaded PacketHandler component: Engine.EngineHandlerComponentFactory (StatelessConnectHandlerComponent)
[2020.07.03-00.10.05:696][139]LogNet: Game client on port 17777, rate 10000
[2020.07.03-00.10.05:697][139]PIE: Play in editor start time for /Game/ThirdPersonCPP/Maps/ThirdPersonExampleMap 0.521
[2020.07.03-00.10.05:701][139]LogBlueprintUserMessages: Late PlayInEditor Detection: Level '/Game/ThirdPersonCPP/Maps/ThirdPersonExampleMap.ThirdPersonExampleMap:PersistentLevel' has LevelScriptBlueprint '/Game/ThirdPersonCPP/Maps/ThirdPersonExampleMap.ThirdPersonExampleMap:PersistentLevel.ThirdPersonExampleMap' with GeneratedClass '/Game/ThirdPersonCPP/Maps/ThirdPersonExampleMap.ThirdPersonExampleMap_C' with ClassGeneratedBy '/Game/ThirdPersonCPP/Maps/ThirdPersonExampleMap.ThirdPersonExampleMap:PersistentLevel.ThirdPersonExampleMap'
[2020.07.03-00.10.05:701][139]LogNet: NotifyAcceptingConnection accepted from: 127.0.0.1:52006
[2020.07.03-00.10.05:701][139]LogHandshake: SendConnectChallenge. Timestamp: 0.008334, Cookie: 086239013187018120235065215191194027120076241030179217061060
[2020.07.03-00.10.05:701][139]LogNet: NotifyAcceptingConnection accepted from: 127.0.0.1:52007
[2020.07.03-00.10.05:701][139]LogHandshake: SendConnectChallenge. Timestamp: 0.008334, Cookie: 148144106153114245173021016228031069205179085246186204089125
[2020.07.03-00.10.05:701][139]LogTemp: Warning: 0
[2020.07.03-00.10.05:702][139]LogOnline: OSS: Creating online subsystem instance for: :Context_1
[2020.07.03-00.10.05:705][139]LogHandshake: SendChallengeResponse. Timestamp: 0.008334, Cookie: 086239013187018120235065215191194027120076241030179217061060
[2020.07.03-00.10.05:706][139]LogHandshake: SendChallengeResponse. Timestamp: 0.008334, Cookie: 148144106153114245173021016228031069205179085246186204089125
[2020.07.03-00.10.05:782][140]LogNet: NotifyAcceptingConnection accepted from: 127.0.0.1:52006
[2020.07.03-00.10.05:782][140]LogHandshake: SendChallengeAck. InCookie: 086239013187018120235065215191194027120076241030179217061060
[2020.07.03-00.10.05:783][140]LogNet: Server accepting post-challenge connection from: 127.0.0.1:52006
[2020.07.03-00.10.05:783][140]PacketHandlerLog: Loaded PacketHandler component: Engine.EngineHandlerComponentFactory (StatelessConnectHandlerComponent)
[2020.07.03-00.10.05:783][140]LogNet: NotifyAcceptedConnection: Name: ThirdPersonExampleMap, TimeStamp: 07/02/20 21:10:05, [UNetConnection] RemoteAddr: 127.0.0.1:52006, Name: IpConnection_2, Driver: GameNetDriver IpNetDriver_0, IsServer: YES, PC: NULL, Owner: NULL, UniqueId: INVALID
[2020.07.03-00.10.05:783][140]LogNet: AddClientConnection: Added client connection: [UNetConnection] RemoteAddr: 127.0.0.1:52006, Name: IpConnection_2, Driver: GameNetDriver IpNetDriver_0, IsServer: YES, PC: NULL, Owner: NULL, UniqueId: INVALID
[2020.07.03-00.10.05:783][140]LogNet: NotifyAcceptingConnection accepted from: 127.0.0.1:52007
[2020.07.03-00.10.05:783][140]LogHandshake: SendChallengeAck. InCookie: 148144106153114245173021016228031069205179085246186204089125
[2020.07.03-00.10.05:783][140]LogNet: Server accepting post-challenge connection from: 127.0.0.1:52007
[2020.07.03-00.10.05:784][140]PacketHandlerLog: Loaded PacketHandler component: Engine.EngineHandlerComponentFactory (StatelessConnectHandlerComponent)
[2020.07.03-00.10.05:784][140]LogNet: NotifyAcceptedConnection: Name: ThirdPersonExampleMap, TimeStamp: 07/02/20 21:10:05, [UNetConnection] RemoteAddr: 127.0.0.1:52007, Name: IpConnection_3, Driver: GameNetDriver IpNetDriver_0, IsServer: YES, PC: NULL, Owner: NULL, UniqueId: INVALID
[2020.07.03-00.10.05:784][140]LogNet: AddClientConnection: Added client connection: [UNetConnection] RemoteAddr: 127.0.0.1:52007, Name: IpConnection_3, Driver: GameNetDriver IpNetDriver_0, IsServer: YES, PC: NULL, Owner: NULL, UniqueId: INVALID
[2020.07.03-00.10.05:784][140]LogTemp: Warning: 0
[2020.07.03-00.10.05:785][140]LogNetVersion: Unreal2TP 1.0.0.0, NetCL: 10570792, EngineNetVer: 13, GameNetVer: 0 (Checksum: 1816658782)
[2020.07.03-00.10.05:785][140]LogNet: UPendingNetGame::SendInitialJoin: Sending hello. [UNetConnection] RemoteAddr: 127.0.0.1:17777, Name: IpConnection_0, Driver: PendingNetDriver IpNetDriver_1, IsServer: NO, PC: NULL, Owner: NULL, UniqueId: INVALID
[2020.07.03-00.10.05:786][140]LogNet: UPendingNetGame::SendInitialJoin: Sending hello. [UNetConnection] RemoteAddr: 127.0.0.1:17777, Name: IpConnection_1, Driver: PendingNetDriver IpNetDriver_2, IsServer: NO, PC: NULL, Owner: NULL, UniqueId: INVALID
[2020.07.03-00.10.05:794][141]LogNet: NotifyAcceptingChannel Control 0 server World /Game/ThirdPersonCPP/Maps/UEDPIE_1_ThirdPersonExampleMap.ThirdPersonExampleMap: Accepted
[2020.07.03-00.10.05:794][141]LogNet: Remote platform little endian=1
[2020.07.03-00.10.05:794][141]LogNet: This platform little endian=1
[2020.07.03-00.10.05:794][141]LogNet: NotifyAcceptingChannel Control 0 server World /Game/ThirdPersonCPP/Maps/UEDPIE_1_ThirdPersonExampleMap.ThirdPersonExampleMap: Accepted
[2020.07.03-00.10.05:794][141]LogNet: Remote platform little endian=1
[2020.07.03-00.10.05:794][141]LogNet: This platform little endian=1
[2020.07.03-00.10.05:794][141]LogTemp: Warning: 0
[2020.07.03-00.10.05:795][141]LogOnline: OSS: Creating online subsystem instance for: :Context_2
[2020.07.03-00.10.05:797][141]LogOnline: OSS: Creating online subsystem instance for: :Context_3
[2020.07.03-00.10.05:803][142]LogNet: Login request: /Game/ThirdPersonCPP/Maps/ThirdPersonExampleMap?Name=DESKTOP-27BOLO1-CD16A0FE46D34A858EE370B5A91E63AC userId: NULL:DESKTOP-27BOLO1-CD16A0FE46D34A858EE370B5A91E63AC platform: NULL
[2020.07.03-00.10.05:804][142]LogNet: Login request: /Game/ThirdPersonCPP/Maps/ThirdPersonExampleMap?Name=DESKTOP-27BOLO1-6E8123C846E68BA946C9F4830B713052 userId: NULL:DESKTOP-27BOLO1-6E8123C846E68BA946C9F4830B713052 platform: NULL
[2020.07.03-00.10.05:804][142]LogTemp: Warning: 0
[2020.07.03-00.10.05:805][142]LogNet: Welcomed by server (Level: /Game/ThirdPersonCPP/Maps/UEDPIE_1_ThirdPersonExampleMap, Game: /Game/ThirdPersonCPP/Blueprints/BP_MyGameMode.BP_MyGameMode_C)
[2020.07.03-00.10.05:805][142]LogLoad: LoadMap: 127.0.0.1:17777//Game/ThirdPersonCPP/Maps/UEDPIE_1_ThirdPersonExampleMap?game=/Game/ThirdPersonCPP/Blueprints/BP_MyGameMode.BP_MyGameMode_C
[2020.07.03-00.10.05:805][142]LogWorld: BeginTearingDown for /Temp/Untitled_1
[2020.07.03-00.10.05:805][142]LogWorld: UWorld::CleanupWorld for Untitled, bSessionEnded=true, bCleanupResources=true
[2020.07.03-00.10.05:805][142]LogSlate: InvalidateAllWidgets triggered.  All widgets were invalidated
[2020.07.03-00.10.05:805][142]LogAudioMixer: Display: No commands were queued while flushing the source manager.
[2020.07.03-00.10.05:829][142]LogUObjectHash: Compacting FUObjectHashTables data took   1.22ms
[2020.07.03-00.10.05:841][142]LogAIModule: Creating AISystem for world ThirdPersonExampleMap
[2020.07.03-00.10.05:843][142]LogWorld: Bringing World /Game/ThirdPersonCPP/Maps/UEDPIE_2_ThirdPersonExampleMap.ThirdPersonExampleMap up for play (max tick rate 0) at 2020.07.02-21.10.05
[2020.07.03-00.10.05:844][142]LogWorld: Bringing up level for play took: 0.001316
[2020.07.03-00.10.05:844][142]LogLoad: Took 0.039199 seconds to LoadMap(/Game/ThirdPersonCPP/Maps/UEDPIE_1_ThirdPersonExampleMap)
[2020.07.03-00.10.05:845][142]LogNet: Welcomed by server (Level: /Game/ThirdPersonCPP/Maps/UEDPIE_1_ThirdPersonExampleMap, Game: /Game/ThirdPersonCPP/Blueprints/BP_MyGameMode.BP_MyGameMode_C)
[2020.07.03-00.10.05:845][142]LogLoad: LoadMap: 127.0.0.1:17777//Game/ThirdPersonCPP/Maps/UEDPIE_1_ThirdPersonExampleMap?game=/Game/ThirdPersonCPP/Blueprints/BP_MyGameMode.BP_MyGameMode_C
[2020.07.03-00.10.05:845][142]LogWorld: BeginTearingDown for /Temp/Untitled_2
[2020.07.03-00.10.05:845][142]LogWorld: UWorld::CleanupWorld for Untitled, bSessionEnded=true, bCleanupResources=true
[2020.07.03-00.10.05:845][142]LogSlate: InvalidateAllWidgets triggered.  All widgets were invalidated
[2020.07.03-00.10.05:845][142]LogAudioMixer: Display: No commands were queued while flushing the source manager.
[2020.07.03-00.10.05:868][142]LogUObjectHash: Compacting FUObjectHashTables data took   1.31ms
[2020.07.03-00.10.05:880][142]LogAIModule: Creating AISystem for world ThirdPersonExampleMap
[2020.07.03-00.10.05:881][142]LogWorld: Bringing World /Game/ThirdPersonCPP/Maps/UEDPIE_3_ThirdPersonExampleMap.ThirdPersonExampleMap up for play (max tick rate 0) at 2020.07.02-21.10.05
[2020.07.03-00.10.05:882][142]LogWorld: Bringing up level for play took: 0.001134
[2020.07.03-00.10.05:882][142]LogLoad: Took 0.038091 seconds to LoadMap(/Game/ThirdPersonCPP/Maps/UEDPIE_1_ThirdPersonExampleMap)
[2020.07.03-00.10.05:896][143]LogNet: Client netspeed is 10000
[2020.07.03-00.10.05:896][143]LogNet: Join request: /Game/ThirdPersonCPP/Maps/ThirdPersonExampleMap?Name=DESKTOP-27BOLO1-CD16A0FE46D34A858EE370B5A91E63AC?SplitscreenCount=1
[2020.07.03-00.10.05:897][143]LogOnlineSession: Warning: OSS: No game present to join for session (GameSession)
[2020.07.03-00.10.05:899][143]LogNet: Join succeeded: DESKTOP-27BOLO1-CD16
[2020.07.03-00.10.05:899][143]LogNet: Client netspeed is 10000
[2020.07.03-00.10.05:899][143]LogNet: Join request: /Game/ThirdPersonCPP/Maps/ThirdPersonExampleMap?Name=DESKTOP-27BOLO1-6E8123C846E68BA946C9F4830B713052?SplitscreenCount=1
[2020.07.03-00.10.05:900][143]LogOnlineSession: Warning: OSS: No game present to join for session (GameSession)
[2020.07.03-00.10.05:901][143]LogNet: Join succeeded: DESKTOP-27BOLO1-6E81
[2020.07.03-00.10.05:901][143]LogTemp: Warning: 0
[2020.07.03-00.10.05:910][144]LogRenderer: Reallocating scene render targets to support 1280x720 Format 10 NumSamples 1 (Frame:1).
[2020.07.03-00.10.05:918][144]LogTemp: Warning: 2
[2020.07.03-00.10.05:928][145]LogTemp: Warning: 2
[2020.07.03-00.10.05:936][146]LogTemp: Warning: 2
[2020.07.03-00.10.05:944][147]LogTemp: Warning: 2
[2020.07.03-00.10.05:953][148]LogTemp: Warning: 2
[2020.07.03-00.10.05:972][149]LogTemp: Warning: 2
[2020.07.03-00.10.05:980][150]LogTemp: Warning: 2
[2020.07.03-00.10.05:989][151]LogTemp: Warning: 2
[2020.07.03-00.10.05:997][152]LogTemp: Warning: 2
[2020.07.03-00.10.06:006][153]LogTemp: Warning: 2
[2020.07.03-00.10.06:014][154]LogTemp: Warning: 2
[2020.07.03-00.10.06:023][155]LogTemp: Warning: 2
[2020.07.03-00.10.06:031][156]LogTemp: Warning: 2
[2020.07.03-00.10.06:039][157]LogTemp: Warning: 2
[2020.07.03-00.10.06:048][158]LogTemp: Warning: 2
[2020.07.03-00.10.06:056][159]LogTemp: Warning: 2
[2020.07.03-00.10.06:065][160]LogTemp: Warning: 2
[2020.07.03-00.10.06:073][161]LogTemp: Warning: 2
[2020.07.03-00.10.06:081][162]LogTemp: Warning: 2
[2020.07.03-00.10.06:090][163]LogTemp: Warning: 2
[2020.07.03-00.10.06:099][164]LogTemp: Warning: 2
[2020.07.03-00.10.06:108][165]LogTemp: Warning: 2
[2020.07.03-00.10.06:117][166]LogTemp: Warning: 2
[2020.07.03-00.10.06:125][167]LogTemp: Warning: 2
[2020.07.03-00.10.06:132][168]LogTemp: Warning: 2
[2020.07.03-00.10.06:141][169]LogTemp: Warning: 2
[2020.07.03-00.10.06:149][170]LogTemp: Warning: 2
[2020.07.03-00.10.06:158][171]LogTemp: Warning: 2
[2020.07.03-00.10.06:166][172]LogTemp: Warning: 2
[2020.07.03-00.10.06:175][173]LogTemp: Warning: 2
[2020.07.03-00.10.06:182][174]LogTemp: Warning: 2
[2020.07.03-00.10.06:191][175]LogTemp: Warning: 2
[2020.07.03-00.10.06:192][175]LogOnlineSession: Warning: OSS: No game present to join for session (GameSession)
[2020.07.03-00.10.06:199][176]LogTemp: Warning: 2
[2020.07.03-00.10.06:208][177]LogTemp: Warning: 2
[2020.07.03-00.10.06:216][178]LogTemp: Warning: 2
[2020.07.03-00.10.06:224][179]LogTemp: Warning: 2
[2020.07.03-00.10.06:233][180]LogTemp: Warning: 2
[2020.07.03-00.10.06:234][180]LogOnlineSession: Warning: OSS: No game present to join for session (GameSession)
[2020.07.03-00.10.06:241][181]LogTemp: Warning: 2
[2020.07.03-00.10.06:243][181]LogOnlineSession: Warning: OSS: No game present to join for session (GameSession)
[2020.07.03-00.10.06:250][182]LogTemp: Warning: 2
[2020.07.03-00.10.06:258][183]LogTemp: Warning: 2
[2020.07.03-00.10.06:266][184]LogTemp: Warning: 2
[2020.07.03-00.10.06:275][185]LogTemp: Warning: 2
[2020.07.03-00.10.06:284][186]LogTemp: Warning: 2
[2020.07.03-00.10.06:294][187]LogTemp: Warning: 2
[2020.07.03-00.10.06:305][188]LogTemp: Warning: 2
[2020.07.03-00.10.06:313][189]LogTemp: Warning: 2
[2020.07.03-00.10.06:323][190]LogTemp: Warning: 2
[2020.07.03-00.10.06:331][191]LogTemp: Warning: 2
[2020.07.03-00.10.06:338][192]LogTemp: Warning: 2
[2020.07.03-00.10.06:347][193]LogTemp: Warning: 2
[2020.07.03-00.10.06:356][194]LogTemp: Warning: 2
[2020.07.03-00.10.06:363][195]LogTemp: Warning: 2
[2020.07.03-00.10.06:372][196]LogTemp: Warning: 2
[2020.07.03-00.10.06:380][197]LogTemp: Warning: 2
[2020.07.03-00.10.06:388][198]LogTemp: Warning: 2
[2020.07.03-00.10.06:390][198]LogOnlineSession: Warning: OSS: No game present to join for session (GameSession)
[2020.07.03-00.10.06:397][199]LogTemp: Warning: 2
[2020.07.03-00.10.06:405][200]LogTemp: Warning: 2
[2020.07.03-00.10.06:413][201]LogTemp: Warning: 2
[2020.07.03-00.10.06:422][202]LogTemp: Warning: 2
[2020.07.03-00.10.06:430][203]LogTemp: Warning: 2
[2020.07.03-00.10.06:439][204]LogTemp: Warning: 2
[2020.07.03-00.10.06:447][205]LogTemp: Warning: 2
[2020.07.03-00.10.06:455][206]LogTemp: Warning: 2
[2020.07.03-00.10.06:464][207]LogTemp: Warning: 2
[2020.07.03-00.10.06:472][208]LogTemp: Warning: 2
[2020.07.03-00.10.06:480][209]LogTemp: Warning: 2
[2020.07.03-00.10.06:489][210]LogTemp: Warning: 2
[2020.07.03-00.10.06:497][211]LogTemp: Warning: 2
[2020.07.03-00.10.06:506][212]LogTemp: Warning: 2
[2020.07.03-00.10.06:514][213]LogTemp: Warning: 2
[2020.07.03-00.10.06:522][214]LogTemp: Warning: 2
[2020.07.03-00.10.06:530][215]LogTemp: Warning: 2
[2020.07.03-00.10.06:539][216]LogTemp: Warning: 2
[2020.07.03-00.10.06:548][217]LogTemp: Warning: 2
[2020.07.03-00.10.06:555][218]LogTemp: Warning: 2
[2020.07.03-00.10.06:563][219]LogTemp: Warning: 2
[2020.07.03-00.10.06:572][220]LogTemp: Warning: 2
[2020.07.03-00.10.06:581][221]LogTemp: Warning: 2
[2020.07.03-00.10.06:589][222]LogTemp: Warning: 2
[2020.07.03-00.10.06:597][223]LogTemp: Warning: 2
[2020.07.03-00.10.06:605][224]LogTemp: Warning: 2
[2020.07.03-00.10.06:614][225]LogTemp: Warning: 2
[2020.07.03-00.10.06:622][226]LogTemp: Warning: 2
[2020.07.03-00.10.06:630][227]LogTemp: Warning: 2
[2020.07.03-00.10.06:639][228]LogTemp: Warning: 2
[2020.07.03-00.10.06:647][229]LogTemp: Warning: 2
[2020.07.03-00.10.06:656][230]LogTemp: Warning: 2
[2020.07.03-00.10.06:664][231]LogTemp: Warning: 2
[2020.07.03-00.10.06:672][232]LogTemp: Warning: 2
[2020.07.03-00.10.06:682][233]LogTemp: Warning: 2
[2020.07.03-00.10.06:690][234]LogTemp: Warning: 2
[2020.07.03-00.10.06:698][235]LogTemp: Warning: 2
[2020.07.03-00.10.06:706][236]LogTemp: Warning: 2
[2020.07.03-00.10.06:715][237]LogTemp: Warning: 2
[2020.07.03-00.10.06:723][238]LogTemp: Warning: 2
[2020.07.03-00.10.06:731][239]LogTemp: Warning: 2
[2020.07.03-00.10.06:739][240]LogTemp: Warning: 2
[2020.07.03-00.10.06:747][241]LogTemp: Warning: 2
[2020.07.03-00.10.06:756][242]LogTemp: Warning: 2
[2020.07.03-00.10.06:764][243]LogTemp: Warning: 2
[2020.07.03-00.10.06:772][244]LogTemp: Warning: 2
[2020.07.03-00.10.06:781][245]LogTemp: Warning: 2
[2020.07.03-00.10.06:789][246]LogTemp: Warning: 2
[2020.07.03-00.10.06:797][247]LogTemp: Warning: 2
[2020.07.03-00.10.06:806][248]LogTemp: Warning: 2
[2020.07.03-00.10.06:814][249]LogTemp: Warning: 2
[2020.07.03-00.10.06:823][250]LogTemp: Warning: 2
[2020.07.03-00.10.06:831][251]LogTemp: Warning: 2
[2020.07.03-00.10.06:839][252]LogTemp: Warning: 2
[2020.07.03-00.10.06:849][253]LogTemp: Warning: 2
[2020.07.03-00.10.06:856][254]LogTemp: Warning: 2
[2020.07.03-00.10.06:864][255]LogTemp: Warning: 2
[2020.07.03-00.10.06:873][256]LogTemp: Warning: 2
[2020.07.03-00.10.06:881][257]LogTemp: Warning: 2
[2020.07.03-00.10.06:890][258]LogTemp: Warning: 2
[2020.07.03-00.10.06:898][259]LogTemp: Warning: 2
[2020.07.03-00.10.06:906][260]LogTemp: Warning: 2
[2020.07.03-00.10.06:914][261]LogTemp: Warning: 2
[2020.07.03-00.10.06:923][262]LogTemp: Warning: 2
[2020.07.03-00.10.06:931][263]LogTemp: Warning: 2
[2020.07.03-00.10.06:940][264]LogTemp: Warning: 2
[2020.07.03-00.10.06:948][265]LogTemp: Warning: 2
[2020.07.03-00.10.06:956][266]LogTemp: Warning: 2
[2020.07.03-00.10.06:965][267]LogTemp: Warning: 2
[2020.07.03-00.10.06:973][268]LogTemp: Warning: 2
[2020.07.03-00.10.06:981][269]LogTemp: Warning: 2
[2020.07.03-00.10.06:989][270]LogTemp: Warning: 2
[2020.07.03-00.10.06:998][271]LogTemp: Warning: 2
[2020.07.03-00.10.07:006][272]LogTemp: Warning: 2
[2020.07.03-00.10.07:014][273]LogTemp: Warning: 2
[2020.07.03-00.10.07:023][274]LogTemp: Warning: 2
[2020.07.03-00.10.07:031][275]LogTemp: Warning: 2
[2020.07.03-00.10.07:040][276]LogTemp: Warning: 2
[2020.07.03-00.10.07:048][277]LogTemp: Warning: 2
[2020.07.03-00.10.07:056][278]LogTemp: Warning: 2
[2020.07.03-00.10.07:065][279]LogTemp: Warning: 2
[2020.07.03-00.10.07:073][280]LogTemp: Warning: 2
[2020.07.03-00.10.07:081][281]LogTemp: Warning: 2
[2020.07.03-00.10.07:090][282]LogTemp: Warning: 2
[2020.07.03-00.10.07:098][283]LogTemp: Warning: 2
[2020.07.03-00.10.07:107][284]LogTemp: Warning: 2
[2020.07.03-00.10.07:115][285]LogTemp: Warning: 2
[2020.07.03-00.10.07:123][286]LogTemp: Warning: 2
[2020.07.03-00.10.07:131][287]LogTemp: Warning: 2
[2020.07.03-00.10.07:140][288]LogTemp: Warning: 2
[2020.07.03-00.10.07:148][289]LogTemp: Warning: 2
[2020.07.03-00.10.07:157][290]LogTemp: Warning: 2
[2020.07.03-00.10.07:164][291]LogTemp: Warning: 2
[2020.07.03-00.10.07:173][292]LogTemp: Warning: 2
[2020.07.03-00.10.07:181][293]LogTemp: Warning: 2
[2020.07.03-00.10.07:191][294]LogTemp: Warning: 2
[2020.07.03-00.10.07:200][295]LogTemp: Warning: 2
[2020.07.03-00.10.07:209][296]LogTemp: Warning: 2
[2020.07.03-00.10.07:217][297]LogTemp: Warning: 2
[2020.07.03-00.10.07:226][298]LogTemp: Warning: 2
[2020.07.03-00.10.07:234][299]LogTemp: Warning: 2
[2020.07.03-00.10.07:243][300]LogTemp: Warning: 2
[2020.07.03-00.10.07:251][301]LogTemp: Warning: 2
[2020.07.03-00.10.07:260][302]LogTemp: Warning: 2
[2020.07.03-00.10.07:268][303]LogTemp: Warning: 2
[2020.07.03-00.10.07:276][304]LogTemp: Warning: 2
[2020.07.03-00.10.07:285][305]LogTemp: Warning: 2
[2020.07.03-00.10.07:292][306]LogTemp: Warning: 2
[2020.07.03-00.10.07:301][307]LogTemp: Warning: 2
[2020.07.03-00.10.07:310][308]LogTemp: Warning: 2
[2020.07.03-00.10.07:319][309]LogTemp: Warning: 2
[2020.07.03-00.10.07:328][310]LogTemp: Warning: 2
[2020.07.03-00.10.07:336][311]LogTemp: Warning: 2
[2020.07.03-00.10.07:344][312]LogTemp: Warning: 2
[2020.07.03-00.10.07:352][313]LogTemp: Warning: 2
[2020.07.03-00.10.07:360][314]LogTemp: Warning: 2
[2020.07.03-00.10.07:368][315]LogTemp: Warning: 2
[2020.07.03-00.10.07:378][316]LogTemp: Warning: 2
[2020.07.03-00.10.07:388][317]LogTemp: Warning: 2
[2020.07.03-00.10.07:396][318]LogTemp: Warning: 2
[2020.07.03-00.10.07:404][319]LogTemp: Warning: 2
[2020.07.03-00.10.07:413][320]LogTemp: Warning: 2
[2020.07.03-00.10.07:421][321]LogTemp: Warning: 2
[2020.07.03-00.10.07:429][322]LogTemp: Warning: 2
[2020.07.03-00.10.07:437][323]LogTemp: Warning: 2
[2020.07.03-00.10.07:446][324]LogTemp: Warning: 2
[2020.07.03-00.10.07:454][325]LogTemp: Warning: 2
[2020.07.03-00.10.07:463][326]LogTemp: Warning: 2
[2020.07.03-00.10.07:471][327]LogTemp: Warning: 2
[2020.07.03-00.10.07:480][328]LogTemp: Warning: 2
[2020.07.03-00.10.07:488][329]LogTemp: Warning: 2
[2020.07.03-00.10.07:497][330]LogTemp: Warning: 2
[2020.07.03-00.10.07:505][331]LogTemp: Warning: 2
[2020.07.03-00.10.07:513][332]LogTemp: Warning: 2
[2020.07.03-00.10.07:521][333]LogTemp: Warning: 2
[2020.07.03-00.10.07:530][334]LogTemp: Warning: 2
[2020.07.03-00.10.07:538][335]LogTemp: Warning: 2
[2020.07.03-00.10.07:546][336]LogTemp: Warning: 2
[2020.07.03-00.10.07:554][337]LogTemp: Warning: 2
[2020.07.03-00.10.07:562][338]LogTemp: Warning: 2
[2020.07.03-00.10.07:570][339]LogTemp: Warning: 2
[2020.07.03-00.10.07:579][340]LogTemp: Warning: 2
[2020.07.03-00.10.07:587][341]LogTemp: Warning: 2
[2020.07.03-00.10.07:596][342]LogTemp: Warning: 2
[2020.07.03-00.10.07:604][343]LogTemp: Warning: 2
[2020.07.03-00.10.07:612][344]LogTemp: Warning: 2
[2020.07.03-00.10.07:620][345]LogTemp: Warning: 2
[2020.07.03-00.10.07:629][346]LogTemp: Warning: 2
[2020.07.03-00.10.07:637][347]LogTemp: Warning: 2
[2020.07.03-00.10.07:646][348]LogTemp: Warning: 2
[2020.07.03-00.10.07:654][349]LogTemp: Warning: 2
[2020.07.03-00.10.07:662][350]LogTemp: Warning: 2
[2020.07.03-00.10.07:671][351]LogTemp: Warning: 2
[2020.07.03-00.10.07:679][352]LogTemp: Warning: 2
[2020.07.03-00.10.07:687][353]LogTemp: Warning: 2
[2020.07.03-00.10.07:696][354]LogTemp: Warning: 2
[2020.07.03-00.10.07:704][355]LogTemp: Warning: 2
[2020.07.03-00.10.07:712][356]LogTemp: Warning: 2
[2020.07.03-00.10.07:721][357]LogTemp: Warning: 2
[2020.07.03-00.10.07:729][358]LogTemp: Warning: 2
[2020.07.03-00.10.07:737][359]LogTemp: Warning: 2
[2020.07.03-00.10.07:746][360]LogTemp: Warning: 2
[2020.07.03-00.10.07:754][361]LogTemp: Warning: 2
[2020.07.03-00.10.07:763][362]LogTemp: Warning: 2
[2020.07.03-00.10.07:771][363]LogTemp: Warning: 2
[2020.07.03-00.10.07:779][364]LogTemp: Warning: 2
[2020.07.03-00.10.07:787][365]LogTemp: Warning: 2
[2020.07.03-00.10.07:796][366]LogTemp: Warning: 2
[2020.07.03-00.10.07:804][367]LogTemp: Warning: 2
[2020.07.03-00.10.07:813][368]LogTemp: Warning: 2
[2020.07.03-00.10.07:821][369]LogTemp: Warning: 2
[2020.07.03-00.10.07:821][369]LogTemp: Warning: Hitea
[2020.07.03-00.10.07:829][370]LogTemp: Warning: 2
[2020.07.03-00.10.07:838][371]LogTemp: Warning: 2
[2020.07.03-00.10.07:846][372]LogTemp: Warning: 2
[2020.07.03-00.10.07:855][373]LogTemp: Warning: 2
[2020.07.03-00.10.07:863][374]LogTemp: Warning: 2
[2020.07.03-00.10.07:871][375]LogTemp: Warning: 2
[2020.07.03-00.10.07:879][376]LogTemp: Warning: 2
[2020.07.03-00.10.07:887][377]LogTemp: Warning: 2
[2020.07.03-00.10.07:895][378]LogTemp: Warning: 2
[2020.07.03-00.10.07:903][379]LogTemp: Warning: 2
[2020.07.03-00.10.07:912][380]LogTemp: Warning: 2
[2020.07.03-00.10.07:920][381]LogTemp: Warning: 2
[2020.07.03-00.10.07:929][382]LogTemp: Warning: 2
[2020.07.03-00.10.07:937][383]LogTemp: Warning: 2
[2020.07.03-00.10.07:946][384]LogTemp: Warning: 2
[2020.07.03-00.10.07:954][385]LogTemp: Warning: 2
[2020.07.03-00.10.07:962][386]LogTemp: Warning: 2
[2020.07.03-00.10.07:971][387]LogTemp: Warning: 2
[2020.07.03-00.10.07:979][388]LogTemp: Warning: 2
[2020.07.03-00.10.07:987][389]LogTemp: Warning: 2
[2020.07.03-00.10.07:996][390]LogTemp: Warning: 2
[2020.07.03-00.10.08:004][391]LogTemp: Warning: 2
[2020.07.03-00.10.08:012][392]LogTemp: Warning: 2
[2020.07.03-00.10.08:020][393]LogTemp: Warning: 2
[2020.07.03-00.10.08:029][394]LogTemp: Warning: 2
[2020.07.03-00.10.08:037][395]LogTemp: Warning: 2
[2020.07.03-00.10.08:046][396]LogTemp: Warning: 2
[2020.07.03-00.10.08:054][397]LogTemp: Warning: 2
[2020.07.03-00.10.08:062][398]LogTemp: Warning: 2
[2020.07.03-00.10.08:071][399]LogTemp: Warning: 2
[2020.07.03-00.10.08:079][400]LogTemp: Warning: 2
[2020.07.03-00.10.08:079][400]LogTemp: Warning: Hitea
[2020.07.03-00.10.08:088][401]LogTemp: Warning: 2
[2020.07.03-00.10.08:096][402]LogTemp: Warning: 2
[2020.07.03-00.10.08:104][403]LogTemp: Warning: 2
[2020.07.03-00.10.08:113][404]LogTemp: Warning: 2
[2020.07.03-00.10.08:121][405]LogTemp: Warning: 2
[2020.07.03-00.10.08:129][406]LogTemp: Warning: 2
[2020.07.03-00.10.08:137][407]LogTemp: Warning: 2
[2020.07.03-00.10.08:146][408]LogTemp: Warning: 2
[2020.07.03-00.10.08:154][409]LogTemp: Warning: 2
[2020.07.03-00.10.08:162][410]LogTemp: Warning: 2
[2020.07.03-00.10.08:171][411]LogTemp: Warning: 2
[2020.07.03-00.10.08:179][412]LogTemp: Warning: 2
[2020.07.03-00.10.08:187][413]LogTemp: Warning: 2
[2020.07.03-00.10.08:195][414]LogTemp: Warning: 2
[2020.07.03-00.10.08:204][415]LogTemp: Warning: 2
[2020.07.03-00.10.08:212][416]LogTemp: Warning: 2
[2020.07.03-00.10.08:220][417]LogTemp: Warning: 2
[2020.07.03-00.10.08:230][418]LogTemp: Warning: 2
[2020.07.03-00.10.08:237][419]LogTemp: Warning: 2
[2020.07.03-00.10.08:246][420]LogTemp: Warning: 2
[2020.07.03-00.10.08:254][421]LogTemp: Warning: 2
[2020.07.03-00.10.08:262][422]LogTemp: Warning: 2
[2020.07.03-00.10.08:271][423]LogTemp: Warning: 2
[2020.07.03-00.10.08:279][424]LogTemp: Warning: 2
[2020.07.03-00.10.08:288][425]LogTemp: Warning: 2
[2020.07.03-00.10.08:296][426]LogTemp: Warning: 2
[2020.07.03-00.10.08:304][427]LogTemp: Warning: 2
[2020.07.03-00.10.08:312][428]LogTemp: Warning: 2
[2020.07.03-00.10.08:321][429]LogTemp: Warning: 2
[2020.07.03-00.10.08:329][430]LogTemp: Warning: 2
[2020.07.03-00.10.08:338][431]LogTemp: Warning: 2
[2020.07.03-00.10.08:346][432]LogTemp: Warning: 2
[2020.07.03-00.10.08:354][433]LogTemp: Warning: 2
[2020.07.03-00.10.08:363][434]LogTemp: Warning: 2
[2020.07.03-00.10.08:371][435]LogTemp: Warning: 2
[2020.07.03-00.10.08:371][435]LogTemp: Warning: Hitea
[2020.07.03-00.10.08:379][436]LogTemp: Warning: 2
[2020.07.03-00.10.08:387][437]LogTemp: Warning: 2
[2020.07.03-00.10.08:396][438]LogTemp: Warning: 2
[2020.07.03-00.10.08:404][439]LogTemp: Warning: 2
[2020.07.03-00.10.08:412][440]LogTemp: Warning: 2
[2020.07.03-00.10.08:420][441]LogTemp: Warning: 2
[2020.07.03-00.10.08:429][442]LogTemp: Warning: 2
[2020.07.03-00.10.08:438][443]LogTemp: Warning: 2
[2020.07.03-00.10.08:446][444]LogTemp: Warning: 2
[2020.07.03-00.10.08:454][445]LogTemp: Warning: 2
[2020.07.03-00.10.08:463][446]LogTemp: Warning: 2
[2020.07.03-00.10.08:471][447]LogTemp: Warning: 2
